2023-04-05 14:25:39,373 [INFO] Activator:176 - 


2023-04-05 14:25:39,373 [INFO] Activator:177 - !SESSION log4j initialized
2023-04-05 14:25:50,408 [INFO] LogOutputStream:77 - [STDOUT_REDIRECT] 
2023-04-05 14:26:14,751 [ERROR] LogOutputStream:75 - [STDERR_REDIRECT] SLF4J: Failed to load class "org.slf4j.impl.StaticLoggerBinder".
2023-04-05 14:26:14,767 [ERROR] LogOutputStream:75 - [STDERR_REDIRECT] SLF4J: Defaulting to no-operation (NOP) logger implementation
2023-04-05 14:26:14,767 [ERROR] LogOutputStream:75 - [STDERR_REDIRECT] SLF4J: See http://www.slf4j.org/codes.html#StaticLoggerBinder for further details.
2023-04-05 14:42:48,501 [INFO] Activator:176 - 


2023-04-05 14:42:48,501 [INFO] Activator:177 - !SESSION log4j initialized
2023-04-05 14:42:54,242 [INFO] LogOutputStream:77 - [STDOUT_REDIRECT] 
2023-04-05 14:43:04,076 [INFO] ApplicationProperties:184 - Using Application install path: C:\ST\STM32CubeIDE_1.12.0\STM32CubeIDE\plugins\com.st.stm32cube.common.mx_6.8.0.202302231600
2023-04-05 14:43:04,108 [INFO] DbMcusXml:78 - Set database path to: C:\ST\STM32CubeIDE_1.12.0\STM32CubeIDE\plugins\com.st.stm32cube.common.mx_6.8.0.202302231600\\db\/mcu/
2023-04-05 14:43:04,108 [INFO] ApiDb:274 - Set plugin database path to: C:\ST\STM32CubeIDE_1.12.0\STM32CubeIDE\plugins\com.st.stm32cube.common.mx_6.8.0.202302231600\\db\/plugins/boardmanager/
2023-04-05 14:43:04,108 [WARN] ApiDb:259 - Overriding images path with different value:  => C:\ST\STM32CubeIDE_1.12.0\STM32CubeIDE\plugins\com.st.stm32cube.common.mx_6.8.0.202302231600\\db\/plugins/mcufinder/images/
2023-04-05 14:43:04,139 [INFO] ApiDb:250 - Set database path to: C:\Users\LENOVO\.stmcufinder\plugins\mcufinder//mcu/
2023-04-05 14:43:04,139 [INFO] DbMcusAds:125 - Set database path to: C:\Users\LENOVO\.stmcufinder\plugins\mcufinder//mcu/
2023-04-05 14:43:04,139 [INFO] CrossReferenceDbSqlite:203 - Set database path to: C:\Users\LENOVO\.stmcufinder\plugins\mcufinder//mcu/cs/
2023-04-05 14:43:04,312 [INFO] RulesReader:64 - Compatibility file has been processed (293 Rules)
2023-04-05 14:43:04,437 [INFO] DbMcusXml:78 - Set database path to: C:\ST\STM32CubeIDE_1.12.0\STM32CubeIDE\plugins\com.st.stm32cube.common.mx_6.8.0.202302231600\\db\/mcu/
2023-04-05 14:43:04,437 [INFO] ApiDb:274 - Set plugin database path to: C:\ST\STM32CubeIDE_1.12.0\STM32CubeIDE\plugins\com.st.stm32cube.common.mx_6.8.0.202302231600\\db\/plugins/boardmanager/
2023-04-05 14:43:04,437 [INFO] ApiDb:261 - Set plugin images path to: C:\ST\STM32CubeIDE_1.12.0\STM32CubeIDE\plugins\com.st.stm32cube.common.mx_6.8.0.202302231600\\db\/plugins/mcufinder/images/
2023-04-05 14:43:04,437 [WARN] DbFile:41 - Overriding database path with different value: C:\Users\LENOVO\.stmcufinder\plugins\mcufinder/ => C:\Users\LENOVO\.stmcufinder\plugins\mcufinder
2023-04-05 14:43:04,437 [INFO] ApiDb:250 - Set database path to: C:\Users\LENOVO\.stmcufinder\plugins\mcufinder//mcu/
2023-04-05 14:43:04,437 [WARN] DbFile:41 - Overriding database path with different value: C:\Users\LENOVO\.stmcufinder\plugins\mcufinder/ => C:\Users\LENOVO\.stmcufinder\plugins\mcufinder
2023-04-05 14:43:04,437 [INFO] DbMcusAds:125 - Set database path to: C:\Users\LENOVO\.stmcufinder\plugins\mcufinder//mcu/
2023-04-05 14:43:04,437 [WARN] DbFile:41 - Overriding database path with different value: C:\Users\LENOVO\.stmcufinder\plugins\mcufinder/ => C:\Users\LENOVO\.stmcufinder\plugins\mcufinder
2023-04-05 14:43:04,437 [WARN] DbFile:41 - Overriding database path with different value: C:\Users\LENOVO\.stmcufinder\plugins\mcufinder/ => C:\Users\LENOVO\.stmcufinder\plugins\mcufinder
2023-04-05 14:43:04,437 [INFO] CrossReferenceDbSqlite:203 - Set database path to: C:\Users\LENOVO\.stmcufinder\plugins\mcufinder//mcu/cs/
2023-04-05 14:43:04,531 [INFO] MainPanel:253 - HeapMemory: 268435456
2023-04-05 14:43:04,641 [INFO] DbMcusXml:78 - Set database path to: C:\ST\STM32CubeIDE_1.12.0\STM32CubeIDE\plugins\com.st.stm32cube.common.mx_6.8.0.202302231600\\db\/mcu/
2023-04-05 14:43:04,641 [INFO] ApiDb:274 - Set plugin database path to: C:\ST\STM32CubeIDE_1.12.0\STM32CubeIDE\plugins\com.st.stm32cube.common.mx_6.8.0.202302231600\\db\/plugins/boardmanager/
2023-04-05 14:43:04,641 [INFO] ApiDb:261 - Set plugin images path to: C:\ST\STM32CubeIDE_1.12.0\STM32CubeIDE\plugins\com.st.stm32cube.common.mx_6.8.0.202302231600\\db\/plugins/mcufinder/images/
2023-04-05 14:43:04,641 [WARN] DbFile:41 - Overriding database path with different value: C:\Users\LENOVO\.stmcufinder\plugins\mcufinder/ => C:\Users\LENOVO\.stmcufinder\plugins\mcufinder
2023-04-05 14:43:04,641 [INFO] ApiDb:250 - Set database path to: C:\Users\LENOVO\.stmcufinder\plugins\mcufinder//mcu/
2023-04-05 14:43:04,641 [WARN] DbFile:41 - Overriding database path with different value: C:\Users\LENOVO\.stmcufinder\plugins\mcufinder/ => C:\Users\LENOVO\.stmcufinder\plugins\mcufinder
2023-04-05 14:43:04,641 [INFO] DbMcusAds:125 - Set database path to: C:\Users\LENOVO\.stmcufinder\plugins\mcufinder//mcu/
2023-04-05 14:43:04,641 [WARN] DbFile:41 - Overriding database path with different value: C:\Users\LENOVO\.stmcufinder\plugins\mcufinder/ => C:\Users\LENOVO\.stmcufinder\plugins\mcufinder
2023-04-05 14:43:04,641 [WARN] DbFile:41 - Overriding database path with different value: C:\Users\LENOVO\.stmcufinder\plugins\mcufinder/ => C:\Users\LENOVO\.stmcufinder\plugins\mcufinder
2023-04-05 14:43:04,641 [INFO] CrossReferenceDbSqlite:203 - Set database path to: C:\Users\LENOVO\.stmcufinder\plugins\mcufinder//mcu/cs/
2023-04-05 14:43:04,672 [INFO] ApplicationProperties:184 - Using Application install path: C:\ST\STM32CubeIDE_1.12.0\STM32CubeIDE\plugins\com.st.stm32cube.common.mx_6.8.0.202302231600
2023-04-05 14:43:04,672 [INFO] PluginManage:196 - Search for loadable plugins [exclusion list=, ]
2023-04-05 14:43:04,672 [INFO] PluginManage:310 - Check plugin analytics
2023-04-05 14:43:04,970 [INFO] AnalyticsPlugin:253 - Accepted Software Licenses: STM32CubeMX.6.7.0
2023-04-05 14:43:04,970 [INFO] AnalyticsPlugin:255 - Accepted CMSIS Pack Licenses: 
2023-04-05 14:43:04,970 [INFO] AnalyticsPlugin:257 - Accepted Firmware Licenses: FW.F4.1.27.0
2023-04-05 14:43:04,986 [INFO] PluginManage:359 - Loaded plugin analytics (category:tool,tabindex:-1)
2023-04-05 14:43:04,986 [INFO] PluginManage:310 - Check plugin cadmodel
2023-04-05 14:43:05,002 [INFO] CADModel:105 - Init CAD model plugin
2023-04-05 14:43:05,002 [INFO] PluginManage:359 - Loaded plugin cadmodel (category:power,tabindex:5)
2023-04-05 14:43:05,002 [INFO] PluginManage:310 - Check plugin clock
2023-04-05 14:43:05,021 [INFO] PluginManage:359 - Loaded plugin clock (category:base,tabindex:2)
2023-04-05 14:43:05,021 [INFO] PluginManage:310 - Check plugin ddr
2023-04-05 14:43:05,033 [INFO] PluginManage:359 - Loaded plugin ddr (category:tool,tabindex:6)
2023-04-05 14:43:05,033 [INFO] PluginManage:310 - Check plugin filemanager
2023-04-05 14:43:05,190 [INFO] PluginManage:359 - Loaded plugin filemanager (category:base,tabindex:10)
2023-04-05 14:43:05,190 [INFO] PluginManage:310 - Check plugin ipmanager
2023-04-05 14:43:05,190 [INFO] PluginManage:359 - Loaded plugin ipmanager (category:base,tabindex:5)
2023-04-05 14:43:05,190 [INFO] PluginManage:310 - Check plugin lpbam
2023-04-05 14:43:05,221 [INFO] PluginManage:359 - Loaded plugin lpbam (category:base,tabindex:0)
2023-04-05 14:43:05,221 [INFO] PluginManage:310 - Check plugin pinoutandconfiguration
2023-04-05 14:43:05,237 [INFO] PluginManage:359 - Loaded plugin pinoutandconfiguration (category:base,tabindex:1)
2023-04-05 14:43:05,237 [INFO] PluginManage:310 - Check plugin pinoutconfig
2023-04-05 14:43:05,331 [WARN] SupportedApi:132 - Cannot load RTOS API schema: s4s-elt-must-match.1: The content of 'definitions' must match (annotation?, (simpleType | complexType)?, (unique | key | keyref)*)). A problem was found starting at: attribute.
2023-04-05 14:43:05,522 [INFO] PluginManage:359 - Loaded plugin pinoutconfig (category:base,tabindex:0)
2023-04-05 14:43:05,522 [INFO] PluginManage:310 - Check plugin power
2023-04-05 14:43:05,550 [INFO] PluginManage:359 - Loaded plugin power (category:power,tabindex:4)
2023-04-05 14:43:05,550 [INFO] PluginManage:310 - Check plugin projectmanager
2023-04-05 14:43:05,566 [INFO] PluginManage:359 - Loaded plugin projectmanager (category:projectmanager,tabindex:3)
2023-04-05 14:43:05,566 [INFO] PluginManage:310 - Check plugin thirdparty
2023-04-05 14:43:05,833 [INFO] PluginManage:359 - Loaded plugin thirdparty (category:base,tabindex:-1)
2023-04-05 14:43:05,833 [WARN] IntegrityCheckThread:84 - waiting for thirdparty lock release [integrity check]
2023-04-05 14:43:05,833 [INFO] PluginManage:310 - Check plugin tools
2023-04-05 14:43:05,849 [INFO] IntegrityCheckThread:86 - entering critical section [integrity check]
2023-04-05 14:43:05,849 [INFO] ThirdPartyUpdaterWithRetryManager:70 - Updater plugin not ready yet. [1/15]
2023-04-05 14:43:05,864 [INFO] PluginManage:359 - Loaded plugin tools (category:base,tabindex:7)
2023-04-05 14:43:05,864 [INFO] PluginManage:310 - Check plugin tutovideos
2023-04-05 14:43:06,115 [INFO] PluginManage:359 - Loaded plugin tutovideos (category:base,tabindex:-1)
2023-04-05 14:43:06,115 [INFO] PluginManage:310 - Check plugin updater
2023-04-05 14:43:06,131 [INFO] PluginManage:359 - Loaded plugin updater (category:base,tabindex:12)
2023-04-05 14:43:06,131 [INFO] PluginManage:283 - PluginManage : Loaded plugins [15]
2023-04-05 14:43:06,429 [INFO] PinOutPanel:1499 - setPackage(No Configuration,No Configuration)
2023-04-05 14:43:06,554 [INFO] CADModel:165 - CPN selected for project level
2023-04-05 14:43:06,554 [INFO] CADModel:114 - Register for checkConnection events
2023-04-05 14:43:06,586 [INFO] IPUIPlugin:80 - create IPUIPlugin
2023-04-05 14:43:06,586 [INFO] PluginManager:220 - loadIPPluginJar : add adc
2023-04-05 14:43:06,624 [INFO] IPUIPlugin:80 - create IPUIPlugin
2023-04-05 14:43:06,624 [INFO] PluginManager:220 - loadIPPluginJar : add aes
2023-04-05 14:43:06,648 [INFO] IPUIPlugin:80 - create IPUIPlugin
2023-04-05 14:43:06,648 [INFO] PluginManager:220 - loadIPPluginJar : add can
2023-04-05 14:43:06,664 [INFO] IPUIPlugin:80 - create IPUIPlugin
2023-04-05 14:43:06,664 [INFO] PluginManager:220 - loadIPPluginJar : add comp
2023-04-05 14:43:06,695 [INFO] IPUIPlugin:80 - create IPUIPlugin
2023-04-05 14:43:06,695 [INFO] PluginManager:220 - loadIPPluginJar : add cryp
2023-04-05 14:43:06,711 [INFO] IPUIPlugin:80 - create IPUIPlugin
2023-04-05 14:43:06,711 [INFO] PluginManager:220 - loadIPPluginJar : add dfsdm
2023-04-05 14:43:06,727 [INFO] IPUIPlugin:80 - create IPUIPlugin
2023-04-05 14:43:06,727 [INFO] PluginManager:220 - loadIPPluginJar : add dma
2023-04-05 14:43:06,758 [INFO] IPUIPlugin:80 - create IPUIPlugin
2023-04-05 14:43:06,758 [INFO] PluginManager:220 - loadIPPluginJar : add dma3
2023-04-05 14:43:06,774 [INFO] IPUIPlugin:80 - create IPUIPlugin
2023-04-05 14:43:06,774 [INFO] PluginManager:220 - loadIPPluginJar : add fatfs
2023-04-05 14:43:06,824 [INFO] IPUIPlugin:80 - create IPUIPlugin
2023-04-05 14:43:06,824 [INFO] PluginManager:220 - loadIPPluginJar : add fmc
2023-04-05 14:43:06,837 [INFO] IPUIPlugin:80 - create IPUIPlugin
2023-04-05 14:43:06,837 [INFO] PluginManager:220 - loadIPPluginJar : add freertos
2023-04-05 14:43:06,852 [INFO] IPUIPlugin:80 - create IPUIPlugin
2023-04-05 14:43:06,852 [INFO] PluginManager:220 - loadIPPluginJar : add genericplugin
2023-04-05 14:43:06,915 [INFO] IPUIPlugin:80 - create IPUIPlugin
2023-04-05 14:43:06,915 [INFO] PluginManager:220 - loadIPPluginJar : add gfxmmu
2023-04-05 14:43:06,993 [INFO] IPUIPlugin:80 - create IPUIPlugin
2023-04-05 14:43:06,993 [INFO] PluginManager:220 - loadIPPluginJar : add gic
2023-04-05 14:43:07,009 [INFO] IPUIPlugin:80 - create IPUIPlugin
2023-04-05 14:43:07,009 [INFO] PluginManager:220 - loadIPPluginJar : add gpio
2023-04-05 14:43:07,072 [INFO] IPUIPlugin:80 - create IPUIPlugin
2023-04-05 14:43:07,072 [INFO] PluginManager:220 - loadIPPluginJar : add gtzc
2023-04-05 14:43:07,103 [INFO] IPUIPlugin:80 - create IPUIPlugin
2023-04-05 14:43:07,103 [INFO] PluginManager:220 - loadIPPluginJar : add hash
2023-04-05 14:43:07,135 [INFO] IPUIPlugin:80 - create IPUIPlugin
2023-04-05 14:43:07,135 [INFO] PluginManager:220 - loadIPPluginJar : add i2c
2023-04-05 14:43:07,166 [INFO] IPUIPlugin:80 - create IPUIPlugin
2023-04-05 14:43:07,166 [INFO] PluginManager:220 - loadIPPluginJar : add i2s
2023-04-05 14:43:07,197 [INFO] IPUIPlugin:80 - create IPUIPlugin
2023-04-05 14:43:07,197 [INFO] PluginManager:220 - loadIPPluginJar : add i3c
2023-04-05 14:43:07,276 [INFO] IPUIPlugin:80 - create IPUIPlugin
2023-04-05 14:43:07,276 [INFO] PluginManager:220 - loadIPPluginJar : add ipddr
2023-04-05 14:43:07,339 [INFO] IPUIPlugin:80 - create IPUIPlugin
2023-04-05 14:43:07,339 [INFO] PluginManager:220 - loadIPPluginJar : add linkedlist
2023-04-05 14:43:07,370 [INFO] IPUIPlugin:80 - create IPUIPlugin
2023-04-05 14:43:07,370 [INFO] PluginManager:220 - loadIPPluginJar : add lorawan
2023-04-05 14:43:07,401 [INFO] IPUIPlugin:80 - create IPUIPlugin
2023-04-05 14:43:07,401 [INFO] PluginManager:220 - loadIPPluginJar : add ltdc
2023-04-05 14:43:07,401 [INFO] IPUIPlugin:80 - create IPUIPlugin
2023-04-05 14:43:07,401 [INFO] PluginManager:220 - loadIPPluginJar : add mdma
2023-04-05 14:43:07,417 [INFO] IPUIPlugin:80 - create IPUIPlugin
2023-04-05 14:43:07,417 [INFO] PluginManager:220 - loadIPPluginJar : add nvic
2023-04-05 14:43:07,449 [INFO] IPUIPlugin:80 - create IPUIPlugin
2023-04-05 14:43:07,449 [INFO] PluginManager:220 - loadIPPluginJar : add opamp
2023-04-05 14:43:07,480 [INFO] IPUIPlugin:80 - create IPUIPlugin
2023-04-05 14:43:07,480 [INFO] PluginManager:220 - loadIPPluginJar : add openamp
2023-04-05 14:43:07,527 [INFO] IPUIPlugin:80 - create IPUIPlugin
2023-04-05 14:43:07,527 [INFO] PluginManager:220 - loadIPPluginJar : add pdm2pcm
2023-04-05 14:43:07,543 [INFO] IPUIPlugin:80 - create IPUIPlugin
2023-04-05 14:43:07,543 [INFO] PluginManager:220 - loadIPPluginJar : add plateformsettings
2023-04-05 14:43:07,558 [INFO] IPUIPlugin:80 - create IPUIPlugin
2023-04-05 14:43:07,558 [INFO] PluginManager:220 - loadIPPluginJar : add quadspi
2023-04-05 14:43:07,574 [INFO] IPUIPlugin:80 - create IPUIPlugin
2023-04-05 14:43:07,574 [INFO] PluginManager:220 - loadIPPluginJar : add resmgrutility
2023-04-05 14:43:07,621 [INFO] IPUIPlugin:80 - create IPUIPlugin
2023-04-05 14:43:07,621 [INFO] PluginManager:220 - loadIPPluginJar : add sai
2023-04-05 14:43:07,652 [INFO] IPUIPlugin:80 - create IPUIPlugin
2023-04-05 14:43:07,652 [INFO] PluginManager:220 - loadIPPluginJar : add spi
2023-04-05 14:43:07,699 [INFO] IPUIPlugin:80 - create IPUIPlugin
2023-04-05 14:43:07,699 [INFO] PluginManager:220 - loadIPPluginJar : add stm32_wpan
2023-04-05 14:43:07,715 [INFO] IPUIPlugin:80 - create IPUIPlugin
2023-04-05 14:43:07,715 [INFO] PluginManager:220 - loadIPPluginJar : add tim
2023-04-05 14:43:07,747 [INFO] IPUIPlugin:80 - create IPUIPlugin
2023-04-05 14:43:07,747 [INFO] PluginManager:220 - loadIPPluginJar : add touchsensing
2023-04-05 14:43:07,762 [INFO] IPUIPlugin:80 - create IPUIPlugin
2023-04-05 14:43:07,762 [INFO] PluginManager:220 - loadIPPluginJar : add tracer_emb
2023-04-05 14:43:07,793 [INFO] IPUIPlugin:80 - create IPUIPlugin
2023-04-05 14:43:07,793 [INFO] PluginManager:220 - loadIPPluginJar : add ts
2023-04-05 14:43:07,809 [INFO] IPUIPlugin:80 - create IPUIPlugin
2023-04-05 14:43:07,809 [INFO] PluginManager:220 - loadIPPluginJar : add tsc
2023-04-05 14:43:07,827 [INFO] IPUIPlugin:80 - create IPUIPlugin
2023-04-05 14:43:07,827 [INFO] PluginManager:220 - loadIPPluginJar : add ucpd
2023-04-05 14:43:07,856 [INFO] IPUIPlugin:80 - create IPUIPlugin
2023-04-05 14:43:07,856 [INFO] PluginManager:220 - loadIPPluginJar : add usart
2023-04-05 14:43:07,888 [INFO] IPUIPlugin:80 - create IPUIPlugin
2023-04-05 14:43:07,888 [INFO] PluginManager:220 - loadIPPluginJar : add usbx
2023-04-05 14:43:08,018 [INFO] CADModel:165 - CPN selected for project level
2023-04-05 14:43:08,027 [INFO] CADModel:114 - Register for checkConnection events
2023-04-05 14:43:08,027 [FATAL] Updater:308 - Updater called before beeing initialized
2023-04-05 14:43:08,027 [ERROR] CADModel:125 - Updater not yet initialized, retry later 
2023-04-05 14:43:08,205 [INFO] CADModel:165 - CPN selected for project level
2023-04-05 14:43:08,205 [INFO] CADModel:114 - Register for checkConnection events
2023-04-05 14:43:08,205 [FATAL] Updater:308 - Updater called before beeing initialized
2023-04-05 14:43:08,205 [ERROR] CADModel:125 - Updater not yet initialized, retry later 
2023-04-05 14:43:08,205 [FATAL] Updater:308 - Updater called before beeing initialized
2023-04-05 14:43:08,331 [FATAL] Updater:308 - Updater called before beeing initialized
2023-04-05 14:43:08,347 [INFO] DbMcusAds:53 - JSON generation date=Tue Mar 07 11:50:55 TRT 2023 (1678179055335)
2023-04-05 14:43:08,347 [FATAL] Updater:308 - Updater called before beeing initialized
2023-04-05 14:43:08,425 [WARN] DetailPanel:346 - Failed to get advertising image, set to default
2023-04-05 14:43:08,535 [FATAL] Updater:308 - Updater called before beeing initialized
2023-04-05 14:43:08,551 [FATAL] Updater:308 - Updater called before beeing initialized
2023-04-05 14:43:08,551 [FATAL] Updater:308 - Updater called before beeing initialized
2023-04-05 14:43:08,551 [WARN] DetailPanel:346 - Failed to get advertising image, set to default
2023-04-05 14:43:08,551 [FATAL] Updater:308 - Updater called before beeing initialized
2023-04-05 14:43:08,628 [ERROR] Updater:1120 - MainUpdater not yet initialized. External WinMGr cannot be set.
2023-04-05 14:43:08,629 [INFO] Updater:1056 - Updater Version found : 6.8.0
2023-04-05 14:43:08,645 [INFO] ApplicationProperties:184 - Using Application install path: C:\ST\STM32CubeIDE_1.12.0\STM32CubeIDE\plugins\com.st.stm32cube.common.mx_6.8.0.202302231600
2023-04-05 14:43:08,801 [INFO] MainUpdater:2854 - connection check result : 10
2023-04-05 14:43:08,801 [INFO] MainUpdater:283 - Updater Check For Update Now.
2023-04-05 14:43:08,801 [INFO] MicroXplorer:498 - Change Database Version : DB.6.0.80
2023-04-05 14:43:08,849 [WARN] MainUpdater:1187 - Updater busy. Cannot search thirdparties
2023-04-05 14:43:08,849 [INFO] ThirdPartyUpdaterWithRetryManager:96 - Updater plugin is busy. [1/15]
2023-04-05 14:43:08,990 [INFO] CheckServerUpdateThread:120 - End of CheckServer Thread
2023-04-05 14:43:09,053 [INFO] MainUpdater:2854 - connection check result : 10
2023-04-05 14:43:09,649 [INFO] ApiDb:581 - Connected to CubeFinder SQLite database (C:\Users\LENOVO\.stmcufinder\plugins\mcufinder\mcu\cube-finder-db.db)
2023-04-05 14:43:09,743 [INFO] ApiDb:668 - CubeFinder database Data Model version=2.1
2023-04-05 14:43:09,743 [INFO] ApiDb:669 - CubeFinder database Configuration version=3.0.35
2023-04-05 14:43:09,743 [INFO] ApiDb:670 - CubeFinder database generation date=2023-03-10 (1678456172)
2023-04-05 14:43:09,743 [INFO] ApiDb:671 - CubeFinder database FW Pack versions=[FP-ATR-ASTRA1_V1.1.1, STM32Cube_FW_C0_V1.0.1, STM32Cube_FW_F0_V1.11.4, STM32Cube_FW_F3_V1.11.4, STM32Cube_FW_F4_V1.27.1, STM32Cube_FW_F7_V1.17.0, STM32Cube_FW_G0_V1.6.1, STM32Cube_FW_G4_V1.5.1, STM32Cube_FW_H5_V0.5.1, STM32Cube_FW_H5_V1.0.0, STM32Cube_FW_H7_V1.11.0, STM32Cube_FW_L0_V1.12.2, STM32Cube_FW_L5_V1.5.0, STM32Cube_FW_U5_V1.2.0, STM32Cube_FW_WBA_V1.0.0, STM32Cube_FW_WBA_V1.0.0RC1, STM32Cube_FW_WBA_V1.0.0RC3, STM32Cube_FW_WB_V1.15.0RC1, STM32Cube_FW_WB_V1.16.0, STM32Cube_FW_WB_V1.16.0RC2, STM32Cube_FW_WL_V1.3.0, X-CUBE-ALGOBUILD_V1.3.0, X-CUBE-ALS_V1.0.1, X-CUBE-AZRTOS-F4_V1.1.0, X-CUBE-AZRTOS-F7_V1.1.0, X-CUBE-AZRTOS-G0_V1.1.0, X-CUBE-AZRTOS-G4_V1.0.0, X-CUBE-AZRTOS-H7_V3.0.0, X-CUBE-AZRTOS-L4_V1.0.0, X-CUBE-AZRTOS-L5_V1.1.0, X-CUBE-AZRTOS-WB_V1.1.0, X-CUBE-AZRTOS-WL_V1.0.0, X-CUBE-BLE1_V6.2.4, X-CUBE-BLE2_V3.3.0, X-CUBE-BLEMGR_V1.3.0, X-CUBE-EEPRMA1_V4.1.0, X-CUBE-GNSS1_V6.0.0, X-CUBE-MEMS1_V9.1.0, X-CUBE-MEMS1_V9.4.0, X-CUBE-MEMS1_V9.5.0, X-CUBE-NFC4_V3.0.0, X-CUBE-NFC7_V1.0.0, X-CUBE-SFXS2LP1_V4.0.0, X-CUBE-SUBG2_V5.0.0]
2023-04-05 14:43:09,884 [INFO] DbBoardsSqlite:226 - include board P-NUCLEO-WB55-NUCLEO as a kit item of type 'Nucleo-64'
2023-04-05 14:43:09,884 [INFO] DbBoardsSqlite:226 - include board P-NUCLEO-WB55-USBDONGLE as a kit item of type 'Nucleo USB Dongle'
2023-04-05 14:43:09,884 [INFO] DbBoardsSqlite:226 - include board STEVAL-IDP005V1 as a kit item of type 'Evaluation Board'
2023-04-05 14:43:09,884 [INFO] DbBoardsSqlite:226 - include board STEVAL-IDP005V2 as a kit item of type 'Evaluation Board'
2023-04-05 14:43:10,511 [INFO] ApiDb:240 - Found 297 in-development CPN: [B-G473E-ZEST1S, B-WB1M-WPAN1, B-WL5M-SUBG1, NUCLEO-C031C6, NUCLEO-H503RB, NUCLEO-H563ZI, NUCLEO-U545RE-Q, NUCLEO-U5A5ZJ-Q, NUCLEO-WBA52CG, STEVAL-PROTEUS1, STEVAL-STWINBX1, STM320518-EVAL, STM32C0116-DK, STM32C011D6Y3TR, STM32C011D6Y6TR, STM32C011F4P3, STM32C011F4P6, STM32C011F4U3, STM32C011F4U6TR, STM32C011F6P3, STM32C011F6P6, STM32C011F6U3, STM32C011F6U6TR, STM32C011J4M3, STM32C011J4M6, STM32C011J6M3, STM32C011J6M6, STM32C0316-DK, STM32C031C4T3, STM32C031C4T6, STM32C031C4U3, STM32C031C4U6, STM32C031C6T3, STM32C031C6T6, STM32C031C6U3, STM32C031C6U6, STM32C031F4P3, STM32C031F4P6, STM32C031F6P3, STM32C031F6P6, STM32C031G4U3, STM32C031G4U6, STM32C031G6U3, STM32C031G6U6, STM32C031K4T3, STM32C031K4T6, STM32C031K4U3, STM32C031K4U6, STM32C031K6T3, STM32C031K6T6, STM32C031K6U3, STM32C031K6U6, STM32G071K8TXN, STM32G071K8UXN, STM32G081GBU6N, STM32G081KBT6N, STM32G081KBUXN, STM32G0B1CCT6N, STM32G0B1KCT6, STM32G0B1NEY6TR, STM32G0B1RCT6N, STM32G0C1CCT6, STM32G0C1CCT6N, STM32G0C1CCU6N, STM32G0C1CET6N, STM32G0C1CEU6N, STM32G0C1KCT6, STM32G0C1NEY6TR, STM32G0C1RCI6N, STM32G0C1RCT6N, STM32G0C1REI6N, STM32G0C1RET6N, STM32G0C1VCI6, STM32G0C1VEI6, STM32G471CCT6, STM32G471CCU6, STM32G471CET3, STM32G471CET6, STM32G471CEU3, STM32G471CEU6, STM32G471MCT6, STM32G471MET3, STM32G471MET6, STM32G471MEY6TR, STM32G471QCT6, STM32G471QET3, STM32G471RCT6, STM32G471RET3, STM32G471RET6, STM32G471VCH6, STM32G471VCI6, STM32G471VCT6, STM32G471VEH3, STM32G471VEH6, STM32G471VEI3, STM32G471VEI6, STM32G471VET3, STM32G471VET6, STM32G474CCT6, STM32H503CBT6, STM32H503CBU6, STM32H503EBY6TR, STM32H503KBU6, STM32H503RBT6, STM32H562AGI6, STM32H562AII6, STM32H562IGK6, STM32H562IGT6, STM32H562IIK6, STM32H562IIT6, STM32H562RGT6, STM32H562RGV6, STM32H562RIT6, STM32H562RIV6, STM32H562VGT6, STM32H562VIT6, STM32H562ZGT6, STM32H562ZIT6, STM32H563AGI6, STM32H563AII3Q, STM32H563AII6, STM32H563IGK6, STM32H563IGT6, STM32H563IIK3Q, STM32H563IIK6, STM32H563IIT3Q, STM32H563IIT6, STM32H563MIY3QTR, STM32H563RGT6, STM32H563RGV6, STM32H563RIT6, STM32H563RIV6, STM32H563VGT6, STM32H563VIT3Q, STM32H563VIT6, STM32H563ZGT6, STM32H563ZIT3Q, STM32H563ZIT6, STM32H573AII3Q, STM32H573AII6, STM32H573I-DK, STM32H573IIK3Q, STM32H573IIK6, STM32H573IIT3Q, STM32H573IIT6, STM32H573MIY3QTR, STM32H573RIT6, STM32H573RIV6, STM32H573VIT3Q, STM32H573VIT6, STM32H573ZIT3Q, STM32H573ZIT6, STM32L4R5QGI6STR, STM32MP131AAE3, STM32MP131AAF3, STM32MP131AAG3, STM32MP131CAE3, STM32MP131CAF3, STM32MP131CAG3, STM32MP131DAE7, STM32MP131DAF7, STM32MP131DAG7, STM32MP131FAE7, STM32MP131FAF7, STM32MP131FAG7, STM32MP133AAE3, STM32MP133AAF3, STM32MP133AAG3, STM32MP133CAE3, STM32MP133CAF3, STM32MP133CAG3, STM32MP133DAE7, STM32MP133DAF7, STM32MP133DAG7, STM32MP133FAE7, STM32MP133FAF7, STM32MP133FAG7, STM32MP135AAE3, STM32MP135AAF3, STM32MP135AAG3, STM32MP135CAE3, STM32MP135CAF3, STM32MP135CAG3, STM32MP135DAE7, STM32MP135DAF7, STM32MP135DAG7, STM32MP135F-DK, STM32MP135FAE7, STM32MP135FAF7, STM32MP135FAF7T, STM32MP135FAF7U, STM32MP135FAG7, STM32U535CBT6, STM32U535CBT6Q, STM32U535CBU6, STM32U535CBU6Q, STM32U535CCT6, STM32U535CCT6Q, STM32U535CCU6, STM32U535CCU6Q, STM32U535CET6, STM32U535CET6Q, STM32U535CEU6, STM32U535CEU6Q, STM32U535JEY6QTR, STM32U535NCY6QTR, STM32U535NEY6QTR, STM32U535RBI6, STM32U535RBI6Q, STM32U535RBT6, STM32U535RBT6Q, STM32U535RCI6, STM32U535RCI6Q, STM32U535RCT6, STM32U535RCT6Q, STM32U535REI6, STM32U535REI6Q, STM32U535RET6, STM32U535RET6Q, STM32U535VCI6, STM32U535VCI6Q, STM32U535VCT6, STM32U535VCT6Q, STM32U535VEI6, STM32U535VEI6Q, STM32U535VET6, STM32U535VET6Q, STM32U545CET6, STM32U545CET6Q, STM32U545CEU6, STM32U545CEU6Q, STM32U545JEY6QTR, STM32U545NEY6QTR, STM32U545REI6, STM32U545REI6Q, STM32U545RET6, STM32U545RET6Q, STM32U545VEI6, STM32U545VEI6Q, STM32U545VET6, STM32U545VET6Q, STM32U595AIH6, STM32U595AIH6Q, STM32U595AJH6, STM32U595AJH6Q, STM32U595QII6, STM32U595QII6Q, STM32U595QJI6, STM32U595QJI6Q, STM32U595RIT6, STM32U595RIT6Q, STM32U595RJT6, STM32U595RJT6Q, STM32U595VIT6, STM32U595VIT6Q, STM32U595VJT6, STM32U595VJT6Q, STM32U595ZIT6, STM32U595ZIT6Q, STM32U595ZIY6QTR, STM32U595ZJT6, STM32U595ZJT6Q, STM32U595ZJY6QTR, STM32U599BJY6QTR, STM32U599NIH6Q, STM32U599NJH6Q, STM32U599VIT6Q, STM32U599VJT6, STM32U599VJT6Q, STM32U599ZIT6Q, STM32U599ZIY6QTR, STM32U599ZJT6Q, STM32U599ZJY6QTR, STM32U5A5AJH6, STM32U5A5AJH6Q, STM32U5A5QJI6, STM32U5A5QJI6Q, STM32U5A5RJT6, STM32U5A5RJT6Q, STM32U5A5VJT6, STM32U5A5VJT6Q, STM32U5A5ZJT6, STM32U5A5ZJT6Q, STM32U5A5ZJY6QTR, STM32U5A9BJY6QTR, STM32U5A9J-DK, STM32U5A9NJH6Q, STM32U5A9VJT6Q, STM32U5A9ZJT6Q, STM32U5A9ZJY6QTR, STM32WB1MMCH6, STM32WBA52CEU6, STM32WBA52CEU6T, STM32WBA52CGU6, STM32WBA52CGU6T, STM32WL5MOCH6, STM32WL5MOCH6TR]
2023-04-05 14:43:10,668 [INFO] BoardInfo:880 - No configuration file found for board P-NUCLEO-WB55
2023-04-05 14:43:10,668 [INFO] DbBoards:157 - Kit is not supported: P-NUCLEO-WB55
2023-04-05 14:43:10,683 [INFO] BoardInfo:880 - No configuration file found for board STEVAL-BFA001V1B
2023-04-05 14:43:10,683 [INFO] DbBoards:157 - Kit is not supported: STEVAL-BFA001V1B
2023-04-05 14:43:10,683 [INFO] BoardInfo:880 - No configuration file found for board STEVAL-BFA001V2B
2023-04-05 14:43:10,683 [INFO] DbBoards:157 - Kit is not supported: STEVAL-BFA001V2B
2023-04-05 14:43:10,840 [INFO] DbBoards:161 - Found 187 boards, 184 are supported
2023-04-05 14:43:10,872 [INFO] ApiDb:668 - CubeFinder database Data Model version=2.1
2023-04-05 14:43:10,872 [INFO] ApiDb:669 - CubeFinder database Configuration version=3.0.35
2023-04-05 14:43:10,872 [INFO] ApiDb:670 - CubeFinder database generation date=2023-03-10 (1678456172)
2023-04-05 14:43:10,872 [INFO] ApiDb:671 - CubeFinder database FW Pack versions=[FP-ATR-ASTRA1_V1.1.1, STM32Cube_FW_C0_V1.0.1, STM32Cube_FW_F0_V1.11.4, STM32Cube_FW_F3_V1.11.4, STM32Cube_FW_F4_V1.27.1, STM32Cube_FW_F7_V1.17.0, STM32Cube_FW_G0_V1.6.1, STM32Cube_FW_G4_V1.5.1, STM32Cube_FW_H5_V0.5.1, STM32Cube_FW_H5_V1.0.0, STM32Cube_FW_H7_V1.11.0, STM32Cube_FW_L0_V1.12.2, STM32Cube_FW_L5_V1.5.0, STM32Cube_FW_U5_V1.2.0, STM32Cube_FW_WBA_V1.0.0, STM32Cube_FW_WBA_V1.0.0RC1, STM32Cube_FW_WBA_V1.0.0RC3, STM32Cube_FW_WB_V1.15.0RC1, STM32Cube_FW_WB_V1.16.0, STM32Cube_FW_WB_V1.16.0RC2, STM32Cube_FW_WL_V1.3.0, X-CUBE-ALGOBUILD_V1.3.0, X-CUBE-ALS_V1.0.1, X-CUBE-AZRTOS-F4_V1.1.0, X-CUBE-AZRTOS-F7_V1.1.0, X-CUBE-AZRTOS-G0_V1.1.0, X-CUBE-AZRTOS-G4_V1.0.0, X-CUBE-AZRTOS-H7_V3.0.0, X-CUBE-AZRTOS-L4_V1.0.0, X-CUBE-AZRTOS-L5_V1.1.0, X-CUBE-AZRTOS-WB_V1.1.0, X-CUBE-AZRTOS-WL_V1.0.0, X-CUBE-BLE1_V6.2.4, X-CUBE-BLE2_V3.3.0, X-CUBE-BLEMGR_V1.3.0, X-CUBE-EEPRMA1_V4.1.0, X-CUBE-GNSS1_V6.0.0, X-CUBE-MEMS1_V9.1.0, X-CUBE-MEMS1_V9.4.0, X-CUBE-MEMS1_V9.5.0, X-CUBE-NFC4_V3.0.0, X-CUBE-NFC7_V1.0.0, X-CUBE-SFXS2LP1_V4.0.0, X-CUBE-SUBG2_V5.0.0]
2023-04-05 14:43:12,017 [WARN] PackLoader:240 - Cannot read IP mode file for STMicroelectronics.X-CUBE-GNSS1.6.0.0
2023-04-05 14:43:12,065 [WARN] PackLoader:240 - Cannot read IP mode file for STMicroelectronics.X-CUBE-AZRTOS-F4.1.1.0
2023-04-05 14:43:12,111 [WARN] PackLoader:240 - Cannot read IP mode file for STMicroelectronics.X-CUBE-AZRTOS-F7.1.1.0
2023-04-05 14:43:12,127 [WARN] PackLoader:240 - Cannot read IP mode file for STMicroelectronics.X-CUBE-BLE1.6.2.4
2023-04-05 14:43:12,159 [WARN] PackLoader:240 - Cannot read IP mode file for emotas.I-CUBE-CANOPEN.1.1.3
2023-04-05 14:43:12,190 [WARN] PackLoader:240 - Cannot read IP mode file for STMicroelectronics.X-CUBE-BLEMGR.2.0.0
2023-04-05 14:43:12,206 [WARN] PackLoader:240 - Cannot read IP mode file for STMicroelectronics.X-CUBE-DISPLAY.3.0.0
2023-04-05 14:43:12,221 [WARN] PackLoader:240 - Cannot read IP mode file for wolfSSL.I-CUBE-wolfSSL.5.5.4
2023-04-05 14:43:12,237 [WARN] PackLoader:240 - Cannot read IP mode file for STMicroelectronics.X-CUBE-NFC7.1.0.0
2023-04-05 14:43:12,253 [WARN] PackLoader:240 - Cannot read IP mode file for STMicroelectronics.X-CUBE-EEPRMA1.4.1.0
2023-04-05 14:43:12,268 [WARN] PackLoader:240 - Cannot read IP mode file for WES.I-CUBE-Cesium.1.3.0
2023-04-05 14:43:12,284 [WARN] PackLoader:240 - Cannot read IP mode file for STMicroelectronics.X-CUBE-SFXS2LP1.4.0.0
2023-04-05 14:43:12,300 [WARN] PackLoader:240 - Cannot read IP mode file for STMicroelectronics.X-CUBE-BLE2.3.3.0
2023-04-05 14:43:12,315 [WARN] PackLoader:240 - Cannot read IP mode file for STMicroelectronics.X-CUBE-TOF1.3.2.0
2023-04-05 14:43:12,363 [WARN] PackLoader:240 - Cannot read IP mode file for STMicroelectronics.X-CUBE-AZRTOS-H7.3.0.0
2023-04-05 14:43:12,378 [WARN] PackLoader:240 - Cannot read IP mode file for STMicroelectronics.X-CUBE-ISPU.1.1.0
2023-04-05 14:43:12,409 [WARN] PackLoader:240 - Cannot read IP mode file for RoweBots.I-CUBE-UNISONRTOS.5.5.0-4
2023-04-05 14:43:12,409 [WARN] PackLoader:240 - Cannot read IP mode file for STMicroelectronics.X-CUBE-AI.8.0.0
2023-04-05 14:43:12,436 [WARN] PackLoader:240 - Cannot read IP mode file for STMicroelectronics.X-CUBE-FREERTOS.1.0.0
2023-04-05 14:43:12,441 [WARN] PackLoader:240 - Cannot read IP mode file for STMicroelectronics.X-CUBE-TOUCHGFX.4.21.1
2023-04-05 14:43:12,457 [WARN] PackLoader:240 - Cannot read IP mode file for STMicroelectronics.X-CUBE-TOUCHGFX.4.21.3
2023-04-05 14:43:12,504 [WARN] PackLoader:240 - Cannot read IP mode file for STMicroelectronics.X-CUBE-MEMS1.9.4.0
2023-04-05 14:43:12,817 [WARN] PackLoader:240 - Cannot read IP mode file for STMicroelectronics.X-CUBE-AI.7.3.0
2023-04-05 14:43:12,836 [WARN] PackLoader:240 - Cannot read IP mode file for STMicroelectronics.X-CUBE-ALGOBUILD.1.3.0
2023-04-05 14:43:12,864 [WARN] PackLoader:240 - Cannot read IP mode file for STMicroelectronics.X-CUBE-AZRTOS-L5.1.1.0
2023-04-05 14:43:12,911 [WARN] PackLoader:240 - Cannot read IP mode file for STMicroelectronics.X-CUBE-AZRTOS-G0.1.1.0
2023-04-05 14:43:12,943 [WARN] PackLoader:240 - Cannot read IP mode file for STMicroelectronics.X-CUBE-SUBG2.5.0.0
2023-04-05 14:43:12,974 [WARN] PackLoader:240 - Cannot read IP mode file for STMicroelectronics.X-CUBE-NFC4.3.0.0
2023-04-05 14:43:12,990 [WARN] PackLoader:240 - Cannot read IP mode file for STMicroelectronics.X-CUBE-TOF1.3.3.0
2023-04-05 14:43:13,005 [WARN] PackLoader:240 - Cannot read IP mode file for STMicroelectronics.FP-ATR-ASTRA1.1.1.1
2023-04-05 14:43:13,021 [WARN] PackLoader:240 - Cannot read IP mode file for STMicroelectronics.X-CUBE-BLEMGR.1.3.0
2023-04-05 14:43:13,052 [WARN] PackLoader:240 - Cannot read IP mode file for STMicroelectronics.X-CUBE-AZRTOS-G4.1.0.0
2023-04-05 14:43:13,052 [INFO] ApiDb:240 - Found 297 in-development CPN: [B-G473E-ZEST1S, B-WB1M-WPAN1, B-WL5M-SUBG1, NUCLEO-C031C6, NUCLEO-H503RB, NUCLEO-H563ZI, NUCLEO-U545RE-Q, NUCLEO-U5A5ZJ-Q, NUCLEO-WBA52CG, STEVAL-PROTEUS1, STEVAL-STWINBX1, STM320518-EVAL, STM32C0116-DK, STM32C011D6Y3TR, STM32C011D6Y6TR, STM32C011F4P3, STM32C011F4P6, STM32C011F4U3, STM32C011F4U6TR, STM32C011F6P3, STM32C011F6P6, STM32C011F6U3, STM32C011F6U6TR, STM32C011J4M3, STM32C011J4M6, STM32C011J6M3, STM32C011J6M6, STM32C0316-DK, STM32C031C4T3, STM32C031C4T6, STM32C031C4U3, STM32C031C4U6, STM32C031C6T3, STM32C031C6T6, STM32C031C6U3, STM32C031C6U6, STM32C031F4P3, STM32C031F4P6, STM32C031F6P3, STM32C031F6P6, STM32C031G4U3, STM32C031G4U6, STM32C031G6U3, STM32C031G6U6, STM32C031K4T3, STM32C031K4T6, STM32C031K4U3, STM32C031K4U6, STM32C031K6T3, STM32C031K6T6, STM32C031K6U3, STM32C031K6U6, STM32G071K8TXN, STM32G071K8UXN, STM32G081GBU6N, STM32G081KBT6N, STM32G081KBUXN, STM32G0B1CCT6N, STM32G0B1KCT6, STM32G0B1NEY6TR, STM32G0B1RCT6N, STM32G0C1CCT6, STM32G0C1CCT6N, STM32G0C1CCU6N, STM32G0C1CET6N, STM32G0C1CEU6N, STM32G0C1KCT6, STM32G0C1NEY6TR, STM32G0C1RCI6N, STM32G0C1RCT6N, STM32G0C1REI6N, STM32G0C1RET6N, STM32G0C1VCI6, STM32G0C1VEI6, STM32G471CCT6, STM32G471CCU6, STM32G471CET3, STM32G471CET6, STM32G471CEU3, STM32G471CEU6, STM32G471MCT6, STM32G471MET3, STM32G471MET6, STM32G471MEY6TR, STM32G471QCT6, STM32G471QET3, STM32G471RCT6, STM32G471RET3, STM32G471RET6, STM32G471VCH6, STM32G471VCI6, STM32G471VCT6, STM32G471VEH3, STM32G471VEH6, STM32G471VEI3, STM32G471VEI6, STM32G471VET3, STM32G471VET6, STM32G474CCT6, STM32H503CBT6, STM32H503CBU6, STM32H503EBY6TR, STM32H503KBU6, STM32H503RBT6, STM32H562AGI6, STM32H562AII6, STM32H562IGK6, STM32H562IGT6, STM32H562IIK6, STM32H562IIT6, STM32H562RGT6, STM32H562RGV6, STM32H562RIT6, STM32H562RIV6, STM32H562VGT6, STM32H562VIT6, STM32H562ZGT6, STM32H562ZIT6, STM32H563AGI6, STM32H563AII3Q, STM32H563AII6, STM32H563IGK6, STM32H563IGT6, STM32H563IIK3Q, STM32H563IIK6, STM32H563IIT3Q, STM32H563IIT6, STM32H563MIY3QTR, STM32H563RGT6, STM32H563RGV6, STM32H563RIT6, STM32H563RIV6, STM32H563VGT6, STM32H563VIT3Q, STM32H563VIT6, STM32H563ZGT6, STM32H563ZIT3Q, STM32H563ZIT6, STM32H573AII3Q, STM32H573AII6, STM32H573I-DK, STM32H573IIK3Q, STM32H573IIK6, STM32H573IIT3Q, STM32H573IIT6, STM32H573MIY3QTR, STM32H573RIT6, STM32H573RIV6, STM32H573VIT3Q, STM32H573VIT6, STM32H573ZIT3Q, STM32H573ZIT6, STM32L4R5QGI6STR, STM32MP131AAE3, STM32MP131AAF3, STM32MP131AAG3, STM32MP131CAE3, STM32MP131CAF3, STM32MP131CAG3, STM32MP131DAE7, STM32MP131DAF7, STM32MP131DAG7, STM32MP131FAE7, STM32MP131FAF7, STM32MP131FAG7, STM32MP133AAE3, STM32MP133AAF3, STM32MP133AAG3, STM32MP133CAE3, STM32MP133CAF3, STM32MP133CAG3, STM32MP133DAE7, STM32MP133DAF7, STM32MP133DAG7, STM32MP133FAE7, STM32MP133FAF7, STM32MP133FAG7, STM32MP135AAE3, STM32MP135AAF3, STM32MP135AAG3, STM32MP135CAE3, STM32MP135CAF3, STM32MP135CAG3, STM32MP135DAE7, STM32MP135DAF7, STM32MP135DAG7, STM32MP135F-DK, STM32MP135FAE7, STM32MP135FAF7, STM32MP135FAF7T, STM32MP135FAF7U, STM32MP135FAG7, STM32U535CBT6, STM32U535CBT6Q, STM32U535CBU6, STM32U535CBU6Q, STM32U535CCT6, STM32U535CCT6Q, STM32U535CCU6, STM32U535CCU6Q, STM32U535CET6, STM32U535CET6Q, STM32U535CEU6, STM32U535CEU6Q, STM32U535JEY6QTR, STM32U535NCY6QTR, STM32U535NEY6QTR, STM32U535RBI6, STM32U535RBI6Q, STM32U535RBT6, STM32U535RBT6Q, STM32U535RCI6, STM32U535RCI6Q, STM32U535RCT6, STM32U535RCT6Q, STM32U535REI6, STM32U535REI6Q, STM32U535RET6, STM32U535RET6Q, STM32U535VCI6, STM32U535VCI6Q, STM32U535VCT6, STM32U535VCT6Q, STM32U535VEI6, STM32U535VEI6Q, STM32U535VET6, STM32U535VET6Q, STM32U545CET6, STM32U545CET6Q, STM32U545CEU6, STM32U545CEU6Q, STM32U545JEY6QTR, STM32U545NEY6QTR, STM32U545REI6, STM32U545REI6Q, STM32U545RET6, STM32U545RET6Q, STM32U545VEI6, STM32U545VEI6Q, STM32U545VET6, STM32U545VET6Q, STM32U595AIH6, STM32U595AIH6Q, STM32U595AJH6, STM32U595AJH6Q, STM32U595QII6, STM32U595QII6Q, STM32U595QJI6, STM32U595QJI6Q, STM32U595RIT6, STM32U595RIT6Q, STM32U595RJT6, STM32U595RJT6Q, STM32U595VIT6, STM32U595VIT6Q, STM32U595VJT6, STM32U595VJT6Q, STM32U595ZIT6, STM32U595ZIT6Q, STM32U595ZIY6QTR, STM32U595ZJT6, STM32U595ZJT6Q, STM32U595ZJY6QTR, STM32U599BJY6QTR, STM32U599NIH6Q, STM32U599NJH6Q, STM32U599VIT6Q, STM32U599VJT6, STM32U599VJT6Q, STM32U599ZIT6Q, STM32U599ZIY6QTR, STM32U599ZJT6Q, STM32U599ZJY6QTR, STM32U5A5AJH6, STM32U5A5AJH6Q, STM32U5A5QJI6, STM32U5A5QJI6Q, STM32U5A5RJT6, STM32U5A5RJT6Q, STM32U5A5VJT6, STM32U5A5VJT6Q, STM32U5A5ZJT6, STM32U5A5ZJT6Q, STM32U5A5ZJY6QTR, STM32U5A9BJY6QTR, STM32U5A9J-DK, STM32U5A9NJH6Q, STM32U5A9VJT6Q, STM32U5A9ZJT6Q, STM32U5A9ZJY6QTR, STM32WB1MMCH6, STM32WBA52CEU6, STM32WBA52CEU6T, STM32WBA52CGU6, STM32WBA52CGU6T, STM32WL5MOCH6, STM32WL5MOCH6TR]
2023-04-05 14:43:13,068 [INFO] DbMcus:216 - Found 3775 MCUs, 3775 are supported
2023-04-05 14:43:13,068 [INFO] ApiDb:423 - Load user favorites file C:\Users\LENOVO/.stm32cubeide/favorites.mcus.txt: 0 item(s)
2023-04-05 14:43:13,068 [INFO] ApiDb:427 - User favorites MCUs=[]
2023-04-05 14:43:13,068 [INFO] DbMcus:222 - Set 0 / 0 favorites MCUs
2023-04-05 14:43:13,083 [WARN] PackLoader:240 - Cannot read IP mode file for STMicroelectronics.FP-ATR-SIGFOX1.3.2.0
2023-04-05 14:43:13,115 [WARN] PackLoader:240 - Cannot read IP mode file for STMicroelectronics.X-CUBE-AZRTOS-L4.1.0.0
2023-04-05 14:43:13,146 [WARN] PackLoader:240 - Cannot read IP mode file for STMicroelectronics.X-CUBE-AZRTOS-WL.1.0.0
2023-04-05 14:43:13,162 [WARN] PackLoader:240 - Cannot read IP mode file for portGmbH.I-Cube-SoM-uGOAL.1.1.0
2023-04-05 14:43:13,162 [WARN] PackLoader:240 - Cannot read IP mode file for STMicroelectronics.X-CUBE-ALS.1.0.1
2023-04-05 14:43:13,240 [WARN] PackLoader:240 - Cannot read IP mode file for STMicroelectronics.X-CUBE-MEMS1.9.5.0
2023-04-05 14:43:13,507 [WARN] PackLoader:240 - Cannot read IP mode file for STMicroelectronics.X-CUBE-AZRTOS-WB.1.1.0
2023-04-05 14:43:13,539 [WARN] PackLoader:240 - Cannot read IP mode file for SEGGER.I-CUBE-embOS.1.3.1
2023-04-05 14:43:13,601 [INFO] ThirdParty:978 - Integrity check success = true
2023-04-05 14:43:13,601 [INFO] IntegrityCheckThread:100 - exiting critical section [integrity check]
2023-04-05 14:43:13,601 [INFO] IntegrityCheckThread:103 - End integrity checks thread
2023-04-05 14:43:13,601 [INFO] ApiDb:423 - Load user favorites file C:\Users\LENOVO/.stm32cubeide/favorites.boards.txt: 1 item(s)
2023-04-05 14:43:13,601 [INFO] ApiDb:427 - User favorites Boards=[STM32F407G-DISC1]
2023-04-05 14:43:13,601 [INFO] DbBoards:190 - Set 1 / 1 favorites Boards
2023-04-05 14:43:13,601 [INFO] McuFinderGlobals:66 - Set McuFinderConnectedMode to true
2023-04-05 14:43:13,617 [INFO] MultiScanPanel:200 - Auto-refresh data requested => check proxy status ongoing
2023-04-05 14:43:13,617 [INFO] FinderPluginLoader:95 - Searching for filters in installed packs
2023-04-05 14:43:15,140 [INFO] LoadUrlFilesThread:185 - End of LoadServerUrlFiles without Thread
2023-04-05 14:43:15,169 [INFO] DetailPanel:341 - Set advertising image to C:/Users/LENOVO/STM32Cube/Repository/\en.prom-stm32h5-mcu-finder.jpg
2023-04-05 14:43:18,792 [ERROR] LogOutputStream:75 - [STDERR_REDIRECT] SLF4J: Failed to load class "org.slf4j.impl.StaticLoggerBinder".
2023-04-05 14:43:18,792 [ERROR] LogOutputStream:75 - [STDERR_REDIRECT] SLF4J: Defaulting to no-operation (NOP) logger implementation
2023-04-05 14:43:18,792 [ERROR] LogOutputStream:75 - [STDERR_REDIRECT] SLF4J: See http://www.slf4j.org/codes.html#StaticLoggerBinder for further details.
2023-04-05 14:50:55,843 [INFO] MainUpdater:2854 - connection check result : 10
2023-04-05 14:50:55,843 [INFO] MainUpdater:2854 - connection check result : 10
2023-04-05 14:50:55,906 [INFO] MicroXplorer:468 - Change Database Path : 
2023-04-05 14:50:55,906 [INFO] MicroXplorer:498 - Change Database Version : DB.6.0.80
2023-04-05 14:50:55,906 [WARN] ThirdParty:871 - waiting for thirdparty lock release [close project]
2023-04-05 14:50:55,906 [INFO] ThirdParty:873 - entering critical section [close project]
2023-04-05 14:50:55,906 [INFO] ThirdParty:883 - exiting critical section [close project]
2023-04-05 14:50:55,922 [INFO] PinOutPanel:1499 - setPackage(No Configuration,No Configuration)
2023-04-05 14:50:55,937 [INFO] UtilMem:75 - Begin LoadConfig() Used Memory: 454779496 Bytes (545259520)
2023-04-05 14:50:55,937 [INFO] MicroXplorer:468 - Change Database Path : 
2023-04-05 14:50:55,937 [INFO] MicroXplorer:498 - Change Database Version : DB.6.0.80
2023-04-05 14:50:55,937 [INFO] OpenFileManager:308 - Change cursor
2023-04-05 14:50:56,110 [INFO] Mcu:1937 - Initializing MCU STM32F407VGTx STM32F407VGTx 
2023-04-05 14:50:56,110 [INFO] Mcu:1950 - No CPN specified => set CPN to STM32F407VGT6
2023-04-05 14:50:58,509 [INFO] Context:659 - Trying to add GPIOservice into a context  which must be forbidden
2023-04-05 14:50:59,136 [INFO] ImportTextPane:194 - (OptionalMessage_ERROR) Unable to find key (Mcu.ThirdPartyNb) in loaded IOC file
2023-04-05 14:50:59,152 [INFO] ImportTextPane:194 - (OptionalMessage_ERROR) Unable to find key (Mcu.PinsNb) in loaded IOC file
2023-04-05 14:50:59,152 [INFO] ImportTextPane:194 - (OptionalMessage_ERROR) Unable to find key (Mcu.IPNb) in loaded IOC file
2023-04-05 14:50:59,497 [INFO] RtosManager:555 - Registered RTOS mode: class=CMSIS, group=RTOS, mode=CMSIS_V1, owner=FREERTOS
2023-04-05 14:50:59,497 [INFO] RtosManager:555 - Registered RTOS mode: class=CMSIS, group=RTOS2, mode=CMSIS_V2, owner=FREERTOS
2023-04-05 14:50:59,497 [INFO] RtosManager:555 - Registered RTOS mode: class=RTOS, group=Core, mode=CMSIS_V1, owner=FREERTOS
2023-04-05 14:50:59,497 [INFO] RtosManager:555 - Registered RTOS mode: class=RTOS, group=Core, mode=CMSIS_V2, owner=FREERTOS
2023-04-05 14:50:59,497 [WARN] ModelIntegratedComponent:184 - Missing modes for component STMicroelectronics:FreeRTOS:0.0.1:STMicroelectronics:RTOS:FreeRTOS:Core:::10.2.0:
2023-04-05 14:50:59,513 [WARN] ModelIntegratedComponent:63 - No mode defined for component null
2023-04-05 14:50:59,513 [WARN] ModelIntegratedComponent:63 - No mode defined for component null
2023-04-05 14:50:59,513 [WARN] ModelIntegratedComponent:63 - No mode defined for component null
2023-04-05 14:50:59,513 [WARN] ModelIntegratedComponent:63 - No mode defined for component null
2023-04-05 14:50:59,513 [WARN] ModelIntegratedComponent:63 - No mode defined for component null
2023-04-05 14:50:59,513 [WARN] ModelIntegratedComponent:63 - No mode defined for component null
2023-04-05 14:50:59,513 [WARN] ModelIntegratedComponent:63 - No mode defined for component null
2023-04-05 14:50:59,513 [WARN] ModelIntegratedComponent:63 - No mode defined for component null
2023-04-05 14:50:59,513 [WARN] ModelIntegratedComponent:63 - No mode defined for component null
2023-04-05 14:50:59,513 [WARN] ModelIntegratedComponent:63 - No mode defined for component null
2023-04-05 14:50:59,513 [WARN] ModelIntegratedComponent:63 - No mode defined for component null
2023-04-05 14:50:59,513 [WARN] ModelIntegratedComponent:63 - No mode defined for component null
2023-04-05 14:50:59,513 [WARN] ModelIntegratedComponent:63 - No mode defined for component null
2023-04-05 14:50:59,513 [WARN] ModelIntegratedComponent:63 - No mode defined for component null
2023-04-05 14:50:59,513 [WARN] ModelIntegratedComponent:63 - No mode defined for component null
2023-04-05 14:50:59,513 [WARN] ModelIntegratedComponent:63 - No mode defined for component null
2023-04-05 14:50:59,513 [WARN] ModelIntegratedComponent:63 - No mode defined for component null
2023-04-05 14:50:59,513 [WARN] ModelIntegratedComponent:63 - No mode defined for component null
2023-04-05 14:50:59,513 [WARN] ModelIntegratedComponent:63 - No mode defined for component null
2023-04-05 14:50:59,513 [WARN] ModelIntegratedComponent:63 - No mode defined for component null
2023-04-05 14:50:59,513 [WARN] ModelIntegratedComponent:63 - No mode defined for component null
2023-04-05 14:50:59,513 [WARN] ModelIntegratedComponent:63 - No mode defined for component null
2023-04-05 14:50:59,513 [WARN] ModelIntegratedComponent:63 - No mode defined for component null
2023-04-05 14:50:59,513 [WARN] ModelIntegratedComponent:63 - No mode defined for component null
2023-04-05 14:50:59,513 [WARN] ModelIntegratedComponent:63 - No mode defined for component null
2023-04-05 14:50:59,513 [WARN] ModelIntegratedComponent:63 - No mode defined for component null
2023-04-05 14:50:59,513 [WARN] ModelIntegratedComponent:63 - No mode defined for component null
2023-04-05 14:50:59,513 [WARN] ModelIntegratedComponent:63 - No mode defined for component null
2023-04-05 14:50:59,513 [WARN] ModelIntegratedComponent:63 - No mode defined for component null
2023-04-05 14:50:59,513 [WARN] ModelIntegratedComponent:63 - No mode defined for component null
2023-04-05 14:50:59,513 [WARN] ModelIntegratedComponent:63 - No mode defined for component null
2023-04-05 14:50:59,513 [WARN] ModelIntegratedComponent:63 - No mode defined for component null
2023-04-05 14:50:59,513 [WARN] ModelIntegratedComponent:63 - No mode defined for component null
2023-04-05 14:50:59,685 [INFO] ThirdPartyModel:298 - Start build external matchings
2023-04-05 14:51:00,391 [INFO] ThirdPartyModel:316 - End build external matchings
2023-04-05 14:51:00,830 [INFO] UtilMem:75 - End LoadConfig() Used Memory: 486785008 Bytes (719323136)
2023-04-05 14:51:00,862 [WARN] ThirdParty:833 - waiting for thirdparty lock release [change project]
2023-04-05 14:51:00,862 [INFO] ThirdParty:835 - entering critical section [change project]
2023-04-05 14:51:00,862 [INFO] ThirdParty:1030 - CMSIS Pack Vendor :STMicroelectronics X-CUBE-ISPU 1.1.0
2023-04-05 14:51:00,862 [INFO] ThirdParty:1030 - CMSIS Pack Vendor :RoweBots I-CUBE-UNISONRTOS 5.5.0-4
2023-04-05 14:51:00,862 [INFO] ThirdParty:1030 - CMSIS Pack Vendor :STMicroelectronics X-CUBE-GNSS1 6.0.0
2023-04-05 14:51:00,862 [INFO] ThirdParty:1030 - CMSIS Pack Vendor :STMicroelectronics USB_HOST 2.0.0
2023-04-05 14:51:00,862 [INFO] ThirdParty:1030 - CMSIS Pack Vendor :STMicroelectronics X-CUBE-AZRTOS-F4 1.1.0
2023-04-05 14:51:00,862 [INFO] ThirdParty:1030 - CMSIS Pack Vendor :STMicroelectronics LIBJPEG 8.0.0
2023-04-05 14:51:00,862 [INFO] ThirdParty:1030 - CMSIS Pack Vendor :STMicroelectronics USB_DEVICE 3.0.0
2023-04-05 14:51:00,862 [INFO] ThirdParty:1030 - CMSIS Pack Vendor :STMicroelectronics X-CUBE-AI 8.0.0
2023-04-05 14:51:00,862 [INFO] ThirdParty:1030 - CMSIS Pack Vendor :STMicroelectronics X-CUBE-FREERTOS 1.0.0
2023-04-05 14:51:00,862 [INFO] ThirdParty:1030 - CMSIS Pack Vendor :STMicroelectronics X-CUBE-TOUCHGFX 4.21.1
2023-04-05 14:51:00,862 [INFO] ThirdParty:1030 - CMSIS Pack Vendor :STMicroelectronics X-CUBE-TOUCHGFX 4.21.3
2023-04-05 14:51:00,862 [INFO] ThirdParty:1030 - CMSIS Pack Vendor :STMicroelectronics X-CUBE-AZRTOS-F7 1.1.0
2023-04-05 14:51:00,862 [INFO] ThirdParty:1030 - CMSIS Pack Vendor :STMicroelectronics X-CUBE-MEMS1 9.4.0
2023-04-05 14:51:00,862 [INFO] ThirdParty:1030 - CMSIS Pack Vendor :STMicroelectronics USB_DEVICE 2.0.0
2023-04-05 14:51:00,862 [INFO] ThirdParty:1030 - CMSIS Pack Vendor :STMicroelectronics X-CUBE-AI 7.3.0
2023-04-05 14:51:00,862 [INFO] ThirdParty:1030 - CMSIS Pack Vendor :STMicroelectronics X-CUBE-ALGOBUILD 1.3.0
2023-04-05 14:51:00,862 [INFO] ThirdParty:1030 - CMSIS Pack Vendor :STMicroelectronics X-CUBE-BLE1 6.2.4
2023-04-05 14:51:00,862 [INFO] ThirdParty:1030 - CMSIS Pack Vendor :STMicroelectronics X-CUBE-AZRTOS-L5 1.1.0
2023-04-05 14:51:00,862 [INFO] ThirdParty:1030 - CMSIS Pack Vendor :STMicroelectronics FreeRTOS 0.0.1
2023-04-05 14:51:00,862 [INFO] ThirdParty:1030 - CMSIS Pack Vendor :emotas I-CUBE-CANOPEN 1.1.3
2023-04-05 14:51:00,862 [INFO] ThirdParty:1030 - CMSIS Pack Vendor :STMicroelectronics X-CUBE-AZRTOS-G0 1.1.0
2023-04-05 14:51:00,862 [INFO] ThirdParty:1030 - CMSIS Pack Vendor :STMicroelectronics X-CUBE-BLEMGR 2.0.0
2023-04-05 14:51:00,862 [INFO] ThirdParty:1030 - CMSIS Pack Vendor :STMicroelectronics X-CUBE-SUBG2 5.0.0
2023-04-05 14:51:00,862 [INFO] ThirdParty:1030 - CMSIS Pack Vendor :STMicroelectronics X-CUBE-NFC4 3.0.0
2023-04-05 14:51:00,862 [INFO] ThirdParty:1030 - CMSIS Pack Vendor :STMicroelectronics STM32_WPAN 1.0.0
2023-04-05 14:51:00,862 [INFO] ThirdParty:1030 - CMSIS Pack Vendor :STMicroelectronics lwIP 2.0.3
2023-04-05 14:51:00,862 [INFO] ThirdParty:1030 - CMSIS Pack Vendor :STMicroelectronics USB_HOST 1.0.0
2023-04-05 14:51:00,862 [INFO] ThirdParty:1030 - CMSIS Pack Vendor :STMicroelectronics PDM2PCM 3.1.0
2023-04-05 14:51:00,862 [INFO] ThirdParty:1030 - CMSIS Pack Vendor :STMicroelectronics X-CUBE-TOF1 3.3.0
2023-04-05 14:51:00,862 [INFO] ThirdParty:1030 - CMSIS Pack Vendor :STMicroelectronics FP-ATR-ASTRA1 1.1.1
2023-04-05 14:51:00,862 [INFO] ThirdParty:1030 - CMSIS Pack Vendor :STMicroelectronics PDM2PCM 3.3.0
2023-04-05 14:51:00,862 [INFO] ThirdParty:1030 - CMSIS Pack Vendor :STMicroelectronics X-CUBE-DISPLAY 3.0.0
2023-04-05 14:51:00,862 [INFO] ThirdParty:1030 - CMSIS Pack Vendor :STMicroelectronics X-CUBE-BLEMGR 1.3.0
2023-04-05 14:51:00,862 [INFO] ThirdParty:1030 - CMSIS Pack Vendor :STMicroelectronics X-CUBE-AZRTOS-G4 1.0.0
2023-04-05 14:51:00,862 [INFO] ThirdParty:1030 - CMSIS Pack Vendor :STMicroelectronics FP-ATR-SIGFOX1 3.2.0
2023-04-05 14:51:00,862 [INFO] ThirdParty:1030 - CMSIS Pack Vendor :wolfSSL I-CUBE-wolfSSL 5.5.4
2023-04-05 14:51:00,862 [INFO] ThirdParty:1030 - CMSIS Pack Vendor :STMicroelectronics X-CUBE-AZRTOS-L4 1.0.0
2023-04-05 14:51:00,862 [INFO] ThirdParty:1030 - CMSIS Pack Vendor :STMicroelectronics HAL Drivers 0.0.0
2023-04-05 14:51:00,862 [INFO] ThirdParty:1030 - CMSIS Pack Vendor :STMicroelectronics MBEDTLS 2.16.2
2023-04-05 14:51:00,862 [INFO] ThirdParty:1030 - CMSIS Pack Vendor :STMicroelectronics MBEDTLS 2.14.1
2023-04-05 14:51:00,862 [INFO] ThirdParty:1030 - CMSIS Pack Vendor :STMicroelectronics X-CUBE-NFC7 1.0.0
2023-04-05 14:51:00,862 [INFO] ThirdParty:1030 - CMSIS Pack Vendor :STMicroelectronics X-CUBE-AZRTOS-WL 1.0.0
2023-04-05 14:51:00,862 [INFO] ThirdParty:1030 - CMSIS Pack Vendor :STMicroelectronics X-CUBE-EEPRMA1 4.1.0
2023-04-05 14:51:00,862 [INFO] ThirdParty:1030 - CMSIS Pack Vendor :portGmbH I-Cube-SoM-uGOAL 1.1.0
2023-04-05 14:51:00,862 [INFO] ThirdParty:1030 - CMSIS Pack Vendor :STMicroelectronics X-CUBE-ALS 1.0.1
2023-04-05 14:51:00,862 [INFO] ThirdParty:1030 - CMSIS Pack Vendor :STMicroelectronics X-CUBE-MEMS1 9.5.0
2023-04-05 14:51:00,862 [INFO] ThirdParty:1030 - CMSIS Pack Vendor :STMicroelectronics ThreadX 1.0.0
2023-04-05 14:51:00,862 [INFO] ThirdParty:1030 - CMSIS Pack Vendor :STMicroelectronics X-CUBE-AZRTOS-WB 1.1.0
2023-04-05 14:51:00,862 [INFO] ThirdParty:1030 - CMSIS Pack Vendor :SEGGER I-CUBE-embOS 1.3.1
2023-04-05 14:51:00,862 [INFO] ThirdParty:1030 - CMSIS Pack Vendor :STMicroelectronics USB_DEVICE 1.0.0
2023-04-05 14:51:00,862 [INFO] ThirdParty:1030 - CMSIS Pack Vendor :STMicroelectronics ThreadX 0.0.2
2023-04-05 14:51:00,862 [INFO] ThirdParty:1030 - CMSIS Pack Vendor :WES I-CUBE-Cesium 1.3.0
2023-04-05 14:51:00,862 [INFO] ThirdParty:1030 - CMSIS Pack Vendor :STMicroelectronics lwIP 2.1.2
2023-04-05 14:51:00,862 [INFO] ThirdParty:1030 - CMSIS Pack Vendor :STMicroelectronics X-CUBE-SFXS2LP1 4.0.0
2023-04-05 14:51:00,862 [INFO] ThirdParty:1030 - CMSIS Pack Vendor :STMicroelectronics X-CUBE-BLE2 3.3.0
2023-04-05 14:51:00,862 [INFO] ThirdParty:1030 - CMSIS Pack Vendor :STMicroelectronics X-CUBE-TOF1 3.2.0
2023-04-05 14:51:00,862 [INFO] ThirdParty:1030 - CMSIS Pack Vendor :STMicroelectronics PDM2PCM 3.2.0
2023-04-05 14:51:00,862 [INFO] ThirdParty:1030 - CMSIS Pack Vendor :STMicroelectronics X-CUBE-AZRTOS-H7 3.0.0
2023-04-05 14:51:00,862 [INFO] ThirdParty:841 - exiting critical section [change project]
2023-04-05 14:51:01,301 [INFO] PinOutPanel:1499 - setPackage(No Configuration,No Configuration)
2023-04-05 14:51:01,301 [INFO] PinOutPanel:1499 - setPackage(STM32F407VGTx,LQFP100)
2023-04-05 14:51:01,818 [INFO] UtilMem:75 - Before build in PCC Used Memory: 513802240 Bytes (719323136)
2023-04-05 14:51:02,853 [INFO] UtilMem:75 - After build in PCC Used Memory: 520066048 Bytes (719323136)
2023-04-05 14:51:02,885 [INFO] IPUIPlugin:80 - create IPUIPlugin
2023-04-05 14:51:02,885 [INFO] IPUIPlugin:80 - create IPUIPlugin
2023-04-05 14:51:02,885 [INFO] IPUIPlugin:80 - create IPUIPlugin
2023-04-05 14:51:02,885 [INFO] IPUIPlugin:80 - create IPUIPlugin
2023-04-05 14:51:02,885 [INFO] IPUIPlugin:80 - create IPUIPlugin
2023-04-05 14:51:02,885 [INFO] IPUIPlugin:80 - create IPUIPlugin
2023-04-05 14:51:02,885 [INFO] IPUIPlugin:80 - create IPUIPlugin
2023-04-05 14:51:02,885 [INFO] IPUIPlugin:80 - create IPUIPlugin
2023-04-05 14:51:02,885 [INFO] IPUIPlugin:80 - create IPUIPlugin
2023-04-05 14:51:02,885 [INFO] IPUIPlugin:80 - create IPUIPlugin
2023-04-05 14:51:02,885 [INFO] IPUIPlugin:80 - create IPUIPlugin
2023-04-05 14:51:02,885 [INFO] IPUIPlugin:80 - create IPUIPlugin
2023-04-05 14:51:02,885 [INFO] IPUIPlugin:80 - create IPUIPlugin
2023-04-05 14:51:02,885 [INFO] IPUIPlugin:80 - create IPUIPlugin
2023-04-05 14:51:02,885 [INFO] IPUIPlugin:80 - create IPUIPlugin
2023-04-05 14:51:02,885 [INFO] IPUIPlugin:80 - create IPUIPlugin
2023-04-05 14:51:02,885 [INFO] IPUIPlugin:80 - create IPUIPlugin
2023-04-05 14:51:02,885 [INFO] IPUIPlugin:80 - create IPUIPlugin
2023-04-05 14:51:02,885 [INFO] IPUIPlugin:80 - create IPUIPlugin
2023-04-05 14:51:02,885 [INFO] IPUIPlugin:80 - create IPUIPlugin
2023-04-05 14:51:02,885 [INFO] IPUIPlugin:80 - create IPUIPlugin
2023-04-05 14:51:02,885 [INFO] IPUIPlugin:80 - create IPUIPlugin
2023-04-05 14:51:02,885 [INFO] IPUIPlugin:80 - create IPUIPlugin
2023-04-05 14:51:02,885 [INFO] IPUIPlugin:80 - create IPUIPlugin
2023-04-05 14:51:02,885 [INFO] IPUIPlugin:80 - create IPUIPlugin
2023-04-05 14:51:02,885 [INFO] IPUIPlugin:80 - create IPUIPlugin
2023-04-05 14:51:02,885 [INFO] IPUIPlugin:80 - create IPUIPlugin
2023-04-05 14:51:02,885 [INFO] IPUIPlugin:80 - create IPUIPlugin
2023-04-05 14:51:02,885 [INFO] IPUIPlugin:80 - create IPUIPlugin
2023-04-05 14:51:02,885 [INFO] IPUIPlugin:80 - create IPUIPlugin
2023-04-05 14:51:02,885 [INFO] IPUIPlugin:80 - create IPUIPlugin
2023-04-05 14:51:02,885 [INFO] IPUIPlugin:80 - create IPUIPlugin
2023-04-05 14:51:02,885 [INFO] IPUIPlugin:80 - create IPUIPlugin
2023-04-05 14:51:02,885 [INFO] IPUIPlugin:80 - create IPUIPlugin
2023-04-05 14:51:02,900 [INFO] IPUIPlugin:80 - create IPUIPlugin
2023-04-05 14:51:02,900 [INFO] IPUIPlugin:80 - create IPUIPlugin
2023-04-05 14:51:02,900 [INFO] IPUIPlugin:80 - create IPUIPlugin
2023-04-05 14:51:02,900 [INFO] IPUIPlugin:80 - create IPUIPlugin
2023-04-05 14:51:02,900 [INFO] IPUIPlugin:80 - create IPUIPlugin
2023-04-05 14:51:02,900 [INFO] IPUIPlugin:80 - create IPUIPlugin
2023-04-05 14:51:02,900 [INFO] IPUIPlugin:80 - create IPUIPlugin
2023-04-05 14:51:02,900 [INFO] IPUIPlugin:80 - create IPUIPlugin
2023-04-05 14:51:02,900 [INFO] IPUIPlugin:80 - create IPUIPlugin
2023-04-05 14:51:02,900 [INFO] IPUIPlugin:80 - create IPUIPlugin
2023-04-05 14:51:02,900 [INFO] IPUIPlugin:80 - create IPUIPlugin
2023-04-05 14:51:02,900 [INFO] IPUIPlugin:80 - create IPUIPlugin
2023-04-05 14:51:02,900 [INFO] IPUIPlugin:80 - create IPUIPlugin
2023-04-05 14:51:02,900 [INFO] IPUIPlugin:80 - create IPUIPlugin
2023-04-05 14:51:02,900 [INFO] IPUIPlugin:80 - create IPUIPlugin
2023-04-05 14:51:02,900 [INFO] IPUIPlugin:80 - create IPUIPlugin
2023-04-05 14:51:02,900 [INFO] IPUIPlugin:80 - create IPUIPlugin
2023-04-05 14:51:02,900 [INFO] IPUIPlugin:80 - create IPUIPlugin
2023-04-05 14:51:02,900 [INFO] IPUIPlugin:80 - create IPUIPlugin
2023-04-05 14:51:02,900 [INFO] IPUIPlugin:80 - create IPUIPlugin
2023-04-05 14:51:02,900 [INFO] IPUIPlugin:80 - create IPUIPlugin
2023-04-05 14:51:02,900 [INFO] IPUIPlugin:80 - create IPUIPlugin
2023-04-05 14:51:02,900 [INFO] IPUIPlugin:80 - create IPUIPlugin
2023-04-05 14:51:02,900 [INFO] IPUIPlugin:80 - create IPUIPlugin
2023-04-05 14:51:02,982 [INFO] ApiDbMcu:507 - Load IP Config File for PDM2PCM
2023-04-05 14:51:03,151 [INFO] CADModel:165 - CPN selected for project levelSTM32F407VGT6
2023-04-05 14:51:03,151 [INFO] CADModel:114 - Register for checkConnection events
2023-04-05 14:51:03,213 [INFO] OpenFileManager:328 - Restore cursor
2023-04-05 14:51:06,424 [INFO] UtilMem:75 - End SaveConfig() Used Memory: 549703288 Bytes (719323136)
2023-04-05 14:51:06,503 [INFO] UtilMem:75 - End SaveConfig() Used Memory: 572249720 Bytes (719323136)
2023-04-05 14:51:07,162 [INFO] BlockDiagram:2759 - set Specific Code input for plugin: RCC
2023-04-05 14:51:07,162 [INFO] BlockDiagram:2759 - set Specific Code input for plugin: NVIC
2023-04-05 14:51:07,162 [INFO] CodeGenerator:793 - code generatio: config db path: C:\ST\STM32CubeIDE_1.12.0\STM32CubeIDE\plugins\com.st.stm32cube.common.mx_6.8.0.202302231600\\db\
2023-04-05 14:51:07,742 [INFO] CodeEngine:255 - oldGeneratedFile, C:\Users\LENOVO\STM32CubeIDE\workspace_1.12.0\004_HAL_BUTTON_CONTROL_LED\MXTmpFiles\license.tmp_save
2023-04-05 14:51:08,306 [INFO] CodeEngine:279 - Generated code: C:\Users\LENOVO\STM32CubeIDE\workspace_1.12.0\004_HAL_BUTTON_CONTROL_LED\MXTmpFiles\license.tmp
2023-04-05 14:51:08,337 [INFO] CodeEngine:255 - oldGeneratedFile, C:\Users\LENOVO\STM32CubeIDE\workspace_1.12.0\004_HAL_BUTTON_CONTROL_LED\Core\Src\stm32f4xx_it.c_save
2023-04-05 14:51:08,573 [INFO] CodeEngine:279 - Generated code: C:\Users\LENOVO\STM32CubeIDE\workspace_1.12.0\004_HAL_BUTTON_CONTROL_LED\Core\Src\stm32f4xx_it.c
2023-04-05 14:51:08,594 [INFO] CodeEngine:255 - oldGeneratedFile, C:\Users\LENOVO\STM32CubeIDE\workspace_1.12.0\004_HAL_BUTTON_CONTROL_LED\Core\Inc\stm32f4xx_it.h_save
2023-04-05 14:51:08,682 [INFO] CodeEngine:279 - Generated code: C:\Users\LENOVO\STM32CubeIDE\workspace_1.12.0\004_HAL_BUTTON_CONTROL_LED\Core\Inc\stm32f4xx_it.h
2023-04-05 14:51:08,776 [INFO] CodeEngine:255 - oldGeneratedFile, C:\Users\LENOVO\STM32CubeIDE\workspace_1.12.0\004_HAL_BUTTON_CONTROL_LED\Core\Src\stm32f4xx_hal_msp.c_save
2023-04-05 14:51:09,059 [INFO] CodeEngine:279 - Generated code: C:\Users\LENOVO\STM32CubeIDE\workspace_1.12.0\004_HAL_BUTTON_CONTROL_LED\Core\Src\stm32f4xx_hal_msp.c
2023-04-05 14:51:09,075 [INFO] CodeEngine:255 - oldGeneratedFile, C:\Users\LENOVO\STM32CubeIDE\workspace_1.12.0\004_HAL_BUTTON_CONTROL_LED\MXTmpFiles\system.tmp_save
2023-04-05 14:51:09,200 [INFO] CodeEngine:279 - Generated code: C:\Users\LENOVO\STM32CubeIDE\workspace_1.12.0\004_HAL_BUTTON_CONTROL_LED\MXTmpFiles\system.tmp
2023-04-05 14:51:09,232 [INFO] CodeEngine:311 - oldGeneratedFile, C:\Users\LENOVO\STM32CubeIDE\workspace_1.12.0\004_HAL_BUTTON_CONTROL_LED\Core\Inc\stm32f4xx_hal_conf.h_save
2023-04-05 14:51:09,420 [INFO] CodeEngine:335 - Generated code: C:\Users\LENOVO\STM32CubeIDE\workspace_1.12.0\004_HAL_BUTTON_CONTROL_LED\Core\Inc\stm32f4xx_hal_conf.h
2023-04-05 14:51:09,530 [INFO] CodeEngine:255 - oldGeneratedFile, C:\Users\LENOVO\STM32CubeIDE\workspace_1.12.0\004_HAL_BUTTON_CONTROL_LED\Core\Inc\main.h_save
2023-04-05 14:51:09,765 [INFO] CodeEngine:279 - Generated code: C:\Users\LENOVO\STM32CubeIDE\workspace_1.12.0\004_HAL_BUTTON_CONTROL_LED\Core\Inc\main.h
2023-04-05 14:51:09,796 [INFO] CodeEngine:255 - oldGeneratedFile, C:\Users\LENOVO\STM32CubeIDE\workspace_1.12.0\004_HAL_BUTTON_CONTROL_LED\Core\Src\main.c_save
2023-04-05 14:51:10,015 [INFO] CodeEngine:279 - Generated code: C:\Users\LENOVO\STM32CubeIDE\workspace_1.12.0\004_HAL_BUTTON_CONTROL_LED\Core\Src\main.c
2023-04-05 14:51:11,160 [INFO] ProjectBuilder:2996 - Time for Copy HAL[1] : 236mS.
2023-04-05 14:51:11,176 [INFO] ProjectBuilder:4304 - Project Generator version: 3.19.2
2023-04-05 14:51:11,599 [INFO] ConfigFileManager:1483 - The Die is : DIE413
2023-04-05 14:51:11,630 [INFO] ApiDbMcu:507 - Load IP Config File for FATFS
2023-04-05 14:51:11,630 [INFO] ApiDbMcu:507 - Load IP Config File for FREERTOS
2023-04-05 14:51:11,646 [INFO] ApiDbMcu:507 - Load IP Config File for LIBJPEG
2023-04-05 14:51:11,662 [INFO] ApiDbMcu:507 - Load IP Config File for LWIP
2023-04-05 14:51:11,662 [INFO] ApiDbMcu:507 - Load IP Config File for MBEDTLS
2023-04-05 14:51:11,677 [INFO] ApiDbMcu:507 - Load IP Config File for USB_DEVICE
2023-04-05 14:51:11,693 [INFO] ApiDbMcu:507 - Load IP Config File for USB_HOST
2023-04-05 14:51:13,058 [INFO] LogOutputStream:77 - [STDOUT_REDIRECT] 
2023-04-05 14:51:16,508 [INFO] ProjectBuilder:4505 - Time for Generating toolchain IDE Files: 5332mS.
2023-04-05 14:51:16,508 [INFO] ProjectBuilder:2867 - Time for Copy CMSIS : 0mS.
2023-04-05 14:51:16,523 [INFO] ProjectBuilder:2867 - Time for Copy CMSIS : 0mS.
2023-04-05 14:51:18,421 [INFO] McuFinderGlobals:66 - Set McuFinderConnectedMode to true
2023-04-05 14:51:18,436 [INFO] ApiDb:448 - Save user favorites file C:\Users\LENOVO/.stm32cubeide/favorites.mcus.txt: 0 item(s)
2023-04-05 14:51:18,436 [INFO] ApiDb:452 - User favorites MCUs=[]
2023-04-05 14:54:24,058 [INFO] Gpio:273 - dependency for GPIO [RCC, SYS]
2023-04-05 14:56:05,203 [INFO] UtilMem:75 - End SaveConfig() Used Memory: 277533312 Bytes (801112064)
2023-04-05 14:56:05,266 [INFO] UtilMem:75 - End SaveConfig() Used Memory: 300075640 Bytes (801112064)
2023-04-05 14:56:06,270 [INFO] UtilMem:75 - End SaveConfig() Used Memory: 336588280 Bytes (801112064)
2023-04-05 14:56:06,770 [INFO] BlockDiagram:2759 - set Specific Code input for plugin: SYS
2023-04-05 14:56:06,770 [INFO] BlockDiagram:2759 - set Specific Code input for plugin: RCC
2023-04-05 14:56:06,770 [INFO] BlockDiagram:2759 - set Specific Code input for plugin: NVIC
2023-04-05 14:56:06,770 [INFO] BlockDiagram:2759 - set Specific Code input for plugin: GPIO
2023-04-05 14:56:06,770 [INFO] CodeGenerator:793 - code generatio: config db path: C:\ST\STM32CubeIDE_1.12.0\STM32CubeIDE\plugins\com.st.stm32cube.common.mx_6.8.0.202302231600\\db\
2023-04-05 14:56:07,000 [INFO] CodeEngine:255 - oldGeneratedFile, C:\Users\LENOVO\STM32CubeIDE\workspace_1.12.0\004_HAL_BUTTON_CONTROL_LED\MXTmpFiles\license.tmp_save
2023-04-05 14:56:07,122 [INFO] CodeEngine:279 - Generated code: C:\Users\LENOVO\STM32CubeIDE\workspace_1.12.0\004_HAL_BUTTON_CONTROL_LED\MXTmpFiles\license.tmp
2023-04-05 14:56:07,190 [INFO] CodeEngine:255 - oldGeneratedFile, C:\Users\LENOVO\STM32CubeIDE\workspace_1.12.0\004_HAL_BUTTON_CONTROL_LED\MXTmpFiles\gpio.tmp_save
2023-04-05 14:56:07,317 [INFO] CodeEngine:279 - Generated code: C:\Users\LENOVO\STM32CubeIDE\workspace_1.12.0\004_HAL_BUTTON_CONTROL_LED\MXTmpFiles\gpio.tmp
2023-04-05 14:56:07,348 [INFO] CodeEngine:255 - oldGeneratedFile, C:\Users\LENOVO\STM32CubeIDE\workspace_1.12.0\004_HAL_BUTTON_CONTROL_LED\Core\Src\stm32f4xx_it.c_save
2023-04-05 14:56:07,450 [INFO] CodeEngine:279 - Generated code: C:\Users\LENOVO\STM32CubeIDE\workspace_1.12.0\004_HAL_BUTTON_CONTROL_LED\Core\Src\stm32f4xx_it.c
2023-04-05 14:56:07,463 [INFO] CodeEngine:255 - oldGeneratedFile, C:\Users\LENOVO\STM32CubeIDE\workspace_1.12.0\004_HAL_BUTTON_CONTROL_LED\Core\Inc\stm32f4xx_it.h_save
2023-04-05 14:56:07,523 [INFO] CodeEngine:279 - Generated code: C:\Users\LENOVO\STM32CubeIDE\workspace_1.12.0\004_HAL_BUTTON_CONTROL_LED\Core\Inc\stm32f4xx_it.h
2023-04-05 14:56:07,539 [INFO] CodeEngine:255 - oldGeneratedFile, C:\Users\LENOVO\STM32CubeIDE\workspace_1.12.0\004_HAL_BUTTON_CONTROL_LED\Core\Src\stm32f4xx_hal_msp.c_save
2023-04-05 14:56:07,634 [INFO] CodeEngine:279 - Generated code: C:\Users\LENOVO\STM32CubeIDE\workspace_1.12.0\004_HAL_BUTTON_CONTROL_LED\Core\Src\stm32f4xx_hal_msp.c
2023-04-05 14:56:07,640 [INFO] CodeEngine:255 - oldGeneratedFile, C:\Users\LENOVO\STM32CubeIDE\workspace_1.12.0\004_HAL_BUTTON_CONTROL_LED\MXTmpFiles\system.tmp_save
2023-04-05 14:56:07,681 [INFO] CodeEngine:279 - Generated code: C:\Users\LENOVO\STM32CubeIDE\workspace_1.12.0\004_HAL_BUTTON_CONTROL_LED\MXTmpFiles\system.tmp
2023-04-05 14:56:07,700 [INFO] CodeEngine:311 - oldGeneratedFile, C:\Users\LENOVO\STM32CubeIDE\workspace_1.12.0\004_HAL_BUTTON_CONTROL_LED\Core\Inc\stm32f4xx_hal_conf.h_save
2023-04-05 14:56:07,782 [INFO] CodeEngine:335 - Generated code: C:\Users\LENOVO\STM32CubeIDE\workspace_1.12.0\004_HAL_BUTTON_CONTROL_LED\Core\Inc\stm32f4xx_hal_conf.h
2023-04-05 14:56:07,840 [INFO] CodeEngine:255 - oldGeneratedFile, C:\Users\LENOVO\STM32CubeIDE\workspace_1.12.0\004_HAL_BUTTON_CONTROL_LED\Core\Inc\main.h_save
2023-04-05 14:56:07,912 [INFO] CodeEngine:279 - Generated code: C:\Users\LENOVO\STM32CubeIDE\workspace_1.12.0\004_HAL_BUTTON_CONTROL_LED\Core\Inc\main.h
2023-04-05 14:56:07,920 [INFO] CodeEngine:255 - oldGeneratedFile, C:\Users\LENOVO\STM32CubeIDE\workspace_1.12.0\004_HAL_BUTTON_CONTROL_LED\Core\Src\main.c_save
2023-04-05 14:56:08,034 [INFO] CodeEngine:279 - Generated code: C:\Users\LENOVO\STM32CubeIDE\workspace_1.12.0\004_HAL_BUTTON_CONTROL_LED\Core\Src\main.c
2023-04-05 14:56:08,764 [INFO] ProjectBuilder:2996 - Time for Copy HAL[1] : 152mS.
2023-04-05 14:56:08,770 [INFO] ProjectBuilder:4304 - Project Generator version: 3.19.2
2023-04-05 14:56:09,010 [INFO] ConfigFileManager:1483 - The Die is : DIE413
2023-04-05 14:56:11,190 [INFO] ProjectBuilder:4505 - Time for Generating toolchain IDE Files: 2420mS.
2023-04-05 14:56:11,190 [INFO] ProjectBuilder:2867 - Time for Copy CMSIS : 0mS.
2023-04-05 14:56:11,190 [INFO] ProjectBuilder:2867 - Time for Copy CMSIS : 0mS.
