2023-08-25 20:52:27,928 [INFO] Activator:176 - 


2023-08-25 20:52:27,951 [INFO] Activator:177 - !SESSION log4j initialized
2023-08-25 20:52:46,747 [INFO] LogOutputStream:77 - [STDOUT_REDIRECT] 
2023-08-25 20:53:14,365 [ERROR] LogOutputStream:75 - [STDERR_REDIRECT] SLF4J: Failed to load class "org.slf4j.impl.StaticLoggerBinder".
2023-08-25 20:53:14,365 [ERROR] LogOutputStream:75 - [STDERR_REDIRECT] SLF4J: Defaulting to no-operation (NOP) logger implementation
2023-08-25 20:53:14,374 [ERROR] LogOutputStream:75 - [STDERR_REDIRECT] SLF4J: See http://www.slf4j.org/codes.html#StaticLoggerBinder for further details.
2023-08-25 20:54:55,158 [INFO] ApplicationProperties:184 - Using Application install path: C:\ST\STM32CubeIDE_1.12.0\STM32CubeIDE\plugins\com.st.stm32cube.common.mx_6.8.0.202302231600
2023-08-25 20:54:55,205 [INFO] DbMcusXml:78 - Set database path to: C:\ST\STM32CubeIDE_1.12.0\STM32CubeIDE\plugins\com.st.stm32cube.common.mx_6.8.0.202302231600\\db\/mcu/
2023-08-25 20:54:55,205 [INFO] ApiDb:274 - Set plugin database path to: C:\ST\STM32CubeIDE_1.12.0\STM32CubeIDE\plugins\com.st.stm32cube.common.mx_6.8.0.202302231600\\db\/plugins/boardmanager/
2023-08-25 20:54:55,213 [WARN] ApiDb:259 - Overriding images path with different value:  => C:\ST\STM32CubeIDE_1.12.0\STM32CubeIDE\plugins\com.st.stm32cube.common.mx_6.8.0.202302231600\\db\/plugins/mcufinder/images/
2023-08-25 20:54:55,253 [INFO] ApiDb:250 - Set database path to: C:\Users\LENOVO\.stmcufinder\plugins\mcufinder//mcu/
2023-08-25 20:54:55,253 [INFO] DbMcusAds:125 - Set database path to: C:\Users\LENOVO\.stmcufinder\plugins\mcufinder//mcu/
2023-08-25 20:54:55,550 [INFO] CrossReferenceDbSqlite:203 - Set database path to: C:\Users\LENOVO\.stmcufinder\plugins\mcufinder//mcu/cs/
2023-08-25 20:54:55,926 [INFO] RulesReader:64 - Compatibility file has been processed (293 Rules)
2023-08-25 20:54:56,130 [INFO] DbMcusXml:78 - Set database path to: C:\ST\STM32CubeIDE_1.12.0\STM32CubeIDE\plugins\com.st.stm32cube.common.mx_6.8.0.202302231600\\db\/mcu/
2023-08-25 20:54:56,141 [INFO] ApiDb:274 - Set plugin database path to: C:\ST\STM32CubeIDE_1.12.0\STM32CubeIDE\plugins\com.st.stm32cube.common.mx_6.8.0.202302231600\\db\/plugins/boardmanager/
2023-08-25 20:54:56,141 [INFO] ApiDb:261 - Set plugin images path to: C:\ST\STM32CubeIDE_1.12.0\STM32CubeIDE\plugins\com.st.stm32cube.common.mx_6.8.0.202302231600\\db\/plugins/mcufinder/images/
2023-08-25 20:54:56,141 [WARN] DbFile:41 - Overriding database path with different value: C:\Users\LENOVO\.stmcufinder\plugins\mcufinder/ => C:\Users\LENOVO\.stmcufinder\plugins\mcufinder
2023-08-25 20:54:56,141 [INFO] ApiDb:250 - Set database path to: C:\Users\LENOVO\.stmcufinder\plugins\mcufinder//mcu/
2023-08-25 20:54:56,141 [WARN] DbFile:41 - Overriding database path with different value: C:\Users\LENOVO\.stmcufinder\plugins\mcufinder/ => C:\Users\LENOVO\.stmcufinder\plugins\mcufinder
2023-08-25 20:54:56,141 [INFO] DbMcusAds:125 - Set database path to: C:\Users\LENOVO\.stmcufinder\plugins\mcufinder//mcu/
2023-08-25 20:54:56,141 [WARN] DbFile:41 - Overriding database path with different value: C:\Users\LENOVO\.stmcufinder\plugins\mcufinder/ => C:\Users\LENOVO\.stmcufinder\plugins\mcufinder
2023-08-25 20:54:56,141 [WARN] DbFile:41 - Overriding database path with different value: C:\Users\LENOVO\.stmcufinder\plugins\mcufinder/ => C:\Users\LENOVO\.stmcufinder\plugins\mcufinder
2023-08-25 20:54:56,141 [INFO] CrossReferenceDbSqlite:203 - Set database path to: C:\Users\LENOVO\.stmcufinder\plugins\mcufinder//mcu/cs/
2023-08-25 20:54:56,349 [INFO] MainPanel:253 - HeapMemory: 512753664
2023-08-25 20:54:56,537 [INFO] DbMcusXml:78 - Set database path to: C:\ST\STM32CubeIDE_1.12.0\STM32CubeIDE\plugins\com.st.stm32cube.common.mx_6.8.0.202302231600\\db\/mcu/
2023-08-25 20:54:56,537 [INFO] ApiDb:274 - Set plugin database path to: C:\ST\STM32CubeIDE_1.12.0\STM32CubeIDE\plugins\com.st.stm32cube.common.mx_6.8.0.202302231600\\db\/plugins/boardmanager/
2023-08-25 20:54:56,537 [INFO] ApiDb:261 - Set plugin images path to: C:\ST\STM32CubeIDE_1.12.0\STM32CubeIDE\plugins\com.st.stm32cube.common.mx_6.8.0.202302231600\\db\/plugins/mcufinder/images/
2023-08-25 20:54:56,537 [WARN] DbFile:41 - Overriding database path with different value: C:\Users\LENOVO\.stmcufinder\plugins\mcufinder/ => C:\Users\LENOVO\.stmcufinder\plugins\mcufinder
2023-08-25 20:54:56,537 [INFO] ApiDb:250 - Set database path to: C:\Users\LENOVO\.stmcufinder\plugins\mcufinder//mcu/
2023-08-25 20:54:56,537 [WARN] DbFile:41 - Overriding database path with different value: C:\Users\LENOVO\.stmcufinder\plugins\mcufinder/ => C:\Users\LENOVO\.stmcufinder\plugins\mcufinder
2023-08-25 20:54:56,537 [INFO] DbMcusAds:125 - Set database path to: C:\Users\LENOVO\.stmcufinder\plugins\mcufinder//mcu/
2023-08-25 20:54:56,537 [WARN] DbFile:41 - Overriding database path with different value: C:\Users\LENOVO\.stmcufinder\plugins\mcufinder/ => C:\Users\LENOVO\.stmcufinder\plugins\mcufinder
2023-08-25 20:54:56,537 [WARN] DbFile:41 - Overriding database path with different value: C:\Users\LENOVO\.stmcufinder\plugins\mcufinder/ => C:\Users\LENOVO\.stmcufinder\plugins\mcufinder
2023-08-25 20:54:56,537 [INFO] CrossReferenceDbSqlite:203 - Set database path to: C:\Users\LENOVO\.stmcufinder\plugins\mcufinder//mcu/cs/
2023-08-25 20:54:56,600 [INFO] ApplicationProperties:184 - Using Application install path: C:\ST\STM32CubeIDE_1.12.0\STM32CubeIDE\plugins\com.st.stm32cube.common.mx_6.8.0.202302231600
2023-08-25 20:54:56,616 [INFO] PluginManage:196 - Search for loadable plugins [exclusion list=, ]
2023-08-25 20:54:56,632 [INFO] PluginManage:310 - Check plugin analytics
2023-08-25 20:54:57,040 [INFO] AnalyticsPlugin:253 - Accepted Software Licenses: STM32CubeMX.6.7.0
2023-08-25 20:54:57,040 [INFO] AnalyticsPlugin:255 - Accepted CMSIS Pack Licenses: 
2023-08-25 20:54:57,040 [INFO] AnalyticsPlugin:257 - Accepted Firmware Licenses: FW.F4.1.27.0
2023-08-25 20:54:57,051 [INFO] PluginManage:359 - Loaded plugin analytics (category:tool,tabindex:-1)
2023-08-25 20:54:57,051 [INFO] PluginManage:310 - Check plugin cadmodel
2023-08-25 20:54:57,072 [INFO] CADModel:105 - Init CAD model plugin
2023-08-25 20:54:57,072 [INFO] PluginManage:359 - Loaded plugin cadmodel (category:power,tabindex:5)
2023-08-25 20:54:57,072 [INFO] PluginManage:310 - Check plugin clock
2023-08-25 20:54:57,113 [INFO] PluginManage:359 - Loaded plugin clock (category:base,tabindex:2)
2023-08-25 20:54:57,113 [INFO] PluginManage:310 - Check plugin ddr
2023-08-25 20:54:57,120 [INFO] PluginManage:359 - Loaded plugin ddr (category:tool,tabindex:6)
2023-08-25 20:54:57,120 [INFO] PluginManage:310 - Check plugin filemanager
2023-08-25 20:54:57,356 [INFO] PluginManage:359 - Loaded plugin filemanager (category:base,tabindex:10)
2023-08-25 20:54:57,356 [INFO] PluginManage:310 - Check plugin ipmanager
2023-08-25 20:54:57,372 [INFO] PluginManage:359 - Loaded plugin ipmanager (category:base,tabindex:5)
2023-08-25 20:54:57,372 [INFO] PluginManage:310 - Check plugin lpbam
2023-08-25 20:54:57,403 [INFO] PluginManage:359 - Loaded plugin lpbam (category:base,tabindex:0)
2023-08-25 20:54:57,403 [INFO] PluginManage:310 - Check plugin pinoutandconfiguration
2023-08-25 20:54:57,435 [INFO] PluginManage:359 - Loaded plugin pinoutandconfiguration (category:base,tabindex:1)
2023-08-25 20:54:57,435 [INFO] PluginManage:310 - Check plugin pinoutconfig
2023-08-25 20:54:58,554 [WARN] SupportedApi:132 - Cannot load RTOS API schema: s4s-elt-must-match.1: The content of 'definitions' must match (annotation?, (simpleType | complexType)?, (unique | key | keyref)*)). A problem was found starting at: attribute.
2023-08-25 20:54:58,893 [INFO] PluginManage:359 - Loaded plugin pinoutconfig (category:base,tabindex:0)
2023-08-25 20:54:58,893 [INFO] PluginManage:310 - Check plugin power
2023-08-25 20:54:58,935 [INFO] PluginManage:359 - Loaded plugin power (category:power,tabindex:4)
2023-08-25 20:54:58,935 [INFO] PluginManage:310 - Check plugin projectmanager
2023-08-25 20:54:58,968 [INFO] PluginManage:359 - Loaded plugin projectmanager (category:projectmanager,tabindex:3)
2023-08-25 20:54:58,968 [INFO] PluginManage:310 - Check plugin thirdparty
2023-08-25 20:54:59,466 [INFO] PluginManage:359 - Loaded plugin thirdparty (category:base,tabindex:-1)
2023-08-25 20:54:59,466 [WARN] IntegrityCheckThread:84 - waiting for thirdparty lock release [integrity check]
2023-08-25 20:54:59,466 [INFO] PluginManage:310 - Check plugin tools
2023-08-25 20:54:59,466 [INFO] IntegrityCheckThread:86 - entering critical section [integrity check]
2023-08-25 20:54:59,473 [INFO] ThirdPartyUpdaterWithRetryManager:70 - Updater plugin not ready yet. [1/15]
2023-08-25 20:54:59,534 [INFO] PluginManage:359 - Loaded plugin tools (category:base,tabindex:7)
2023-08-25 20:54:59,534 [INFO] PluginManage:310 - Check plugin tutovideos
2023-08-25 20:54:59,942 [INFO] PluginManage:359 - Loaded plugin tutovideos (category:base,tabindex:-1)
2023-08-25 20:54:59,942 [INFO] PluginManage:310 - Check plugin updater
2023-08-25 20:54:59,980 [INFO] PluginManage:359 - Loaded plugin updater (category:base,tabindex:12)
2023-08-25 20:54:59,980 [INFO] PluginManage:283 - PluginManage : Loaded plugins [15]
2023-08-25 20:55:00,473 [INFO] PinOutPanel:1499 - setPackage(No Configuration,No Configuration)
2023-08-25 20:55:00,599 [INFO] CADModel:165 - CPN selected for project level
2023-08-25 20:55:00,599 [INFO] CADModel:114 - Register for checkConnection events
2023-08-25 20:55:00,653 [INFO] IPUIPlugin:80 - create IPUIPlugin
2023-08-25 20:55:00,653 [INFO] PluginManager:220 - loadIPPluginJar : add adc
2023-08-25 20:55:00,731 [INFO] IPUIPlugin:80 - create IPUIPlugin
2023-08-25 20:55:00,731 [INFO] PluginManager:220 - loadIPPluginJar : add aes
2023-08-25 20:55:00,815 [INFO] IPUIPlugin:80 - create IPUIPlugin
2023-08-25 20:55:00,815 [INFO] PluginManager:220 - loadIPPluginJar : add can
2023-08-25 20:55:00,857 [INFO] IPUIPlugin:80 - create IPUIPlugin
2023-08-25 20:55:00,857 [INFO] PluginManager:220 - loadIPPluginJar : add comp
2023-08-25 20:55:01,023 [INFO] IPUIPlugin:80 - create IPUIPlugin
2023-08-25 20:55:01,023 [INFO] PluginManager:220 - loadIPPluginJar : add cryp
2023-08-25 20:55:01,206 [INFO] IPUIPlugin:80 - create IPUIPlugin
2023-08-25 20:55:01,206 [INFO] PluginManager:220 - loadIPPluginJar : add dfsdm
2023-08-25 20:55:01,284 [INFO] IPUIPlugin:80 - create IPUIPlugin
2023-08-25 20:55:01,284 [INFO] PluginManager:220 - loadIPPluginJar : add dma
2023-08-25 20:55:01,446 [INFO] IPUIPlugin:80 - create IPUIPlugin
2023-08-25 20:55:01,446 [INFO] PluginManager:220 - loadIPPluginJar : add dma3
2023-08-25 20:55:01,506 [INFO] IPUIPlugin:80 - create IPUIPlugin
2023-08-25 20:55:01,506 [INFO] PluginManager:220 - loadIPPluginJar : add fatfs
2023-08-25 20:55:01,599 [INFO] IPUIPlugin:80 - create IPUIPlugin
2023-08-25 20:55:01,599 [INFO] PluginManager:220 - loadIPPluginJar : add fmc
2023-08-25 20:55:01,678 [INFO] IPUIPlugin:80 - create IPUIPlugin
2023-08-25 20:55:01,678 [INFO] PluginManager:220 - loadIPPluginJar : add freertos
2023-08-25 20:55:01,710 [INFO] IPUIPlugin:80 - create IPUIPlugin
2023-08-25 20:55:01,710 [INFO] PluginManager:220 - loadIPPluginJar : add genericplugin
2023-08-25 20:55:01,867 [INFO] IPUIPlugin:80 - create IPUIPlugin
2023-08-25 20:55:01,867 [INFO] PluginManager:220 - loadIPPluginJar : add gfxmmu
2023-08-25 20:55:02,074 [INFO] IPUIPlugin:80 - create IPUIPlugin
2023-08-25 20:55:02,074 [INFO] PluginManager:220 - loadIPPluginJar : add gic
2023-08-25 20:55:02,102 [INFO] IPUIPlugin:80 - create IPUIPlugin
2023-08-25 20:55:02,102 [INFO] PluginManager:220 - loadIPPluginJar : add gpio
2023-08-25 20:55:02,306 [INFO] IPUIPlugin:80 - create IPUIPlugin
2023-08-25 20:55:02,306 [INFO] PluginManager:220 - loadIPPluginJar : add gtzc
2023-08-25 20:55:02,400 [INFO] IPUIPlugin:80 - create IPUIPlugin
2023-08-25 20:55:02,400 [INFO] PluginManager:220 - loadIPPluginJar : add hash
2023-08-25 20:55:02,478 [INFO] ThirdPartyUpdaterWithRetryManager:70 - Updater plugin not ready yet. [2/15]
2023-08-25 20:55:02,525 [INFO] IPUIPlugin:80 - create IPUIPlugin
2023-08-25 20:55:02,525 [INFO] PluginManager:220 - loadIPPluginJar : add i2c
2023-08-25 20:55:02,689 [INFO] IPUIPlugin:80 - create IPUIPlugin
2023-08-25 20:55:02,689 [INFO] PluginManager:220 - loadIPPluginJar : add i2s
2023-08-25 20:55:02,778 [INFO] IPUIPlugin:80 - create IPUIPlugin
2023-08-25 20:55:02,778 [INFO] PluginManager:220 - loadIPPluginJar : add i3c
2023-08-25 20:55:03,056 [INFO] IPUIPlugin:80 - create IPUIPlugin
2023-08-25 20:55:03,056 [INFO] PluginManager:220 - loadIPPluginJar : add ipddr
2023-08-25 20:55:03,282 [INFO] IPUIPlugin:80 - create IPUIPlugin
2023-08-25 20:55:03,282 [INFO] PluginManager:220 - loadIPPluginJar : add linkedlist
2023-08-25 20:55:03,373 [INFO] IPUIPlugin:80 - create IPUIPlugin
2023-08-25 20:55:03,374 [INFO] PluginManager:220 - loadIPPluginJar : add lorawan
2023-08-25 20:55:03,451 [INFO] IPUIPlugin:80 - create IPUIPlugin
2023-08-25 20:55:03,451 [INFO] PluginManager:220 - loadIPPluginJar : add ltdc
2023-08-25 20:55:03,491 [INFO] IPUIPlugin:80 - create IPUIPlugin
2023-08-25 20:55:03,492 [INFO] PluginManager:220 - loadIPPluginJar : add mdma
2023-08-25 20:55:03,523 [INFO] IPUIPlugin:80 - create IPUIPlugin
2023-08-25 20:55:03,523 [INFO] PluginManager:220 - loadIPPluginJar : add nvic
2023-08-25 20:55:03,608 [INFO] IPUIPlugin:80 - create IPUIPlugin
2023-08-25 20:55:03,608 [INFO] PluginManager:220 - loadIPPluginJar : add opamp
2023-08-25 20:55:03,746 [INFO] IPUIPlugin:80 - create IPUIPlugin
2023-08-25 20:55:03,746 [INFO] PluginManager:220 - loadIPPluginJar : add openamp
2023-08-25 20:55:03,854 [INFO] IPUIPlugin:80 - create IPUIPlugin
2023-08-25 20:55:03,854 [INFO] PluginManager:220 - loadIPPluginJar : add pdm2pcm
2023-08-25 20:55:03,895 [INFO] IPUIPlugin:80 - create IPUIPlugin
2023-08-25 20:55:03,901 [INFO] PluginManager:220 - loadIPPluginJar : add plateformsettings
2023-08-25 20:55:03,950 [INFO] IPUIPlugin:80 - create IPUIPlugin
2023-08-25 20:55:03,950 [INFO] PluginManager:220 - loadIPPluginJar : add quadspi
2023-08-25 20:55:03,984 [INFO] IPUIPlugin:80 - create IPUIPlugin
2023-08-25 20:55:03,984 [INFO] PluginManager:220 - loadIPPluginJar : add resmgrutility
2023-08-25 20:55:04,108 [INFO] IPUIPlugin:80 - create IPUIPlugin
2023-08-25 20:55:04,108 [INFO] PluginManager:220 - loadIPPluginJar : add sai
2023-08-25 20:55:04,205 [INFO] IPUIPlugin:80 - create IPUIPlugin
2023-08-25 20:55:04,205 [INFO] PluginManager:220 - loadIPPluginJar : add spi
2023-08-25 20:55:04,395 [INFO] IPUIPlugin:80 - create IPUIPlugin
2023-08-25 20:55:04,395 [INFO] PluginManager:220 - loadIPPluginJar : add stm32_wpan
2023-08-25 20:55:04,452 [INFO] IPUIPlugin:80 - create IPUIPlugin
2023-08-25 20:55:04,452 [INFO] PluginManager:220 - loadIPPluginJar : add tim
2023-08-25 20:55:04,594 [INFO] IPUIPlugin:80 - create IPUIPlugin
2023-08-25 20:55:04,594 [INFO] PluginManager:220 - loadIPPluginJar : add touchsensing
2023-08-25 20:55:04,658 [INFO] IPUIPlugin:80 - create IPUIPlugin
2023-08-25 20:55:04,658 [INFO] PluginManager:220 - loadIPPluginJar : add tracer_emb
2023-08-25 20:55:04,770 [INFO] IPUIPlugin:80 - create IPUIPlugin
2023-08-25 20:55:04,770 [INFO] PluginManager:220 - loadIPPluginJar : add ts
2023-08-25 20:55:04,834 [INFO] IPUIPlugin:80 - create IPUIPlugin
2023-08-25 20:55:04,834 [INFO] PluginManager:220 - loadIPPluginJar : add tsc
2023-08-25 20:55:04,888 [INFO] IPUIPlugin:80 - create IPUIPlugin
2023-08-25 20:55:04,888 [INFO] PluginManager:220 - loadIPPluginJar : add ucpd
2023-08-25 20:55:05,009 [INFO] IPUIPlugin:80 - create IPUIPlugin
2023-08-25 20:55:05,009 [INFO] PluginManager:220 - loadIPPluginJar : add usart
2023-08-25 20:55:05,126 [INFO] IPUIPlugin:80 - create IPUIPlugin
2023-08-25 20:55:05,126 [INFO] PluginManager:220 - loadIPPluginJar : add usbx
2023-08-25 20:55:05,404 [INFO] CADModel:165 - CPN selected for project level
2023-08-25 20:55:05,404 [INFO] CADModel:114 - Register for checkConnection events
2023-08-25 20:55:05,409 [FATAL] Updater:308 - Updater called before beeing initialized
2023-08-25 20:55:05,410 [ERROR] CADModel:125 - Updater not yet initialized, retry later 
2023-08-25 20:55:05,490 [INFO] ThirdPartyUpdaterWithRetryManager:70 - Updater plugin not ready yet. [3/15]
2023-08-25 20:55:06,012 [INFO] CADModel:165 - CPN selected for project level
2023-08-25 20:55:06,012 [INFO] CADModel:114 - Register for checkConnection events
2023-08-25 20:55:06,012 [FATAL] Updater:308 - Updater called before beeing initialized
2023-08-25 20:55:06,012 [ERROR] CADModel:125 - Updater not yet initialized, retry later 
2023-08-25 20:55:06,017 [FATAL] Updater:308 - Updater called before beeing initialized
2023-08-25 20:55:06,369 [FATAL] Updater:308 - Updater called before beeing initialized
2023-08-25 20:55:06,442 [INFO] DbMcusAds:53 - JSON generation date=Tue Mar 07 11:50:55 TRT 2023 (1678179055114)
2023-08-25 20:55:06,442 [FATAL] Updater:308 - Updater called before beeing initialized
2023-08-25 20:55:06,774 [WARN] DetailPanel:346 - Failed to get advertising image, set to default
2023-08-25 20:55:07,144 [FATAL] Updater:308 - Updater called before beeing initialized
2023-08-25 20:55:07,150 [FATAL] Updater:308 - Updater called before beeing initialized
2023-08-25 20:55:07,150 [FATAL] Updater:308 - Updater called before beeing initialized
2023-08-25 20:55:07,150 [WARN] DetailPanel:346 - Failed to get advertising image, set to default
2023-08-25 20:55:07,152 [FATAL] Updater:308 - Updater called before beeing initialized
2023-08-25 20:55:07,299 [ERROR] Updater:1120 - MainUpdater not yet initialized. External WinMGr cannot be set.
2023-08-25 20:55:07,334 [INFO] Updater:1056 - Updater Version found : 6.8.0
2023-08-25 20:55:07,397 [INFO] ApplicationProperties:184 - Using Application install path: C:\ST\STM32CubeIDE_1.12.0\STM32CubeIDE\plugins\com.st.stm32cube.common.mx_6.8.0.202302231600
2023-08-25 20:55:07,844 [INFO] MainUpdater:2854 - connection check result : 10
2023-08-25 20:55:07,846 [INFO] MainUpdater:283 - Updater Check For Update Now.
2023-08-25 20:55:07,846 [INFO] MicroXplorer:498 - Change Database Version : DB.6.0.80
2023-08-25 20:55:08,272 [INFO] CheckServerUpdateThread:120 - End of CheckServer Thread
2023-08-25 20:55:08,387 [INFO] MainUpdater:2854 - connection check result : 10
2023-08-25 20:55:08,477 [INFO] McuFinderGlobals:66 - Set McuFinderConnectedMode to true
2023-08-25 20:55:08,492 [WARN] MainUpdater:1187 - Updater busy. Cannot search thirdparties
2023-08-25 20:55:08,492 [INFO] ThirdPartyUpdaterWithRetryManager:96 - Updater plugin is busy. [1/15]
2023-08-25 20:55:10,134 [INFO] ServerAccessManage:473 - Download File mcusAds.json._tmp_
2023-08-25 20:55:10,244 [INFO] LoadUrlFilesThread:156 - End of LoadUrlFiles Thread
2023-08-25 20:55:10,542 [INFO] ServerAccessManage:473 - Download File cube-finder-db.zip
2023-08-25 20:55:11,501 [WARN] MainUpdater:1187 - Updater busy. Cannot search thirdparties
2023-08-25 20:55:11,501 [INFO] ThirdPartyUpdaterWithRetryManager:96 - Updater plugin is busy. [2/15]
2023-08-25 20:55:14,504 [WARN] MainUpdater:1187 - Updater busy. Cannot search thirdparties
2023-08-25 20:55:14,504 [INFO] ThirdPartyUpdaterWithRetryManager:96 - Updater plugin is busy. [3/15]
2023-08-25 20:55:17,124 [INFO] FileExtend:240 - Unzip File : cube-finder-db.zip
2023-08-25 20:55:17,124 [INFO] FileExtend:255 - Standard Zip Deflate
2023-08-25 20:55:17,519 [WARN] MainUpdater:1187 - Updater busy. Cannot search thirdparties
2023-08-25 20:55:17,519 [INFO] ThirdPartyUpdaterWithRetryManager:96 - Updater plugin is busy. [4/15]
2023-08-25 20:55:18,499 [INFO] LoadUrlFilesThread:156 - End of LoadUrlFiles Thread
2023-08-25 20:55:19,085 [INFO] ServerAccessManage:473 - Download File crdb.zip
2023-08-25 20:55:19,554 [INFO] FileExtend:240 - Unzip File : crdb.zip
2023-08-25 20:55:19,559 [INFO] FileExtend:255 - Standard Zip Deflate
2023-08-25 20:55:19,764 [INFO] LoadUrlFilesThread:156 - End of LoadUrlFiles Thread
2023-08-25 20:55:19,925 [INFO] ServerAccessManage:473 - Download File tutoVideoDB.zip
2023-08-25 20:55:19,964 [INFO] FileExtend:240 - Unzip File : tutoVideoDB.zip
2023-08-25 20:55:19,964 [INFO] FileExtend:255 - Standard Zip Deflate
2023-08-25 20:55:20,129 [INFO] LoadUrlFilesThread:156 - End of LoadUrlFiles Thread
2023-08-25 20:55:20,144 [WARN] DbFile:41 - Overriding database path with different value: C:\Users\LENOVO\.stmcufinder\plugins\mcufinder/ => C:\Users\LENOVO\.stmcufinder\plugins\mcufinder
2023-08-25 20:55:20,304 [INFO] ServerAccessManage:473 - Download File api_config.json
2023-08-25 20:55:20,429 [INFO] LoadUrlFilesThread:156 - End of LoadUrlFiles Thread
2023-08-25 20:55:20,430 [INFO] DbMcusAds:53 - JSON generation date=Tue Mar 07 11:50:55 TRT 2023 (1678179055114)
2023-08-25 20:55:20,474 [INFO] LoadUrlFilesThread:185 - End of LoadServerUrlFiles without Thread
2023-08-25 20:55:20,484 [INFO] TargetSelectorAdapter:259 - Refresh data is successful
2023-08-25 20:55:20,819 [INFO] ApiDb:581 - Connected to CubeFinder SQLite database (C:\Users\LENOVO\.stmcufinder\plugins\mcufinder\mcu\cube-finder-db.db)
2023-08-25 20:55:21,025 [INFO] ApiDb:668 - CubeFinder database Data Model version=2.1
2023-08-25 20:55:21,025 [INFO] ApiDb:669 - CubeFinder database Configuration version=3.0.37
2023-08-25 20:55:21,027 [INFO] ApiDb:670 - CubeFinder database generation date=2023-08-09 (1691586011)
2023-08-25 20:55:21,027 [INFO] ApiDb:671 - CubeFinder database FW Pack versions=[FP-ATR-ASTRA1_V2.0.0, FP-SNS-FLIGHT1_V5.0.1, FP-SNS-FLIGHT1_V5.0.2, FP-SNS-MOTENV1_V4.3.1, FP-SNS-MOTENV1_V4.3.2, STM32Cube_FW_C0_V1.1.0, STM32Cube_FW_F4_V1.27.1, STM32Cube_FW_F7_V1.17.0, STM32Cube_FW_G0_V1.6.1, STM32Cube_FW_G4_V1.5.1, STM32Cube_FW_H5_V0.5.1, STM32Cube_FW_H5_V1.1.0, STM32Cube_FW_H7_V1.11.0, STM32Cube_FW_L0_V1.12.2, STM32Cube_FW_L5_V1.5.0, STM32Cube_FW_U5_V1.3.0, STM32Cube_FW_U5_V1.3.0RC4, STM32Cube_FW_WBA_V1.0.0RC1, STM32Cube_FW_WBA_V1.1.0, STM32Cube_FW_WBA_V1.1.0RC1, STM32Cube_FW_WB_V1.15.0RC1, STM32Cube_FW_WB_V1.16.0, STM32Cube_FW_WB_V1.16.0RC2, STM32Cube_FW_WB_V1.17.0, STM32Cube_FW_WL_V1.3.0, X-CUBE-ALGOBUILD_V1.3.0, X-CUBE-ALS_V1.0.1, X-CUBE-AZRTOS-F4_V1.1.0, X-CUBE-AZRTOS-F7_V1.1.0, X-CUBE-AZRTOS-G0_V1.1.0, X-CUBE-AZRTOS-G4_V2.0.0, X-CUBE-AZRTOS-H7_V3.1.0, X-CUBE-AZRTOS-L4_V1.0.0, X-CUBE-AZRTOS-L4_V2.0.0, X-CUBE-AZRTOS-L5_V1.1.0, X-CUBE-AZRTOS-WB_V1.1.0, X-CUBE-AZRTOS-WL_V2.0.0, X-CUBE-BLE1_V7.0.0, X-CUBE-BLE2_V3.3.0, X-CUBE-BLEMGR_V2.0.0, X-CUBE-EEPRMA1_V4.1.0, X-CUBE-FREERTOS_V1.1.0, X-CUBE-GNSS1_V6.0.0, X-CUBE-MEMS1_V9.1.0, X-CUBE-MEMS1_V9.4.0, X-CUBE-MEMS1_V9.6.0, X-CUBE-NFC4_V3.0.0, X-CUBE-NFC7_V1.0.0, X-CUBE-SFXS2LP1_V4.0.0, X-CUBE-SUBG2_V5.0.0, X-CUBE-TOF1_V3.3.1]
2023-08-25 20:55:21,044 [WARN] PackLoader:240 - Cannot read IP mode file for STMicroelectronics.X-CUBE-SMBUS.2.1.0
2023-08-25 20:55:21,184 [WARN] PackLoader:240 - Cannot read IP mode file for STMicroelectronics.X-CUBE-AZRTOS-F7.1.1.0
2023-08-25 20:55:21,234 [WARN] PackLoader:240 - Cannot read IP mode file for STMicroelectronics.FP-SNS-MOTENV1.4.3.2
2023-08-25 20:55:21,276 [ERROR] RealEvaluatedCondition:428 - Found unsupported composite condition: GROUP='STM32_MetaDataManager' CLASS='Data Exchange'
2023-08-25 20:55:21,276 [ERROR] RealEvaluatedCondition:428 - Found unsupported composite condition: CLASS='Data Exchange' GROUP='STM32_MetaDataManager'
2023-08-25 20:55:21,276 [WARN] PackLoader:240 - Cannot read IP mode file for STMicroelectronics.FP-SNS-MOTENV1.4.3.1
2023-08-25 20:55:21,314 [WARN] PackLoader:240 - Cannot read IP mode file for STMicroelectronics.FP-SNS-FLIGHT1.5.0.1
2023-08-25 20:55:21,349 [WARN] PackLoader:240 - Cannot read IP mode file for STMicroelectronics.X-CUBE-BLE1.6.2.4
2023-08-25 20:55:21,371 [WARN] PackLoader:240 - Cannot read IP mode file for STMicroelectronics.FP-SNS-FLIGHT1.5.0.2
2023-08-25 20:55:21,409 [WARN] PackLoader:240 - Cannot read IP mode file for STMicroelectronics.X-CUBE-DISPLAY.3.0.0
2023-08-25 20:55:21,451 [WARN] PackLoader:240 - Cannot read IP mode file for STMicroelectronics.X-CUBE-BLE1.7.0.0
2023-08-25 20:55:21,474 [WARN] PackLoader:240 - Cannot read IP mode file for STMicroelectronics.X-CUBE-TOUCHGFX.4.22.0
2023-08-25 20:55:21,530 [INFO] LogOutputStream:77 - [STDOUT_REDIRECT] 1 : Invalid condition id : UX_CORESTACK_Condition cause : null
2023-08-25 20:55:21,531 [INFO] LogOutputStream:77 - [STDOUT_REDIRECT] 1 : Invalid condition id : UX_CORESTACK_Condition cause : null
2023-08-25 20:55:21,537 [INFO] LogOutputStream:77 - [STDOUT_REDIRECT] 1 : Invalid condition id : UX_CORESTACK_Condition cause : null
2023-08-25 20:55:21,537 [INFO] LogOutputStream:77 - [STDOUT_REDIRECT] 1 : Invalid condition id : UX_CORESTACK_Condition cause : null
2023-08-25 20:55:21,547 [INFO] LogOutputStream:77 - [STDOUT_REDIRECT] 1 : Invalid condition id : UX_CORESTACK_Condition cause : null
2023-08-25 20:55:21,559 [WARN] PackLoader:240 - Cannot read IP mode file for STMicroelectronics.X-CUBE-AZRTOS-WL.2.0.0
2023-08-25 20:55:21,604 [WARN] PackLoader:240 - Cannot read IP mode file for WES.I-CUBE-Cesium.1.3.0
2023-08-25 20:55:21,630 [WARN] PackLoader:240 - Cannot read IP mode file for STMicroelectronics.X-CUBE-BLE2.3.3.0
2023-08-25 20:55:21,679 [WARN] PackLoader:240 - Cannot read IP mode file for STMicroelectronics.X-CUBE-TOF1.3.2.0
2023-08-25 20:55:21,730 [WARN] PackLoader:240 - Cannot read IP mode file for STMicroelectronics.X-CUBE-TOUCHGFX.4.21.1
2023-08-25 20:55:21,749 [WARN] PackLoader:240 - Cannot read IP mode file for STMicroelectronics.X-CUBE-TOUCHGFX.4.21.3
2023-08-25 20:55:21,774 [WARN] PackLoader:240 - Cannot read IP mode file for STMicroelectronics.X-CUBE-TOUCHGFX.4.21.4
2023-08-25 20:55:21,995 [WARN] PackLoader:240 - Cannot read IP mode file for STMicroelectronics.X-CUBE-MEMS1.9.4.0
2023-08-25 20:55:23,354 [WARN] PackLoader:240 - Cannot read IP mode file for STMicroelectronics.X-CUBE-AI.7.3.0
2023-08-25 20:55:23,385 [WARN] PackLoader:240 - Cannot read IP mode file for STMicroelectronics.X-CUBE-ALGOBUILD.1.3.0
2023-08-25 20:55:23,444 [WARN] PackLoader:240 - Cannot read IP mode file for STMicroelectronics.X-CUBE-AZRTOS-G0.1.1.0
2023-08-25 20:55:23,480 [WARN] PackLoader:240 - Cannot read IP mode file for STMicroelectronics.X-CUBE-NFC4.3.0.0
2023-08-25 20:55:23,514 [WARN] PackLoader:240 - Cannot read IP mode file for STMicroelectronics.X-CUBE-BLEMGR.1.3.0
2023-08-25 20:55:23,547 [WARN] PackLoader:240 - Cannot read IP mode file for STMicroelectronics.FP-ATR-SIGFOX1.3.2.0
2023-08-25 20:55:23,644 [WARN] PackLoader:240 - Cannot read IP mode file for STMicroelectronics.X-CUBE-MEMS1.9.5.0
2023-08-25 20:55:24,023 [WARN] PackLoader:240 - Cannot read IP mode file for SEGGER.I-CUBE-embOS.1.3.1
2023-08-25 20:55:24,114 [WARN] PackLoader:240 - Cannot read IP mode file for STMicroelectronics.X-CUBE-GNSS1.6.0.0
2023-08-25 20:55:24,232 [WARN] PackLoader:240 - Cannot read IP mode file for STMicroelectronics.X-CUBE-AZRTOS-F4.1.1.0
2023-08-25 20:55:24,276 [WARN] PackLoader:240 - Cannot read IP mode file for STMicroelectronics.X-CUBE-AZRTOS-L5.2.0.0
2023-08-25 20:55:24,402 [WARN] PackLoader:240 - Cannot read IP mode file for STMicroelectronics.X-CUBE-MEMS1.9.6.0
2023-08-25 20:55:24,632 [WARN] PackLoader:240 - Cannot read IP mode file for emotas.I-CUBE-CANOPEN.1.1.3
2023-08-25 20:55:24,670 [WARN] PackLoader:240 - Cannot read IP mode file for STMicroelectronics.X-CUBE-BLEMGR.2.0.0
2023-08-25 20:55:24,734 [WARN] ConditionMgr:438 - getConditionDescription Invalid condition id : UX DEVICE CLASS RTOS Condition cause : null
2023-08-25 20:55:24,749 [WARN] ConditionMgr:438 - getConditionDescription Invalid condition id : UX DEVICE CLASS RTOS Condition cause : null
2023-08-25 20:55:24,749 [WARN] PackLoader:240 - Cannot read IP mode file for STMicroelectronics.X-CUBE-AZRTOS-H7.3.1.0
2023-08-25 20:55:24,749 [WARN] ConditionMgr:1039 - genDependencies : Invalid condition id : UX DEVICE CLASS RTOS Condition cause : null
2023-08-25 20:55:24,749 [WARN] ConditionMgr:1039 - genDependencies : Invalid condition id : UX DEVICE CLASS RTOS Condition cause : null
2023-08-25 20:55:24,749 [WARN] ConditionMgr:1039 - genDependencies : Invalid condition id : UX DEVICE CLASS RTOS Condition cause : null
2023-08-25 20:55:24,749 [WARN] ConditionMgr:1039 - genDependencies : Invalid condition id : UX DEVICE CLASS RTOS Condition cause : null
2023-08-25 20:55:24,749 [WARN] ConditionMgr:1039 - genDependencies : Invalid condition id : UX DEVICE CLASS RTOS Condition cause : null
2023-08-25 20:55:24,781 [WARN] PackLoader:240 - Cannot read IP mode file for wolfSSL.I-CUBE-wolfSSL.5.5.4
2023-08-25 20:55:24,834 [WARN] PackLoader:240 - Cannot read IP mode file for STMicroelectronics.X-CUBE-NFC7.1.0.1
2023-08-25 20:55:24,916 [WARN] PackLoader:240 - Cannot read IP mode file for STMicroelectronics.X-CUBE-NFC7.1.0.0
2023-08-25 20:55:24,951 [WARN] PackLoader:240 - Cannot read IP mode file for STMicroelectronics.X-CUBE-EEPRMA1.4.1.0
2023-08-25 20:55:24,970 [WARN] PackLoader:240 - Cannot read IP mode file for STMicroelectronics.X-CUBE-AI.8.1.0
2023-08-25 20:55:25,056 [WARN] ConditionMgr:438 - getConditionDescription Invalid condition id : LAN8742 Phy interface Condition cause : null
2023-08-25 20:55:25,056 [WARN] PackLoader:240 - Cannot read IP mode file for STMicroelectronics.X-CUBE-AZRTOS-L4.2.0.0
2023-08-25 20:55:25,056 [WARN] ConditionMgr:1039 - genDependencies : Invalid condition id : LAN8742 Phy interface Condition cause : null
2023-08-25 20:55:25,056 [WARN] ConditionMgr:1039 - genDependencies : Invalid condition id : LAN8742 Phy interface Condition cause : null
2023-08-25 20:55:25,056 [WARN] ConditionMgr:1039 - genDependencies : Invalid condition id : LAN8742 Phy interface Condition cause : null
2023-08-25 20:55:25,095 [WARN] PackLoader:240 - Cannot read IP mode file for STMicroelectronics.X-CUBE-SFXS2LP1.4.0.0
2023-08-25 20:55:25,233 [WARN] PackLoader:240 - Cannot read IP mode file for STMicroelectronics.X-CUBE-AZRTOS-H7.3.0.0
2023-08-25 20:55:25,272 [WARN] PackLoader:240 - Cannot read IP mode file for STMicroelectronics.X-CUBE-ISPU.1.1.0
2023-08-25 20:55:25,303 [WARN] PackLoader:240 - Cannot read IP mode file for RoweBots.I-CUBE-UNISONRTOS.5.5.0-4
2023-08-25 20:55:25,318 [WARN] PackLoader:240 - Cannot read IP mode file for STMicroelectronics.X-CUBE-AI.8.0.0
2023-08-25 20:55:25,360 [WARN] ConditionMgr:438 - getConditionDescription Invalid condition id : UX DEVICE CLASS RTOS Condition cause : null
2023-08-25 20:55:25,360 [WARN] ConditionMgr:438 - getConditionDescription Invalid condition id : UX DEVICE CLASS RTOS Condition cause : null
2023-08-25 20:55:25,367 [WARN] PackLoader:240 - Cannot read IP mode file for STMicroelectronics.X-CUBE-AZRTOS-WB.2.0.0
2023-08-25 20:55:25,367 [WARN] ConditionMgr:1039 - genDependencies : Invalid condition id : UX DEVICE CLASS RTOS Condition cause : null
2023-08-25 20:55:25,367 [WARN] ConditionMgr:1039 - genDependencies : Invalid condition id : UX DEVICE CLASS RTOS Condition cause : null
2023-08-25 20:55:25,367 [WARN] ConditionMgr:1039 - genDependencies : Invalid condition id : UX DEVICE CLASS RTOS Condition cause : null
2023-08-25 20:55:25,367 [WARN] ConditionMgr:1039 - genDependencies : Invalid condition id : UX DEVICE CLASS RTOS Condition cause : null
2023-08-25 20:55:25,367 [WARN] ConditionMgr:1039 - genDependencies : Invalid condition id : UX DEVICE CLASS RTOS Condition cause : null
2023-08-25 20:55:25,382 [WARN] PackLoader:240 - Cannot read IP mode file for STMicroelectronics.X-CUBE-FREERTOS.1.0.0
2023-08-25 20:55:25,397 [WARN] PackLoader:240 - Cannot read IP mode file for STMicroelectronics.X-CUBE-FREERTOS.1.0.1
2023-08-25 20:55:25,445 [WARN] PackLoader:240 - Cannot read IP mode file for STMicroelectronics.X-CUBE-AZRTOS-L5.1.1.0
2023-08-25 20:55:25,461 [WARN] PackLoader:240 - Cannot read IP mode file for STMicroelectronics.X-CUBE-AI.8.0.1
2023-08-25 20:55:25,492 [WARN] PackLoader:240 - Cannot read IP mode file for STMicroelectronics.X-CUBE-SUBG2.5.0.0
2023-08-25 20:55:25,523 [WARN] PackLoader:240 - Cannot read IP mode file for STMicroelectronics.X-CUBE-TOF1.3.3.1
2023-08-25 20:55:25,566 [WARN] PackLoader:240 - Cannot read IP mode file for STMicroelectronics.X-CUBE-AZRTOS-G4.2.0.0
2023-08-25 20:55:25,595 [WARN] PackLoader:240 - Cannot read IP mode file for STMicroelectronics.X-CUBE-TOF1.3.3.0
2023-08-25 20:55:25,619 [WARN] PackLoader:240 - Cannot read IP mode file for STMicroelectronics.FP-ATR-ASTRA1.1.1.1
2023-08-25 20:55:25,682 [WARN] PackLoader:240 - Cannot read IP mode file for STMicroelectronics.X-CUBE-AZRTOS-G4.1.0.0
2023-08-25 20:55:25,734 [WARN] PackLoader:240 - Cannot read IP mode file for STMicroelectronics.X-CUBE-AZRTOS-L4.1.0.0
2023-08-25 20:55:25,776 [WARN] PackLoader:240 - Cannot read IP mode file for STMicroelectronics.X-CUBE-AZRTOS-WL.1.0.0
2023-08-25 20:55:25,791 [WARN] PackLoader:240 - Cannot read IP mode file for portGmbH.I-Cube-SoM-uGOAL.1.1.0
2023-08-25 20:55:25,822 [WARN] PackLoader:240 - Cannot read IP mode file for STMicroelectronics.X-CUBE-ALS.1.0.1
2023-08-25 20:55:25,870 [WARN] PackLoader:240 - Cannot read IP mode file for STMicroelectronics.X-CUBE-AZRTOS-WB.1.1.0
2023-08-25 20:55:25,885 [WARN] PackLoader:240 - Cannot read IP mode file for STMicroelectronics.FP-ATR-ASTRA1.2.0.0
2023-08-25 20:55:25,885 [INFO] ThirdParty:978 - Integrity check success = true
2023-08-25 20:55:25,885 [INFO] IntegrityCheckThread:100 - exiting critical section [integrity check]
2023-08-25 20:55:25,885 [INFO] IntegrityCheckThread:103 - End integrity checks thread
2023-08-25 20:55:25,901 [INFO] ApiDb:240 - Found 297 in-development CPN: [B-G473E-ZEST1S, B-WB1M-WPAN1, B-WL5M-SUBG1, NUCLEO-C031C6, NUCLEO-H503RB, NUCLEO-H563ZI, NUCLEO-U545RE-Q, NUCLEO-U5A5ZJ-Q, NUCLEO-WBA52CG, STEVAL-PROTEUS1, STEVAL-STWINBX1, STM320518-EVAL, STM32C0116-DK, STM32C011D6Y3TR, STM32C011D6Y6TR, STM32C011F4P3, STM32C011F4P6, STM32C011F4U3, STM32C011F4U6TR, STM32C011F6P3, STM32C011F6P6, STM32C011F6U3, STM32C011F6U6TR, STM32C011J4M3, STM32C011J4M6, STM32C011J6M3, STM32C011J6M6, STM32C0316-DK, STM32C031C4T3, STM32C031C4T6, STM32C031C4U3, STM32C031C4U6, STM32C031C6T3, STM32C031C6T6, STM32C031C6U3, STM32C031C6U6, STM32C031F4P3, STM32C031F4P6, STM32C031F6P3, STM32C031F6P6, STM32C031G4U3, STM32C031G4U6, STM32C031G6U3, STM32C031G6U6, STM32C031K4T3, STM32C031K4T6, STM32C031K4U3, STM32C031K4U6, STM32C031K6T3, STM32C031K6T6, STM32C031K6U3, STM32C031K6U6, STM32G071K8TXN, STM32G071K8UXN, STM32G081GBU6N, STM32G081KBT6N, STM32G081KBUXN, STM32G0B1CCT6N, STM32G0B1KCT6, STM32G0B1NEY6TR, STM32G0B1RCT6N, STM32G0C1CCT6, STM32G0C1CCT6N, STM32G0C1CCU6N, STM32G0C1CET6N, STM32G0C1CEU6N, STM32G0C1KCT6, STM32G0C1NEY6TR, STM32G0C1RCI6N, STM32G0C1RCT6N, STM32G0C1REI6N, STM32G0C1RET6N, STM32G0C1VCI6, STM32G0C1VEI6, STM32G471CCT6, STM32G471CCU6, STM32G471CET3, STM32G471CET6, STM32G471CEU3, STM32G471CEU6, STM32G471MCT6, STM32G471MET3, STM32G471MET6, STM32G471MEY6TR, STM32G471QCT6, STM32G471QET3, STM32G471RCT6, STM32G471RET3, STM32G471RET6, STM32G471VCH6, STM32G471VCI6, STM32G471VCT6, STM32G471VEH3, STM32G471VEH6, STM32G471VEI3, STM32G471VEI6, STM32G471VET3, STM32G471VET6, STM32G474CCT6, STM32H503CBT6, STM32H503CBU6, STM32H503EBY6TR, STM32H503KBU6, STM32H503RBT6, STM32H562AGI6, STM32H562AII6, STM32H562IGK6, STM32H562IGT6, STM32H562IIK6, STM32H562IIT6, STM32H562RGT6, STM32H562RGV6, STM32H562RIT6, STM32H562RIV6, STM32H562VGT6, STM32H562VIT6, STM32H562ZGT6, STM32H562ZIT6, STM32H563AGI6, STM32H563AII3Q, STM32H563AII6, STM32H563IGK6, STM32H563IGT6, STM32H563IIK3Q, STM32H563IIK6, STM32H563IIT3Q, STM32H563IIT6, STM32H563MIY3QTR, STM32H563RGT6, STM32H563RGV6, STM32H563RIT6, STM32H563RIV6, STM32H563VGT6, STM32H563VIT3Q, STM32H563VIT6, STM32H563ZGT6, STM32H563ZIT3Q, STM32H563ZIT6, STM32H573AII3Q, STM32H573AII6, STM32H573I-DK, STM32H573IIK3Q, STM32H573IIK6, STM32H573IIT3Q, STM32H573IIT6, STM32H573MIY3QTR, STM32H573RIT6, STM32H573RIV6, STM32H573VIT3Q, STM32H573VIT6, STM32H573ZIT3Q, STM32H573ZIT6, STM32L4R5QGI6STR, STM32MP131AAE3, STM32MP131AAF3, STM32MP131AAG3, STM32MP131CAE3, STM32MP131CAF3, STM32MP131CAG3, STM32MP131DAE7, STM32MP131DAF7, STM32MP131DAG7, STM32MP131FAE7, STM32MP131FAF7, STM32MP131FAG7, STM32MP133AAE3, STM32MP133AAF3, STM32MP133AAG3, STM32MP133CAE3, STM32MP133CAF3, STM32MP133CAG3, STM32MP133DAE7, STM32MP133DAF7, STM32MP133DAG7, STM32MP133FAE7, STM32MP133FAF7, STM32MP133FAG7, STM32MP135AAE3, STM32MP135AAF3, STM32MP135AAG3, STM32MP135CAE3, STM32MP135CAF3, STM32MP135CAG3, STM32MP135DAE7, STM32MP135DAF7, STM32MP135DAG7, STM32MP135F-DK, STM32MP135FAE7, STM32MP135FAF7, STM32MP135FAF7T, STM32MP135FAF7U, STM32MP135FAG7, STM32U535CBT6, STM32U535CBT6Q, STM32U535CBU6, STM32U535CBU6Q, STM32U535CCT6, STM32U535CCT6Q, STM32U535CCU6, STM32U535CCU6Q, STM32U535CET6, STM32U535CET6Q, STM32U535CEU6, STM32U535CEU6Q, STM32U535JEY6QTR, STM32U535NCY6QTR, STM32U535NEY6QTR, STM32U535RBI6, STM32U535RBI6Q, STM32U535RBT6, STM32U535RBT6Q, STM32U535RCI6, STM32U535RCI6Q, STM32U535RCT6, STM32U535RCT6Q, STM32U535REI6, STM32U535REI6Q, STM32U535RET6, STM32U535RET6Q, STM32U535VCI6, STM32U535VCI6Q, STM32U535VCT6, STM32U535VCT6Q, STM32U535VEI6, STM32U535VEI6Q, STM32U535VET6, STM32U535VET6Q, STM32U545CET6, STM32U545CET6Q, STM32U545CEU6, STM32U545CEU6Q, STM32U545JEY6QTR, STM32U545NEY6QTR, STM32U545REI6, STM32U545REI6Q, STM32U545RET6, STM32U545RET6Q, STM32U545VEI6, STM32U545VEI6Q, STM32U545VET6, STM32U545VET6Q, STM32U595AIH6, STM32U595AIH6Q, STM32U595AJH6, STM32U595AJH6Q, STM32U595QII6, STM32U595QII6Q, STM32U595QJI6, STM32U595QJI6Q, STM32U595RIT6, STM32U595RIT6Q, STM32U595RJT6, STM32U595RJT6Q, STM32U595VIT6, STM32U595VIT6Q, STM32U595VJT6, STM32U595VJT6Q, STM32U595ZIT6, STM32U595ZIT6Q, STM32U595ZIY6QTR, STM32U595ZJT6, STM32U595ZJT6Q, STM32U595ZJY6QTR, STM32U599BJY6QTR, STM32U599NIH6Q, STM32U599NJH6Q, STM32U599VIT6Q, STM32U599VJT6, STM32U599VJT6Q, STM32U599ZIT6Q, STM32U599ZIY6QTR, STM32U599ZJT6Q, STM32U599ZJY6QTR, STM32U5A5AJH6, STM32U5A5AJH6Q, STM32U5A5QJI6, STM32U5A5QJI6Q, STM32U5A5RJT6, STM32U5A5RJT6Q, STM32U5A5VJT6, STM32U5A5VJT6Q, STM32U5A5ZJT6, STM32U5A5ZJT6Q, STM32U5A5ZJY6QTR, STM32U5A9BJY6QTR, STM32U5A9J-DK, STM32U5A9NJH6Q, STM32U5A9VJT6Q, STM32U5A9ZJT6Q, STM32U5A9ZJY6QTR, STM32WB1MMCH6, STM32WBA52CEU6, STM32WBA52CEU6T, STM32WBA52CGU6, STM32WBA52CGU6T, STM32WL5MOCH6, STM32WL5MOCH6TR]
2023-08-25 20:55:25,901 [INFO] DbMcus:216 - Found 3825 MCUs, 3825 are supported
2023-08-25 20:55:25,918 [INFO] ApiDb:423 - Load user favorites file C:\Users\LENOVO/.stm32cubeide/favorites.mcus.txt: 0 item(s)
2023-08-25 20:55:25,918 [INFO] ApiDb:427 - User favorites MCUs=[]
2023-08-25 20:55:25,918 [INFO] DbMcus:222 - Set 0 / 0 favorites MCUs
2023-08-25 20:55:26,389 [INFO] ApiDb:668 - CubeFinder database Data Model version=2.1
2023-08-25 20:55:26,389 [INFO] ApiDb:669 - CubeFinder database Configuration version=3.0.37
2023-08-25 20:55:26,389 [INFO] ApiDb:670 - CubeFinder database generation date=2023-08-09 (1691586011)
2023-08-25 20:55:26,389 [INFO] ApiDb:671 - CubeFinder database FW Pack versions=[FP-ATR-ASTRA1_V2.0.0, FP-SNS-FLIGHT1_V5.0.1, FP-SNS-FLIGHT1_V5.0.2, FP-SNS-MOTENV1_V4.3.1, FP-SNS-MOTENV1_V4.3.2, STM32Cube_FW_C0_V1.1.0, STM32Cube_FW_F4_V1.27.1, STM32Cube_FW_F7_V1.17.0, STM32Cube_FW_G0_V1.6.1, STM32Cube_FW_G4_V1.5.1, STM32Cube_FW_H5_V0.5.1, STM32Cube_FW_H5_V1.1.0, STM32Cube_FW_H7_V1.11.0, STM32Cube_FW_L0_V1.12.2, STM32Cube_FW_L5_V1.5.0, STM32Cube_FW_U5_V1.3.0, STM32Cube_FW_U5_V1.3.0RC4, STM32Cube_FW_WBA_V1.0.0RC1, STM32Cube_FW_WBA_V1.1.0, STM32Cube_FW_WBA_V1.1.0RC1, STM32Cube_FW_WB_V1.15.0RC1, STM32Cube_FW_WB_V1.16.0, STM32Cube_FW_WB_V1.16.0RC2, STM32Cube_FW_WB_V1.17.0, STM32Cube_FW_WL_V1.3.0, X-CUBE-ALGOBUILD_V1.3.0, X-CUBE-ALS_V1.0.1, X-CUBE-AZRTOS-F4_V1.1.0, X-CUBE-AZRTOS-F7_V1.1.0, X-CUBE-AZRTOS-G0_V1.1.0, X-CUBE-AZRTOS-G4_V2.0.0, X-CUBE-AZRTOS-H7_V3.1.0, X-CUBE-AZRTOS-L4_V1.0.0, X-CUBE-AZRTOS-L4_V2.0.0, X-CUBE-AZRTOS-L5_V1.1.0, X-CUBE-AZRTOS-WB_V1.1.0, X-CUBE-AZRTOS-WL_V2.0.0, X-CUBE-BLE1_V7.0.0, X-CUBE-BLE2_V3.3.0, X-CUBE-BLEMGR_V2.0.0, X-CUBE-EEPRMA1_V4.1.0, X-CUBE-FREERTOS_V1.1.0, X-CUBE-GNSS1_V6.0.0, X-CUBE-MEMS1_V9.1.0, X-CUBE-MEMS1_V9.4.0, X-CUBE-MEMS1_V9.6.0, X-CUBE-NFC4_V3.0.0, X-CUBE-NFC7_V1.0.0, X-CUBE-SFXS2LP1_V4.0.0, X-CUBE-SUBG2_V5.0.0, X-CUBE-TOF1_V3.3.1]
2023-08-25 20:55:26,485 [INFO] DbBoardsSqlite:226 - include board P-NUCLEO-WB55-NUCLEO as a kit item of type 'Nucleo-64'
2023-08-25 20:55:26,485 [INFO] DbBoardsSqlite:226 - include board P-NUCLEO-WB55-USBDONGLE as a kit item of type 'Nucleo USB Dongle'
2023-08-25 20:55:26,485 [INFO] DbBoardsSqlite:226 - include board STEVAL-IDP005V1 as a kit item of type 'Evaluation Board'
2023-08-25 20:55:26,485 [INFO] DbBoardsSqlite:226 - include board STEVAL-IDP005V2 as a kit item of type 'Evaluation Board'
2023-08-25 20:55:26,548 [INFO] ApiDb:240 - Found 297 in-development CPN: [B-G473E-ZEST1S, B-WB1M-WPAN1, B-WL5M-SUBG1, NUCLEO-C031C6, NUCLEO-H503RB, NUCLEO-H563ZI, NUCLEO-U545RE-Q, NUCLEO-U5A5ZJ-Q, NUCLEO-WBA52CG, STEVAL-PROTEUS1, STEVAL-STWINBX1, STM320518-EVAL, STM32C0116-DK, STM32C011D6Y3TR, STM32C011D6Y6TR, STM32C011F4P3, STM32C011F4P6, STM32C011F4U3, STM32C011F4U6TR, STM32C011F6P3, STM32C011F6P6, STM32C011F6U3, STM32C011F6U6TR, STM32C011J4M3, STM32C011J4M6, STM32C011J6M3, STM32C011J6M6, STM32C0316-DK, STM32C031C4T3, STM32C031C4T6, STM32C031C4U3, STM32C031C4U6, STM32C031C6T3, STM32C031C6T6, STM32C031C6U3, STM32C031C6U6, STM32C031F4P3, STM32C031F4P6, STM32C031F6P3, STM32C031F6P6, STM32C031G4U3, STM32C031G4U6, STM32C031G6U3, STM32C031G6U6, STM32C031K4T3, STM32C031K4T6, STM32C031K4U3, STM32C031K4U6, STM32C031K6T3, STM32C031K6T6, STM32C031K6U3, STM32C031K6U6, STM32G071K8TXN, STM32G071K8UXN, STM32G081GBU6N, STM32G081KBT6N, STM32G081KBUXN, STM32G0B1CCT6N, STM32G0B1KCT6, STM32G0B1NEY6TR, STM32G0B1RCT6N, STM32G0C1CCT6, STM32G0C1CCT6N, STM32G0C1CCU6N, STM32G0C1CET6N, STM32G0C1CEU6N, STM32G0C1KCT6, STM32G0C1NEY6TR, STM32G0C1RCI6N, STM32G0C1RCT6N, STM32G0C1REI6N, STM32G0C1RET6N, STM32G0C1VCI6, STM32G0C1VEI6, STM32G471CCT6, STM32G471CCU6, STM32G471CET3, STM32G471CET6, STM32G471CEU3, STM32G471CEU6, STM32G471MCT6, STM32G471MET3, STM32G471MET6, STM32G471MEY6TR, STM32G471QCT6, STM32G471QET3, STM32G471RCT6, STM32G471RET3, STM32G471RET6, STM32G471VCH6, STM32G471VCI6, STM32G471VCT6, STM32G471VEH3, STM32G471VEH6, STM32G471VEI3, STM32G471VEI6, STM32G471VET3, STM32G471VET6, STM32G474CCT6, STM32H503CBT6, STM32H503CBU6, STM32H503EBY6TR, STM32H503KBU6, STM32H503RBT6, STM32H562AGI6, STM32H562AII6, STM32H562IGK6, STM32H562IGT6, STM32H562IIK6, STM32H562IIT6, STM32H562RGT6, STM32H562RGV6, STM32H562RIT6, STM32H562RIV6, STM32H562VGT6, STM32H562VIT6, STM32H562ZGT6, STM32H562ZIT6, STM32H563AGI6, STM32H563AII3Q, STM32H563AII6, STM32H563IGK6, STM32H563IGT6, STM32H563IIK3Q, STM32H563IIK6, STM32H563IIT3Q, STM32H563IIT6, STM32H563MIY3QTR, STM32H563RGT6, STM32H563RGV6, STM32H563RIT6, STM32H563RIV6, STM32H563VGT6, STM32H563VIT3Q, STM32H563VIT6, STM32H563ZGT6, STM32H563ZIT3Q, STM32H563ZIT6, STM32H573AII3Q, STM32H573AII6, STM32H573I-DK, STM32H573IIK3Q, STM32H573IIK6, STM32H573IIT3Q, STM32H573IIT6, STM32H573MIY3QTR, STM32H573RIT6, STM32H573RIV6, STM32H573VIT3Q, STM32H573VIT6, STM32H573ZIT3Q, STM32H573ZIT6, STM32L4R5QGI6STR, STM32MP131AAE3, STM32MP131AAF3, STM32MP131AAG3, STM32MP131CAE3, STM32MP131CAF3, STM32MP131CAG3, STM32MP131DAE7, STM32MP131DAF7, STM32MP131DAG7, STM32MP131FAE7, STM32MP131FAF7, STM32MP131FAG7, STM32MP133AAE3, STM32MP133AAF3, STM32MP133AAG3, STM32MP133CAE3, STM32MP133CAF3, STM32MP133CAG3, STM32MP133DAE7, STM32MP133DAF7, STM32MP133DAG7, STM32MP133FAE7, STM32MP133FAF7, STM32MP133FAG7, STM32MP135AAE3, STM32MP135AAF3, STM32MP135AAG3, STM32MP135CAE3, STM32MP135CAF3, STM32MP135CAG3, STM32MP135DAE7, STM32MP135DAF7, STM32MP135DAG7, STM32MP135F-DK, STM32MP135FAE7, STM32MP135FAF7, STM32MP135FAF7T, STM32MP135FAF7U, STM32MP135FAG7, STM32U535CBT6, STM32U535CBT6Q, STM32U535CBU6, STM32U535CBU6Q, STM32U535CCT6, STM32U535CCT6Q, STM32U535CCU6, STM32U535CCU6Q, STM32U535CET6, STM32U535CET6Q, STM32U535CEU6, STM32U535CEU6Q, STM32U535JEY6QTR, STM32U535NCY6QTR, STM32U535NEY6QTR, STM32U535RBI6, STM32U535RBI6Q, STM32U535RBT6, STM32U535RBT6Q, STM32U535RCI6, STM32U535RCI6Q, STM32U535RCT6, STM32U535RCT6Q, STM32U535REI6, STM32U535REI6Q, STM32U535RET6, STM32U535RET6Q, STM32U535VCI6, STM32U535VCI6Q, STM32U535VCT6, STM32U535VCT6Q, STM32U535VEI6, STM32U535VEI6Q, STM32U535VET6, STM32U535VET6Q, STM32U545CET6, STM32U545CET6Q, STM32U545CEU6, STM32U545CEU6Q, STM32U545JEY6QTR, STM32U545NEY6QTR, STM32U545REI6, STM32U545REI6Q, STM32U545RET6, STM32U545RET6Q, STM32U545VEI6, STM32U545VEI6Q, STM32U545VET6, STM32U545VET6Q, STM32U595AIH6, STM32U595AIH6Q, STM32U595AJH6, STM32U595AJH6Q, STM32U595QII6, STM32U595QII6Q, STM32U595QJI6, STM32U595QJI6Q, STM32U595RIT6, STM32U595RIT6Q, STM32U595RJT6, STM32U595RJT6Q, STM32U595VIT6, STM32U595VIT6Q, STM32U595VJT6, STM32U595VJT6Q, STM32U595ZIT6, STM32U595ZIT6Q, STM32U595ZIY6QTR, STM32U595ZJT6, STM32U595ZJT6Q, STM32U595ZJY6QTR, STM32U599BJY6QTR, STM32U599NIH6Q, STM32U599NJH6Q, STM32U599VIT6Q, STM32U599VJT6, STM32U599VJT6Q, STM32U599ZIT6Q, STM32U599ZIY6QTR, STM32U599ZJT6Q, STM32U599ZJY6QTR, STM32U5A5AJH6, STM32U5A5AJH6Q, STM32U5A5QJI6, STM32U5A5QJI6Q, STM32U5A5RJT6, STM32U5A5RJT6Q, STM32U5A5VJT6, STM32U5A5VJT6Q, STM32U5A5ZJT6, STM32U5A5ZJT6Q, STM32U5A5ZJY6QTR, STM32U5A9BJY6QTR, STM32U5A9J-DK, STM32U5A9NJH6Q, STM32U5A9VJT6Q, STM32U5A9ZJT6Q, STM32U5A9ZJY6QTR, STM32WB1MMCH6, STM32WBA52CEU6, STM32WBA52CEU6T, STM32WBA52CGU6, STM32WBA52CGU6T, STM32WL5MOCH6, STM32WL5MOCH6TR]
2023-08-25 20:55:26,755 [INFO] BoardInfo:880 - No configuration file found for board P-NUCLEO-WB55
2023-08-25 20:55:26,755 [INFO] DbBoards:157 - Kit is not supported: P-NUCLEO-WB55
2023-08-25 20:55:26,764 [INFO] BoardInfo:880 - No configuration file found for board STEVAL-BFA001V1B
2023-08-25 20:55:26,764 [INFO] DbBoards:157 - Kit is not supported: STEVAL-BFA001V1B
2023-08-25 20:55:26,770 [INFO] BoardInfo:880 - No configuration file found for board STEVAL-BFA001V2B
2023-08-25 20:55:26,770 [INFO] DbBoards:157 - Kit is not supported: STEVAL-BFA001V2B
2023-08-25 20:55:26,775 [INFO] BoardInfo:880 - No configuration file found for board STEVAL-SMARTAG2
2023-08-25 20:55:26,775 [INFO] DbBoards:157 - Board is not supported: STEVAL-SMARTAG2
2023-08-25 20:55:26,975 [INFO] DbBoards:161 - Found 188 boards, 184 are supported
2023-08-25 20:55:26,982 [INFO] ApiDb:423 - Load user favorites file C:\Users\LENOVO/.stm32cubeide/favorites.boards.txt: 1 item(s)
2023-08-25 20:55:26,982 [INFO] ApiDb:427 - User favorites Boards=[STM32F407G-DISC1]
2023-08-25 20:55:26,982 [INFO] DbBoards:190 - Set 1 / 1 favorites Boards
2023-08-25 20:55:26,991 [INFO] ApiDb:668 - CubeFinder database Data Model version=2.1
2023-08-25 20:55:26,991 [INFO] ApiDb:669 - CubeFinder database Configuration version=3.0.37
2023-08-25 20:55:26,991 [INFO] ApiDb:670 - CubeFinder database generation date=2023-08-09 (1691586011)
2023-08-25 20:55:26,991 [INFO] ApiDb:671 - CubeFinder database FW Pack versions=[FP-ATR-ASTRA1_V2.0.0, FP-SNS-FLIGHT1_V5.0.1, FP-SNS-FLIGHT1_V5.0.2, FP-SNS-MOTENV1_V4.3.1, FP-SNS-MOTENV1_V4.3.2, STM32Cube_FW_C0_V1.1.0, STM32Cube_FW_F4_V1.27.1, STM32Cube_FW_F7_V1.17.0, STM32Cube_FW_G0_V1.6.1, STM32Cube_FW_G4_V1.5.1, STM32Cube_FW_H5_V0.5.1, STM32Cube_FW_H5_V1.1.0, STM32Cube_FW_H7_V1.11.0, STM32Cube_FW_L0_V1.12.2, STM32Cube_FW_L5_V1.5.0, STM32Cube_FW_U5_V1.3.0, STM32Cube_FW_U5_V1.3.0RC4, STM32Cube_FW_WBA_V1.0.0RC1, STM32Cube_FW_WBA_V1.1.0, STM32Cube_FW_WBA_V1.1.0RC1, STM32Cube_FW_WB_V1.15.0RC1, STM32Cube_FW_WB_V1.16.0, STM32Cube_FW_WB_V1.16.0RC2, STM32Cube_FW_WB_V1.17.0, STM32Cube_FW_WL_V1.3.0, X-CUBE-ALGOBUILD_V1.3.0, X-CUBE-ALS_V1.0.1, X-CUBE-AZRTOS-F4_V1.1.0, X-CUBE-AZRTOS-F7_V1.1.0, X-CUBE-AZRTOS-G0_V1.1.0, X-CUBE-AZRTOS-G4_V2.0.0, X-CUBE-AZRTOS-H7_V3.1.0, X-CUBE-AZRTOS-L4_V1.0.0, X-CUBE-AZRTOS-L4_V2.0.0, X-CUBE-AZRTOS-L5_V1.1.0, X-CUBE-AZRTOS-WB_V1.1.0, X-CUBE-AZRTOS-WL_V2.0.0, X-CUBE-BLE1_V7.0.0, X-CUBE-BLE2_V3.3.0, X-CUBE-BLEMGR_V2.0.0, X-CUBE-EEPRMA1_V4.1.0, X-CUBE-FREERTOS_V1.1.0, X-CUBE-GNSS1_V6.0.0, X-CUBE-MEMS1_V9.1.0, X-CUBE-MEMS1_V9.4.0, X-CUBE-MEMS1_V9.6.0, X-CUBE-NFC4_V3.0.0, X-CUBE-NFC7_V1.0.0, X-CUBE-SFXS2LP1_V4.0.0, X-CUBE-SUBG2_V5.0.0, X-CUBE-TOF1_V3.3.1]
2023-08-25 20:55:28,372 [INFO] DbExamplesSqlite:376 - Ignored 27 examples not supported by CubeIDE
2023-08-25 20:55:28,372 [INFO] DbExamplesSqlite:377 - Found 7231 examples active
2023-08-25 20:55:28,372 [INFO] DbExamplesSqlite:378 - Found 677 examples obsolete
2023-08-25 20:55:28,372 [INFO] DbExamplesSqlite:379 - Found 0 examples under development
2023-08-25 20:55:28,372 [INFO] DbExamplesSqlite:380 - Found 74 examples not building
2023-08-25 20:55:28,387 [INFO] DbExamples:125 - Found 7278 examples
2023-08-25 20:55:28,435 [ERROR] DbExamples:208 - Found 22 examples with invalid data (board or MCU)
2023-08-25 20:55:28,435 [INFO] DbExamples:222 - Found 91 boards with related examples
2023-08-25 20:55:28,435 [INFO] DbExamples:235 - Found 77 MCUs with related examples
2023-08-25 20:55:28,452 [INFO] ApiDb:414 - User favorites file not found: C:\Users\LENOVO/.stm32cubeide/favorites.examples.txt
2023-08-25 20:55:28,452 [INFO] DbExamples:250 - Set 0 / 0 favorites Examples
2023-08-25 20:55:28,984 [INFO] McuFinderGlobals:66 - Set McuFinderConnectedMode to true
2023-08-25 20:55:29,032 [INFO] MultiScanPanel:200 - Auto-refresh data requested => check proxy status ongoing
2023-08-25 20:55:29,032 [INFO] FinderPluginLoader:95 - Searching for filters in installed packs
2023-08-25 20:55:31,692 [INFO] LoadUrlFilesThread:185 - End of LoadServerUrlFiles without Thread
2023-08-25 20:55:31,700 [INFO] DetailPanel:341 - Set advertising image to C:/Users/LENOVO/STM32Cube/Repository/\en.prom-stm32h5-mcu-finder.jpg
2023-08-25 20:56:12,750 [INFO] MainUpdater:2854 - connection check result : 10
2023-08-25 20:56:12,750 [INFO] MainUpdater:2854 - connection check result : 10
2023-08-25 20:56:12,830 [INFO] MicroXplorer:468 - Change Database Path : 
2023-08-25 20:56:12,830 [INFO] MicroXplorer:498 - Change Database Version : DB.6.0.80
2023-08-25 20:56:12,830 [WARN] ThirdParty:871 - waiting for thirdparty lock release [close project]
2023-08-25 20:56:12,832 [INFO] ThirdParty:873 - entering critical section [close project]
2023-08-25 20:56:12,832 [INFO] ThirdParty:883 - exiting critical section [close project]
2023-08-25 20:56:12,840 [INFO] PinOutPanel:1499 - setPackage(No Configuration,No Configuration)
2023-08-25 20:56:12,848 [INFO] UtilMem:75 - Begin LoadConfig() Used Memory: 538671144 Bytes (665845760)
2023-08-25 20:56:12,856 [INFO] MicroXplorer:468 - Change Database Path : 
2023-08-25 20:56:12,856 [INFO] MicroXplorer:498 - Change Database Version : DB.6.0.80
2023-08-25 20:56:12,856 [INFO] OpenFileManager:308 - Change cursor
2023-08-25 20:56:13,223 [INFO] Mcu:1937 - Initializing MCU STM32F407VGTx STM32F407VGTx 
2023-08-25 20:56:13,223 [INFO] Mcu:1950 - No CPN specified => set CPN to STM32F407VGT6
2023-08-25 20:56:17,383 [INFO] Context:659 - Trying to add GPIOservice into a context  which must be forbidden
2023-08-25 20:56:18,479 [INFO] ImportTextPane:194 - (OptionalMessage_ERROR) Unable to find key (Mcu.ThirdPartyNb) in loaded IOC file
2023-08-25 20:56:18,479 [INFO] ImportTextPane:194 - (OptionalMessage_ERROR) Unable to find key (Mcu.PinsNb) in loaded IOC file
2023-08-25 20:56:18,479 [INFO] ImportTextPane:194 - (OptionalMessage_ERROR) Unable to find key (Mcu.IPNb) in loaded IOC file
2023-08-25 20:56:19,299 [INFO] RtosManager:555 - Registered RTOS mode: class=CMSIS, group=RTOS, mode=CMSIS_V1, owner=FREERTOS
2023-08-25 20:56:19,299 [INFO] RtosManager:555 - Registered RTOS mode: class=CMSIS, group=RTOS2, mode=CMSIS_V2, owner=FREERTOS
2023-08-25 20:56:19,299 [INFO] RtosManager:555 - Registered RTOS mode: class=RTOS, group=Core, mode=CMSIS_V1, owner=FREERTOS
2023-08-25 20:56:19,299 [INFO] RtosManager:555 - Registered RTOS mode: class=RTOS, group=Core, mode=CMSIS_V2, owner=FREERTOS
2023-08-25 20:56:19,299 [WARN] ModelIntegratedComponent:184 - Missing modes for component STMicroelectronics:FreeRTOS:0.0.1:STMicroelectronics:RTOS:FreeRTOS:Core:::10.2.0:
2023-08-25 20:56:19,365 [WARN] ModelIntegratedComponent:63 - No mode defined for component null
2023-08-25 20:56:19,365 [WARN] ModelIntegratedComponent:63 - No mode defined for component null
2023-08-25 20:56:19,365 [WARN] ModelIntegratedComponent:63 - No mode defined for component null
2023-08-25 20:56:19,365 [WARN] ModelIntegratedComponent:63 - No mode defined for component null
2023-08-25 20:56:19,365 [WARN] ModelIntegratedComponent:63 - No mode defined for component null
2023-08-25 20:56:19,365 [WARN] ModelIntegratedComponent:63 - No mode defined for component null
2023-08-25 20:56:19,365 [WARN] ModelIntegratedComponent:63 - No mode defined for component null
2023-08-25 20:56:19,365 [WARN] ModelIntegratedComponent:63 - No mode defined for component null
2023-08-25 20:56:19,365 [WARN] ModelIntegratedComponent:63 - No mode defined for component null
2023-08-25 20:56:19,365 [WARN] ModelIntegratedComponent:63 - No mode defined for component null
2023-08-25 20:56:19,365 [WARN] ModelIntegratedComponent:63 - No mode defined for component null
2023-08-25 20:56:19,365 [WARN] ModelIntegratedComponent:63 - No mode defined for component null
2023-08-25 20:56:19,365 [WARN] ModelIntegratedComponent:63 - No mode defined for component null
2023-08-25 20:56:19,365 [WARN] ModelIntegratedComponent:63 - No mode defined for component null
2023-08-25 20:56:19,365 [WARN] ModelIntegratedComponent:63 - No mode defined for component null
2023-08-25 20:56:19,365 [WARN] ModelIntegratedComponent:63 - No mode defined for component null
2023-08-25 20:56:19,365 [WARN] ModelIntegratedComponent:63 - No mode defined for component null
2023-08-25 20:56:19,365 [WARN] ModelIntegratedComponent:63 - No mode defined for component null
2023-08-25 20:56:19,365 [WARN] ModelIntegratedComponent:63 - No mode defined for component null
2023-08-25 20:56:19,365 [WARN] ModelIntegratedComponent:63 - No mode defined for component null
2023-08-25 20:56:19,365 [WARN] ModelIntegratedComponent:63 - No mode defined for component null
2023-08-25 20:56:19,365 [WARN] ModelIntegratedComponent:63 - No mode defined for component null
2023-08-25 20:56:19,365 [WARN] ModelIntegratedComponent:63 - No mode defined for component null
2023-08-25 20:56:19,365 [WARN] ModelIntegratedComponent:63 - No mode defined for component null
2023-08-25 20:56:19,369 [WARN] ModelIntegratedComponent:63 - No mode defined for component null
2023-08-25 20:56:19,369 [WARN] ModelIntegratedComponent:63 - No mode defined for component null
2023-08-25 20:56:19,369 [WARN] ModelIntegratedComponent:63 - No mode defined for component null
2023-08-25 20:56:19,369 [WARN] ModelIntegratedComponent:63 - No mode defined for component null
2023-08-25 20:56:19,369 [WARN] ModelIntegratedComponent:63 - No mode defined for component null
2023-08-25 20:56:19,369 [WARN] ModelIntegratedComponent:63 - No mode defined for component null
2023-08-25 20:56:19,369 [WARN] ModelIntegratedComponent:63 - No mode defined for component null
2023-08-25 20:56:19,369 [WARN] ModelIntegratedComponent:63 - No mode defined for component null
2023-08-25 20:56:19,370 [WARN] ModelIntegratedComponent:63 - No mode defined for component null
2023-08-25 20:56:19,636 [INFO] ThirdPartyModel:298 - Start build external matchings
2023-08-25 20:56:22,938 [INFO] ThirdPartyModel:316 - End build external matchings
2023-08-25 20:56:23,709 [INFO] UtilMem:75 - End LoadConfig() Used Memory: 557098536 Bytes (665845760)
2023-08-25 20:56:23,759 [WARN] ThirdParty:833 - waiting for thirdparty lock release [change project]
2023-08-25 20:56:23,759 [INFO] ThirdParty:835 - entering critical section [change project]
2023-08-25 20:56:23,764 [INFO] ThirdParty:1030 - CMSIS Pack Vendor :STMicroelectronics X-CUBE-ISPU 1.1.0
2023-08-25 20:56:23,766 [INFO] ThirdParty:1030 - CMSIS Pack Vendor :RoweBots I-CUBE-UNISONRTOS 5.5.0-4
2023-08-25 20:56:23,766 [INFO] ThirdParty:1030 - CMSIS Pack Vendor :STMicroelectronics X-CUBE-GNSS1 6.0.0
2023-08-25 20:56:23,766 [INFO] ThirdParty:1030 - CMSIS Pack Vendor :STMicroelectronics USB_HOST 2.0.0
2023-08-25 20:56:23,766 [INFO] ThirdParty:1030 - CMSIS Pack Vendor :STMicroelectronics X-CUBE-AZRTOS-F4 1.1.0
2023-08-25 20:56:23,766 [INFO] ThirdParty:1030 - CMSIS Pack Vendor :STMicroelectronics LIBJPEG 8.0.0
2023-08-25 20:56:23,766 [INFO] ThirdParty:1030 - CMSIS Pack Vendor :STMicroelectronics X-CUBE-SMBUS 2.1.0
2023-08-25 20:56:23,766 [INFO] ThirdParty:1030 - CMSIS Pack Vendor :STMicroelectronics USB_DEVICE 3.0.0
2023-08-25 20:56:23,766 [INFO] ThirdParty:1030 - CMSIS Pack Vendor :STMicroelectronics X-CUBE-AI 8.0.0
2023-08-25 20:56:23,766 [INFO] ThirdParty:1030 - CMSIS Pack Vendor :STMicroelectronics X-CUBE-AZRTOS-WB 2.0.0
2023-08-25 20:56:23,766 [INFO] ThirdParty:1030 - CMSIS Pack Vendor :STMicroelectronics X-CUBE-FREERTOS 1.0.0
2023-08-25 20:56:23,766 [INFO] ThirdParty:1030 - CMSIS Pack Vendor :STMicroelectronics X-CUBE-FREERTOS 1.0.1
2023-08-25 20:56:23,766 [INFO] ThirdParty:1030 - CMSIS Pack Vendor :STMicroelectronics X-CUBE-TOUCHGFX 4.21.1
2023-08-25 20:56:23,766 [INFO] ThirdParty:1030 - CMSIS Pack Vendor :STMicroelectronics X-CUBE-TOUCHGFX 4.21.3
2023-08-25 20:56:23,766 [INFO] ThirdParty:1030 - CMSIS Pack Vendor :STMicroelectronics X-CUBE-AZRTOS-F7 1.1.0
2023-08-25 20:56:23,766 [INFO] ThirdParty:1030 - CMSIS Pack Vendor :STMicroelectronics X-CUBE-TOUCHGFX 4.21.4
2023-08-25 20:56:23,769 [INFO] ThirdParty:1030 - CMSIS Pack Vendor :STMicroelectronics X-CUBE-AZRTOS-L5 2.0.0
2023-08-25 20:56:23,769 [INFO] ThirdParty:1030 - CMSIS Pack Vendor :STMicroelectronics X-CUBE-MEMS1 9.4.0
2023-08-25 20:56:23,769 [INFO] ThirdParty:1030 - CMSIS Pack Vendor :STMicroelectronics USB_DEVICE 2.0.0
2023-08-25 20:56:23,769 [INFO] ThirdParty:1030 - CMSIS Pack Vendor :STMicroelectronics X-CUBE-AI 7.3.0
2023-08-25 20:56:23,769 [INFO] ThirdParty:1030 - CMSIS Pack Vendor :STMicroelectronics X-CUBE-MEMS1 9.6.0
2023-08-25 20:56:23,769 [INFO] ThirdParty:1030 - CMSIS Pack Vendor :STMicroelectronics FP-SNS-MOTENV1 4.3.2
2023-08-25 20:56:23,770 [INFO] ThirdParty:1030 - CMSIS Pack Vendor :STMicroelectronics FP-SNS-MOTENV1 4.3.1
2023-08-25 20:56:23,770 [INFO] ThirdParty:1030 - CMSIS Pack Vendor :STMicroelectronics FP-SNS-FLIGHT1 5.0.1
2023-08-25 20:56:23,770 [INFO] ThirdParty:1030 - CMSIS Pack Vendor :STMicroelectronics X-CUBE-ALGOBUILD 1.3.0
2023-08-25 20:56:23,770 [INFO] ThirdParty:1030 - CMSIS Pack Vendor :STMicroelectronics X-CUBE-BLE1 6.2.4
2023-08-25 20:56:23,770 [INFO] ThirdParty:1030 - CMSIS Pack Vendor :STMicroelectronics X-CUBE-AZRTOS-L5 1.1.0
2023-08-25 20:56:23,770 [INFO] ThirdParty:1030 - CMSIS Pack Vendor :STMicroelectronics FreeRTOS 0.0.1
2023-08-25 20:56:23,770 [INFO] ThirdParty:1030 - CMSIS Pack Vendor :STMicroelectronics X-CUBE-AZRTOS-G0 1.1.0
2023-08-25 20:56:23,771 [INFO] ThirdParty:1030 - CMSIS Pack Vendor :emotas I-CUBE-CANOPEN 1.1.3
2023-08-25 20:56:23,771 [INFO] ThirdParty:1030 - CMSIS Pack Vendor :STMicroelectronics X-CUBE-BLEMGR 2.0.0
2023-08-25 20:56:23,771 [INFO] ThirdParty:1030 - CMSIS Pack Vendor :STMicroelectronics X-CUBE-AI 8.0.1
2023-08-25 20:56:23,772 [INFO] ThirdParty:1030 - CMSIS Pack Vendor :STMicroelectronics X-CUBE-NFC4 3.0.0
2023-08-25 20:56:23,772 [INFO] ThirdParty:1030 - CMSIS Pack Vendor :STMicroelectronics X-CUBE-SUBG2 5.0.0
2023-08-25 20:56:23,772 [INFO] ThirdParty:1030 - CMSIS Pack Vendor :STMicroelectronics STM32_WPAN 1.0.0
2023-08-25 20:56:23,772 [INFO] ThirdParty:1030 - CMSIS Pack Vendor :STMicroelectronics lwIP 2.0.3
2023-08-25 20:56:23,772 [INFO] ThirdParty:1030 - CMSIS Pack Vendor :STMicroelectronics FP-SNS-FLIGHT1 5.0.2
2023-08-25 20:56:23,772 [INFO] ThirdParty:1030 - CMSIS Pack Vendor :STMicroelectronics USB_HOST 1.0.0
2023-08-25 20:56:23,772 [INFO] ThirdParty:1030 - CMSIS Pack Vendor :STMicroelectronics X-CUBE-TOF1 3.3.1
2023-08-25 20:56:23,772 [INFO] ThirdParty:1030 - CMSIS Pack Vendor :STMicroelectronics X-CUBE-AZRTOS-G4 2.0.0
2023-08-25 20:56:23,772 [INFO] ThirdParty:1030 - CMSIS Pack Vendor :STMicroelectronics PDM2PCM 3.1.0
2023-08-25 20:56:23,772 [INFO] ThirdParty:1030 - CMSIS Pack Vendor :STMicroelectronics X-CUBE-AZRTOS-H7 3.1.0
2023-08-25 20:56:23,772 [INFO] ThirdParty:1030 - CMSIS Pack Vendor :STMicroelectronics X-CUBE-TOF1 3.3.0
2023-08-25 20:56:23,772 [INFO] ThirdParty:1030 - CMSIS Pack Vendor :STMicroelectronics FP-ATR-ASTRA1 1.1.1
2023-08-25 20:56:23,772 [INFO] ThirdParty:1030 - CMSIS Pack Vendor :STMicroelectronics PDM2PCM 3.3.0
2023-08-25 20:56:23,774 [INFO] ThirdParty:1030 - CMSIS Pack Vendor :STMicroelectronics X-CUBE-DISPLAY 3.0.0
2023-08-25 20:56:23,774 [INFO] ThirdParty:1030 - CMSIS Pack Vendor :STMicroelectronics X-CUBE-BLEMGR 1.3.0
2023-08-25 20:56:23,774 [INFO] ThirdParty:1030 - CMSIS Pack Vendor :STMicroelectronics X-CUBE-BLE1 7.0.0
2023-08-25 20:56:23,774 [INFO] ThirdParty:1030 - CMSIS Pack Vendor :STMicroelectronics FP-ATR-SIGFOX1 3.2.0
2023-08-25 20:56:23,774 [INFO] ThirdParty:1030 - CMSIS Pack Vendor :STMicroelectronics X-CUBE-AZRTOS-G4 1.0.0
2023-08-25 20:56:23,774 [INFO] ThirdParty:1030 - CMSIS Pack Vendor :wolfSSL I-CUBE-wolfSSL 5.5.4
2023-08-25 20:56:23,774 [INFO] ThirdParty:1030 - CMSIS Pack Vendor :STMicroelectronics X-CUBE-AZRTOS-L4 1.0.0
2023-08-25 20:56:23,774 [INFO] ThirdParty:1030 - CMSIS Pack Vendor :STMicroelectronics HAL Drivers 0.0.0
2023-08-25 20:56:23,774 [INFO] ThirdParty:1030 - CMSIS Pack Vendor :STMicroelectronics MBEDTLS 2.16.2
2023-08-25 20:56:23,774 [INFO] ThirdParty:1030 - CMSIS Pack Vendor :STMicroelectronics X-CUBE-TOUCHGFX 4.22.0
2023-08-25 20:56:23,774 [INFO] ThirdParty:1030 - CMSIS Pack Vendor :STMicroelectronics X-CUBE-NFC7 1.0.1
2023-08-25 20:56:23,774 [INFO] ThirdParty:1030 - CMSIS Pack Vendor :STMicroelectronics MBEDTLS 2.14.1
2023-08-25 20:56:23,774 [INFO] ThirdParty:1030 - CMSIS Pack Vendor :STMicroelectronics X-CUBE-NFC7 1.0.0
2023-08-25 20:56:23,774 [INFO] ThirdParty:1030 - CMSIS Pack Vendor :STMicroelectronics X-CUBE-AZRTOS-WL 1.0.0
2023-08-25 20:56:23,774 [INFO] ThirdParty:1030 - CMSIS Pack Vendor :STMicroelectronics X-CUBE-EEPRMA1 4.1.0
2023-08-25 20:56:23,774 [INFO] ThirdParty:1030 - CMSIS Pack Vendor :portGmbH I-Cube-SoM-uGOAL 1.1.0
2023-08-25 20:56:23,774 [INFO] ThirdParty:1030 - CMSIS Pack Vendor :STMicroelectronics X-CUBE-ALS 1.0.1
2023-08-25 20:56:23,774 [INFO] ThirdParty:1030 - CMSIS Pack Vendor :STMicroelectronics X-CUBE-MEMS1 9.5.0
2023-08-25 20:56:23,774 [INFO] ThirdParty:1030 - CMSIS Pack Vendor :STMicroelectronics ThreadX 1.0.0
2023-08-25 20:56:23,779 [INFO] ThirdParty:1030 - CMSIS Pack Vendor :STMicroelectronics X-CUBE-AZRTOS-WB 1.1.0
2023-08-25 20:56:23,779 [INFO] ThirdParty:1030 - CMSIS Pack Vendor :STMicroelectronics X-CUBE-AZRTOS-WL 2.0.0
2023-08-25 20:56:23,779 [INFO] ThirdParty:1030 - CMSIS Pack Vendor :SEGGER I-CUBE-embOS 1.3.1
2023-08-25 20:56:23,779 [INFO] ThirdParty:1030 - CMSIS Pack Vendor :STMicroelectronics USB_DEVICE 1.0.0
2023-08-25 20:56:23,779 [INFO] ThirdParty:1030 - CMSIS Pack Vendor :STMicroelectronics X-CUBE-AI 8.1.0
2023-08-25 20:56:23,779 [INFO] ThirdParty:1030 - CMSIS Pack Vendor :STMicroelectronics X-CUBE-AZRTOS-L4 2.0.0
2023-08-25 20:56:23,779 [INFO] ThirdParty:1030 - CMSIS Pack Vendor :STMicroelectronics ThreadX 0.0.2
2023-08-25 20:56:23,779 [INFO] ThirdParty:1030 - CMSIS Pack Vendor :WES I-CUBE-Cesium 1.3.0
2023-08-25 20:56:23,779 [INFO] ThirdParty:1030 - CMSIS Pack Vendor :STMicroelectronics FP-ATR-ASTRA1 2.0.0
2023-08-25 20:56:23,779 [INFO] ThirdParty:1030 - CMSIS Pack Vendor :STMicroelectronics lwIP 2.1.2
2023-08-25 20:56:23,779 [INFO] ThirdParty:1030 - CMSIS Pack Vendor :STMicroelectronics X-CUBE-SFXS2LP1 4.0.0
2023-08-25 20:56:23,779 [INFO] ThirdParty:1030 - CMSIS Pack Vendor :STMicroelectronics X-CUBE-BLE2 3.3.0
2023-08-25 20:56:23,779 [INFO] ThirdParty:1030 - CMSIS Pack Vendor :STMicroelectronics X-CUBE-TOF1 3.2.0
2023-08-25 20:56:23,779 [INFO] ThirdParty:1030 - CMSIS Pack Vendor :STMicroelectronics PDM2PCM 3.2.0
2023-08-25 20:56:23,782 [INFO] ThirdParty:1030 - CMSIS Pack Vendor :STMicroelectronics X-CUBE-AZRTOS-H7 3.0.0
2023-08-25 20:56:23,783 [INFO] ThirdParty:841 - exiting critical section [change project]
2023-08-25 20:56:25,102 [INFO] PinOutPanel:1499 - setPackage(No Configuration,No Configuration)
2023-08-25 20:56:25,102 [INFO] PinOutPanel:1499 - setPackage(STM32F407VGTx,LQFP100)
2023-08-25 20:56:26,614 [INFO] UtilMem:75 - Before build in PCC Used Memory: 563472352 Bytes (683671552)
2023-08-25 20:56:28,549 [INFO] UtilMem:75 - After build in PCC Used Memory: 576274976 Bytes (683671552)
2023-08-25 20:56:28,642 [INFO] IPUIPlugin:80 - create IPUIPlugin
2023-08-25 20:56:28,642 [INFO] IPUIPlugin:80 - create IPUIPlugin
2023-08-25 20:56:28,642 [INFO] IPUIPlugin:80 - create IPUIPlugin
2023-08-25 20:56:28,642 [INFO] IPUIPlugin:80 - create IPUIPlugin
2023-08-25 20:56:28,646 [INFO] IPUIPlugin:80 - create IPUIPlugin
2023-08-25 20:56:28,646 [INFO] IPUIPlugin:80 - create IPUIPlugin
2023-08-25 20:56:28,646 [INFO] IPUIPlugin:80 - create IPUIPlugin
2023-08-25 20:56:28,646 [INFO] IPUIPlugin:80 - create IPUIPlugin
2023-08-25 20:56:28,649 [INFO] IPUIPlugin:80 - create IPUIPlugin
2023-08-25 20:56:28,649 [INFO] IPUIPlugin:80 - create IPUIPlugin
2023-08-25 20:56:28,650 [INFO] IPUIPlugin:80 - create IPUIPlugin
2023-08-25 20:56:28,650 [INFO] IPUIPlugin:80 - create IPUIPlugin
2023-08-25 20:56:28,650 [INFO] IPUIPlugin:80 - create IPUIPlugin
2023-08-25 20:56:28,650 [INFO] IPUIPlugin:80 - create IPUIPlugin
2023-08-25 20:56:28,650 [INFO] IPUIPlugin:80 - create IPUIPlugin
2023-08-25 20:56:28,659 [INFO] IPUIPlugin:80 - create IPUIPlugin
2023-08-25 20:56:28,659 [INFO] IPUIPlugin:80 - create IPUIPlugin
2023-08-25 20:56:28,659 [INFO] IPUIPlugin:80 - create IPUIPlugin
2023-08-25 20:56:28,667 [INFO] IPUIPlugin:80 - create IPUIPlugin
2023-08-25 20:56:28,668 [INFO] IPUIPlugin:80 - create IPUIPlugin
2023-08-25 20:56:28,669 [INFO] IPUIPlugin:80 - create IPUIPlugin
2023-08-25 20:56:28,670 [INFO] IPUIPlugin:80 - create IPUIPlugin
2023-08-25 20:56:28,670 [INFO] IPUIPlugin:80 - create IPUIPlugin
2023-08-25 20:56:28,670 [INFO] IPUIPlugin:80 - create IPUIPlugin
2023-08-25 20:56:28,670 [INFO] IPUIPlugin:80 - create IPUIPlugin
2023-08-25 20:56:28,670 [INFO] IPUIPlugin:80 - create IPUIPlugin
2023-08-25 20:56:28,670 [INFO] IPUIPlugin:80 - create IPUIPlugin
2023-08-25 20:56:28,674 [INFO] IPUIPlugin:80 - create IPUIPlugin
2023-08-25 20:56:28,675 [INFO] IPUIPlugin:80 - create IPUIPlugin
2023-08-25 20:56:28,675 [INFO] IPUIPlugin:80 - create IPUIPlugin
2023-08-25 20:56:28,675 [INFO] IPUIPlugin:80 - create IPUIPlugin
2023-08-25 20:56:28,675 [INFO] IPUIPlugin:80 - create IPUIPlugin
2023-08-25 20:56:28,675 [INFO] IPUIPlugin:80 - create IPUIPlugin
2023-08-25 20:56:28,678 [INFO] IPUIPlugin:80 - create IPUIPlugin
2023-08-25 20:56:28,678 [INFO] IPUIPlugin:80 - create IPUIPlugin
2023-08-25 20:56:28,678 [INFO] IPUIPlugin:80 - create IPUIPlugin
2023-08-25 20:56:28,683 [INFO] IPUIPlugin:80 - create IPUIPlugin
2023-08-25 20:56:28,683 [INFO] IPUIPlugin:80 - create IPUIPlugin
2023-08-25 20:56:28,683 [INFO] IPUIPlugin:80 - create IPUIPlugin
2023-08-25 20:56:28,683 [INFO] IPUIPlugin:80 - create IPUIPlugin
2023-08-25 20:56:28,683 [INFO] IPUIPlugin:80 - create IPUIPlugin
2023-08-25 20:56:28,683 [INFO] IPUIPlugin:80 - create IPUIPlugin
2023-08-25 20:56:28,683 [INFO] IPUIPlugin:80 - create IPUIPlugin
2023-08-25 20:56:28,688 [INFO] IPUIPlugin:80 - create IPUIPlugin
2023-08-25 20:56:28,688 [INFO] IPUIPlugin:80 - create IPUIPlugin
2023-08-25 20:56:28,690 [INFO] IPUIPlugin:80 - create IPUIPlugin
2023-08-25 20:56:28,691 [INFO] IPUIPlugin:80 - create IPUIPlugin
2023-08-25 20:56:28,716 [INFO] IPUIPlugin:80 - create IPUIPlugin
2023-08-25 20:56:28,719 [INFO] IPUIPlugin:80 - create IPUIPlugin
2023-08-25 20:56:28,724 [INFO] IPUIPlugin:80 - create IPUIPlugin
2023-08-25 20:56:28,724 [INFO] IPUIPlugin:80 - create IPUIPlugin
2023-08-25 20:56:28,729 [INFO] IPUIPlugin:80 - create IPUIPlugin
2023-08-25 20:56:28,729 [INFO] IPUIPlugin:80 - create IPUIPlugin
2023-08-25 20:56:28,732 [INFO] IPUIPlugin:80 - create IPUIPlugin
2023-08-25 20:56:28,732 [INFO] IPUIPlugin:80 - create IPUIPlugin
2023-08-25 20:56:28,732 [INFO] IPUIPlugin:80 - create IPUIPlugin
2023-08-25 20:56:28,732 [INFO] IPUIPlugin:80 - create IPUIPlugin
2023-08-25 20:56:28,732 [INFO] IPUIPlugin:80 - create IPUIPlugin
2023-08-25 20:56:28,869 [INFO] ApiDbMcu:507 - Load IP Config File for PDM2PCM
2023-08-25 20:56:29,373 [INFO] CADModel:165 - CPN selected for project levelSTM32F407VGT6
2023-08-25 20:56:29,373 [INFO] CADModel:114 - Register for checkConnection events
2023-08-25 20:56:29,443 [INFO] OpenFileManager:328 - Restore cursor
2023-08-25 20:56:35,395 [INFO] UtilMem:75 - End SaveConfig() Used Memory: 609040472 Bytes (683671552)
2023-08-25 20:56:35,553 [INFO] UtilMem:75 - End SaveConfig() Used Memory: 571871864 Bytes (683671552)
2023-08-25 20:56:37,921 [INFO] BlockDiagram:2759 - set Specific Code input for plugin: RCC
2023-08-25 20:56:37,923 [INFO] BlockDiagram:2759 - set Specific Code input for plugin: NVIC
2023-08-25 20:56:37,928 [INFO] CodeGenerator:793 - code generatio: config db path: C:\ST\STM32CubeIDE_1.12.0\STM32CubeIDE\plugins\com.st.stm32cube.common.mx_6.8.0.202302231600\\db\
2023-08-25 20:56:39,018 [INFO] CodeEngine:255 - oldGeneratedFile, C:\Users\LENOVO\STM32CubeIDE\workspace_1.12.0\010_1_I2C_ADXL345\MXTmpFiles\license.tmp_save
2023-08-25 20:56:40,043 [INFO] CodeEngine:279 - Generated code: C:\Users\LENOVO\STM32CubeIDE\workspace_1.12.0\010_1_I2C_ADXL345\MXTmpFiles\license.tmp
2023-08-25 20:56:40,084 [INFO] CodeEngine:255 - oldGeneratedFile, C:\Users\LENOVO\STM32CubeIDE\workspace_1.12.0\010_1_I2C_ADXL345\Core\Src\stm32f4xx_it.c_save
2023-08-25 20:56:40,449 [INFO] CodeEngine:279 - Generated code: C:\Users\LENOVO\STM32CubeIDE\workspace_1.12.0\010_1_I2C_ADXL345\Core\Src\stm32f4xx_it.c
2023-08-25 20:56:40,468 [INFO] CodeEngine:255 - oldGeneratedFile, C:\Users\LENOVO\STM32CubeIDE\workspace_1.12.0\010_1_I2C_ADXL345\Core\Inc\stm32f4xx_it.h_save
2023-08-25 20:56:40,698 [INFO] CodeEngine:279 - Generated code: C:\Users\LENOVO\STM32CubeIDE\workspace_1.12.0\010_1_I2C_ADXL345\Core\Inc\stm32f4xx_it.h
2023-08-25 20:56:40,982 [INFO] CodeEngine:255 - oldGeneratedFile, C:\Users\LENOVO\STM32CubeIDE\workspace_1.12.0\010_1_I2C_ADXL345\Core\Src\stm32f4xx_hal_msp.c_save
2023-08-25 20:56:41,405 [INFO] CodeEngine:279 - Generated code: C:\Users\LENOVO\STM32CubeIDE\workspace_1.12.0\010_1_I2C_ADXL345\Core\Src\stm32f4xx_hal_msp.c
2023-08-25 20:56:41,427 [INFO] CodeEngine:255 - oldGeneratedFile, C:\Users\LENOVO\STM32CubeIDE\workspace_1.12.0\010_1_I2C_ADXL345\MXTmpFiles\system.tmp_save
2023-08-25 20:56:41,613 [INFO] CodeEngine:279 - Generated code: C:\Users\LENOVO\STM32CubeIDE\workspace_1.12.0\010_1_I2C_ADXL345\MXTmpFiles\system.tmp
2023-08-25 20:56:41,651 [INFO] CodeEngine:311 - oldGeneratedFile, C:\Users\LENOVO\STM32CubeIDE\workspace_1.12.0\010_1_I2C_ADXL345\Core\Inc\stm32f4xx_hal_conf.h_save
2023-08-25 20:56:42,098 [INFO] CodeEngine:335 - Generated code: C:\Users\LENOVO\STM32CubeIDE\workspace_1.12.0\010_1_I2C_ADXL345\Core\Inc\stm32f4xx_hal_conf.h
2023-08-25 20:56:42,234 [INFO] CodeEngine:255 - oldGeneratedFile, C:\Users\LENOVO\STM32CubeIDE\workspace_1.12.0\010_1_I2C_ADXL345\Core\Inc\main.h_save
2023-08-25 20:56:42,500 [INFO] CodeEngine:279 - Generated code: C:\Users\LENOVO\STM32CubeIDE\workspace_1.12.0\010_1_I2C_ADXL345\Core\Inc\main.h
2023-08-25 20:56:42,514 [INFO] CodeEngine:255 - oldGeneratedFile, C:\Users\LENOVO\STM32CubeIDE\workspace_1.12.0\010_1_I2C_ADXL345\Core\Src\main.c_save
2023-08-25 20:56:42,803 [INFO] CodeEngine:279 - Generated code: C:\Users\LENOVO\STM32CubeIDE\workspace_1.12.0\010_1_I2C_ADXL345\Core\Src\main.c
2023-08-25 20:56:44,440 [INFO] ProjectBuilder:2996 - Time for Copy HAL[1] : 659mS.
2023-08-25 20:56:44,470 [INFO] ProjectBuilder:4304 - Project Generator version: 3.19.2
2023-08-25 20:56:45,184 [INFO] ConfigFileManager:1483 - The Die is : DIE413
2023-08-25 20:56:45,219 [INFO] ApiDbMcu:507 - Load IP Config File for FATFS
2023-08-25 20:56:45,263 [INFO] ApiDbMcu:507 - Load IP Config File for FREERTOS
2023-08-25 20:56:45,283 [INFO] ApiDbMcu:507 - Load IP Config File for LIBJPEG
2023-08-25 20:56:45,326 [INFO] ApiDbMcu:507 - Load IP Config File for LWIP
2023-08-25 20:56:45,392 [INFO] ApiDbMcu:507 - Load IP Config File for MBEDTLS
2023-08-25 20:56:45,429 [INFO] ApiDbMcu:507 - Load IP Config File for USB_DEVICE
2023-08-25 20:56:45,454 [INFO] ApiDbMcu:507 - Load IP Config File for USB_HOST
2023-08-25 20:56:48,712 [INFO] LogOutputStream:77 - [STDOUT_REDIRECT] 
2023-08-25 20:56:59,239 [INFO] ProjectBuilder:4505 - Time for Generating toolchain IDE Files: 14769mS.
2023-08-25 20:56:59,239 [INFO] ProjectBuilder:2867 - Time for Copy CMSIS : 0mS.
2023-08-25 20:56:59,239 [INFO] ProjectBuilder:2867 - Time for Copy CMSIS : 0mS.
2023-08-25 20:57:02,040 [INFO] McuFinderGlobals:66 - Set McuFinderConnectedMode to true
2023-08-25 20:57:02,040 [INFO] ApiDb:448 - Save user favorites file C:\Users\LENOVO/.stm32cubeide/favorites.mcus.txt: 0 item(s)
2023-08-25 20:57:02,040 [INFO] ApiDb:452 - User favorites MCUs=[]
2023-08-25 21:02:02,123 [WARN] IP:2113 - I2C_Coeff_DF not found: check if there is a RefParameter without a condition.
2023-08-25 21:02:02,123 [WARN] IP:2113 - Analog_Filter not found: check if there is a RefParameter without a condition.
2023-08-25 21:02:02,167 [WARN] IP:2113 - I2C_Coeff_DF not found: check if there is a RefParameter without a condition.
2023-08-25 21:02:02,167 [WARN] IP:2113 - Analog_Filter not found: check if there is a RefParameter without a condition.
2023-08-25 21:02:02,167 [WARN] IP:2113 - I2C_Coeff_DF not found: check if there is a RefParameter without a condition.
2023-08-25 21:02:02,167 [WARN] IP:2113 - Analog_Filter not found: check if there is a RefParameter without a condition.
2023-08-25 21:02:02,387 [WARN] IP:2113 - I2C_Coeff_DF not found: check if there is a RefParameter without a condition.
2023-08-25 21:02:02,387 [WARN] IP:2113 - Analog_Filter not found: check if there is a RefParameter without a condition.
2023-08-25 21:02:02,395 [WARN] IP:2113 - I2C_Coeff_DF not found: check if there is a RefParameter without a condition.
2023-08-25 21:02:02,395 [WARN] IP:2113 - Analog_Filter not found: check if there is a RefParameter without a condition.
2023-08-25 21:02:20,213 [WARN] IP:2113 - I2C_Coeff_DF not found: check if there is a RefParameter without a condition.
2023-08-25 21:02:20,213 [WARN] IP:2113 - Analog_Filter not found: check if there is a RefParameter without a condition.
2023-08-25 21:02:20,217 [WARN] IP:2113 - I2C_Coeff_DF not found: check if there is a RefParameter without a condition.
2023-08-25 21:02:20,217 [WARN] IP:2113 - Analog_Filter not found: check if there is a RefParameter without a condition.
2023-08-25 21:02:20,333 [WARN] IP:2113 - I2C_Coeff_DF not found: check if there is a RefParameter without a condition.
2023-08-25 21:02:20,333 [WARN] IP:2113 - Analog_Filter not found: check if there is a RefParameter without a condition.
2023-08-25 21:02:20,351 [WARN] IP:2113 - I2C_Coeff_DF not found: check if there is a RefParameter without a condition.
2023-08-25 21:02:20,351 [WARN] IP:2113 - Analog_Filter not found: check if there is a RefParameter without a condition.
2023-08-25 21:03:15,731 [INFO] NvicIntPanel:101 - NVIC parent = com.st.microxplorer.plugins.ip.nvic.MultiNvicIntPanel[,0,0,450x196,layout=javax.swing.BoxLayout,alignmentX=0.0,alignmentY=0.0,border=,flags=9,maximumSize=,minimumSize=,preferredSize=]
2023-08-25 21:03:31,516 [WARN] IP:2113 - I2C_Coeff_DF not found: check if there is a RefParameter without a condition.
2023-08-25 21:03:31,516 [WARN] IP:2113 - Analog_Filter not found: check if there is a RefParameter without a condition.
2023-08-25 21:03:46,710 [WARN] IP:2113 - I2C_Coeff_DF not found: check if there is a RefParameter without a condition.
2023-08-25 21:03:46,710 [WARN] IP:2113 - Analog_Filter not found: check if there is a RefParameter without a condition.
2023-08-25 21:03:46,710 [WARN] IP:2113 - I2C_Coeff_DF not found: check if there is a RefParameter without a condition.
2023-08-25 21:03:46,710 [WARN] IP:2113 - Analog_Filter not found: check if there is a RefParameter without a condition.
2023-08-25 21:04:02,764 [INFO] UtilMem:75 - End SaveConfig() Used Memory: 767292048 Bytes (933232640)
2023-08-25 21:04:03,032 [INFO] UtilMem:75 - End SaveConfig() Used Memory: 790895704 Bytes (933232640)
2023-08-25 21:04:05,492 [INFO] UtilMem:75 - End SaveConfig() Used Memory: 608374504 Bytes (933232640)
2023-08-25 21:04:06,278 [INFO] BlockDiagram:2759 - set Specific Code input for plugin: RCC
2023-08-25 21:04:06,278 [INFO] BlockDiagram:2759 - set Specific Code input for plugin: I2C
2023-08-25 21:04:06,278 [INFO] BlockDiagram:2759 - set Specific Code input for plugin: NVIC
2023-08-25 21:04:06,278 [INFO] BlockDiagram:2759 - set Specific Code input for plugin: GPIO
2023-08-25 21:04:06,278 [INFO] CodeGenerator:793 - code generatio: config db path: C:\ST\STM32CubeIDE_1.12.0\STM32CubeIDE\plugins\com.st.stm32cube.common.mx_6.8.0.202302231600\\db\
2023-08-25 21:04:06,283 [WARN] IP:2113 - I2C_Coeff_DF not found: check if there is a RefParameter without a condition.
2023-08-25 21:04:06,283 [WARN] IP:2113 - Analog_Filter not found: check if there is a RefParameter without a condition.
2023-08-25 21:04:06,631 [INFO] CodeEngine:255 - oldGeneratedFile, C:\Users\LENOVO\STM32CubeIDE\workspace_1.12.0\010_1_I2C_ADXL345\MXTmpFiles\license.tmp_save
2023-08-25 21:04:06,991 [INFO] CodeEngine:279 - Generated code: C:\Users\LENOVO\STM32CubeIDE\workspace_1.12.0\010_1_I2C_ADXL345\MXTmpFiles\license.tmp
2023-08-25 21:04:07,203 [INFO] CodeEngine:255 - oldGeneratedFile, C:\Users\LENOVO\STM32CubeIDE\workspace_1.12.0\010_1_I2C_ADXL345\MXTmpFiles\gpio.tmp_save
2023-08-25 21:04:07,422 [INFO] CodeEngine:279 - Generated code: C:\Users\LENOVO\STM32CubeIDE\workspace_1.12.0\010_1_I2C_ADXL345\MXTmpFiles\gpio.tmp
2023-08-25 21:04:07,553 [INFO] CodeEngine:255 - oldGeneratedFile, C:\Users\LENOVO\STM32CubeIDE\workspace_1.12.0\010_1_I2C_ADXL345\Core\Src\stm32f4xx_it.c_save
2023-08-25 21:04:07,769 [INFO] CodeEngine:279 - Generated code: C:\Users\LENOVO\STM32CubeIDE\workspace_1.12.0\010_1_I2C_ADXL345\Core\Src\stm32f4xx_it.c
2023-08-25 21:04:07,793 [INFO] CodeEngine:255 - oldGeneratedFile, C:\Users\LENOVO\STM32CubeIDE\workspace_1.12.0\010_1_I2C_ADXL345\Core\Inc\stm32f4xx_it.h_save
2023-08-25 21:04:07,888 [INFO] CodeEngine:279 - Generated code: C:\Users\LENOVO\STM32CubeIDE\workspace_1.12.0\010_1_I2C_ADXL345\Core\Inc\stm32f4xx_it.h
2023-08-25 21:04:07,960 [INFO] CodeEngine:255 - oldGeneratedFile, C:\Users\LENOVO\STM32CubeIDE\workspace_1.12.0\010_1_I2C_ADXL345\Core\Src\stm32f4xx_hal_msp.c_save
2023-08-25 21:04:08,348 [INFO] CodeEngine:279 - Generated code: C:\Users\LENOVO\STM32CubeIDE\workspace_1.12.0\010_1_I2C_ADXL345\Core\Src\stm32f4xx_hal_msp.c
2023-08-25 21:04:08,359 [INFO] CodeEngine:255 - oldGeneratedFile, C:\Users\LENOVO\STM32CubeIDE\workspace_1.12.0\010_1_I2C_ADXL345\MXTmpFiles\system.tmp_save
2023-08-25 21:04:08,546 [INFO] CodeEngine:279 - Generated code: C:\Users\LENOVO\STM32CubeIDE\workspace_1.12.0\010_1_I2C_ADXL345\MXTmpFiles\system.tmp
2023-08-25 21:04:08,584 [INFO] CodeEngine:311 - oldGeneratedFile, C:\Users\LENOVO\STM32CubeIDE\workspace_1.12.0\010_1_I2C_ADXL345\Core\Inc\stm32f4xx_hal_conf.h_save
2023-08-25 21:04:08,759 [INFO] CodeEngine:335 - Generated code: C:\Users\LENOVO\STM32CubeIDE\workspace_1.12.0\010_1_I2C_ADXL345\Core\Inc\stm32f4xx_hal_conf.h
2023-08-25 21:04:08,982 [INFO] CodeEngine:255 - oldGeneratedFile, C:\Users\LENOVO\STM32CubeIDE\workspace_1.12.0\010_1_I2C_ADXL345\Core\Inc\main.h_save
2023-08-25 21:04:09,420 [INFO] CodeEngine:279 - Generated code: C:\Users\LENOVO\STM32CubeIDE\workspace_1.12.0\010_1_I2C_ADXL345\Core\Inc\main.h
2023-08-25 21:04:09,458 [INFO] CodeEngine:255 - oldGeneratedFile, C:\Users\LENOVO\STM32CubeIDE\workspace_1.12.0\010_1_I2C_ADXL345\Core\Src\main.c_save
2023-08-25 21:04:09,861 [INFO] CodeEngine:279 - Generated code: C:\Users\LENOVO\STM32CubeIDE\workspace_1.12.0\010_1_I2C_ADXL345\Core\Src\main.c
2023-08-25 21:04:11,061 [INFO] ProjectBuilder:2996 - Time for Copy HAL[1] : 337mS.
2023-08-25 21:04:11,068 [INFO] ProjectBuilder:4304 - Project Generator version: 3.19.2
2023-08-25 21:04:11,689 [INFO] ConfigFileManager:1483 - The Die is : DIE413
2023-08-25 21:04:16,308 [INFO] ProjectBuilder:4505 - Time for Generating toolchain IDE Files: 5239mS.
2023-08-25 21:04:16,308 [INFO] ProjectBuilder:2867 - Time for Copy CMSIS : 0mS.
2023-08-25 21:04:16,313 [INFO] ProjectBuilder:2867 - Time for Copy CMSIS : 0mS.
