2023-06-13 16:34:08,150 [INFO] Activator:176 - 


2023-06-13 16:34:08,163 [INFO] Activator:177 - !SESSION log4j initialized
2023-06-13 16:34:21,104 [INFO] LogOutputStream:77 - [STDOUT_REDIRECT] 
2023-06-13 16:34:49,381 [ERROR] LogOutputStream:75 - [STDERR_REDIRECT] SLF4J: Failed to load class "org.slf4j.impl.StaticLoggerBinder".
2023-06-13 16:34:49,385 [ERROR] LogOutputStream:75 - [STDERR_REDIRECT] SLF4J: Defaulting to no-operation (NOP) logger implementation
2023-06-13 16:34:49,386 [ERROR] LogOutputStream:75 - [STDERR_REDIRECT] SLF4J: See http://www.slf4j.org/codes.html#StaticLoggerBinder for further details.
2023-06-13 16:35:22,796 [INFO] ApplicationProperties:184 - Using Application install path: C:\ST\STM32CubeIDE_1.12.0\STM32CubeIDE\plugins\com.st.stm32cube.common.mx_6.8.0.202302231600
2023-06-13 16:35:22,848 [INFO] DbMcusXml:78 - Set database path to: C:\ST\STM32CubeIDE_1.12.0\STM32CubeIDE\plugins\com.st.stm32cube.common.mx_6.8.0.202302231600\\db\/mcu/
2023-06-13 16:35:22,850 [INFO] ApiDb:274 - Set plugin database path to: C:\ST\STM32CubeIDE_1.12.0\STM32CubeIDE\plugins\com.st.stm32cube.common.mx_6.8.0.202302231600\\db\/plugins/boardmanager/
2023-06-13 16:35:22,851 [WARN] ApiDb:259 - Overriding images path with different value:  => C:\ST\STM32CubeIDE_1.12.0\STM32CubeIDE\plugins\com.st.stm32cube.common.mx_6.8.0.202302231600\\db\/plugins/mcufinder/images/
2023-06-13 16:35:22,890 [INFO] ApiDb:250 - Set database path to: C:\Users\LENOVO\.stmcufinder\plugins\mcufinder//mcu/
2023-06-13 16:35:22,891 [INFO] DbMcusAds:125 - Set database path to: C:\Users\LENOVO\.stmcufinder\plugins\mcufinder//mcu/
2023-06-13 16:35:23,076 [INFO] CrossReferenceDbSqlite:203 - Set database path to: C:\Users\LENOVO\.stmcufinder\plugins\mcufinder//mcu/cs/
2023-06-13 16:35:23,283 [INFO] RulesReader:64 - Compatibility file has been processed (293 Rules)
2023-06-13 16:35:23,416 [INFO] DbMcusXml:78 - Set database path to: C:\ST\STM32CubeIDE_1.12.0\STM32CubeIDE\plugins\com.st.stm32cube.common.mx_6.8.0.202302231600\\db\/mcu/
2023-06-13 16:35:23,417 [INFO] ApiDb:274 - Set plugin database path to: C:\ST\STM32CubeIDE_1.12.0\STM32CubeIDE\plugins\com.st.stm32cube.common.mx_6.8.0.202302231600\\db\/plugins/boardmanager/
2023-06-13 16:35:23,417 [INFO] ApiDb:261 - Set plugin images path to: C:\ST\STM32CubeIDE_1.12.0\STM32CubeIDE\plugins\com.st.stm32cube.common.mx_6.8.0.202302231600\\db\/plugins/mcufinder/images/
2023-06-13 16:35:23,417 [WARN] DbFile:41 - Overriding database path with different value: C:\Users\LENOVO\.stmcufinder\plugins\mcufinder/ => C:\Users\LENOVO\.stmcufinder\plugins\mcufinder
2023-06-13 16:35:23,417 [INFO] ApiDb:250 - Set database path to: C:\Users\LENOVO\.stmcufinder\plugins\mcufinder//mcu/
2023-06-13 16:35:23,417 [WARN] DbFile:41 - Overriding database path with different value: C:\Users\LENOVO\.stmcufinder\plugins\mcufinder/ => C:\Users\LENOVO\.stmcufinder\plugins\mcufinder
2023-06-13 16:35:23,417 [INFO] DbMcusAds:125 - Set database path to: C:\Users\LENOVO\.stmcufinder\plugins\mcufinder//mcu/
2023-06-13 16:35:23,417 [WARN] DbFile:41 - Overriding database path with different value: C:\Users\LENOVO\.stmcufinder\plugins\mcufinder/ => C:\Users\LENOVO\.stmcufinder\plugins\mcufinder
2023-06-13 16:35:23,417 [WARN] DbFile:41 - Overriding database path with different value: C:\Users\LENOVO\.stmcufinder\plugins\mcufinder/ => C:\Users\LENOVO\.stmcufinder\plugins\mcufinder
2023-06-13 16:35:23,419 [INFO] CrossReferenceDbSqlite:203 - Set database path to: C:\Users\LENOVO\.stmcufinder\plugins\mcufinder//mcu/cs/
2023-06-13 16:35:23,566 [INFO] MainPanel:253 - HeapMemory: 268435456
2023-06-13 16:35:23,840 [INFO] DbMcusXml:78 - Set database path to: C:\ST\STM32CubeIDE_1.12.0\STM32CubeIDE\plugins\com.st.stm32cube.common.mx_6.8.0.202302231600\\db\/mcu/
2023-06-13 16:35:23,840 [INFO] ApiDb:274 - Set plugin database path to: C:\ST\STM32CubeIDE_1.12.0\STM32CubeIDE\plugins\com.st.stm32cube.common.mx_6.8.0.202302231600\\db\/plugins/boardmanager/
2023-06-13 16:35:23,840 [INFO] ApiDb:261 - Set plugin images path to: C:\ST\STM32CubeIDE_1.12.0\STM32CubeIDE\plugins\com.st.stm32cube.common.mx_6.8.0.202302231600\\db\/plugins/mcufinder/images/
2023-06-13 16:35:23,840 [WARN] DbFile:41 - Overriding database path with different value: C:\Users\LENOVO\.stmcufinder\plugins\mcufinder/ => C:\Users\LENOVO\.stmcufinder\plugins\mcufinder
2023-06-13 16:35:23,840 [INFO] ApiDb:250 - Set database path to: C:\Users\LENOVO\.stmcufinder\plugins\mcufinder//mcu/
2023-06-13 16:35:23,840 [WARN] DbFile:41 - Overriding database path with different value: C:\Users\LENOVO\.stmcufinder\plugins\mcufinder/ => C:\Users\LENOVO\.stmcufinder\plugins\mcufinder
2023-06-13 16:35:23,840 [INFO] DbMcusAds:125 - Set database path to: C:\Users\LENOVO\.stmcufinder\plugins\mcufinder//mcu/
2023-06-13 16:35:23,840 [WARN] DbFile:41 - Overriding database path with different value: C:\Users\LENOVO\.stmcufinder\plugins\mcufinder/ => C:\Users\LENOVO\.stmcufinder\plugins\mcufinder
2023-06-13 16:35:23,840 [WARN] DbFile:41 - Overriding database path with different value: C:\Users\LENOVO\.stmcufinder\plugins\mcufinder/ => C:\Users\LENOVO\.stmcufinder\plugins\mcufinder
2023-06-13 16:35:23,840 [INFO] CrossReferenceDbSqlite:203 - Set database path to: C:\Users\LENOVO\.stmcufinder\plugins\mcufinder//mcu/cs/
2023-06-13 16:35:23,901 [INFO] ApplicationProperties:184 - Using Application install path: C:\ST\STM32CubeIDE_1.12.0\STM32CubeIDE\plugins\com.st.stm32cube.common.mx_6.8.0.202302231600
2023-06-13 16:35:23,901 [INFO] PluginManage:196 - Search for loadable plugins [exclusion list=, ]
2023-06-13 16:35:23,901 [INFO] PluginManage:310 - Check plugin analytics
2023-06-13 16:35:24,276 [INFO] AnalyticsPlugin:253 - Accepted Software Licenses: STM32CubeMX.6.7.0
2023-06-13 16:35:24,278 [INFO] AnalyticsPlugin:255 - Accepted CMSIS Pack Licenses: 
2023-06-13 16:35:24,279 [INFO] AnalyticsPlugin:257 - Accepted Firmware Licenses: FW.F4.1.27.0
2023-06-13 16:35:24,296 [INFO] PluginManage:359 - Loaded plugin analytics (category:tool,tabindex:-1)
2023-06-13 16:35:24,296 [INFO] PluginManage:310 - Check plugin cadmodel
2023-06-13 16:35:24,326 [INFO] CADModel:105 - Init CAD model plugin
2023-06-13 16:35:24,326 [INFO] PluginManage:359 - Loaded plugin cadmodel (category:power,tabindex:5)
2023-06-13 16:35:24,326 [INFO] PluginManage:310 - Check plugin clock
2023-06-13 16:35:24,374 [INFO] PluginManage:359 - Loaded plugin clock (category:base,tabindex:2)
2023-06-13 16:35:24,374 [INFO] PluginManage:310 - Check plugin ddr
2023-06-13 16:35:24,378 [INFO] PluginManage:359 - Loaded plugin ddr (category:tool,tabindex:6)
2023-06-13 16:35:24,378 [INFO] PluginManage:310 - Check plugin filemanager
2023-06-13 16:35:24,678 [INFO] PluginManage:359 - Loaded plugin filemanager (category:base,tabindex:10)
2023-06-13 16:35:24,684 [INFO] PluginManage:310 - Check plugin ipmanager
2023-06-13 16:35:24,691 [INFO] PluginManage:359 - Loaded plugin ipmanager (category:base,tabindex:5)
2023-06-13 16:35:24,691 [INFO] PluginManage:310 - Check plugin lpbam
2023-06-13 16:35:24,738 [INFO] PluginManage:359 - Loaded plugin lpbam (category:base,tabindex:0)
2023-06-13 16:35:24,738 [INFO] PluginManage:310 - Check plugin pinoutandconfiguration
2023-06-13 16:35:24,769 [INFO] PluginManage:359 - Loaded plugin pinoutandconfiguration (category:base,tabindex:1)
2023-06-13 16:35:24,769 [INFO] PluginManage:310 - Check plugin pinoutconfig
2023-06-13 16:35:24,912 [WARN] SupportedApi:132 - Cannot load RTOS API schema: s4s-elt-must-match.1: The content of 'definitions' must match (annotation?, (simpleType | complexType)?, (unique | key | keyref)*)). A problem was found starting at: attribute.
2023-06-13 16:35:25,232 [INFO] PluginManage:359 - Loaded plugin pinoutconfig (category:base,tabindex:0)
2023-06-13 16:35:25,235 [INFO] PluginManage:310 - Check plugin power
2023-06-13 16:35:25,264 [INFO] PluginManage:359 - Loaded plugin power (category:power,tabindex:4)
2023-06-13 16:35:25,264 [INFO] PluginManage:310 - Check plugin projectmanager
2023-06-13 16:35:25,302 [INFO] PluginManage:359 - Loaded plugin projectmanager (category:projectmanager,tabindex:3)
2023-06-13 16:35:25,303 [INFO] PluginManage:310 - Check plugin thirdparty
2023-06-13 16:35:25,752 [INFO] PluginManage:359 - Loaded plugin thirdparty (category:base,tabindex:-1)
2023-06-13 16:35:25,752 [INFO] PluginManage:310 - Check plugin tools
2023-06-13 16:35:25,752 [WARN] IntegrityCheckThread:84 - waiting for thirdparty lock release [integrity check]
2023-06-13 16:35:25,752 [INFO] IntegrityCheckThread:86 - entering critical section [integrity check]
2023-06-13 16:35:25,760 [INFO] ThirdPartyUpdaterWithRetryManager:70 - Updater plugin not ready yet. [1/15]
2023-06-13 16:35:25,814 [INFO] PluginManage:359 - Loaded plugin tools (category:base,tabindex:7)
2023-06-13 16:35:25,814 [INFO] PluginManage:310 - Check plugin tutovideos
2023-06-13 16:35:26,340 [INFO] PluginManage:359 - Loaded plugin tutovideos (category:base,tabindex:-1)
2023-06-13 16:35:26,342 [INFO] PluginManage:310 - Check plugin updater
2023-06-13 16:35:26,367 [INFO] PluginManage:359 - Loaded plugin updater (category:base,tabindex:12)
2023-06-13 16:35:26,367 [INFO] PluginManage:283 - PluginManage : Loaded plugins [15]
2023-06-13 16:35:26,786 [INFO] PinOutPanel:1499 - setPackage(No Configuration,No Configuration)
2023-06-13 16:35:26,901 [INFO] CADModel:165 - CPN selected for project level
2023-06-13 16:35:26,901 [INFO] CADModel:114 - Register for checkConnection events
2023-06-13 16:35:26,942 [INFO] IPUIPlugin:80 - create IPUIPlugin
2023-06-13 16:35:26,942 [INFO] PluginManager:220 - loadIPPluginJar : add adc
2023-06-13 16:35:26,984 [INFO] IPUIPlugin:80 - create IPUIPlugin
2023-06-13 16:35:26,984 [INFO] PluginManager:220 - loadIPPluginJar : add aes
2023-06-13 16:35:27,055 [INFO] IPUIPlugin:80 - create IPUIPlugin
2023-06-13 16:35:27,055 [INFO] PluginManager:220 - loadIPPluginJar : add can
2023-06-13 16:35:27,099 [INFO] IPUIPlugin:80 - create IPUIPlugin
2023-06-13 16:35:27,099 [INFO] PluginManager:220 - loadIPPluginJar : add comp
2023-06-13 16:35:27,207 [INFO] IPUIPlugin:80 - create IPUIPlugin
2023-06-13 16:35:27,207 [INFO] PluginManager:220 - loadIPPluginJar : add cryp
2023-06-13 16:35:27,259 [INFO] IPUIPlugin:80 - create IPUIPlugin
2023-06-13 16:35:27,259 [INFO] PluginManager:220 - loadIPPluginJar : add dfsdm
2023-06-13 16:35:27,281 [INFO] IPUIPlugin:80 - create IPUIPlugin
2023-06-13 16:35:27,281 [INFO] PluginManager:220 - loadIPPluginJar : add dma
2023-06-13 16:35:27,332 [INFO] IPUIPlugin:80 - create IPUIPlugin
2023-06-13 16:35:27,332 [INFO] PluginManager:220 - loadIPPluginJar : add dma3
2023-06-13 16:35:27,363 [INFO] IPUIPlugin:80 - create IPUIPlugin
2023-06-13 16:35:27,363 [INFO] PluginManager:220 - loadIPPluginJar : add fatfs
2023-06-13 16:35:27,428 [INFO] IPUIPlugin:80 - create IPUIPlugin
2023-06-13 16:35:27,428 [INFO] PluginManager:220 - loadIPPluginJar : add fmc
2023-06-13 16:35:27,455 [INFO] IPUIPlugin:80 - create IPUIPlugin
2023-06-13 16:35:27,457 [INFO] PluginManager:220 - loadIPPluginJar : add freertos
2023-06-13 16:35:27,489 [INFO] IPUIPlugin:80 - create IPUIPlugin
2023-06-13 16:35:27,489 [INFO] PluginManager:220 - loadIPPluginJar : add genericplugin
2023-06-13 16:35:27,640 [INFO] IPUIPlugin:80 - create IPUIPlugin
2023-06-13 16:35:27,640 [INFO] PluginManager:220 - loadIPPluginJar : add gfxmmu
2023-06-13 16:35:27,819 [INFO] IPUIPlugin:80 - create IPUIPlugin
2023-06-13 16:35:27,819 [INFO] PluginManager:220 - loadIPPluginJar : add gic
2023-06-13 16:35:27,850 [INFO] IPUIPlugin:80 - create IPUIPlugin
2023-06-13 16:35:27,850 [INFO] PluginManager:220 - loadIPPluginJar : add gpio
2023-06-13 16:35:27,975 [INFO] IPUIPlugin:80 - create IPUIPlugin
2023-06-13 16:35:27,975 [INFO] PluginManager:220 - loadIPPluginJar : add gtzc
2023-06-13 16:35:28,038 [INFO] IPUIPlugin:80 - create IPUIPlugin
2023-06-13 16:35:28,038 [INFO] PluginManager:220 - loadIPPluginJar : add hash
2023-06-13 16:35:28,101 [INFO] IPUIPlugin:80 - create IPUIPlugin
2023-06-13 16:35:28,101 [INFO] PluginManager:220 - loadIPPluginJar : add i2c
2023-06-13 16:35:28,164 [INFO] IPUIPlugin:80 - create IPUIPlugin
2023-06-13 16:35:28,164 [INFO] PluginManager:220 - loadIPPluginJar : add i2s
2023-06-13 16:35:28,243 [INFO] IPUIPlugin:80 - create IPUIPlugin
2023-06-13 16:35:28,243 [INFO] PluginManager:220 - loadIPPluginJar : add i3c
2023-06-13 16:35:28,432 [INFO] IPUIPlugin:80 - create IPUIPlugin
2023-06-13 16:35:28,432 [INFO] PluginManager:220 - loadIPPluginJar : add ipddr
2023-06-13 16:35:28,574 [INFO] IPUIPlugin:80 - create IPUIPlugin
2023-06-13 16:35:28,574 [INFO] PluginManager:220 - loadIPPluginJar : add linkedlist
2023-06-13 16:35:28,654 [INFO] IPUIPlugin:80 - create IPUIPlugin
2023-06-13 16:35:28,654 [INFO] PluginManager:220 - loadIPPluginJar : add lorawan
2023-06-13 16:35:28,733 [INFO] IPUIPlugin:80 - create IPUIPlugin
2023-06-13 16:35:28,733 [INFO] PluginManager:220 - loadIPPluginJar : add ltdc
2023-06-13 16:35:28,765 [INFO] ThirdPartyUpdaterWithRetryManager:70 - Updater plugin not ready yet. [2/15]
2023-06-13 16:35:28,784 [INFO] IPUIPlugin:80 - create IPUIPlugin
2023-06-13 16:35:28,784 [INFO] PluginManager:220 - loadIPPluginJar : add mdma
2023-06-13 16:35:28,813 [INFO] IPUIPlugin:80 - create IPUIPlugin
2023-06-13 16:35:28,813 [INFO] PluginManager:220 - loadIPPluginJar : add nvic
2023-06-13 16:35:28,892 [INFO] IPUIPlugin:80 - create IPUIPlugin
2023-06-13 16:35:28,892 [INFO] PluginManager:220 - loadIPPluginJar : add opamp
2023-06-13 16:35:28,986 [INFO] IPUIPlugin:80 - create IPUIPlugin
2023-06-13 16:35:28,986 [INFO] PluginManager:220 - loadIPPluginJar : add openamp
2023-06-13 16:35:29,065 [INFO] IPUIPlugin:80 - create IPUIPlugin
2023-06-13 16:35:29,065 [INFO] PluginManager:220 - loadIPPluginJar : add pdm2pcm
2023-06-13 16:35:29,097 [INFO] IPUIPlugin:80 - create IPUIPlugin
2023-06-13 16:35:29,097 [INFO] PluginManager:220 - loadIPPluginJar : add plateformsettings
2023-06-13 16:35:29,128 [INFO] IPUIPlugin:80 - create IPUIPlugin
2023-06-13 16:35:29,128 [INFO] PluginManager:220 - loadIPPluginJar : add quadspi
2023-06-13 16:35:29,159 [INFO] IPUIPlugin:80 - create IPUIPlugin
2023-06-13 16:35:29,159 [INFO] PluginManager:220 - loadIPPluginJar : add resmgrutility
2023-06-13 16:35:29,238 [INFO] IPUIPlugin:80 - create IPUIPlugin
2023-06-13 16:35:29,238 [INFO] PluginManager:220 - loadIPPluginJar : add sai
2023-06-13 16:35:29,317 [INFO] IPUIPlugin:80 - create IPUIPlugin
2023-06-13 16:35:29,317 [INFO] PluginManager:220 - loadIPPluginJar : add spi
2023-06-13 16:35:29,414 [INFO] IPUIPlugin:80 - create IPUIPlugin
2023-06-13 16:35:29,414 [INFO] PluginManager:220 - loadIPPluginJar : add stm32_wpan
2023-06-13 16:35:29,442 [INFO] IPUIPlugin:80 - create IPUIPlugin
2023-06-13 16:35:29,442 [INFO] PluginManager:220 - loadIPPluginJar : add tim
2023-06-13 16:35:29,505 [INFO] IPUIPlugin:80 - create IPUIPlugin
2023-06-13 16:35:29,521 [INFO] PluginManager:220 - loadIPPluginJar : add touchsensing
2023-06-13 16:35:29,537 [INFO] IPUIPlugin:80 - create IPUIPlugin
2023-06-13 16:35:29,537 [INFO] PluginManager:220 - loadIPPluginJar : add tracer_emb
2023-06-13 16:35:29,568 [INFO] IPUIPlugin:80 - create IPUIPlugin
2023-06-13 16:35:29,568 [INFO] PluginManager:220 - loadIPPluginJar : add ts
2023-06-13 16:35:29,619 [INFO] IPUIPlugin:80 - create IPUIPlugin
2023-06-13 16:35:29,619 [INFO] PluginManager:220 - loadIPPluginJar : add tsc
2023-06-13 16:35:29,663 [INFO] IPUIPlugin:80 - create IPUIPlugin
2023-06-13 16:35:29,663 [INFO] PluginManager:220 - loadIPPluginJar : add ucpd
2023-06-13 16:35:29,725 [INFO] IPUIPlugin:80 - create IPUIPlugin
2023-06-13 16:35:29,725 [INFO] PluginManager:220 - loadIPPluginJar : add usart
2023-06-13 16:35:29,788 [INFO] IPUIPlugin:80 - create IPUIPlugin
2023-06-13 16:35:29,788 [INFO] PluginManager:220 - loadIPPluginJar : add usbx
2023-06-13 16:35:30,005 [INFO] CADModel:165 - CPN selected for project level
2023-06-13 16:35:30,005 [INFO] CADModel:114 - Register for checkConnection events
2023-06-13 16:35:30,007 [FATAL] Updater:308 - Updater called before beeing initialized
2023-06-13 16:35:30,007 [ERROR] CADModel:125 - Updater not yet initialized, retry later 
2023-06-13 16:35:30,632 [INFO] CADModel:165 - CPN selected for project level
2023-06-13 16:35:30,642 [INFO] CADModel:114 - Register for checkConnection events
2023-06-13 16:35:30,642 [FATAL] Updater:308 - Updater called before beeing initialized
2023-06-13 16:35:30,644 [ERROR] CADModel:125 - Updater not yet initialized, retry later 
2023-06-13 16:35:30,659 [FATAL] Updater:308 - Updater called before beeing initialized
2023-06-13 16:35:30,961 [FATAL] Updater:308 - Updater called before beeing initialized
2023-06-13 16:35:30,983 [INFO] DbMcusAds:53 - JSON generation date=Tue Mar 07 11:50:54 TRT 2023 (1678179054945)
2023-06-13 16:35:30,983 [FATAL] Updater:308 - Updater called before beeing initialized
2023-06-13 16:35:31,091 [WARN] DetailPanel:346 - Failed to get advertising image, set to default
2023-06-13 16:35:31,457 [FATAL] Updater:308 - Updater called before beeing initialized
2023-06-13 16:35:31,457 [FATAL] Updater:308 - Updater called before beeing initialized
2023-06-13 16:35:31,457 [FATAL] Updater:308 - Updater called before beeing initialized
2023-06-13 16:35:31,457 [WARN] DetailPanel:346 - Failed to get advertising image, set to default
2023-06-13 16:35:31,463 [FATAL] Updater:308 - Updater called before beeing initialized
2023-06-13 16:35:31,600 [ERROR] Updater:1120 - MainUpdater not yet initialized. External WinMGr cannot be set.
2023-06-13 16:35:31,614 [INFO] Updater:1056 - Updater Version found : 6.8.0
2023-06-13 16:35:31,661 [INFO] ApplicationProperties:184 - Using Application install path: C:\ST\STM32CubeIDE_1.12.0\STM32CubeIDE\plugins\com.st.stm32cube.common.mx_6.8.0.202302231600
2023-06-13 16:35:31,773 [INFO] ThirdPartyUpdaterWithRetryManager:70 - Updater plugin not ready yet. [3/15]
2023-06-13 16:35:32,738 [INFO] MainUpdater:2854 - connection check result : 10
2023-06-13 16:35:32,738 [INFO] MainUpdater:3548 - Updater definition file requires update
2023-06-13 16:35:32,738 [INFO] MainUpdater:283 - Updater Check For Update Now.
2023-06-13 16:35:32,753 [INFO] MicroXplorer:498 - Change Database Version : DB.6.0.80
2023-06-13 16:35:32,932 [INFO] ServerAccessManage:473 - Download File updaters.zip
2023-06-13 16:35:34,622 [INFO] FileExtend:240 - Unzip File : updaters.zip
2023-06-13 16:35:34,632 [INFO] FileExtend:255 - Standard Zip Deflate
2023-06-13 16:35:34,779 [WARN] MainUpdater:1187 - Updater busy. Cannot search thirdparties
2023-06-13 16:35:34,781 [INFO] ThirdPartyUpdaterWithRetryManager:96 - Updater plugin is busy. [1/15]
2023-06-13 16:35:35,345 [INFO] ServerAccessManage:473 - Download File PacksControlFlags.xml
2023-06-13 16:35:35,715 [INFO] ServerAccessManage:473 - Download File cubemx.pidx
2023-06-13 16:35:37,608 [INFO] ServerAccessManage:473 - Download File STMicroelectronics.X-CUBE-AZRTOS-WL.pdsc
2023-06-13 16:35:37,796 [WARN] MainUpdater:1187 - Updater busy. Cannot search thirdparties
2023-06-13 16:35:37,797 [INFO] ThirdPartyUpdaterWithRetryManager:96 - Updater plugin is busy. [2/15]
2023-06-13 16:35:39,519 [INFO] LogOutputStream:77 - [STDOUT_REDIRECT] 1 : Invalid condition id : UX_CORESTACK_Condition cause : null
2023-06-13 16:35:39,524 [INFO] LogOutputStream:77 - [STDOUT_REDIRECT] 1 : Invalid condition id : UX_CORESTACK_Condition cause : null
2023-06-13 16:35:39,525 [INFO] LogOutputStream:77 - [STDOUT_REDIRECT] 1 : Invalid condition id : UX_CORESTACK_Condition cause : null
2023-06-13 16:35:39,530 [INFO] LogOutputStream:77 - [STDOUT_REDIRECT] 1 : Invalid condition id : UX_CORESTACK_Condition cause : null
2023-06-13 16:35:39,531 [INFO] LogOutputStream:77 - [STDOUT_REDIRECT] 1 : Invalid condition id : UX_CORESTACK_Condition cause : null
2023-06-13 16:35:39,540 [WARN] PackLoader:240 - Cannot read IP mode file for STMicroelectronics.X-CUBE-AZRTOS-WL.2.0.0
2023-06-13 16:35:39,544 [INFO] PopulateThirdPartyThread:66 - Ending populate Thread
2023-06-13 16:35:39,550 [INFO] ThirdParty:1030 - CMSIS Pack Vendor :STMicroelectronics X-CUBE-AZRTOS-WL 2.0.0
2023-06-13 16:35:39,550 [INFO] LoadServerUpdatesThread:373 - End of LoadServerUpdate Thread
2023-06-13 16:35:39,610 [INFO] CheckServerUpdateThread:120 - End of CheckServer Thread
2023-06-13 16:35:39,620 [INFO] MainUpdater:2854 - connection check result : 10
2023-06-13 16:35:39,645 [INFO] McuFinderGlobals:66 - Set McuFinderConnectedMode to true
2023-06-13 16:35:40,490 [INFO] ServerAccessManage:473 - Download File mcusAds.json._tmp_
2023-06-13 16:35:40,627 [INFO] LoadUrlFilesThread:156 - End of LoadUrlFiles Thread
2023-06-13 16:35:40,806 [WARN] MainUpdater:1187 - Updater busy. Cannot search thirdparties
2023-06-13 16:35:40,806 [INFO] ThirdPartyUpdaterWithRetryManager:96 - Updater plugin is busy. [3/15]
2023-06-13 16:35:41,202 [INFO] ServerAccessManage:473 - Download File cube-finder-db.zip
2023-06-13 16:35:43,818 [WARN] MainUpdater:1187 - Updater busy. Cannot search thirdparties
2023-06-13 16:35:43,818 [INFO] ThirdPartyUpdaterWithRetryManager:96 - Updater plugin is busy. [4/15]
2023-06-13 16:35:46,829 [WARN] MainUpdater:1187 - Updater busy. Cannot search thirdparties
2023-06-13 16:35:46,829 [INFO] ThirdPartyUpdaterWithRetryManager:96 - Updater plugin is busy. [5/15]
2023-06-13 16:35:49,845 [WARN] MainUpdater:1187 - Updater busy. Cannot search thirdparties
2023-06-13 16:35:49,845 [INFO] ThirdPartyUpdaterWithRetryManager:96 - Updater plugin is busy. [6/15]
2023-06-13 16:35:52,845 [WARN] MainUpdater:1187 - Updater busy. Cannot search thirdparties
2023-06-13 16:35:52,845 [INFO] ThirdPartyUpdaterWithRetryManager:96 - Updater plugin is busy. [7/15]
2023-06-13 16:35:55,848 [WARN] MainUpdater:1187 - Updater busy. Cannot search thirdparties
2023-06-13 16:35:55,848 [INFO] ThirdPartyUpdaterWithRetryManager:96 - Updater plugin is busy. [8/15]
2023-06-13 16:35:58,850 [WARN] MainUpdater:1187 - Updater busy. Cannot search thirdparties
2023-06-13 16:35:58,850 [INFO] ThirdPartyUpdaterWithRetryManager:96 - Updater plugin is busy. [9/15]
2023-06-13 16:36:01,854 [WARN] MainUpdater:1187 - Updater busy. Cannot search thirdparties
2023-06-13 16:36:01,854 [INFO] ThirdPartyUpdaterWithRetryManager:96 - Updater plugin is busy. [10/15]
2023-06-13 16:36:04,870 [WARN] MainUpdater:1187 - Updater busy. Cannot search thirdparties
2023-06-13 16:36:04,870 [INFO] ThirdPartyUpdaterWithRetryManager:96 - Updater plugin is busy. [11/15]
2023-06-13 16:36:07,875 [WARN] MainUpdater:1187 - Updater busy. Cannot search thirdparties
2023-06-13 16:36:07,875 [INFO] ThirdPartyUpdaterWithRetryManager:96 - Updater plugin is busy. [12/15]
2023-06-13 16:36:10,880 [WARN] MainUpdater:1187 - Updater busy. Cannot search thirdparties
2023-06-13 16:36:10,880 [INFO] ThirdPartyUpdaterWithRetryManager:96 - Updater plugin is busy. [13/15]
2023-06-13 16:36:13,886 [WARN] MainUpdater:1187 - Updater busy. Cannot search thirdparties
2023-06-13 16:36:13,886 [INFO] ThirdPartyUpdaterWithRetryManager:96 - Updater plugin is busy. [14/15]
2023-06-13 16:36:16,901 [WARN] MainUpdater:1187 - Updater busy. Cannot search thirdparties
2023-06-13 16:36:16,901 [INFO] ThirdPartyUpdaterWithRetryManager:96 - Updater plugin is busy. [15/15]
2023-06-13 16:36:16,901 [ERROR] IntegrityCheckThread:130 - Cannot retrieve database content from updater: error -1
2023-06-13 16:36:16,901 [INFO] ThirdParty:978 - Integrity check success = false
2023-06-13 16:36:16,901 [INFO] IntegrityCheckThread:100 - exiting critical section [integrity check]
2023-06-13 16:36:16,901 [INFO] IntegrityCheckThread:103 - End integrity checks thread
2023-06-13 16:45:00,604 [INFO] FileExtend:240 - Unzip File : cube-finder-db.zip
2023-06-13 16:45:00,610 [INFO] FileExtend:255 - Standard Zip Deflate
2023-06-13 16:45:02,541 [INFO] LoadUrlFilesThread:156 - End of LoadUrlFiles Thread
2023-06-13 16:45:04,839 [INFO] ServerAccessManage:473 - Download File crdb.zip
2023-06-13 16:45:17,021 [INFO] FileExtend:240 - Unzip File : crdb.zip
2023-06-13 16:45:17,021 [INFO] FileExtend:255 - Standard Zip Deflate
2023-06-13 16:45:17,268 [INFO] LoadUrlFilesThread:156 - End of LoadUrlFiles Thread
2023-06-13 16:45:18,559 [INFO] ServerAccessManage:473 - Download File tutoVideoDB.zip
2023-06-13 16:45:20,469 [INFO] FileExtend:240 - Unzip File : tutoVideoDB.zip
2023-06-13 16:45:20,470 [INFO] FileExtend:255 - Standard Zip Deflate
2023-06-13 16:45:20,738 [INFO] LoadUrlFilesThread:156 - End of LoadUrlFiles Thread
2023-06-13 16:45:20,769 [WARN] DbFile:41 - Overriding database path with different value: C:\Users\LENOVO\.stmcufinder\plugins\mcufinder/ => C:\Users\LENOVO\.stmcufinder\plugins\mcufinder
2023-06-13 16:45:21,500 [INFO] ServerAccessManage:473 - Download File api_config.json
2023-06-13 16:45:21,641 [INFO] LoadUrlFilesThread:156 - End of LoadUrlFiles Thread
2023-06-13 16:45:21,647 [INFO] DbMcusAds:53 - JSON generation date=Tue Mar 07 11:50:55 TRT 2023 (1678179055335)
2023-06-13 16:45:21,767 [INFO] LoadUrlFilesThread:185 - End of LoadServerUrlFiles without Thread
2023-06-13 16:45:21,768 [INFO] TargetSelectorAdapter:259 - Refresh data is successful
2023-06-13 16:45:22,046 [INFO] ApiDb:581 - Connected to CubeFinder SQLite database (C:\Users\LENOVO\.stmcufinder\plugins\mcufinder\mcu\cube-finder-db.db)
2023-06-13 16:45:22,320 [INFO] ApiDb:668 - CubeFinder database Data Model version=2.1
2023-06-13 16:45:22,320 [INFO] ApiDb:669 - CubeFinder database Configuration version=3.0.35
2023-06-13 16:45:22,320 [INFO] ApiDb:670 - CubeFinder database generation date=2023-05-12 (1683877179)
2023-06-13 16:45:22,320 [INFO] ApiDb:671 - CubeFinder database FW Pack versions=[FP-ATR-ASTRA1_V2.0.0, FP-SNS-FLIGHT1_V5.0.0, FP-SNS-MOTENV1_V4.3.0, STM32Cube_FW_C0_V1.0.1, STM32Cube_FW_F0_V1.11.4, STM32Cube_FW_F3_V1.11.4, STM32Cube_FW_F4_V1.27.1, STM32Cube_FW_F7_V1.17.0, STM32Cube_FW_G0_V1.6.1, STM32Cube_FW_G4_V1.5.1, STM32Cube_FW_H5_V0.5.1, STM32Cube_FW_H5_V1.0.0, STM32Cube_FW_H7_V1.11.0, STM32Cube_FW_L0_V1.12.2, STM32Cube_FW_L5_V1.5.0, STM32Cube_FW_U5_V1.2.0, STM32Cube_FW_WBA_V1.0.0, STM32Cube_FW_WBA_V1.0.0RC1, STM32Cube_FW_WBA_V1.0.0RC3, STM32Cube_FW_WB_V1.15.0RC1, STM32Cube_FW_WB_V1.16.0, STM32Cube_FW_WB_V1.16.0RC2, STM32Cube_FW_WL_V1.3.0, X-CUBE-ALGOBUILD_V1.3.0, X-CUBE-ALS_V1.0.1, X-CUBE-AZRTOS-F4_V1.1.0, X-CUBE-AZRTOS-F7_V1.1.0, X-CUBE-AZRTOS-G0_V1.1.0, X-CUBE-AZRTOS-G4_V2.0.0, X-CUBE-AZRTOS-H7_V3.1.0, X-CUBE-AZRTOS-L4_V1.0.0, X-CUBE-AZRTOS-L5_V1.1.0, X-CUBE-AZRTOS-WB_V1.1.0, X-CUBE-AZRTOS-WL_V1.0.0, X-CUBE-BLE1_V6.2.4, X-CUBE-BLE2_V3.3.0, X-CUBE-BLEMGR_V2.0.0, X-CUBE-EEPRMA1_V4.1.0, X-CUBE-FREERTOS_V1.0.1, X-CUBE-GNSS1_V6.0.0, X-CUBE-MEMS1_V9.1.0, X-CUBE-MEMS1_V9.4.0, X-CUBE-MEMS1_V9.6.0, X-CUBE-NFC4_V3.0.0, X-CUBE-NFC7_V1.0.0, X-CUBE-SFXS2LP1_V4.0.0, X-CUBE-SUBG2_V5.0.0]
2023-06-13 16:45:26,160 [INFO] ApiDb:240 - Found 297 in-development CPN: [B-G473E-ZEST1S, B-WB1M-WPAN1, B-WL5M-SUBG1, NUCLEO-C031C6, NUCLEO-H503RB, NUCLEO-H563ZI, NUCLEO-U545RE-Q, NUCLEO-U5A5ZJ-Q, NUCLEO-WBA52CG, STEVAL-PROTEUS1, STEVAL-STWINBX1, STM320518-EVAL, STM32C0116-DK, STM32C011D6Y3TR, STM32C011D6Y6TR, STM32C011F4P3, STM32C011F4P6, STM32C011F4U3, STM32C011F4U6TR, STM32C011F6P3, STM32C011F6P6, STM32C011F6U3, STM32C011F6U6TR, STM32C011J4M3, STM32C011J4M6, STM32C011J6M3, STM32C011J6M6, STM32C0316-DK, STM32C031C4T3, STM32C031C4T6, STM32C031C4U3, STM32C031C4U6, STM32C031C6T3, STM32C031C6T6, STM32C031C6U3, STM32C031C6U6, STM32C031F4P3, STM32C031F4P6, STM32C031F6P3, STM32C031F6P6, STM32C031G4U3, STM32C031G4U6, STM32C031G6U3, STM32C031G6U6, STM32C031K4T3, STM32C031K4T6, STM32C031K4U3, STM32C031K4U6, STM32C031K6T3, STM32C031K6T6, STM32C031K6U3, STM32C031K6U6, STM32G071K8TXN, STM32G071K8UXN, STM32G081GBU6N, STM32G081KBT6N, STM32G081KBUXN, STM32G0B1CCT6N, STM32G0B1KCT6, STM32G0B1NEY6TR, STM32G0B1RCT6N, STM32G0C1CCT6, STM32G0C1CCT6N, STM32G0C1CCU6N, STM32G0C1CET6N, STM32G0C1CEU6N, STM32G0C1KCT6, STM32G0C1NEY6TR, STM32G0C1RCI6N, STM32G0C1RCT6N, STM32G0C1REI6N, STM32G0C1RET6N, STM32G0C1VCI6, STM32G0C1VEI6, STM32G471CCT6, STM32G471CCU6, STM32G471CET3, STM32G471CET6, STM32G471CEU3, STM32G471CEU6, STM32G471MCT6, STM32G471MET3, STM32G471MET6, STM32G471MEY6TR, STM32G471QCT6, STM32G471QET3, STM32G471RCT6, STM32G471RET3, STM32G471RET6, STM32G471VCH6, STM32G471VCI6, STM32G471VCT6, STM32G471VEH3, STM32G471VEH6, STM32G471VEI3, STM32G471VEI6, STM32G471VET3, STM32G471VET6, STM32G474CCT6, STM32H503CBT6, STM32H503CBU6, STM32H503EBY6TR, STM32H503KBU6, STM32H503RBT6, STM32H562AGI6, STM32H562AII6, STM32H562IGK6, STM32H562IGT6, STM32H562IIK6, STM32H562IIT6, STM32H562RGT6, STM32H562RGV6, STM32H562RIT6, STM32H562RIV6, STM32H562VGT6, STM32H562VIT6, STM32H562ZGT6, STM32H562ZIT6, STM32H563AGI6, STM32H563AII3Q, STM32H563AII6, STM32H563IGK6, STM32H563IGT6, STM32H563IIK3Q, STM32H563IIK6, STM32H563IIT3Q, STM32H563IIT6, STM32H563MIY3QTR, STM32H563RGT6, STM32H563RGV6, STM32H563RIT6, STM32H563RIV6, STM32H563VGT6, STM32H563VIT3Q, STM32H563VIT6, STM32H563ZGT6, STM32H563ZIT3Q, STM32H563ZIT6, STM32H573AII3Q, STM32H573AII6, STM32H573I-DK, STM32H573IIK3Q, STM32H573IIK6, STM32H573IIT3Q, STM32H573IIT6, STM32H573MIY3QTR, STM32H573RIT6, STM32H573RIV6, STM32H573VIT3Q, STM32H573VIT6, STM32H573ZIT3Q, STM32H573ZIT6, STM32L4R5QGI6STR, STM32MP131AAE3, STM32MP131AAF3, STM32MP131AAG3, STM32MP131CAE3, STM32MP131CAF3, STM32MP131CAG3, STM32MP131DAE7, STM32MP131DAF7, STM32MP131DAG7, STM32MP131FAE7, STM32MP131FAF7, STM32MP131FAG7, STM32MP133AAE3, STM32MP133AAF3, STM32MP133AAG3, STM32MP133CAE3, STM32MP133CAF3, STM32MP133CAG3, STM32MP133DAE7, STM32MP133DAF7, STM32MP133DAG7, STM32MP133FAE7, STM32MP133FAF7, STM32MP133FAG7, STM32MP135AAE3, STM32MP135AAF3, STM32MP135AAG3, STM32MP135CAE3, STM32MP135CAF3, STM32MP135CAG3, STM32MP135DAE7, STM32MP135DAF7, STM32MP135DAG7, STM32MP135F-DK, STM32MP135FAE7, STM32MP135FAF7, STM32MP135FAF7T, STM32MP135FAF7U, STM32MP135FAG7, STM32U535CBT6, STM32U535CBT6Q, STM32U535CBU6, STM32U535CBU6Q, STM32U535CCT6, STM32U535CCT6Q, STM32U535CCU6, STM32U535CCU6Q, STM32U535CET6, STM32U535CET6Q, STM32U535CEU6, STM32U535CEU6Q, STM32U535JEY6QTR, STM32U535NCY6QTR, STM32U535NEY6QTR, STM32U535RBI6, STM32U535RBI6Q, STM32U535RBT6, STM32U535RBT6Q, STM32U535RCI6, STM32U535RCI6Q, STM32U535RCT6, STM32U535RCT6Q, STM32U535REI6, STM32U535REI6Q, STM32U535RET6, STM32U535RET6Q, STM32U535VCI6, STM32U535VCI6Q, STM32U535VCT6, STM32U535VCT6Q, STM32U535VEI6, STM32U535VEI6Q, STM32U535VET6, STM32U535VET6Q, STM32U545CET6, STM32U545CET6Q, STM32U545CEU6, STM32U545CEU6Q, STM32U545JEY6QTR, STM32U545NEY6QTR, STM32U545REI6, STM32U545REI6Q, STM32U545RET6, STM32U545RET6Q, STM32U545VEI6, STM32U545VEI6Q, STM32U545VET6, STM32U545VET6Q, STM32U595AIH6, STM32U595AIH6Q, STM32U595AJH6, STM32U595AJH6Q, STM32U595QII6, STM32U595QII6Q, STM32U595QJI6, STM32U595QJI6Q, STM32U595RIT6, STM32U595RIT6Q, STM32U595RJT6, STM32U595RJT6Q, STM32U595VIT6, STM32U595VIT6Q, STM32U595VJT6, STM32U595VJT6Q, STM32U595ZIT6, STM32U595ZIT6Q, STM32U595ZIY6QTR, STM32U595ZJT6, STM32U595ZJT6Q, STM32U595ZJY6QTR, STM32U599BJY6QTR, STM32U599NIH6Q, STM32U599NJH6Q, STM32U599VIT6Q, STM32U599VJT6, STM32U599VJT6Q, STM32U599ZIT6Q, STM32U599ZIY6QTR, STM32U599ZJT6Q, STM32U599ZJY6QTR, STM32U5A5AJH6, STM32U5A5AJH6Q, STM32U5A5QJI6, STM32U5A5QJI6Q, STM32U5A5RJT6, STM32U5A5RJT6Q, STM32U5A5VJT6, STM32U5A5VJT6Q, STM32U5A5ZJT6, STM32U5A5ZJT6Q, STM32U5A5ZJY6QTR, STM32U5A9BJY6QTR, STM32U5A9J-DK, STM32U5A9NJH6Q, STM32U5A9VJT6Q, STM32U5A9ZJT6Q, STM32U5A9ZJY6QTR, STM32WB1MMCH6, STM32WBA52CEU6, STM32WBA52CEU6T, STM32WBA52CGU6, STM32WBA52CGU6T, STM32WL5MOCH6, STM32WL5MOCH6TR]
2023-06-13 16:45:26,168 [INFO] DbMcus:216 - Found 3775 MCUs, 3775 are supported
2023-06-13 16:45:26,174 [INFO] ApiDb:423 - Load user favorites file C:\Users\LENOVO/.stm32cubeide/favorites.mcus.txt: 0 item(s)
2023-06-13 16:45:26,174 [INFO] ApiDb:427 - User favorites MCUs=[]
2023-06-13 16:45:26,174 [INFO] DbMcus:222 - Set 0 / 0 favorites MCUs
2023-06-13 16:45:26,586 [INFO] ApiDb:668 - CubeFinder database Data Model version=2.1
2023-06-13 16:45:26,587 [INFO] ApiDb:669 - CubeFinder database Configuration version=3.0.35
2023-06-13 16:45:26,587 [INFO] ApiDb:670 - CubeFinder database generation date=2023-05-12 (1683877179)
2023-06-13 16:45:26,587 [INFO] ApiDb:671 - CubeFinder database FW Pack versions=[FP-ATR-ASTRA1_V2.0.0, FP-SNS-FLIGHT1_V5.0.0, FP-SNS-MOTENV1_V4.3.0, STM32Cube_FW_C0_V1.0.1, STM32Cube_FW_F0_V1.11.4, STM32Cube_FW_F3_V1.11.4, STM32Cube_FW_F4_V1.27.1, STM32Cube_FW_F7_V1.17.0, STM32Cube_FW_G0_V1.6.1, STM32Cube_FW_G4_V1.5.1, STM32Cube_FW_H5_V0.5.1, STM32Cube_FW_H5_V1.0.0, STM32Cube_FW_H7_V1.11.0, STM32Cube_FW_L0_V1.12.2, STM32Cube_FW_L5_V1.5.0, STM32Cube_FW_U5_V1.2.0, STM32Cube_FW_WBA_V1.0.0, STM32Cube_FW_WBA_V1.0.0RC1, STM32Cube_FW_WBA_V1.0.0RC3, STM32Cube_FW_WB_V1.15.0RC1, STM32Cube_FW_WB_V1.16.0, STM32Cube_FW_WB_V1.16.0RC2, STM32Cube_FW_WL_V1.3.0, X-CUBE-ALGOBUILD_V1.3.0, X-CUBE-ALS_V1.0.1, X-CUBE-AZRTOS-F4_V1.1.0, X-CUBE-AZRTOS-F7_V1.1.0, X-CUBE-AZRTOS-G0_V1.1.0, X-CUBE-AZRTOS-G4_V2.0.0, X-CUBE-AZRTOS-H7_V3.1.0, X-CUBE-AZRTOS-L4_V1.0.0, X-CUBE-AZRTOS-L5_V1.1.0, X-CUBE-AZRTOS-WB_V1.1.0, X-CUBE-AZRTOS-WL_V1.0.0, X-CUBE-BLE1_V6.2.4, X-CUBE-BLE2_V3.3.0, X-CUBE-BLEMGR_V2.0.0, X-CUBE-EEPRMA1_V4.1.0, X-CUBE-FREERTOS_V1.0.1, X-CUBE-GNSS1_V6.0.0, X-CUBE-MEMS1_V9.1.0, X-CUBE-MEMS1_V9.4.0, X-CUBE-MEMS1_V9.6.0, X-CUBE-NFC4_V3.0.0, X-CUBE-NFC7_V1.0.0, X-CUBE-SFXS2LP1_V4.0.0, X-CUBE-SUBG2_V5.0.0]
2023-06-13 16:45:26,721 [INFO] DbBoardsSqlite:226 - include board P-NUCLEO-WB55-NUCLEO as a kit item of type 'Nucleo-64'
2023-06-13 16:45:26,722 [INFO] DbBoardsSqlite:226 - include board P-NUCLEO-WB55-USBDONGLE as a kit item of type 'Nucleo USB Dongle'
2023-06-13 16:45:26,722 [INFO] DbBoardsSqlite:226 - include board STEVAL-IDP005V1 as a kit item of type 'Evaluation Board'
2023-06-13 16:45:26,722 [INFO] DbBoardsSqlite:226 - include board STEVAL-IDP005V2 as a kit item of type 'Evaluation Board'
2023-06-13 16:45:26,801 [INFO] ApiDb:240 - Found 297 in-development CPN: [B-G473E-ZEST1S, B-WB1M-WPAN1, B-WL5M-SUBG1, NUCLEO-C031C6, NUCLEO-H503RB, NUCLEO-H563ZI, NUCLEO-U545RE-Q, NUCLEO-U5A5ZJ-Q, NUCLEO-WBA52CG, STEVAL-PROTEUS1, STEVAL-STWINBX1, STM320518-EVAL, STM32C0116-DK, STM32C011D6Y3TR, STM32C011D6Y6TR, STM32C011F4P3, STM32C011F4P6, STM32C011F4U3, STM32C011F4U6TR, STM32C011F6P3, STM32C011F6P6, STM32C011F6U3, STM32C011F6U6TR, STM32C011J4M3, STM32C011J4M6, STM32C011J6M3, STM32C011J6M6, STM32C0316-DK, STM32C031C4T3, STM32C031C4T6, STM32C031C4U3, STM32C031C4U6, STM32C031C6T3, STM32C031C6T6, STM32C031C6U3, STM32C031C6U6, STM32C031F4P3, STM32C031F4P6, STM32C031F6P3, STM32C031F6P6, STM32C031G4U3, STM32C031G4U6, STM32C031G6U3, STM32C031G6U6, STM32C031K4T3, STM32C031K4T6, STM32C031K4U3, STM32C031K4U6, STM32C031K6T3, STM32C031K6T6, STM32C031K6U3, STM32C031K6U6, STM32G071K8TXN, STM32G071K8UXN, STM32G081GBU6N, STM32G081KBT6N, STM32G081KBUXN, STM32G0B1CCT6N, STM32G0B1KCT6, STM32G0B1NEY6TR, STM32G0B1RCT6N, STM32G0C1CCT6, STM32G0C1CCT6N, STM32G0C1CCU6N, STM32G0C1CET6N, STM32G0C1CEU6N, STM32G0C1KCT6, STM32G0C1NEY6TR, STM32G0C1RCI6N, STM32G0C1RCT6N, STM32G0C1REI6N, STM32G0C1RET6N, STM32G0C1VCI6, STM32G0C1VEI6, STM32G471CCT6, STM32G471CCU6, STM32G471CET3, STM32G471CET6, STM32G471CEU3, STM32G471CEU6, STM32G471MCT6, STM32G471MET3, STM32G471MET6, STM32G471MEY6TR, STM32G471QCT6, STM32G471QET3, STM32G471RCT6, STM32G471RET3, STM32G471RET6, STM32G471VCH6, STM32G471VCI6, STM32G471VCT6, STM32G471VEH3, STM32G471VEH6, STM32G471VEI3, STM32G471VEI6, STM32G471VET3, STM32G471VET6, STM32G474CCT6, STM32H503CBT6, STM32H503CBU6, STM32H503EBY6TR, STM32H503KBU6, STM32H503RBT6, STM32H562AGI6, STM32H562AII6, STM32H562IGK6, STM32H562IGT6, STM32H562IIK6, STM32H562IIT6, STM32H562RGT6, STM32H562RGV6, STM32H562RIT6, STM32H562RIV6, STM32H562VGT6, STM32H562VIT6, STM32H562ZGT6, STM32H562ZIT6, STM32H563AGI6, STM32H563AII3Q, STM32H563AII6, STM32H563IGK6, STM32H563IGT6, STM32H563IIK3Q, STM32H563IIK6, STM32H563IIT3Q, STM32H563IIT6, STM32H563MIY3QTR, STM32H563RGT6, STM32H563RGV6, STM32H563RIT6, STM32H563RIV6, STM32H563VGT6, STM32H563VIT3Q, STM32H563VIT6, STM32H563ZGT6, STM32H563ZIT3Q, STM32H563ZIT6, STM32H573AII3Q, STM32H573AII6, STM32H573I-DK, STM32H573IIK3Q, STM32H573IIK6, STM32H573IIT3Q, STM32H573IIT6, STM32H573MIY3QTR, STM32H573RIT6, STM32H573RIV6, STM32H573VIT3Q, STM32H573VIT6, STM32H573ZIT3Q, STM32H573ZIT6, STM32L4R5QGI6STR, STM32MP131AAE3, STM32MP131AAF3, STM32MP131AAG3, STM32MP131CAE3, STM32MP131CAF3, STM32MP131CAG3, STM32MP131DAE7, STM32MP131DAF7, STM32MP131DAG7, STM32MP131FAE7, STM32MP131FAF7, STM32MP131FAG7, STM32MP133AAE3, STM32MP133AAF3, STM32MP133AAG3, STM32MP133CAE3, STM32MP133CAF3, STM32MP133CAG3, STM32MP133DAE7, STM32MP133DAF7, STM32MP133DAG7, STM32MP133FAE7, STM32MP133FAF7, STM32MP133FAG7, STM32MP135AAE3, STM32MP135AAF3, STM32MP135AAG3, STM32MP135CAE3, STM32MP135CAF3, STM32MP135CAG3, STM32MP135DAE7, STM32MP135DAF7, STM32MP135DAG7, STM32MP135F-DK, STM32MP135FAE7, STM32MP135FAF7, STM32MP135FAF7T, STM32MP135FAF7U, STM32MP135FAG7, STM32U535CBT6, STM32U535CBT6Q, STM32U535CBU6, STM32U535CBU6Q, STM32U535CCT6, STM32U535CCT6Q, STM32U535CCU6, STM32U535CCU6Q, STM32U535CET6, STM32U535CET6Q, STM32U535CEU6, STM32U535CEU6Q, STM32U535JEY6QTR, STM32U535NCY6QTR, STM32U535NEY6QTR, STM32U535RBI6, STM32U535RBI6Q, STM32U535RBT6, STM32U535RBT6Q, STM32U535RCI6, STM32U535RCI6Q, STM32U535RCT6, STM32U535RCT6Q, STM32U535REI6, STM32U535REI6Q, STM32U535RET6, STM32U535RET6Q, STM32U535VCI6, STM32U535VCI6Q, STM32U535VCT6, STM32U535VCT6Q, STM32U535VEI6, STM32U535VEI6Q, STM32U535VET6, STM32U535VET6Q, STM32U545CET6, STM32U545CET6Q, STM32U545CEU6, STM32U545CEU6Q, STM32U545JEY6QTR, STM32U545NEY6QTR, STM32U545REI6, STM32U545REI6Q, STM32U545RET6, STM32U545RET6Q, STM32U545VEI6, STM32U545VEI6Q, STM32U545VET6, STM32U545VET6Q, STM32U595AIH6, STM32U595AIH6Q, STM32U595AJH6, STM32U595AJH6Q, STM32U595QII6, STM32U595QII6Q, STM32U595QJI6, STM32U595QJI6Q, STM32U595RIT6, STM32U595RIT6Q, STM32U595RJT6, STM32U595RJT6Q, STM32U595VIT6, STM32U595VIT6Q, STM32U595VJT6, STM32U595VJT6Q, STM32U595ZIT6, STM32U595ZIT6Q, STM32U595ZIY6QTR, STM32U595ZJT6, STM32U595ZJT6Q, STM32U595ZJY6QTR, STM32U599BJY6QTR, STM32U599NIH6Q, STM32U599NJH6Q, STM32U599VIT6Q, STM32U599VJT6, STM32U599VJT6Q, STM32U599ZIT6Q, STM32U599ZIY6QTR, STM32U599ZJT6Q, STM32U599ZJY6QTR, STM32U5A5AJH6, STM32U5A5AJH6Q, STM32U5A5QJI6, STM32U5A5QJI6Q, STM32U5A5RJT6, STM32U5A5RJT6Q, STM32U5A5VJT6, STM32U5A5VJT6Q, STM32U5A5ZJT6, STM32U5A5ZJT6Q, STM32U5A5ZJY6QTR, STM32U5A9BJY6QTR, STM32U5A9J-DK, STM32U5A9NJH6Q, STM32U5A9VJT6Q, STM32U5A9ZJT6Q, STM32U5A9ZJY6QTR, STM32WB1MMCH6, STM32WBA52CEU6, STM32WBA52CEU6T, STM32WBA52CGU6, STM32WBA52CGU6T, STM32WL5MOCH6, STM32WL5MOCH6TR]
2023-06-13 16:45:27,141 [INFO] BoardInfo:880 - No configuration file found for board P-NUCLEO-WB55
2023-06-13 16:45:27,141 [INFO] DbBoards:157 - Kit is not supported: P-NUCLEO-WB55
2023-06-13 16:45:27,148 [INFO] BoardInfo:880 - No configuration file found for board STEVAL-BFA001V1B
2023-06-13 16:45:27,148 [INFO] DbBoards:157 - Kit is not supported: STEVAL-BFA001V1B
2023-06-13 16:45:27,152 [INFO] BoardInfo:880 - No configuration file found for board STEVAL-BFA001V2B
2023-06-13 16:45:27,152 [INFO] DbBoards:157 - Kit is not supported: STEVAL-BFA001V2B
2023-06-13 16:45:27,369 [INFO] DbBoards:161 - Found 187 boards, 184 are supported
2023-06-13 16:45:27,380 [INFO] ApiDb:423 - Load user favorites file C:\Users\LENOVO/.stm32cubeide/favorites.boards.txt: 1 item(s)
2023-06-13 16:45:27,380 [INFO] ApiDb:427 - User favorites Boards=[STM32F407G-DISC1]
2023-06-13 16:45:27,380 [INFO] DbBoards:190 - Set 1 / 1 favorites Boards
2023-06-13 16:45:27,384 [INFO] ApiDb:668 - CubeFinder database Data Model version=2.1
2023-06-13 16:45:27,384 [INFO] ApiDb:669 - CubeFinder database Configuration version=3.0.35
2023-06-13 16:45:27,384 [INFO] ApiDb:670 - CubeFinder database generation date=2023-05-12 (1683877179)
2023-06-13 16:45:27,386 [INFO] ApiDb:671 - CubeFinder database FW Pack versions=[FP-ATR-ASTRA1_V2.0.0, FP-SNS-FLIGHT1_V5.0.0, FP-SNS-MOTENV1_V4.3.0, STM32Cube_FW_C0_V1.0.1, STM32Cube_FW_F0_V1.11.4, STM32Cube_FW_F3_V1.11.4, STM32Cube_FW_F4_V1.27.1, STM32Cube_FW_F7_V1.17.0, STM32Cube_FW_G0_V1.6.1, STM32Cube_FW_G4_V1.5.1, STM32Cube_FW_H5_V0.5.1, STM32Cube_FW_H5_V1.0.0, STM32Cube_FW_H7_V1.11.0, STM32Cube_FW_L0_V1.12.2, STM32Cube_FW_L5_V1.5.0, STM32Cube_FW_U5_V1.2.0, STM32Cube_FW_WBA_V1.0.0, STM32Cube_FW_WBA_V1.0.0RC1, STM32Cube_FW_WBA_V1.0.0RC3, STM32Cube_FW_WB_V1.15.0RC1, STM32Cube_FW_WB_V1.16.0, STM32Cube_FW_WB_V1.16.0RC2, STM32Cube_FW_WL_V1.3.0, X-CUBE-ALGOBUILD_V1.3.0, X-CUBE-ALS_V1.0.1, X-CUBE-AZRTOS-F4_V1.1.0, X-CUBE-AZRTOS-F7_V1.1.0, X-CUBE-AZRTOS-G0_V1.1.0, X-CUBE-AZRTOS-G4_V2.0.0, X-CUBE-AZRTOS-H7_V3.1.0, X-CUBE-AZRTOS-L4_V1.0.0, X-CUBE-AZRTOS-L5_V1.1.0, X-CUBE-AZRTOS-WB_V1.1.0, X-CUBE-AZRTOS-WL_V1.0.0, X-CUBE-BLE1_V6.2.4, X-CUBE-BLE2_V3.3.0, X-CUBE-BLEMGR_V2.0.0, X-CUBE-EEPRMA1_V4.1.0, X-CUBE-FREERTOS_V1.0.1, X-CUBE-GNSS1_V6.0.0, X-CUBE-MEMS1_V9.1.0, X-CUBE-MEMS1_V9.4.0, X-CUBE-MEMS1_V9.6.0, X-CUBE-NFC4_V3.0.0, X-CUBE-NFC7_V1.0.0, X-CUBE-SFXS2LP1_V4.0.0, X-CUBE-SUBG2_V5.0.0]
2023-06-13 16:45:28,938 [INFO] DbExamplesSqlite:376 - Ignored 45 examples not supported by CubeIDE
2023-06-13 16:45:28,938 [INFO] DbExamplesSqlite:377 - Found 7342 examples active
2023-06-13 16:45:28,938 [INFO] DbExamplesSqlite:378 - Found 1107 examples obsolete
2023-06-13 16:45:28,938 [INFO] DbExamplesSqlite:379 - Found 0 examples under development
2023-06-13 16:45:28,938 [INFO] DbExamplesSqlite:380 - Found 77 examples not building
2023-06-13 16:45:28,947 [INFO] DbExamples:125 - Found 7374 examples
2023-06-13 16:45:28,978 [INFO] DbExamples:222 - Found 92 boards with related examples
2023-06-13 16:45:28,978 [INFO] DbExamples:235 - Found 78 MCUs with related examples
2023-06-13 16:45:29,068 [INFO] ApiDb:414 - User favorites file not found: C:\Users\LENOVO/.stm32cubeide/favorites.examples.txt
2023-06-13 16:45:29,068 [INFO] DbExamples:250 - Set 0 / 0 favorites Examples
2023-06-13 16:45:29,632 [INFO] McuFinderGlobals:66 - Set McuFinderConnectedMode to true
2023-06-13 16:45:29,651 [INFO] MultiScanPanel:200 - Auto-refresh data requested => check proxy status ongoing
2023-06-13 16:45:29,657 [INFO] FinderPluginLoader:95 - Searching for filters in installed packs
2023-06-13 16:45:33,740 [INFO] LoadUrlFilesThread:185 - End of LoadServerUrlFiles without Thread
2023-06-13 16:45:33,814 [INFO] DetailPanel:341 - Set advertising image to C:/Users/LENOVO/STM32Cube/Repository/\en.prom-stm32h5-mcu-finder.jpg
2023-06-13 16:47:09,907 [INFO] MainUpdater:2854 - connection check result : 10
2023-06-13 16:47:09,907 [INFO] MainUpdater:2854 - connection check result : 10
2023-06-13 16:47:10,021 [INFO] MicroXplorer:468 - Change Database Path : 
2023-06-13 16:47:10,021 [INFO] MicroXplorer:498 - Change Database Version : DB.6.0.80
2023-06-13 16:47:10,025 [WARN] ThirdParty:871 - waiting for thirdparty lock release [close project]
2023-06-13 16:47:10,025 [INFO] ThirdParty:873 - entering critical section [close project]
2023-06-13 16:47:10,025 [INFO] ThirdParty:883 - exiting critical section [close project]
2023-06-13 16:47:10,045 [INFO] PinOutPanel:1499 - setPackage(No Configuration,No Configuration)
2023-06-13 16:47:10,065 [INFO] UtilMem:75 - Begin LoadConfig() Used Memory: 487726152 Bytes (644874240)
2023-06-13 16:47:10,065 [INFO] MicroXplorer:468 - Change Database Path : 
2023-06-13 16:47:10,065 [INFO] MicroXplorer:498 - Change Database Version : DB.6.0.80
2023-06-13 16:47:10,065 [INFO] OpenFileManager:308 - Change cursor
2023-06-13 16:47:10,153 [WARN] IntegrityCheckThread:84 - waiting for thirdparty lock release [integrity check]
2023-06-13 16:47:10,153 [INFO] IntegrityCheckThread:86 - entering critical section [integrity check]
2023-06-13 16:47:10,437 [WARN] PackLoader:240 - Cannot read IP mode file for STMicroelectronics.X-CUBE-GNSS1.6.0.0
2023-06-13 16:47:10,509 [WARN] PackLoader:240 - Cannot read IP mode file for STMicroelectronics.X-CUBE-AZRTOS-F4.1.1.0
2023-06-13 16:47:10,550 [WARN] PackLoader:240 - Cannot read IP mode file for STMicroelectronics.X-CUBE-SMBUS.2.1.0
2023-06-13 16:47:10,635 [WARN] PackLoader:240 - Cannot read IP mode file for STMicroelectronics.X-CUBE-AZRTOS-F7.1.1.0
2023-06-13 16:47:10,778 [WARN] PackLoader:240 - Cannot read IP mode file for STMicroelectronics.X-CUBE-MEMS1.9.6.0
2023-06-13 16:47:11,052 [ERROR] RealEvaluatedCondition:428 - Found unsupported composite condition: CLASS='Data Exchange' GROUP='STM32_MetaDataManager'
2023-06-13 16:47:11,052 [ERROR] RealEvaluatedCondition:428 - Found unsupported composite condition: CLASS='Data Exchange' GROUP='STM32_MetaDataManager'
2023-06-13 16:47:11,052 [WARN] PackLoader:240 - Cannot read IP mode file for STMicroelectronics.FP-SNS-MOTENV1.4.3.1
2023-06-13 16:47:11,068 [WARN] PackLoader:240 - Cannot read IP mode file for STMicroelectronics.FP-SNS-FLIGHT1.5.0.1
2023-06-13 16:47:11,092 [WARN] PackLoader:240 - Cannot read IP mode file for STMicroelectronics.X-CUBE-BLE1.6.2.4
2023-06-13 16:47:11,108 [WARN] PackLoader:240 - Cannot read IP mode file for emotas.I-CUBE-CANOPEN.1.1.3
2023-06-13 16:47:11,140 [WARN] PackLoader:240 - Cannot read IP mode file for STMicroelectronics.X-CUBE-BLEMGR.2.0.0
2023-06-13 16:47:11,212 [WARN] ConditionMgr:438 - getConditionDescription Invalid condition id : UX DEVICE CLASS RTOS Condition cause : null
2023-06-13 16:47:11,212 [WARN] ConditionMgr:438 - getConditionDescription Invalid condition id : UX DEVICE CLASS RTOS Condition cause : null
2023-06-13 16:47:11,226 [WARN] PackLoader:240 - Cannot read IP mode file for STMicroelectronics.X-CUBE-AZRTOS-H7.3.1.0
2023-06-13 16:47:11,228 [WARN] ConditionMgr:1039 - genDependencies : Invalid condition id : UX DEVICE CLASS RTOS Condition cause : null
2023-06-13 16:47:11,228 [WARN] ConditionMgr:1039 - genDependencies : Invalid condition id : UX DEVICE CLASS RTOS Condition cause : null
2023-06-13 16:47:11,228 [WARN] ConditionMgr:1039 - genDependencies : Invalid condition id : UX DEVICE CLASS RTOS Condition cause : null
2023-06-13 16:47:11,228 [WARN] ConditionMgr:1039 - genDependencies : Invalid condition id : UX DEVICE CLASS RTOS Condition cause : null
2023-06-13 16:47:11,228 [WARN] ConditionMgr:1039 - genDependencies : Invalid condition id : UX DEVICE CLASS RTOS Condition cause : null
2023-06-13 16:47:11,254 [WARN] PackLoader:240 - Cannot read IP mode file for STMicroelectronics.X-CUBE-DISPLAY.3.0.0
2023-06-13 16:47:11,283 [WARN] PackLoader:240 - Cannot read IP mode file for wolfSSL.I-CUBE-wolfSSL.5.5.4
2023-06-13 16:47:11,302 [WARN] PackLoader:240 - Cannot read IP mode file for STMicroelectronics.X-CUBE-NFC7.1.0.0
2023-06-13 16:47:11,320 [WARN] PackLoader:240 - Cannot read IP mode file for STMicroelectronics.X-CUBE-EEPRMA1.4.1.0
2023-06-13 16:47:11,342 [INFO] LogOutputStream:77 - [STDOUT_REDIRECT] 1 : Invalid condition id : UX_CORESTACK_Condition cause : null
2023-06-13 16:47:11,342 [INFO] LogOutputStream:77 - [STDOUT_REDIRECT] 1 : Invalid condition id : UX_CORESTACK_Condition cause : null
2023-06-13 16:47:11,348 [INFO] LogOutputStream:77 - [STDOUT_REDIRECT] 1 : Invalid condition id : UX_CORESTACK_Condition cause : null
2023-06-13 16:47:11,350 [INFO] LogOutputStream:77 - [STDOUT_REDIRECT] 1 : Invalid condition id : UX_CORESTACK_Condition cause : null
2023-06-13 16:47:11,352 [INFO] LogOutputStream:77 - [STDOUT_REDIRECT] 1 : Invalid condition id : UX_CORESTACK_Condition cause : null
2023-06-13 16:47:11,355 [WARN] PackLoader:240 - Cannot read IP mode file for STMicroelectronics.X-CUBE-AZRTOS-WL.2.0.0
2023-06-13 16:47:11,416 [WARN] ConditionMgr:438 - getConditionDescription Invalid condition id : LAN8742 Phy interface Condition cause : null
2023-06-13 16:47:11,416 [WARN] PackLoader:240 - Cannot read IP mode file for STMicroelectronics.X-CUBE-AZRTOS-L4.2.0.0
2023-06-13 16:47:11,418 [WARN] ConditionMgr:1039 - genDependencies : Invalid condition id : LAN8742 Phy interface Condition cause : null
2023-06-13 16:47:11,418 [WARN] ConditionMgr:1039 - genDependencies : Invalid condition id : LAN8742 Phy interface Condition cause : null
2023-06-13 16:47:11,418 [WARN] ConditionMgr:1039 - genDependencies : Invalid condition id : LAN8742 Phy interface Condition cause : null
2023-06-13 16:47:11,440 [WARN] PackLoader:240 - Cannot read IP mode file for WES.I-CUBE-Cesium.1.3.0
2023-06-13 16:47:11,463 [WARN] PackLoader:240 - Cannot read IP mode file for STMicroelectronics.X-CUBE-SFXS2LP1.4.0.0
2023-06-13 16:47:11,474 [WARN] PackLoader:240 - Cannot read IP mode file for STMicroelectronics.X-CUBE-BLE2.3.3.0
2023-06-13 16:47:11,513 [WARN] PackLoader:240 - Cannot read IP mode file for STMicroelectronics.X-CUBE-TOF1.3.2.0
2023-06-13 16:47:11,606 [WARN] PackLoader:240 - Cannot read IP mode file for STMicroelectronics.X-CUBE-AZRTOS-H7.3.0.0
2023-06-13 16:47:11,622 [WARN] PackLoader:240 - Cannot read IP mode file for STMicroelectronics.X-CUBE-ISPU.1.1.0
2023-06-13 16:47:11,640 [WARN] PackLoader:240 - Cannot read IP mode file for RoweBots.I-CUBE-UNISONRTOS.5.5.0-4
2023-06-13 16:47:11,670 [WARN] PackLoader:240 - Cannot read IP mode file for STMicroelectronics.X-CUBE-AI.8.0.0
2023-06-13 16:47:11,687 [WARN] PackLoader:240 - Cannot read IP mode file for STMicroelectronics.X-CUBE-FREERTOS.1.0.0
2023-06-13 16:47:11,702 [WARN] PackLoader:240 - Cannot read IP mode file for STMicroelectronics.X-CUBE-FREERTOS.1.0.1
2023-06-13 16:47:11,734 [WARN] PackLoader:240 - Cannot read IP mode file for STMicroelectronics.X-CUBE-TOUCHGFX.4.21.1
2023-06-13 16:47:11,753 [WARN] PackLoader:240 - Cannot read IP mode file for STMicroelectronics.X-CUBE-TOUCHGFX.4.21.3
2023-06-13 16:47:11,808 [WARN] PackLoader:240 - Cannot read IP mode file for STMicroelectronics.X-CUBE-TOUCHGFX.4.21.4
2023-06-13 16:47:11,890 [WARN] PackLoader:240 - Cannot read IP mode file for STMicroelectronics.X-CUBE-MEMS1.9.4.0
2023-06-13 16:47:12,121 [WARN] PackLoader:240 - Cannot read IP mode file for STMicroelectronics.X-CUBE-AI.7.3.0
2023-06-13 16:47:12,137 [WARN] PackLoader:240 - Cannot read IP mode file for STMicroelectronics.X-CUBE-ALGOBUILD.1.3.0
2023-06-13 16:47:12,195 [WARN] PackLoader:240 - Cannot read IP mode file for STMicroelectronics.X-CUBE-AZRTOS-L5.1.1.0
2023-06-13 16:47:12,241 [WARN] PackLoader:240 - Cannot read IP mode file for STMicroelectronics.X-CUBE-AZRTOS-G0.1.1.0
2023-06-13 16:47:12,257 [WARN] PackLoader:240 - Cannot read IP mode file for STMicroelectronics.X-CUBE-AI.8.0.1
2023-06-13 16:47:12,287 [WARN] PackLoader:240 - Cannot read IP mode file for STMicroelectronics.X-CUBE-SUBG2.5.0.0
2023-06-13 16:47:12,314 [WARN] PackLoader:240 - Cannot read IP mode file for STMicroelectronics.X-CUBE-NFC4.3.0.0
2023-06-13 16:47:12,354 [WARN] PackLoader:240 - Cannot read IP mode file for STMicroelectronics.X-CUBE-AZRTOS-G4.2.0.0
2023-06-13 16:47:12,383 [WARN] PackLoader:240 - Cannot read IP mode file for STMicroelectronics.X-CUBE-TOF1.3.3.0
2023-06-13 16:47:12,412 [WARN] PackLoader:240 - Cannot read IP mode file for STMicroelectronics.FP-ATR-ASTRA1.1.1.1
2023-06-13 16:47:12,421 [WARN] PackLoader:240 - Cannot read IP mode file for STMicroelectronics.X-CUBE-BLEMGR.1.3.0
2023-06-13 16:47:12,467 [WARN] PackLoader:240 - Cannot read IP mode file for STMicroelectronics.X-CUBE-AZRTOS-G4.1.0.0
2023-06-13 16:47:12,467 [WARN] PackLoader:240 - Cannot read IP mode file for STMicroelectronics.FP-ATR-SIGFOX1.3.2.0
2023-06-13 16:47:12,514 [WARN] PackLoader:240 - Cannot read IP mode file for STMicroelectronics.X-CUBE-AZRTOS-L4.1.0.0
2023-06-13 16:47:12,571 [WARN] PackLoader:240 - Cannot read IP mode file for STMicroelectronics.X-CUBE-AZRTOS-WL.1.0.0
2023-06-13 16:47:12,586 [WARN] PackLoader:240 - Cannot read IP mode file for portGmbH.I-Cube-SoM-uGOAL.1.1.0
2023-06-13 16:47:12,604 [WARN] PackLoader:240 - Cannot read IP mode file for STMicroelectronics.X-CUBE-ALS.1.0.1
2023-06-13 16:47:12,724 [WARN] PackLoader:240 - Cannot read IP mode file for STMicroelectronics.X-CUBE-MEMS1.9.5.0
2023-06-13 16:47:12,928 [WARN] PackLoader:240 - Cannot read IP mode file for STMicroelectronics.X-CUBE-AZRTOS-WB.1.1.0
2023-06-13 16:47:13,003 [WARN] PackLoader:240 - Cannot read IP mode file for SEGGER.I-CUBE-embOS.1.3.1
2023-06-13 16:47:13,097 [WARN] PackLoader:240 - Cannot read IP mode file for STMicroelectronics.FP-ATR-ASTRA1.2.0.0
2023-06-13 16:47:13,100 [INFO] ThirdParty:978 - Integrity check success = true
2023-06-13 16:47:13,100 [INFO] IntegrityCheckThread:100 - exiting critical section [integrity check]
2023-06-13 16:47:13,100 [INFO] IntegrityCheckThread:103 - End integrity checks thread
2023-06-13 16:47:13,201 [INFO] Mcu:1937 - Initializing MCU STM32F407VGTx STM32F407VGTx 
2023-06-13 16:47:13,203 [INFO] Mcu:1950 - No CPN specified => set CPN to STM32F407VGT6
2023-06-13 16:47:16,545 [INFO] Context:659 - Trying to add GPIOservice into a context  which must be forbidden
2023-06-13 16:47:17,680 [INFO] ImportTextPane:194 - (OptionalMessage_ERROR) Unable to find key (Mcu.ThirdPartyNb) in loaded IOC file
2023-06-13 16:47:17,680 [INFO] ImportTextPane:194 - (OptionalMessage_ERROR) Unable to find key (Mcu.PinsNb) in loaded IOC file
2023-06-13 16:47:17,680 [INFO] ImportTextPane:194 - (OptionalMessage_ERROR) Unable to find key (Mcu.IPNb) in loaded IOC file
2023-06-13 16:47:18,443 [INFO] RtosManager:555 - Registered RTOS mode: class=CMSIS, group=RTOS, mode=CMSIS_V1, owner=FREERTOS
2023-06-13 16:47:18,443 [INFO] RtosManager:555 - Registered RTOS mode: class=CMSIS, group=RTOS2, mode=CMSIS_V2, owner=FREERTOS
2023-06-13 16:47:18,443 [INFO] RtosManager:555 - Registered RTOS mode: class=RTOS, group=Core, mode=CMSIS_V1, owner=FREERTOS
2023-06-13 16:47:18,443 [INFO] RtosManager:555 - Registered RTOS mode: class=RTOS, group=Core, mode=CMSIS_V2, owner=FREERTOS
2023-06-13 16:47:18,445 [WARN] ModelIntegratedComponent:184 - Missing modes for component STMicroelectronics:FreeRTOS:0.0.1:STMicroelectronics:RTOS:FreeRTOS:Core:::10.2.0:
2023-06-13 16:47:18,465 [WARN] ModelIntegratedComponent:63 - No mode defined for component null
2023-06-13 16:47:18,465 [WARN] ModelIntegratedComponent:63 - No mode defined for component null
2023-06-13 16:47:18,465 [WARN] ModelIntegratedComponent:63 - No mode defined for component null
2023-06-13 16:47:18,465 [WARN] ModelIntegratedComponent:63 - No mode defined for component null
2023-06-13 16:47:18,465 [WARN] ModelIntegratedComponent:63 - No mode defined for component null
2023-06-13 16:47:18,465 [WARN] ModelIntegratedComponent:63 - No mode defined for component null
2023-06-13 16:47:18,465 [WARN] ModelIntegratedComponent:63 - No mode defined for component null
2023-06-13 16:47:18,465 [WARN] ModelIntegratedComponent:63 - No mode defined for component null
2023-06-13 16:47:18,465 [WARN] ModelIntegratedComponent:63 - No mode defined for component null
2023-06-13 16:47:18,465 [WARN] ModelIntegratedComponent:63 - No mode defined for component null
2023-06-13 16:47:18,465 [WARN] ModelIntegratedComponent:63 - No mode defined for component null
2023-06-13 16:47:18,465 [WARN] ModelIntegratedComponent:63 - No mode defined for component null
2023-06-13 16:47:18,465 [WARN] ModelIntegratedComponent:63 - No mode defined for component null
2023-06-13 16:47:18,465 [WARN] ModelIntegratedComponent:63 - No mode defined for component null
2023-06-13 16:47:18,465 [WARN] ModelIntegratedComponent:63 - No mode defined for component null
2023-06-13 16:47:18,465 [WARN] ModelIntegratedComponent:63 - No mode defined for component null
2023-06-13 16:47:18,465 [WARN] ModelIntegratedComponent:63 - No mode defined for component null
2023-06-13 16:47:18,465 [WARN] ModelIntegratedComponent:63 - No mode defined for component null
2023-06-13 16:47:18,465 [WARN] ModelIntegratedComponent:63 - No mode defined for component null
2023-06-13 16:47:18,465 [WARN] ModelIntegratedComponent:63 - No mode defined for component null
2023-06-13 16:47:18,465 [WARN] ModelIntegratedComponent:63 - No mode defined for component null
2023-06-13 16:47:18,465 [WARN] ModelIntegratedComponent:63 - No mode defined for component null
2023-06-13 16:47:18,465 [WARN] ModelIntegratedComponent:63 - No mode defined for component null
2023-06-13 16:47:18,465 [WARN] ModelIntegratedComponent:63 - No mode defined for component null
2023-06-13 16:47:18,465 [WARN] ModelIntegratedComponent:63 - No mode defined for component null
2023-06-13 16:47:18,465 [WARN] ModelIntegratedComponent:63 - No mode defined for component null
2023-06-13 16:47:18,465 [WARN] ModelIntegratedComponent:63 - No mode defined for component null
2023-06-13 16:47:18,465 [WARN] ModelIntegratedComponent:63 - No mode defined for component null
2023-06-13 16:47:18,465 [WARN] ModelIntegratedComponent:63 - No mode defined for component null
2023-06-13 16:47:18,465 [WARN] ModelIntegratedComponent:63 - No mode defined for component null
2023-06-13 16:47:18,465 [WARN] ModelIntegratedComponent:63 - No mode defined for component null
2023-06-13 16:47:18,465 [WARN] ModelIntegratedComponent:63 - No mode defined for component null
2023-06-13 16:47:18,465 [WARN] ModelIntegratedComponent:63 - No mode defined for component null
2023-06-13 16:47:18,628 [INFO] ThirdPartyModel:298 - Start build external matchings
2023-06-13 16:47:20,824 [INFO] ThirdPartyModel:316 - End build external matchings
2023-06-13 16:47:21,297 [INFO] UtilMem:75 - End LoadConfig() Used Memory: 509052864 Bytes (644874240)
2023-06-13 16:47:21,335 [WARN] ThirdParty:833 - waiting for thirdparty lock release [change project]
2023-06-13 16:47:21,335 [INFO] ThirdParty:835 - entering critical section [change project]
2023-06-13 16:47:21,335 [INFO] ThirdParty:1030 - CMSIS Pack Vendor :STMicroelectronics X-CUBE-ISPU 1.1.0
2023-06-13 16:47:21,335 [INFO] ThirdParty:1030 - CMSIS Pack Vendor :RoweBots I-CUBE-UNISONRTOS 5.5.0-4
2023-06-13 16:47:21,335 [INFO] ThirdParty:1030 - CMSIS Pack Vendor :STMicroelectronics X-CUBE-GNSS1 6.0.0
2023-06-13 16:47:21,335 [INFO] ThirdParty:1030 - CMSIS Pack Vendor :STMicroelectronics USB_HOST 2.0.0
2023-06-13 16:47:21,348 [INFO] ThirdParty:1030 - CMSIS Pack Vendor :STMicroelectronics X-CUBE-AZRTOS-F4 1.1.0
2023-06-13 16:47:21,348 [INFO] ThirdParty:1030 - CMSIS Pack Vendor :STMicroelectronics LIBJPEG 8.0.0
2023-06-13 16:47:21,348 [INFO] ThirdParty:1030 - CMSIS Pack Vendor :STMicroelectronics X-CUBE-SMBUS 2.1.0
2023-06-13 16:47:21,348 [INFO] ThirdParty:1030 - CMSIS Pack Vendor :STMicroelectronics USB_DEVICE 3.0.0
2023-06-13 16:47:21,348 [INFO] ThirdParty:1030 - CMSIS Pack Vendor :STMicroelectronics X-CUBE-AI 8.0.0
2023-06-13 16:47:21,348 [INFO] ThirdParty:1030 - CMSIS Pack Vendor :STMicroelectronics X-CUBE-FREERTOS 1.0.0
2023-06-13 16:47:21,348 [INFO] ThirdParty:1030 - CMSIS Pack Vendor :STMicroelectronics X-CUBE-FREERTOS 1.0.1
2023-06-13 16:47:21,348 [INFO] ThirdParty:1030 - CMSIS Pack Vendor :STMicroelectronics X-CUBE-TOUCHGFX 4.21.1
2023-06-13 16:47:21,348 [INFO] ThirdParty:1030 - CMSIS Pack Vendor :STMicroelectronics X-CUBE-TOUCHGFX 4.21.3
2023-06-13 16:47:21,348 [INFO] ThirdParty:1030 - CMSIS Pack Vendor :STMicroelectronics X-CUBE-AZRTOS-F7 1.1.0
2023-06-13 16:47:21,348 [INFO] ThirdParty:1030 - CMSIS Pack Vendor :STMicroelectronics X-CUBE-TOUCHGFX 4.21.4
2023-06-13 16:47:21,348 [INFO] ThirdParty:1030 - CMSIS Pack Vendor :STMicroelectronics X-CUBE-MEMS1 9.4.0
2023-06-13 16:47:21,348 [INFO] ThirdParty:1030 - CMSIS Pack Vendor :STMicroelectronics USB_DEVICE 2.0.0
2023-06-13 16:47:21,348 [INFO] ThirdParty:1030 - CMSIS Pack Vendor :STMicroelectronics X-CUBE-MEMS1 9.6.0
2023-06-13 16:47:21,348 [INFO] ThirdParty:1030 - CMSIS Pack Vendor :STMicroelectronics X-CUBE-AI 7.3.0
2023-06-13 16:47:21,348 [INFO] ThirdParty:1030 - CMSIS Pack Vendor :STMicroelectronics FP-SNS-MOTENV1 4.3.1
2023-06-13 16:47:21,348 [INFO] ThirdParty:1030 - CMSIS Pack Vendor :STMicroelectronics FP-SNS-FLIGHT1 5.0.1
2023-06-13 16:47:21,348 [INFO] ThirdParty:1030 - CMSIS Pack Vendor :STMicroelectronics X-CUBE-ALGOBUILD 1.3.0
2023-06-13 16:47:21,350 [INFO] ThirdParty:1030 - CMSIS Pack Vendor :STMicroelectronics X-CUBE-BLE1 6.2.4
2023-06-13 16:47:21,350 [INFO] ThirdParty:1030 - CMSIS Pack Vendor :STMicroelectronics X-CUBE-AZRTOS-L5 1.1.0
2023-06-13 16:47:21,350 [INFO] ThirdParty:1030 - CMSIS Pack Vendor :STMicroelectronics FreeRTOS 0.0.1
2023-06-13 16:47:21,350 [INFO] ThirdParty:1030 - CMSIS Pack Vendor :emotas I-CUBE-CANOPEN 1.1.3
2023-06-13 16:47:21,350 [INFO] ThirdParty:1030 - CMSIS Pack Vendor :STMicroelectronics X-CUBE-AZRTOS-G0 1.1.0
2023-06-13 16:47:21,350 [INFO] ThirdParty:1030 - CMSIS Pack Vendor :STMicroelectronics X-CUBE-BLEMGR 2.0.0
2023-06-13 16:47:21,350 [INFO] ThirdParty:1030 - CMSIS Pack Vendor :STMicroelectronics X-CUBE-AI 8.0.1
2023-06-13 16:47:21,350 [INFO] ThirdParty:1030 - CMSIS Pack Vendor :STMicroelectronics X-CUBE-SUBG2 5.0.0
2023-06-13 16:47:21,350 [INFO] ThirdParty:1030 - CMSIS Pack Vendor :STMicroelectronics X-CUBE-NFC4 3.0.0
2023-06-13 16:47:21,350 [INFO] ThirdParty:1030 - CMSIS Pack Vendor :STMicroelectronics STM32_WPAN 1.0.0
2023-06-13 16:47:21,350 [INFO] ThirdParty:1030 - CMSIS Pack Vendor :STMicroelectronics lwIP 2.0.3
2023-06-13 16:47:21,350 [INFO] ThirdParty:1030 - CMSIS Pack Vendor :STMicroelectronics USB_HOST 1.0.0
2023-06-13 16:47:21,350 [INFO] ThirdParty:1030 - CMSIS Pack Vendor :STMicroelectronics X-CUBE-AZRTOS-G4 2.0.0
2023-06-13 16:47:21,350 [INFO] ThirdParty:1030 - CMSIS Pack Vendor :STMicroelectronics PDM2PCM 3.1.0
2023-06-13 16:47:21,350 [INFO] ThirdParty:1030 - CMSIS Pack Vendor :STMicroelectronics X-CUBE-AZRTOS-H7 3.1.0
2023-06-13 16:47:21,350 [INFO] ThirdParty:1030 - CMSIS Pack Vendor :STMicroelectronics X-CUBE-TOF1 3.3.0
2023-06-13 16:47:21,350 [INFO] ThirdParty:1030 - CMSIS Pack Vendor :STMicroelectronics FP-ATR-ASTRA1 1.1.1
2023-06-13 16:47:21,350 [INFO] ThirdParty:1030 - CMSIS Pack Vendor :STMicroelectronics PDM2PCM 3.3.0
2023-06-13 16:47:21,350 [INFO] ThirdParty:1030 - CMSIS Pack Vendor :STMicroelectronics X-CUBE-DISPLAY 3.0.0
2023-06-13 16:47:21,350 [INFO] ThirdParty:1030 - CMSIS Pack Vendor :STMicroelectronics X-CUBE-BLEMGR 1.3.0
2023-06-13 16:47:21,350 [INFO] ThirdParty:1030 - CMSIS Pack Vendor :STMicroelectronics X-CUBE-AZRTOS-G4 1.0.0
2023-06-13 16:47:21,350 [INFO] ThirdParty:1030 - CMSIS Pack Vendor :STMicroelectronics FP-ATR-SIGFOX1 3.2.0
2023-06-13 16:47:21,350 [INFO] ThirdParty:1030 - CMSIS Pack Vendor :wolfSSL I-CUBE-wolfSSL 5.5.4
2023-06-13 16:47:21,350 [INFO] ThirdParty:1030 - CMSIS Pack Vendor :STMicroelectronics X-CUBE-AZRTOS-L4 1.0.0
2023-06-13 16:47:21,350 [INFO] ThirdParty:1030 - CMSIS Pack Vendor :STMicroelectronics HAL Drivers 0.0.0
2023-06-13 16:47:21,350 [INFO] ThirdParty:1030 - CMSIS Pack Vendor :STMicroelectronics MBEDTLS 2.16.2
2023-06-13 16:47:21,350 [INFO] ThirdParty:1030 - CMSIS Pack Vendor :STMicroelectronics MBEDTLS 2.14.1
2023-06-13 16:47:21,350 [INFO] ThirdParty:1030 - CMSIS Pack Vendor :STMicroelectronics X-CUBE-NFC7 1.0.0
2023-06-13 16:47:21,350 [INFO] ThirdParty:1030 - CMSIS Pack Vendor :STMicroelectronics X-CUBE-AZRTOS-WL 1.0.0
2023-06-13 16:47:21,350 [INFO] ThirdParty:1030 - CMSIS Pack Vendor :STMicroelectronics X-CUBE-EEPRMA1 4.1.0
2023-06-13 16:47:21,350 [INFO] ThirdParty:1030 - CMSIS Pack Vendor :portGmbH I-Cube-SoM-uGOAL 1.1.0
2023-06-13 16:47:21,350 [INFO] ThirdParty:1030 - CMSIS Pack Vendor :STMicroelectronics X-CUBE-ALS 1.0.1
2023-06-13 16:47:21,350 [INFO] ThirdParty:1030 - CMSIS Pack Vendor :STMicroelectronics X-CUBE-MEMS1 9.5.0
2023-06-13 16:47:21,350 [INFO] ThirdParty:1030 - CMSIS Pack Vendor :STMicroelectronics ThreadX 1.0.0
2023-06-13 16:47:21,350 [INFO] ThirdParty:1030 - CMSIS Pack Vendor :STMicroelectronics X-CUBE-AZRTOS-WB 1.1.0
2023-06-13 16:47:21,350 [INFO] ThirdParty:1030 - CMSIS Pack Vendor :STMicroelectronics X-CUBE-AZRTOS-WL 2.0.0
2023-06-13 16:47:21,350 [INFO] ThirdParty:1030 - CMSIS Pack Vendor :SEGGER I-CUBE-embOS 1.3.1
2023-06-13 16:47:21,350 [INFO] ThirdParty:1030 - CMSIS Pack Vendor :STMicroelectronics USB_DEVICE 1.0.0
2023-06-13 16:47:21,350 [INFO] ThirdParty:1030 - CMSIS Pack Vendor :STMicroelectronics X-CUBE-AZRTOS-L4 2.0.0
2023-06-13 16:47:21,350 [INFO] ThirdParty:1030 - CMSIS Pack Vendor :STMicroelectronics ThreadX 0.0.2
2023-06-13 16:47:21,350 [INFO] ThirdParty:1030 - CMSIS Pack Vendor :WES I-CUBE-Cesium 1.3.0
2023-06-13 16:47:21,350 [INFO] ThirdParty:1030 - CMSIS Pack Vendor :STMicroelectronics FP-ATR-ASTRA1 2.0.0
2023-06-13 16:47:21,355 [INFO] ThirdParty:1030 - CMSIS Pack Vendor :STMicroelectronics lwIP 2.1.2
2023-06-13 16:47:21,355 [INFO] ThirdParty:1030 - CMSIS Pack Vendor :STMicroelectronics X-CUBE-SFXS2LP1 4.0.0
2023-06-13 16:47:21,355 [INFO] ThirdParty:1030 - CMSIS Pack Vendor :STMicroelectronics X-CUBE-BLE2 3.3.0
2023-06-13 16:47:21,355 [INFO] ThirdParty:1030 - CMSIS Pack Vendor :STMicroelectronics X-CUBE-TOF1 3.2.0
2023-06-13 16:47:21,355 [INFO] ThirdParty:1030 - CMSIS Pack Vendor :STMicroelectronics PDM2PCM 3.2.0
2023-06-13 16:47:21,355 [INFO] ThirdParty:1030 - CMSIS Pack Vendor :STMicroelectronics X-CUBE-AZRTOS-H7 3.0.0
2023-06-13 16:47:21,356 [INFO] ThirdParty:841 - exiting critical section [change project]
2023-06-13 16:47:22,164 [INFO] PinOutPanel:1499 - setPackage(No Configuration,No Configuration)
2023-06-13 16:47:22,165 [INFO] PinOutPanel:1499 - setPackage(STM32F407VGTx,LQFP100)
2023-06-13 16:47:23,028 [INFO] UtilMem:75 - Before build in PCC Used Memory: 529283520 Bytes (644874240)
2023-06-13 16:47:24,279 [INFO] UtilMem:75 - After build in PCC Used Memory: 559069944 Bytes (644874240)
2023-06-13 16:47:24,334 [INFO] IPUIPlugin:80 - create IPUIPlugin
2023-06-13 16:47:24,334 [INFO] IPUIPlugin:80 - create IPUIPlugin
2023-06-13 16:47:24,334 [INFO] IPUIPlugin:80 - create IPUIPlugin
2023-06-13 16:47:24,334 [INFO] IPUIPlugin:80 - create IPUIPlugin
2023-06-13 16:47:24,334 [INFO] IPUIPlugin:80 - create IPUIPlugin
2023-06-13 16:47:24,334 [INFO] IPUIPlugin:80 - create IPUIPlugin
2023-06-13 16:47:24,334 [INFO] IPUIPlugin:80 - create IPUIPlugin
2023-06-13 16:47:24,334 [INFO] IPUIPlugin:80 - create IPUIPlugin
2023-06-13 16:47:24,334 [INFO] IPUIPlugin:80 - create IPUIPlugin
2023-06-13 16:47:24,334 [INFO] IPUIPlugin:80 - create IPUIPlugin
2023-06-13 16:47:24,334 [INFO] IPUIPlugin:80 - create IPUIPlugin
2023-06-13 16:47:24,334 [INFO] IPUIPlugin:80 - create IPUIPlugin
2023-06-13 16:47:24,334 [INFO] IPUIPlugin:80 - create IPUIPlugin
2023-06-13 16:47:24,334 [INFO] IPUIPlugin:80 - create IPUIPlugin
2023-06-13 16:47:24,334 [INFO] IPUIPlugin:80 - create IPUIPlugin
2023-06-13 16:47:24,350 [INFO] IPUIPlugin:80 - create IPUIPlugin
2023-06-13 16:47:24,350 [INFO] IPUIPlugin:80 - create IPUIPlugin
2023-06-13 16:47:24,352 [INFO] IPUIPlugin:80 - create IPUIPlugin
2023-06-13 16:47:24,352 [INFO] IPUIPlugin:80 - create IPUIPlugin
2023-06-13 16:47:24,352 [INFO] IPUIPlugin:80 - create IPUIPlugin
2023-06-13 16:47:24,352 [INFO] IPUIPlugin:80 - create IPUIPlugin
2023-06-13 16:47:24,352 [INFO] IPUIPlugin:80 - create IPUIPlugin
2023-06-13 16:47:24,352 [INFO] IPUIPlugin:80 - create IPUIPlugin
2023-06-13 16:47:24,352 [INFO] IPUIPlugin:80 - create IPUIPlugin
2023-06-13 16:47:24,352 [INFO] IPUIPlugin:80 - create IPUIPlugin
2023-06-13 16:47:24,352 [INFO] IPUIPlugin:80 - create IPUIPlugin
2023-06-13 16:47:24,357 [INFO] IPUIPlugin:80 - create IPUIPlugin
2023-06-13 16:47:24,357 [INFO] IPUIPlugin:80 - create IPUIPlugin
2023-06-13 16:47:24,357 [INFO] IPUIPlugin:80 - create IPUIPlugin
2023-06-13 16:47:24,358 [INFO] IPUIPlugin:80 - create IPUIPlugin
2023-06-13 16:47:24,358 [INFO] IPUIPlugin:80 - create IPUIPlugin
2023-06-13 16:47:24,358 [INFO] IPUIPlugin:80 - create IPUIPlugin
2023-06-13 16:47:24,358 [INFO] IPUIPlugin:80 - create IPUIPlugin
2023-06-13 16:47:24,360 [INFO] IPUIPlugin:80 - create IPUIPlugin
2023-06-13 16:47:24,361 [INFO] IPUIPlugin:80 - create IPUIPlugin
2023-06-13 16:47:24,361 [INFO] IPUIPlugin:80 - create IPUIPlugin
2023-06-13 16:47:24,361 [INFO] IPUIPlugin:80 - create IPUIPlugin
2023-06-13 16:47:24,363 [INFO] IPUIPlugin:80 - create IPUIPlugin
2023-06-13 16:47:24,363 [INFO] IPUIPlugin:80 - create IPUIPlugin
2023-06-13 16:47:24,363 [INFO] IPUIPlugin:80 - create IPUIPlugin
2023-06-13 16:47:24,363 [INFO] IPUIPlugin:80 - create IPUIPlugin
2023-06-13 16:47:24,363 [INFO] IPUIPlugin:80 - create IPUIPlugin
2023-06-13 16:47:24,363 [INFO] IPUIPlugin:80 - create IPUIPlugin
2023-06-13 16:47:24,366 [INFO] IPUIPlugin:80 - create IPUIPlugin
2023-06-13 16:47:24,366 [INFO] IPUIPlugin:80 - create IPUIPlugin
2023-06-13 16:47:24,366 [INFO] IPUIPlugin:80 - create IPUIPlugin
2023-06-13 16:47:24,366 [INFO] IPUIPlugin:80 - create IPUIPlugin
2023-06-13 16:47:24,370 [INFO] IPUIPlugin:80 - create IPUIPlugin
2023-06-13 16:47:24,371 [INFO] IPUIPlugin:80 - create IPUIPlugin
2023-06-13 16:47:24,371 [INFO] IPUIPlugin:80 - create IPUIPlugin
2023-06-13 16:47:24,371 [INFO] IPUIPlugin:80 - create IPUIPlugin
2023-06-13 16:47:24,371 [INFO] IPUIPlugin:80 - create IPUIPlugin
2023-06-13 16:47:24,371 [INFO] IPUIPlugin:80 - create IPUIPlugin
2023-06-13 16:47:24,375 [INFO] IPUIPlugin:80 - create IPUIPlugin
2023-06-13 16:47:24,375 [INFO] IPUIPlugin:80 - create IPUIPlugin
2023-06-13 16:47:24,375 [INFO] IPUIPlugin:80 - create IPUIPlugin
2023-06-13 16:47:24,375 [INFO] IPUIPlugin:80 - create IPUIPlugin
2023-06-13 16:47:24,375 [INFO] IPUIPlugin:80 - create IPUIPlugin
2023-06-13 16:47:24,471 [INFO] ApiDbMcu:507 - Load IP Config File for PDM2PCM
2023-06-13 16:47:24,733 [INFO] CADModel:165 - CPN selected for project levelSTM32F407VGT6
2023-06-13 16:47:24,733 [INFO] CADModel:114 - Register for checkConnection events
2023-06-13 16:47:24,791 [INFO] OpenFileManager:328 - Restore cursor
2023-06-13 16:47:28,014 [INFO] UtilMem:75 - End SaveConfig() Used Memory: 541882048 Bytes (644874240)
2023-06-13 16:47:28,105 [INFO] UtilMem:75 - End SaveConfig() Used Memory: 563902144 Bytes (644874240)
2023-06-13 16:47:29,050 [INFO] BlockDiagram:2759 - set Specific Code input for plugin: RCC
2023-06-13 16:47:29,050 [INFO] BlockDiagram:2759 - set Specific Code input for plugin: NVIC
2023-06-13 16:47:29,050 [INFO] CodeGenerator:793 - code generatio: config db path: C:\ST\STM32CubeIDE_1.12.0\STM32CubeIDE\plugins\com.st.stm32cube.common.mx_6.8.0.202302231600\\db\
2023-06-13 16:47:29,843 [INFO] CodeEngine:255 - oldGeneratedFile, C:\Users\LENOVO\STM32CubeIDE\workspace_1.12.0\007_4_HAL_TIMER_INTERRUPT\MXTmpFiles\license.tmp_save
2023-06-13 16:47:30,532 [INFO] CodeEngine:279 - Generated code: C:\Users\LENOVO\STM32CubeIDE\workspace_1.12.0\007_4_HAL_TIMER_INTERRUPT\MXTmpFiles\license.tmp
2023-06-13 16:47:30,572 [INFO] CodeEngine:255 - oldGeneratedFile, C:\Users\LENOVO\STM32CubeIDE\workspace_1.12.0\007_4_HAL_TIMER_INTERRUPT\Core\Src\stm32f4xx_it.c_save
2023-06-13 16:47:30,912 [INFO] CodeEngine:279 - Generated code: C:\Users\LENOVO\STM32CubeIDE\workspace_1.12.0\007_4_HAL_TIMER_INTERRUPT\Core\Src\stm32f4xx_it.c
2023-06-13 16:47:30,924 [INFO] CodeEngine:255 - oldGeneratedFile, C:\Users\LENOVO\STM32CubeIDE\workspace_1.12.0\007_4_HAL_TIMER_INTERRUPT\Core\Inc\stm32f4xx_it.h_save
2023-06-13 16:47:31,099 [INFO] CodeEngine:279 - Generated code: C:\Users\LENOVO\STM32CubeIDE\workspace_1.12.0\007_4_HAL_TIMER_INTERRUPT\Core\Inc\stm32f4xx_it.h
2023-06-13 16:47:31,228 [INFO] CodeEngine:255 - oldGeneratedFile, C:\Users\LENOVO\STM32CubeIDE\workspace_1.12.0\007_4_HAL_TIMER_INTERRUPT\Core\Src\stm32f4xx_hal_msp.c_save
2023-06-13 16:47:31,477 [INFO] CodeEngine:279 - Generated code: C:\Users\LENOVO\STM32CubeIDE\workspace_1.12.0\007_4_HAL_TIMER_INTERRUPT\Core\Src\stm32f4xx_hal_msp.c
2023-06-13 16:47:31,499 [INFO] CodeEngine:255 - oldGeneratedFile, C:\Users\LENOVO\STM32CubeIDE\workspace_1.12.0\007_4_HAL_TIMER_INTERRUPT\MXTmpFiles\system.tmp_save
2023-06-13 16:47:31,643 [INFO] CodeEngine:279 - Generated code: C:\Users\LENOVO\STM32CubeIDE\workspace_1.12.0\007_4_HAL_TIMER_INTERRUPT\MXTmpFiles\system.tmp
2023-06-13 16:47:31,677 [INFO] CodeEngine:311 - oldGeneratedFile, C:\Users\LENOVO\STM32CubeIDE\workspace_1.12.0\007_4_HAL_TIMER_INTERRUPT\Core\Inc\stm32f4xx_hal_conf.h_save
2023-06-13 16:47:31,894 [INFO] CodeEngine:335 - Generated code: C:\Users\LENOVO\STM32CubeIDE\workspace_1.12.0\007_4_HAL_TIMER_INTERRUPT\Core\Inc\stm32f4xx_hal_conf.h
2023-06-13 16:47:32,017 [INFO] CodeEngine:255 - oldGeneratedFile, C:\Users\LENOVO\STM32CubeIDE\workspace_1.12.0\007_4_HAL_TIMER_INTERRUPT\Core\Inc\main.h_save
2023-06-13 16:47:32,299 [INFO] CodeEngine:279 - Generated code: C:\Users\LENOVO\STM32CubeIDE\workspace_1.12.0\007_4_HAL_TIMER_INTERRUPT\Core\Inc\main.h
2023-06-13 16:47:32,326 [INFO] CodeEngine:255 - oldGeneratedFile, C:\Users\LENOVO\STM32CubeIDE\workspace_1.12.0\007_4_HAL_TIMER_INTERRUPT\Core\Src\main.c_save
2023-06-13 16:47:32,639 [INFO] CodeEngine:279 - Generated code: C:\Users\LENOVO\STM32CubeIDE\workspace_1.12.0\007_4_HAL_TIMER_INTERRUPT\Core\Src\main.c
2023-06-13 16:47:34,169 [INFO] ProjectBuilder:2996 - Time for Copy HAL[1] : 348mS.
2023-06-13 16:47:34,184 [INFO] ProjectBuilder:4304 - Project Generator version: 3.19.2
2023-06-13 16:47:34,907 [INFO] ConfigFileManager:1483 - The Die is : DIE413
2023-06-13 16:47:34,923 [INFO] ApiDbMcu:507 - Load IP Config File for FATFS
2023-06-13 16:47:34,957 [INFO] ApiDbMcu:507 - Load IP Config File for FREERTOS
2023-06-13 16:47:34,966 [INFO] ApiDbMcu:507 - Load IP Config File for LIBJPEG
2023-06-13 16:47:34,994 [INFO] ApiDbMcu:507 - Load IP Config File for LWIP
2023-06-13 16:47:35,010 [INFO] ApiDbMcu:507 - Load IP Config File for MBEDTLS
2023-06-13 16:47:35,035 [INFO] ApiDbMcu:507 - Load IP Config File for USB_DEVICE
2023-06-13 16:47:35,051 [INFO] ApiDbMcu:507 - Load IP Config File for USB_HOST
2023-06-13 16:47:37,082 [INFO] LogOutputStream:77 - [STDOUT_REDIRECT] 
2023-06-13 16:47:44,333 [INFO] ProjectBuilder:4505 - Time for Generating toolchain IDE Files: 10149mS.
2023-06-13 16:47:44,333 [INFO] ProjectBuilder:2867 - Time for Copy CMSIS : 0mS.
2023-06-13 16:47:44,340 [INFO] ProjectBuilder:2867 - Time for Copy CMSIS : 0mS.
2023-06-13 16:47:45,890 [INFO] McuFinderGlobals:66 - Set McuFinderConnectedMode to true
2023-06-13 16:47:45,892 [INFO] ApiDb:448 - Save user favorites file C:\Users\LENOVO/.stm32cubeide/favorites.mcus.txt: 0 item(s)
2023-06-13 16:47:45,892 [INFO] ApiDb:452 - User favorites MCUs=[]
