2023-08-21 13:20:42,468 [INFO] Activator:176 - 


2023-08-21 13:20:42,468 [INFO] Activator:177 - !SESSION log4j initialized
2023-08-21 13:20:49,733 [INFO] LogOutputStream:77 - [STDOUT_REDIRECT] 
2023-08-21 13:21:13,064 [ERROR] LogOutputStream:75 - [STDERR_REDIRECT] SLF4J: Failed to load class "org.slf4j.impl.StaticLoggerBinder".
2023-08-21 13:21:13,069 [ERROR] LogOutputStream:75 - [STDERR_REDIRECT] SLF4J: Defaulting to no-operation (NOP) logger implementation
2023-08-21 13:21:13,069 [ERROR] LogOutputStream:75 - [STDERR_REDIRECT] SLF4J: See http://www.slf4j.org/codes.html#StaticLoggerBinder for further details.
2023-08-21 15:13:46,288 [INFO] ApplicationProperties:184 - Using Application install path: C:\ST\STM32CubeIDE_1.12.0\STM32CubeIDE\plugins\com.st.stm32cube.common.mx_6.8.0.202302231600
2023-08-21 15:13:46,320 [INFO] DbMcusXml:78 - Set database path to: C:\ST\STM32CubeIDE_1.12.0\STM32CubeIDE\plugins\com.st.stm32cube.common.mx_6.8.0.202302231600\\db\/mcu/
2023-08-21 15:13:46,320 [INFO] ApiDb:274 - Set plugin database path to: C:\ST\STM32CubeIDE_1.12.0\STM32CubeIDE\plugins\com.st.stm32cube.common.mx_6.8.0.202302231600\\db\/plugins/boardmanager/
2023-08-21 15:13:46,320 [WARN] ApiDb:259 - Overriding images path with different value:  => C:\ST\STM32CubeIDE_1.12.0\STM32CubeIDE\plugins\com.st.stm32cube.common.mx_6.8.0.202302231600\\db\/plugins/mcufinder/images/
2023-08-21 15:13:46,351 [INFO] ApiDb:250 - Set database path to: C:\Users\LENOVO\.stmcufinder\plugins\mcufinder//mcu/
2023-08-21 15:13:46,351 [INFO] DbMcusAds:125 - Set database path to: C:\Users\LENOVO\.stmcufinder\plugins\mcufinder//mcu/
2023-08-21 15:13:46,618 [INFO] CrossReferenceDbSqlite:203 - Set database path to: C:\Users\LENOVO\.stmcufinder\plugins\mcufinder//mcu/cs/
2023-08-21 15:13:46,758 [INFO] RulesReader:64 - Compatibility file has been processed (293 Rules)
2023-08-21 15:13:46,914 [INFO] DbMcusXml:78 - Set database path to: C:\ST\STM32CubeIDE_1.12.0\STM32CubeIDE\plugins\com.st.stm32cube.common.mx_6.8.0.202302231600\\db\/mcu/
2023-08-21 15:13:46,914 [INFO] ApiDb:274 - Set plugin database path to: C:\ST\STM32CubeIDE_1.12.0\STM32CubeIDE\plugins\com.st.stm32cube.common.mx_6.8.0.202302231600\\db\/plugins/boardmanager/
2023-08-21 15:13:46,914 [INFO] ApiDb:261 - Set plugin images path to: C:\ST\STM32CubeIDE_1.12.0\STM32CubeIDE\plugins\com.st.stm32cube.common.mx_6.8.0.202302231600\\db\/plugins/mcufinder/images/
2023-08-21 15:13:46,914 [WARN] DbFile:41 - Overriding database path with different value: C:\Users\LENOVO\.stmcufinder\plugins\mcufinder/ => C:\Users\LENOVO\.stmcufinder\plugins\mcufinder
2023-08-21 15:13:46,914 [INFO] ApiDb:250 - Set database path to: C:\Users\LENOVO\.stmcufinder\plugins\mcufinder//mcu/
2023-08-21 15:13:46,914 [WARN] DbFile:41 - Overriding database path with different value: C:\Users\LENOVO\.stmcufinder\plugins\mcufinder/ => C:\Users\LENOVO\.stmcufinder\plugins\mcufinder
2023-08-21 15:13:46,914 [INFO] DbMcusAds:125 - Set database path to: C:\Users\LENOVO\.stmcufinder\plugins\mcufinder//mcu/
2023-08-21 15:13:46,914 [WARN] DbFile:41 - Overriding database path with different value: C:\Users\LENOVO\.stmcufinder\plugins\mcufinder/ => C:\Users\LENOVO\.stmcufinder\plugins\mcufinder
2023-08-21 15:13:46,914 [WARN] DbFile:41 - Overriding database path with different value: C:\Users\LENOVO\.stmcufinder\plugins\mcufinder/ => C:\Users\LENOVO\.stmcufinder\plugins\mcufinder
2023-08-21 15:13:46,914 [INFO] CrossReferenceDbSqlite:203 - Set database path to: C:\Users\LENOVO\.stmcufinder\plugins\mcufinder//mcu/cs/
2023-08-21 15:13:47,039 [INFO] MainPanel:253 - HeapMemory: 650117120
2023-08-21 15:13:47,211 [INFO] DbMcusXml:78 - Set database path to: C:\ST\STM32CubeIDE_1.12.0\STM32CubeIDE\plugins\com.st.stm32cube.common.mx_6.8.0.202302231600\\db\/mcu/
2023-08-21 15:13:47,211 [INFO] ApiDb:274 - Set plugin database path to: C:\ST\STM32CubeIDE_1.12.0\STM32CubeIDE\plugins\com.st.stm32cube.common.mx_6.8.0.202302231600\\db\/plugins/boardmanager/
2023-08-21 15:13:47,211 [INFO] ApiDb:261 - Set plugin images path to: C:\ST\STM32CubeIDE_1.12.0\STM32CubeIDE\plugins\com.st.stm32cube.common.mx_6.8.0.202302231600\\db\/plugins/mcufinder/images/
2023-08-21 15:13:47,211 [WARN] DbFile:41 - Overriding database path with different value: C:\Users\LENOVO\.stmcufinder\plugins\mcufinder/ => C:\Users\LENOVO\.stmcufinder\plugins\mcufinder
2023-08-21 15:13:47,211 [INFO] ApiDb:250 - Set database path to: C:\Users\LENOVO\.stmcufinder\plugins\mcufinder//mcu/
2023-08-21 15:13:47,211 [WARN] DbFile:41 - Overriding database path with different value: C:\Users\LENOVO\.stmcufinder\plugins\mcufinder/ => C:\Users\LENOVO\.stmcufinder\plugins\mcufinder
2023-08-21 15:13:47,211 [INFO] DbMcusAds:125 - Set database path to: C:\Users\LENOVO\.stmcufinder\plugins\mcufinder//mcu/
2023-08-21 15:13:47,211 [WARN] DbFile:41 - Overriding database path with different value: C:\Users\LENOVO\.stmcufinder\plugins\mcufinder/ => C:\Users\LENOVO\.stmcufinder\plugins\mcufinder
2023-08-21 15:13:47,211 [WARN] DbFile:41 - Overriding database path with different value: C:\Users\LENOVO\.stmcufinder\plugins\mcufinder/ => C:\Users\LENOVO\.stmcufinder\plugins\mcufinder
2023-08-21 15:13:47,211 [INFO] CrossReferenceDbSqlite:203 - Set database path to: C:\Users\LENOVO\.stmcufinder\plugins\mcufinder//mcu/cs/
2023-08-21 15:13:47,242 [INFO] ApplicationProperties:184 - Using Application install path: C:\ST\STM32CubeIDE_1.12.0\STM32CubeIDE\plugins\com.st.stm32cube.common.mx_6.8.0.202302231600
2023-08-21 15:13:47,242 [INFO] PluginManage:196 - Search for loadable plugins [exclusion list=, ]
2023-08-21 15:13:47,242 [INFO] PluginManage:310 - Check plugin analytics
2023-08-21 15:13:47,445 [INFO] AnalyticsPlugin:253 - Accepted Software Licenses: STM32CubeMX.6.7.0
2023-08-21 15:13:47,445 [INFO] AnalyticsPlugin:255 - Accepted CMSIS Pack Licenses: 
2023-08-21 15:13:47,445 [INFO] AnalyticsPlugin:257 - Accepted Firmware Licenses: FW.F4.1.27.0
2023-08-21 15:13:47,461 [INFO] PluginManage:359 - Loaded plugin analytics (category:tool,tabindex:-1)
2023-08-21 15:13:47,461 [INFO] PluginManage:310 - Check plugin cadmodel
2023-08-21 15:13:47,476 [INFO] CADModel:105 - Init CAD model plugin
2023-08-21 15:13:47,476 [INFO] PluginManage:359 - Loaded plugin cadmodel (category:power,tabindex:5)
2023-08-21 15:13:47,476 [INFO] PluginManage:310 - Check plugin clock
2023-08-21 15:13:47,508 [INFO] PluginManage:359 - Loaded plugin clock (category:base,tabindex:2)
2023-08-21 15:13:47,508 [INFO] PluginManage:310 - Check plugin ddr
2023-08-21 15:13:47,523 [INFO] PluginManage:359 - Loaded plugin ddr (category:tool,tabindex:6)
2023-08-21 15:13:47,523 [INFO] PluginManage:310 - Check plugin filemanager
2023-08-21 15:13:47,679 [INFO] PluginManage:359 - Loaded plugin filemanager (category:base,tabindex:10)
2023-08-21 15:13:47,679 [INFO] PluginManage:310 - Check plugin ipmanager
2023-08-21 15:13:47,695 [INFO] PluginManage:359 - Loaded plugin ipmanager (category:base,tabindex:5)
2023-08-21 15:13:47,695 [INFO] PluginManage:310 - Check plugin lpbam
2023-08-21 15:13:47,711 [INFO] PluginManage:359 - Loaded plugin lpbam (category:base,tabindex:0)
2023-08-21 15:13:47,711 [INFO] PluginManage:310 - Check plugin pinoutandconfiguration
2023-08-21 15:13:47,726 [INFO] PluginManage:359 - Loaded plugin pinoutandconfiguration (category:base,tabindex:1)
2023-08-21 15:13:47,726 [INFO] PluginManage:310 - Check plugin pinoutconfig
2023-08-21 15:13:47,883 [WARN] SupportedApi:132 - Cannot load RTOS API schema: s4s-elt-must-match.1: The content of 'definitions' must match (annotation?, (simpleType | complexType)?, (unique | key | keyref)*)). A problem was found starting at: attribute.
2023-08-21 15:13:48,070 [INFO] PluginManage:359 - Loaded plugin pinoutconfig (category:base,tabindex:0)
2023-08-21 15:13:48,070 [INFO] PluginManage:310 - Check plugin power
2023-08-21 15:13:48,102 [INFO] PluginManage:359 - Loaded plugin power (category:power,tabindex:4)
2023-08-21 15:13:48,102 [INFO] PluginManage:310 - Check plugin projectmanager
2023-08-21 15:13:48,117 [INFO] PluginManage:359 - Loaded plugin projectmanager (category:projectmanager,tabindex:3)
2023-08-21 15:13:48,117 [INFO] PluginManage:310 - Check plugin thirdparty
2023-08-21 15:13:48,398 [INFO] PluginManage:359 - Loaded plugin thirdparty (category:base,tabindex:-1)
2023-08-21 15:13:48,398 [WARN] IntegrityCheckThread:84 - waiting for thirdparty lock release [integrity check]
2023-08-21 15:13:48,398 [INFO] PluginManage:310 - Check plugin tools
2023-08-21 15:13:48,398 [INFO] IntegrityCheckThread:86 - entering critical section [integrity check]
2023-08-21 15:13:48,398 [INFO] ThirdPartyUpdaterWithRetryManager:70 - Updater plugin not ready yet. [1/15]
2023-08-21 15:13:48,430 [INFO] PluginManage:359 - Loaded plugin tools (category:base,tabindex:7)
2023-08-21 15:13:48,430 [INFO] PluginManage:310 - Check plugin tutovideos
2023-08-21 15:13:48,680 [INFO] PluginManage:359 - Loaded plugin tutovideos (category:base,tabindex:-1)
2023-08-21 15:13:48,680 [INFO] PluginManage:310 - Check plugin updater
2023-08-21 15:13:48,695 [INFO] PluginManage:359 - Loaded plugin updater (category:base,tabindex:12)
2023-08-21 15:13:48,695 [INFO] PluginManage:283 - PluginManage : Loaded plugins [15]
2023-08-21 15:13:49,023 [INFO] PinOutPanel:1499 - setPackage(No Configuration,No Configuration)
2023-08-21 15:13:49,101 [INFO] CADModel:165 - CPN selected for project level
2023-08-21 15:13:49,101 [INFO] CADModel:114 - Register for checkConnection events
2023-08-21 15:13:49,133 [INFO] IPUIPlugin:80 - create IPUIPlugin
2023-08-21 15:13:49,133 [INFO] PluginManager:220 - loadIPPluginJar : add adc
2023-08-21 15:13:49,164 [INFO] IPUIPlugin:80 - create IPUIPlugin
2023-08-21 15:13:49,164 [INFO] PluginManager:220 - loadIPPluginJar : add aes
2023-08-21 15:13:49,195 [INFO] IPUIPlugin:80 - create IPUIPlugin
2023-08-21 15:13:49,195 [INFO] PluginManager:220 - loadIPPluginJar : add can
2023-08-21 15:13:49,211 [INFO] IPUIPlugin:80 - create IPUIPlugin
2023-08-21 15:13:49,211 [INFO] PluginManager:220 - loadIPPluginJar : add comp
2023-08-21 15:13:49,242 [INFO] IPUIPlugin:80 - create IPUIPlugin
2023-08-21 15:13:49,242 [INFO] PluginManager:220 - loadIPPluginJar : add cryp
2023-08-21 15:13:49,273 [INFO] IPUIPlugin:80 - create IPUIPlugin
2023-08-21 15:13:49,273 [INFO] PluginManager:220 - loadIPPluginJar : add dfsdm
2023-08-21 15:13:49,289 [INFO] IPUIPlugin:80 - create IPUIPlugin
2023-08-21 15:13:49,289 [INFO] PluginManager:220 - loadIPPluginJar : add dma
2023-08-21 15:13:49,320 [INFO] IPUIPlugin:80 - create IPUIPlugin
2023-08-21 15:13:49,320 [INFO] PluginManager:220 - loadIPPluginJar : add dma3
2023-08-21 15:13:49,336 [INFO] IPUIPlugin:80 - create IPUIPlugin
2023-08-21 15:13:49,336 [INFO] PluginManager:220 - loadIPPluginJar : add fatfs
2023-08-21 15:13:49,383 [INFO] IPUIPlugin:80 - create IPUIPlugin
2023-08-21 15:13:49,383 [INFO] PluginManager:220 - loadIPPluginJar : add fmc
2023-08-21 15:13:49,398 [INFO] IPUIPlugin:80 - create IPUIPlugin
2023-08-21 15:13:49,398 [INFO] PluginManager:220 - loadIPPluginJar : add freertos
2023-08-21 15:13:49,414 [INFO] IPUIPlugin:80 - create IPUIPlugin
2023-08-21 15:13:49,414 [INFO] PluginManager:220 - loadIPPluginJar : add genericplugin
2023-08-21 15:13:49,492 [INFO] IPUIPlugin:80 - create IPUIPlugin
2023-08-21 15:13:49,492 [INFO] PluginManager:220 - loadIPPluginJar : add gfxmmu
2023-08-21 15:13:49,601 [INFO] IPUIPlugin:80 - create IPUIPlugin
2023-08-21 15:13:49,601 [INFO] PluginManager:220 - loadIPPluginJar : add gic
2023-08-21 15:13:49,617 [INFO] IPUIPlugin:80 - create IPUIPlugin
2023-08-21 15:13:49,617 [INFO] PluginManager:220 - loadIPPluginJar : add gpio
2023-08-21 15:13:49,695 [INFO] IPUIPlugin:80 - create IPUIPlugin
2023-08-21 15:13:49,695 [INFO] PluginManager:220 - loadIPPluginJar : add gtzc
2023-08-21 15:13:49,711 [INFO] IPUIPlugin:80 - create IPUIPlugin
2023-08-21 15:13:49,711 [INFO] PluginManager:220 - loadIPPluginJar : add hash
2023-08-21 15:13:49,773 [INFO] IPUIPlugin:80 - create IPUIPlugin
2023-08-21 15:13:49,773 [INFO] PluginManager:220 - loadIPPluginJar : add i2c
2023-08-21 15:13:49,804 [INFO] IPUIPlugin:80 - create IPUIPlugin
2023-08-21 15:13:49,804 [INFO] PluginManager:220 - loadIPPluginJar : add i2s
2023-08-21 15:13:49,851 [INFO] IPUIPlugin:80 - create IPUIPlugin
2023-08-21 15:13:49,851 [INFO] PluginManager:220 - loadIPPluginJar : add i3c
2023-08-21 15:13:49,945 [INFO] IPUIPlugin:80 - create IPUIPlugin
2023-08-21 15:13:49,945 [INFO] PluginManager:220 - loadIPPluginJar : add ipddr
2023-08-21 15:13:50,023 [INFO] IPUIPlugin:80 - create IPUIPlugin
2023-08-21 15:13:50,023 [INFO] PluginManager:220 - loadIPPluginJar : add linkedlist
2023-08-21 15:13:50,054 [INFO] IPUIPlugin:80 - create IPUIPlugin
2023-08-21 15:13:50,054 [INFO] PluginManager:220 - loadIPPluginJar : add lorawan
2023-08-21 15:13:50,086 [INFO] IPUIPlugin:80 - create IPUIPlugin
2023-08-21 15:13:50,086 [INFO] PluginManager:220 - loadIPPluginJar : add ltdc
2023-08-21 15:13:50,101 [INFO] IPUIPlugin:80 - create IPUIPlugin
2023-08-21 15:13:50,101 [INFO] PluginManager:220 - loadIPPluginJar : add mdma
2023-08-21 15:13:50,117 [INFO] IPUIPlugin:80 - create IPUIPlugin
2023-08-21 15:13:50,117 [INFO] PluginManager:220 - loadIPPluginJar : add nvic
2023-08-21 15:13:50,148 [INFO] IPUIPlugin:80 - create IPUIPlugin
2023-08-21 15:13:50,148 [INFO] PluginManager:220 - loadIPPluginJar : add opamp
2023-08-21 15:13:50,195 [INFO] IPUIPlugin:80 - create IPUIPlugin
2023-08-21 15:13:50,195 [INFO] PluginManager:220 - loadIPPluginJar : add openamp
2023-08-21 15:13:50,242 [INFO] IPUIPlugin:80 - create IPUIPlugin
2023-08-21 15:13:50,242 [INFO] PluginManager:220 - loadIPPluginJar : add pdm2pcm
2023-08-21 15:13:50,242 [INFO] IPUIPlugin:80 - create IPUIPlugin
2023-08-21 15:13:50,257 [INFO] PluginManager:220 - loadIPPluginJar : add plateformsettings
2023-08-21 15:13:50,273 [INFO] IPUIPlugin:80 - create IPUIPlugin
2023-08-21 15:13:50,273 [INFO] PluginManager:220 - loadIPPluginJar : add quadspi
2023-08-21 15:13:50,289 [INFO] IPUIPlugin:80 - create IPUIPlugin
2023-08-21 15:13:50,289 [INFO] PluginManager:220 - loadIPPluginJar : add resmgrutility
2023-08-21 15:13:50,320 [INFO] IPUIPlugin:80 - create IPUIPlugin
2023-08-21 15:13:50,320 [INFO] PluginManager:220 - loadIPPluginJar : add sai
2023-08-21 15:13:50,351 [INFO] IPUIPlugin:80 - create IPUIPlugin
2023-08-21 15:13:50,351 [INFO] PluginManager:220 - loadIPPluginJar : add spi
2023-08-21 15:13:50,398 [INFO] IPUIPlugin:80 - create IPUIPlugin
2023-08-21 15:13:50,398 [INFO] PluginManager:220 - loadIPPluginJar : add stm32_wpan
2023-08-21 15:13:50,429 [INFO] IPUIPlugin:80 - create IPUIPlugin
2023-08-21 15:13:50,429 [INFO] PluginManager:220 - loadIPPluginJar : add tim
2023-08-21 15:13:50,476 [INFO] IPUIPlugin:80 - create IPUIPlugin
2023-08-21 15:13:50,476 [INFO] PluginManager:220 - loadIPPluginJar : add touchsensing
2023-08-21 15:13:50,492 [INFO] IPUIPlugin:80 - create IPUIPlugin
2023-08-21 15:13:50,492 [INFO] PluginManager:220 - loadIPPluginJar : add tracer_emb
2023-08-21 15:13:50,523 [INFO] IPUIPlugin:80 - create IPUIPlugin
2023-08-21 15:13:50,523 [INFO] PluginManager:220 - loadIPPluginJar : add ts
2023-08-21 15:13:50,539 [INFO] IPUIPlugin:80 - create IPUIPlugin
2023-08-21 15:13:50,539 [INFO] PluginManager:220 - loadIPPluginJar : add tsc
2023-08-21 15:13:50,554 [INFO] IPUIPlugin:80 - create IPUIPlugin
2023-08-21 15:13:50,554 [INFO] PluginManager:220 - loadIPPluginJar : add ucpd
2023-08-21 15:13:50,601 [INFO] IPUIPlugin:80 - create IPUIPlugin
2023-08-21 15:13:50,601 [INFO] PluginManager:220 - loadIPPluginJar : add usart
2023-08-21 15:13:50,632 [INFO] IPUIPlugin:80 - create IPUIPlugin
2023-08-21 15:13:50,632 [INFO] PluginManager:220 - loadIPPluginJar : add usbx
2023-08-21 15:13:50,778 [INFO] CADModel:165 - CPN selected for project level
2023-08-21 15:13:50,778 [INFO] CADModel:114 - Register for checkConnection events
2023-08-21 15:13:50,778 [FATAL] Updater:308 - Updater called before beeing initialized
2023-08-21 15:13:50,778 [ERROR] CADModel:125 - Updater not yet initialized, retry later 
2023-08-21 15:13:51,028 [INFO] CADModel:165 - CPN selected for project level
2023-08-21 15:13:51,028 [INFO] CADModel:114 - Register for checkConnection events
2023-08-21 15:13:51,028 [FATAL] Updater:308 - Updater called before beeing initialized
2023-08-21 15:13:51,028 [ERROR] CADModel:125 - Updater not yet initialized, retry later 
2023-08-21 15:13:51,043 [FATAL] Updater:308 - Updater called before beeing initialized
2023-08-21 15:13:51,207 [FATAL] Updater:308 - Updater called before beeing initialized
2023-08-21 15:13:51,232 [INFO] DbMcusAds:53 - JSON generation date=Tue Mar 07 11:50:55 TRT 2023 (1678179055114)
2023-08-21 15:13:51,232 [FATAL] Updater:308 - Updater called before beeing initialized
2023-08-21 15:13:51,326 [WARN] DetailPanel:346 - Failed to get advertising image, set to default
2023-08-21 15:13:51,404 [INFO] ThirdPartyUpdaterWithRetryManager:70 - Updater plugin not ready yet. [2/15]
2023-08-21 15:13:51,467 [FATAL] Updater:308 - Updater called before beeing initialized
2023-08-21 15:13:51,467 [FATAL] Updater:308 - Updater called before beeing initialized
2023-08-21 15:13:51,467 [FATAL] Updater:308 - Updater called before beeing initialized
2023-08-21 15:13:51,467 [WARN] DetailPanel:346 - Failed to get advertising image, set to default
2023-08-21 15:13:51,467 [FATAL] Updater:308 - Updater called before beeing initialized
2023-08-21 15:13:51,545 [ERROR] Updater:1120 - MainUpdater not yet initialized. External WinMGr cannot be set.
2023-08-21 15:13:51,545 [INFO] Updater:1056 - Updater Version found : 6.8.0
2023-08-21 15:13:51,576 [INFO] ApplicationProperties:184 - Using Application install path: C:\ST\STM32CubeIDE_1.12.0\STM32CubeIDE\plugins\com.st.stm32cube.common.mx_6.8.0.202302231600
2023-08-21 15:13:51,701 [INFO] MainUpdater:2854 - connection check result : 10
2023-08-21 15:13:51,701 [INFO] MainUpdater:3548 - Updater definition file requires update
2023-08-21 15:13:51,701 [INFO] MainUpdater:283 - Updater Check For Update Now.
2023-08-21 15:13:51,701 [INFO] MicroXplorer:498 - Change Database Version : DB.6.0.80
2023-08-21 15:13:51,717 [INFO] ServerAccessManage:473 - Download File updaters.zip
2023-08-21 15:13:51,826 [INFO] FileExtend:240 - Unzip File : updaters.zip
2023-08-21 15:13:51,826 [INFO] FileExtend:255 - Standard Zip Deflate
2023-08-21 15:13:52,310 [INFO] ServerAccessManage:473 - Download File PacksControlFlags.xml
2023-08-21 15:13:52,404 [INFO] ServerAccessManage:473 - Download File cubemx.pidx
2023-08-21 15:13:52,607 [INFO] LoadServerUpdatesThread:373 - End of LoadServerUpdate Thread
2023-08-21 15:13:52,873 [INFO] CheckServerUpdateThread:120 - End of CheckServer Thread
2023-08-21 15:13:52,966 [INFO] MainUpdater:2854 - connection check result : 10
2023-08-21 15:13:53,029 [INFO] McuFinderGlobals:66 - Set McuFinderConnectedMode to true
2023-08-21 15:13:53,498 [INFO] ServerAccessManage:473 - Download File mcusAds.json._tmp_
2023-08-21 15:13:53,607 [INFO] LoadUrlFilesThread:156 - End of LoadUrlFiles Thread
2023-08-21 15:13:53,701 [INFO] ServerAccessManage:473 - Download File cube-finder-db.zip
2023-08-21 15:13:54,419 [WARN] MainUpdater:1187 - Updater busy. Cannot search thirdparties
2023-08-21 15:13:54,419 [INFO] ThirdPartyUpdaterWithRetryManager:96 - Updater plugin is busy. [1/15]
2023-08-21 15:13:57,434 [WARN] MainUpdater:1187 - Updater busy. Cannot search thirdparties
2023-08-21 15:13:57,434 [INFO] ThirdPartyUpdaterWithRetryManager:96 - Updater plugin is busy. [2/15]
2023-08-21 15:13:57,887 [INFO] FileExtend:240 - Unzip File : cube-finder-db.zip
2023-08-21 15:13:57,887 [INFO] FileExtend:255 - Standard Zip Deflate
2023-08-21 15:13:58,699 [INFO] LoadUrlFilesThread:156 - End of LoadUrlFiles Thread
2023-08-21 15:13:59,340 [INFO] ServerAccessManage:473 - Download File crdb.zip
2023-08-21 15:13:59,715 [INFO] FileExtend:240 - Unzip File : crdb.zip
2023-08-21 15:13:59,715 [INFO] FileExtend:255 - Standard Zip Deflate
2023-08-21 15:13:59,871 [INFO] LoadUrlFilesThread:156 - End of LoadUrlFiles Thread
2023-08-21 15:13:59,980 [INFO] ServerAccessManage:473 - Download File tutoVideoDB.zip
2023-08-21 15:13:59,996 [INFO] FileExtend:240 - Unzip File : tutoVideoDB.zip
2023-08-21 15:13:59,996 [INFO] FileExtend:255 - Standard Zip Deflate
2023-08-21 15:14:00,152 [INFO] LoadUrlFilesThread:156 - End of LoadUrlFiles Thread
2023-08-21 15:14:00,152 [WARN] DbFile:41 - Overriding database path with different value: C:\Users\LENOVO\.stmcufinder\plugins\mcufinder/ => C:\Users\LENOVO\.stmcufinder\plugins\mcufinder
2023-08-21 15:14:00,277 [INFO] ServerAccessManage:473 - Download File api_config.json
2023-08-21 15:14:00,387 [INFO] LoadUrlFilesThread:156 - End of LoadUrlFiles Thread
2023-08-21 15:14:00,387 [INFO] DbMcusAds:53 - JSON generation date=Tue Mar 07 11:50:55 TRT 2023 (1678179055114)
2023-08-21 15:14:00,418 [INFO] LoadUrlFilesThread:185 - End of LoadServerUrlFiles without Thread
2023-08-21 15:14:00,418 [INFO] TargetSelectorAdapter:259 - Refresh data is successful
2023-08-21 15:14:00,605 [INFO] ApiDb:581 - Connected to CubeFinder SQLite database (C:\Users\LENOVO\.stmcufinder\plugins\mcufinder\mcu\cube-finder-db.db)
2023-08-21 15:14:00,668 [WARN] PackLoader:240 - Cannot read IP mode file for STMicroelectronics.X-CUBE-SMBUS.2.1.0
2023-08-21 15:14:00,683 [INFO] ApiDb:668 - CubeFinder database Data Model version=2.1
2023-08-21 15:14:00,683 [INFO] ApiDb:669 - CubeFinder database Configuration version=3.0.37
2023-08-21 15:14:00,683 [INFO] ApiDb:670 - CubeFinder database generation date=2023-08-09 (1691586011)
2023-08-21 15:14:00,683 [INFO] ApiDb:671 - CubeFinder database FW Pack versions=[FP-ATR-ASTRA1_V2.0.0, FP-SNS-FLIGHT1_V5.0.1, FP-SNS-FLIGHT1_V5.0.2, FP-SNS-MOTENV1_V4.3.1, FP-SNS-MOTENV1_V4.3.2, STM32Cube_FW_C0_V1.1.0, STM32Cube_FW_F4_V1.27.1, STM32Cube_FW_F7_V1.17.0, STM32Cube_FW_G0_V1.6.1, STM32Cube_FW_G4_V1.5.1, STM32Cube_FW_H5_V0.5.1, STM32Cube_FW_H5_V1.1.0, STM32Cube_FW_H7_V1.11.0, STM32Cube_FW_L0_V1.12.2, STM32Cube_FW_L5_V1.5.0, STM32Cube_FW_U5_V1.3.0, STM32Cube_FW_U5_V1.3.0RC4, STM32Cube_FW_WBA_V1.0.0RC1, STM32Cube_FW_WBA_V1.1.0, STM32Cube_FW_WBA_V1.1.0RC1, STM32Cube_FW_WB_V1.15.0RC1, STM32Cube_FW_WB_V1.16.0, STM32Cube_FW_WB_V1.16.0RC2, STM32Cube_FW_WB_V1.17.0, STM32Cube_FW_WL_V1.3.0, X-CUBE-ALGOBUILD_V1.3.0, X-CUBE-ALS_V1.0.1, X-CUBE-AZRTOS-F4_V1.1.0, X-CUBE-AZRTOS-F7_V1.1.0, X-CUBE-AZRTOS-G0_V1.1.0, X-CUBE-AZRTOS-G4_V2.0.0, X-CUBE-AZRTOS-H7_V3.1.0, X-CUBE-AZRTOS-L4_V1.0.0, X-CUBE-AZRTOS-L4_V2.0.0, X-CUBE-AZRTOS-L5_V1.1.0, X-CUBE-AZRTOS-WB_V1.1.0, X-CUBE-AZRTOS-WL_V2.0.0, X-CUBE-BLE1_V7.0.0, X-CUBE-BLE2_V3.3.0, X-CUBE-BLEMGR_V2.0.0, X-CUBE-EEPRMA1_V4.1.0, X-CUBE-FREERTOS_V1.1.0, X-CUBE-GNSS1_V6.0.0, X-CUBE-MEMS1_V9.1.0, X-CUBE-MEMS1_V9.4.0, X-CUBE-MEMS1_V9.6.0, X-CUBE-NFC4_V3.0.0, X-CUBE-NFC7_V1.0.0, X-CUBE-SFXS2LP1_V4.0.0, X-CUBE-SUBG2_V5.0.0, X-CUBE-TOF1_V3.3.1]
2023-08-21 15:14:00,730 [WARN] PackLoader:240 - Cannot read IP mode file for STMicroelectronics.X-CUBE-AZRTOS-F7.1.1.0
2023-08-21 15:14:00,761 [WARN] PackLoader:240 - Cannot read IP mode file for STMicroelectronics.FP-SNS-MOTENV1.4.3.2
2023-08-21 15:14:00,777 [ERROR] RealEvaluatedCondition:428 - Found unsupported composite condition: GROUP='STM32_MetaDataManager' CLASS='Data Exchange'
2023-08-21 15:14:00,777 [ERROR] RealEvaluatedCondition:428 - Found unsupported composite condition: CLASS='Data Exchange' GROUP='STM32_MetaDataManager'
2023-08-21 15:14:00,777 [WARN] PackLoader:240 - Cannot read IP mode file for STMicroelectronics.FP-SNS-MOTENV1.4.3.1
2023-08-21 15:14:00,793 [WARN] PackLoader:240 - Cannot read IP mode file for STMicroelectronics.FP-SNS-FLIGHT1.5.0.1
2023-08-21 15:14:00,808 [WARN] PackLoader:240 - Cannot read IP mode file for STMicroelectronics.X-CUBE-BLE1.6.2.4
2023-08-21 15:14:00,824 [WARN] PackLoader:240 - Cannot read IP mode file for STMicroelectronics.FP-SNS-FLIGHT1.5.0.2
2023-08-21 15:14:00,840 [WARN] PackLoader:240 - Cannot read IP mode file for STMicroelectronics.X-CUBE-DISPLAY.3.0.0
2023-08-21 15:14:00,855 [WARN] PackLoader:240 - Cannot read IP mode file for STMicroelectronics.X-CUBE-BLE1.7.0.0
2023-08-21 15:14:00,871 [WARN] PackLoader:240 - Cannot read IP mode file for STMicroelectronics.X-CUBE-TOUCHGFX.4.22.0
2023-08-21 15:14:00,902 [INFO] LogOutputStream:77 - [STDOUT_REDIRECT] 1 : Invalid condition id : UX_CORESTACK_Condition cause : null
2023-08-21 15:14:00,902 [INFO] LogOutputStream:77 - [STDOUT_REDIRECT] 1 : Invalid condition id : UX_CORESTACK_Condition cause : null
2023-08-21 15:14:00,902 [INFO] LogOutputStream:77 - [STDOUT_REDIRECT] 1 : Invalid condition id : UX_CORESTACK_Condition cause : null
2023-08-21 15:14:00,902 [INFO] LogOutputStream:77 - [STDOUT_REDIRECT] 1 : Invalid condition id : UX_CORESTACK_Condition cause : null
2023-08-21 15:14:00,902 [INFO] LogOutputStream:77 - [STDOUT_REDIRECT] 1 : Invalid condition id : UX_CORESTACK_Condition cause : null
2023-08-21 15:14:00,918 [WARN] PackLoader:240 - Cannot read IP mode file for STMicroelectronics.X-CUBE-AZRTOS-WL.2.0.0
2023-08-21 15:14:00,933 [WARN] PackLoader:240 - Cannot read IP mode file for WES.I-CUBE-Cesium.1.3.0
2023-08-21 15:14:00,949 [WARN] PackLoader:240 - Cannot read IP mode file for STMicroelectronics.X-CUBE-BLE2.3.3.0
2023-08-21 15:14:00,980 [WARN] PackLoader:240 - Cannot read IP mode file for STMicroelectronics.X-CUBE-TOF1.3.2.0
2023-08-21 15:14:01,011 [WARN] PackLoader:240 - Cannot read IP mode file for STMicroelectronics.X-CUBE-TOUCHGFX.4.21.1
2023-08-21 15:14:01,027 [WARN] PackLoader:240 - Cannot read IP mode file for STMicroelectronics.X-CUBE-TOUCHGFX.4.21.3
2023-08-21 15:14:01,043 [WARN] PackLoader:240 - Cannot read IP mode file for STMicroelectronics.X-CUBE-TOUCHGFX.4.21.4
2023-08-21 15:14:01,168 [WARN] PackLoader:240 - Cannot read IP mode file for STMicroelectronics.X-CUBE-MEMS1.9.4.0
2023-08-21 15:14:01,386 [WARN] PackLoader:240 - Cannot read IP mode file for STMicroelectronics.X-CUBE-AI.7.3.0
2023-08-21 15:14:01,402 [WARN] PackLoader:240 - Cannot read IP mode file for STMicroelectronics.X-CUBE-ALGOBUILD.1.3.0
2023-08-21 15:14:01,464 [WARN] PackLoader:240 - Cannot read IP mode file for STMicroelectronics.X-CUBE-AZRTOS-G0.1.1.0
2023-08-21 15:14:01,496 [WARN] PackLoader:240 - Cannot read IP mode file for STMicroelectronics.X-CUBE-NFC4.3.0.0
2023-08-21 15:14:01,511 [WARN] PackLoader:240 - Cannot read IP mode file for STMicroelectronics.X-CUBE-BLEMGR.1.3.0
2023-08-21 15:14:01,527 [WARN] PackLoader:240 - Cannot read IP mode file for STMicroelectronics.FP-ATR-SIGFOX1.3.2.0
2023-08-21 15:14:01,589 [WARN] PackLoader:240 - Cannot read IP mode file for STMicroelectronics.X-CUBE-MEMS1.9.5.0
2023-08-21 15:14:01,808 [WARN] PackLoader:240 - Cannot read IP mode file for SEGGER.I-CUBE-embOS.1.3.1
2023-08-21 15:14:01,855 [WARN] PackLoader:240 - Cannot read IP mode file for STMicroelectronics.X-CUBE-GNSS1.6.0.0
2023-08-21 15:14:01,949 [WARN] PackLoader:240 - Cannot read IP mode file for STMicroelectronics.X-CUBE-AZRTOS-F4.1.1.0
2023-08-21 15:14:01,980 [WARN] PackLoader:240 - Cannot read IP mode file for STMicroelectronics.X-CUBE-AZRTOS-L5.2.0.0
2023-08-21 15:14:02,074 [WARN] PackLoader:240 - Cannot read IP mode file for STMicroelectronics.X-CUBE-MEMS1.9.6.0
2023-08-21 15:14:02,308 [WARN] PackLoader:240 - Cannot read IP mode file for emotas.I-CUBE-CANOPEN.1.1.3
2023-08-21 15:14:02,324 [WARN] PackLoader:240 - Cannot read IP mode file for STMicroelectronics.X-CUBE-BLEMGR.2.0.0
2023-08-21 15:14:02,386 [WARN] ConditionMgr:438 - getConditionDescription Invalid condition id : UX DEVICE CLASS RTOS Condition cause : null
2023-08-21 15:14:02,386 [WARN] ConditionMgr:438 - getConditionDescription Invalid condition id : UX DEVICE CLASS RTOS Condition cause : null
2023-08-21 15:14:02,386 [WARN] PackLoader:240 - Cannot read IP mode file for STMicroelectronics.X-CUBE-AZRTOS-H7.3.1.0
2023-08-21 15:14:02,402 [WARN] ConditionMgr:1039 - genDependencies : Invalid condition id : UX DEVICE CLASS RTOS Condition cause : null
2023-08-21 15:14:02,402 [WARN] ConditionMgr:1039 - genDependencies : Invalid condition id : UX DEVICE CLASS RTOS Condition cause : null
2023-08-21 15:14:02,402 [WARN] ConditionMgr:1039 - genDependencies : Invalid condition id : UX DEVICE CLASS RTOS Condition cause : null
2023-08-21 15:14:02,402 [WARN] ConditionMgr:1039 - genDependencies : Invalid condition id : UX DEVICE CLASS RTOS Condition cause : null
2023-08-21 15:14:02,402 [WARN] ConditionMgr:1039 - genDependencies : Invalid condition id : UX DEVICE CLASS RTOS Condition cause : null
2023-08-21 15:14:02,417 [WARN] PackLoader:240 - Cannot read IP mode file for wolfSSL.I-CUBE-wolfSSL.5.5.4
2023-08-21 15:14:02,433 [WARN] PackLoader:240 - Cannot read IP mode file for STMicroelectronics.X-CUBE-NFC7.1.0.1
2023-08-21 15:14:02,449 [WARN] PackLoader:240 - Cannot read IP mode file for STMicroelectronics.X-CUBE-NFC7.1.0.0
2023-08-21 15:14:02,480 [WARN] PackLoader:240 - Cannot read IP mode file for STMicroelectronics.X-CUBE-EEPRMA1.4.1.0
2023-08-21 15:14:02,495 [WARN] PackLoader:240 - Cannot read IP mode file for STMicroelectronics.X-CUBE-AI.8.1.0
2023-08-21 15:14:02,558 [WARN] ConditionMgr:438 - getConditionDescription Invalid condition id : LAN8742 Phy interface Condition cause : null
2023-08-21 15:14:02,558 [WARN] PackLoader:240 - Cannot read IP mode file for STMicroelectronics.X-CUBE-AZRTOS-L4.2.0.0
2023-08-21 15:14:02,558 [WARN] ConditionMgr:1039 - genDependencies : Invalid condition id : LAN8742 Phy interface Condition cause : null
2023-08-21 15:14:02,558 [WARN] ConditionMgr:1039 - genDependencies : Invalid condition id : LAN8742 Phy interface Condition cause : null
2023-08-21 15:14:02,558 [WARN] ConditionMgr:1039 - genDependencies : Invalid condition id : LAN8742 Phy interface Condition cause : null
2023-08-21 15:14:02,574 [WARN] PackLoader:240 - Cannot read IP mode file for STMicroelectronics.X-CUBE-SFXS2LP1.4.0.0
2023-08-21 15:14:02,652 [WARN] PackLoader:240 - Cannot read IP mode file for STMicroelectronics.X-CUBE-AZRTOS-H7.3.0.0
2023-08-21 15:14:02,683 [WARN] PackLoader:240 - Cannot read IP mode file for STMicroelectronics.X-CUBE-ISPU.1.1.0
2023-08-21 15:14:02,698 [WARN] PackLoader:240 - Cannot read IP mode file for RoweBots.I-CUBE-UNISONRTOS.5.5.0-4
2023-08-21 15:14:02,714 [WARN] PackLoader:240 - Cannot read IP mode file for STMicroelectronics.X-CUBE-AI.8.0.0
2023-08-21 15:14:02,745 [WARN] ConditionMgr:438 - getConditionDescription Invalid condition id : UX DEVICE CLASS RTOS Condition cause : null
2023-08-21 15:14:02,745 [WARN] ConditionMgr:438 - getConditionDescription Invalid condition id : UX DEVICE CLASS RTOS Condition cause : null
2023-08-21 15:14:02,745 [WARN] PackLoader:240 - Cannot read IP mode file for STMicroelectronics.X-CUBE-AZRTOS-WB.2.0.0
2023-08-21 15:14:02,745 [WARN] ConditionMgr:1039 - genDependencies : Invalid condition id : UX DEVICE CLASS RTOS Condition cause : null
2023-08-21 15:14:02,745 [WARN] ConditionMgr:1039 - genDependencies : Invalid condition id : UX DEVICE CLASS RTOS Condition cause : null
2023-08-21 15:14:02,745 [WARN] ConditionMgr:1039 - genDependencies : Invalid condition id : UX DEVICE CLASS RTOS Condition cause : null
2023-08-21 15:14:02,745 [WARN] ConditionMgr:1039 - genDependencies : Invalid condition id : UX DEVICE CLASS RTOS Condition cause : null
2023-08-21 15:14:02,745 [WARN] ConditionMgr:1039 - genDependencies : Invalid condition id : UX DEVICE CLASS RTOS Condition cause : null
2023-08-21 15:14:02,777 [WARN] PackLoader:240 - Cannot read IP mode file for STMicroelectronics.X-CUBE-FREERTOS.1.0.0
2023-08-21 15:14:02,792 [WARN] PackLoader:240 - Cannot read IP mode file for STMicroelectronics.X-CUBE-FREERTOS.1.0.1
2023-08-21 15:14:02,839 [WARN] PackLoader:240 - Cannot read IP mode file for STMicroelectronics.X-CUBE-AZRTOS-L5.1.1.0
2023-08-21 15:14:02,855 [WARN] PackLoader:240 - Cannot read IP mode file for STMicroelectronics.X-CUBE-AI.8.0.1
2023-08-21 15:14:02,870 [WARN] PackLoader:240 - Cannot read IP mode file for STMicroelectronics.X-CUBE-SUBG2.5.0.0
2023-08-21 15:14:02,902 [WARN] PackLoader:240 - Cannot read IP mode file for STMicroelectronics.X-CUBE-TOF1.3.3.1
2023-08-21 15:14:02,948 [WARN] PackLoader:240 - Cannot read IP mode file for STMicroelectronics.X-CUBE-AZRTOS-G4.2.0.0
2023-08-21 15:14:02,995 [WARN] PackLoader:240 - Cannot read IP mode file for STMicroelectronics.X-CUBE-TOF1.3.3.0
2023-08-21 15:14:03,027 [WARN] PackLoader:240 - Cannot read IP mode file for STMicroelectronics.FP-ATR-ASTRA1.1.1.1
2023-08-21 15:14:03,073 [WARN] PackLoader:240 - Cannot read IP mode file for STMicroelectronics.X-CUBE-AZRTOS-G4.1.0.0
2023-08-21 15:14:03,120 [WARN] PackLoader:240 - Cannot read IP mode file for STMicroelectronics.X-CUBE-AZRTOS-L4.1.0.0
2023-08-21 15:14:03,167 [WARN] PackLoader:240 - Cannot read IP mode file for STMicroelectronics.X-CUBE-AZRTOS-WL.1.0.0
2023-08-21 15:14:03,198 [WARN] PackLoader:240 - Cannot read IP mode file for portGmbH.I-Cube-SoM-uGOAL.1.1.0
2023-08-21 15:14:03,214 [WARN] PackLoader:240 - Cannot read IP mode file for STMicroelectronics.X-CUBE-ALS.1.0.1
2023-08-21 15:14:03,261 [WARN] PackLoader:240 - Cannot read IP mode file for STMicroelectronics.X-CUBE-AZRTOS-WB.1.1.0
2023-08-21 15:14:03,277 [WARN] PackLoader:240 - Cannot read IP mode file for STMicroelectronics.FP-ATR-ASTRA1.2.0.0
2023-08-21 15:14:03,277 [INFO] ThirdParty:978 - Integrity check success = true
2023-08-21 15:14:03,277 [INFO] IntegrityCheckThread:100 - exiting critical section [integrity check]
2023-08-21 15:14:03,277 [INFO] IntegrityCheckThread:103 - End integrity checks thread
2023-08-21 15:14:03,683 [INFO] ApiDb:240 - Found 297 in-development CPN: [B-G473E-ZEST1S, B-WB1M-WPAN1, B-WL5M-SUBG1, NUCLEO-C031C6, NUCLEO-H503RB, NUCLEO-H563ZI, NUCLEO-U545RE-Q, NUCLEO-U5A5ZJ-Q, NUCLEO-WBA52CG, STEVAL-PROTEUS1, STEVAL-STWINBX1, STM320518-EVAL, STM32C0116-DK, STM32C011D6Y3TR, STM32C011D6Y6TR, STM32C011F4P3, STM32C011F4P6, STM32C011F4U3, STM32C011F4U6TR, STM32C011F6P3, STM32C011F6P6, STM32C011F6U3, STM32C011F6U6TR, STM32C011J4M3, STM32C011J4M6, STM32C011J6M3, STM32C011J6M6, STM32C0316-DK, STM32C031C4T3, STM32C031C4T6, STM32C031C4U3, STM32C031C4U6, STM32C031C6T3, STM32C031C6T6, STM32C031C6U3, STM32C031C6U6, STM32C031F4P3, STM32C031F4P6, STM32C031F6P3, STM32C031F6P6, STM32C031G4U3, STM32C031G4U6, STM32C031G6U3, STM32C031G6U6, STM32C031K4T3, STM32C031K4T6, STM32C031K4U3, STM32C031K4U6, STM32C031K6T3, STM32C031K6T6, STM32C031K6U3, STM32C031K6U6, STM32G071K8TXN, STM32G071K8UXN, STM32G081GBU6N, STM32G081KBT6N, STM32G081KBUXN, STM32G0B1CCT6N, STM32G0B1KCT6, STM32G0B1NEY6TR, STM32G0B1RCT6N, STM32G0C1CCT6, STM32G0C1CCT6N, STM32G0C1CCU6N, STM32G0C1CET6N, STM32G0C1CEU6N, STM32G0C1KCT6, STM32G0C1NEY6TR, STM32G0C1RCI6N, STM32G0C1RCT6N, STM32G0C1REI6N, STM32G0C1RET6N, STM32G0C1VCI6, STM32G0C1VEI6, STM32G471CCT6, STM32G471CCU6, STM32G471CET3, STM32G471CET6, STM32G471CEU3, STM32G471CEU6, STM32G471MCT6, STM32G471MET3, STM32G471MET6, STM32G471MEY6TR, STM32G471QCT6, STM32G471QET3, STM32G471RCT6, STM32G471RET3, STM32G471RET6, STM32G471VCH6, STM32G471VCI6, STM32G471VCT6, STM32G471VEH3, STM32G471VEH6, STM32G471VEI3, STM32G471VEI6, STM32G471VET3, STM32G471VET6, STM32G474CCT6, STM32H503CBT6, STM32H503CBU6, STM32H503EBY6TR, STM32H503KBU6, STM32H503RBT6, STM32H562AGI6, STM32H562AII6, STM32H562IGK6, STM32H562IGT6, STM32H562IIK6, STM32H562IIT6, STM32H562RGT6, STM32H562RGV6, STM32H562RIT6, STM32H562RIV6, STM32H562VGT6, STM32H562VIT6, STM32H562ZGT6, STM32H562ZIT6, STM32H563AGI6, STM32H563AII3Q, STM32H563AII6, STM32H563IGK6, STM32H563IGT6, STM32H563IIK3Q, STM32H563IIK6, STM32H563IIT3Q, STM32H563IIT6, STM32H563MIY3QTR, STM32H563RGT6, STM32H563RGV6, STM32H563RIT6, STM32H563RIV6, STM32H563VGT6, STM32H563VIT3Q, STM32H563VIT6, STM32H563ZGT6, STM32H563ZIT3Q, STM32H563ZIT6, STM32H573AII3Q, STM32H573AII6, STM32H573I-DK, STM32H573IIK3Q, STM32H573IIK6, STM32H573IIT3Q, STM32H573IIT6, STM32H573MIY3QTR, STM32H573RIT6, STM32H573RIV6, STM32H573VIT3Q, STM32H573VIT6, STM32H573ZIT3Q, STM32H573ZIT6, STM32L4R5QGI6STR, STM32MP131AAE3, STM32MP131AAF3, STM32MP131AAG3, STM32MP131CAE3, STM32MP131CAF3, STM32MP131CAG3, STM32MP131DAE7, STM32MP131DAF7, STM32MP131DAG7, STM32MP131FAE7, STM32MP131FAF7, STM32MP131FAG7, STM32MP133AAE3, STM32MP133AAF3, STM32MP133AAG3, STM32MP133CAE3, STM32MP133CAF3, STM32MP133CAG3, STM32MP133DAE7, STM32MP133DAF7, STM32MP133DAG7, STM32MP133FAE7, STM32MP133FAF7, STM32MP133FAG7, STM32MP135AAE3, STM32MP135AAF3, STM32MP135AAG3, STM32MP135CAE3, STM32MP135CAF3, STM32MP135CAG3, STM32MP135DAE7, STM32MP135DAF7, STM32MP135DAG7, STM32MP135F-DK, STM32MP135FAE7, STM32MP135FAF7, STM32MP135FAF7T, STM32MP135FAF7U, STM32MP135FAG7, STM32U535CBT6, STM32U535CBT6Q, STM32U535CBU6, STM32U535CBU6Q, STM32U535CCT6, STM32U535CCT6Q, STM32U535CCU6, STM32U535CCU6Q, STM32U535CET6, STM32U535CET6Q, STM32U535CEU6, STM32U535CEU6Q, STM32U535JEY6QTR, STM32U535NCY6QTR, STM32U535NEY6QTR, STM32U535RBI6, STM32U535RBI6Q, STM32U535RBT6, STM32U535RBT6Q, STM32U535RCI6, STM32U535RCI6Q, STM32U535RCT6, STM32U535RCT6Q, STM32U535REI6, STM32U535REI6Q, STM32U535RET6, STM32U535RET6Q, STM32U535VCI6, STM32U535VCI6Q, STM32U535VCT6, STM32U535VCT6Q, STM32U535VEI6, STM32U535VEI6Q, STM32U535VET6, STM32U535VET6Q, STM32U545CET6, STM32U545CET6Q, STM32U545CEU6, STM32U545CEU6Q, STM32U545JEY6QTR, STM32U545NEY6QTR, STM32U545REI6, STM32U545REI6Q, STM32U545RET6, STM32U545RET6Q, STM32U545VEI6, STM32U545VEI6Q, STM32U545VET6, STM32U545VET6Q, STM32U595AIH6, STM32U595AIH6Q, STM32U595AJH6, STM32U595AJH6Q, STM32U595QII6, STM32U595QII6Q, STM32U595QJI6, STM32U595QJI6Q, STM32U595RIT6, STM32U595RIT6Q, STM32U595RJT6, STM32U595RJT6Q, STM32U595VIT6, STM32U595VIT6Q, STM32U595VJT6, STM32U595VJT6Q, STM32U595ZIT6, STM32U595ZIT6Q, STM32U595ZIY6QTR, STM32U595ZJT6, STM32U595ZJT6Q, STM32U595ZJY6QTR, STM32U599BJY6QTR, STM32U599NIH6Q, STM32U599NJH6Q, STM32U599VIT6Q, STM32U599VJT6, STM32U599VJT6Q, STM32U599ZIT6Q, STM32U599ZIY6QTR, STM32U599ZJT6Q, STM32U599ZJY6QTR, STM32U5A5AJH6, STM32U5A5AJH6Q, STM32U5A5QJI6, STM32U5A5QJI6Q, STM32U5A5RJT6, STM32U5A5RJT6Q, STM32U5A5VJT6, STM32U5A5VJT6Q, STM32U5A5ZJT6, STM32U5A5ZJT6Q, STM32U5A5ZJY6QTR, STM32U5A9BJY6QTR, STM32U5A9J-DK, STM32U5A9NJH6Q, STM32U5A9VJT6Q, STM32U5A9ZJT6Q, STM32U5A9ZJY6QTR, STM32WB1MMCH6, STM32WBA52CEU6, STM32WBA52CEU6T, STM32WBA52CGU6, STM32WBA52CGU6T, STM32WL5MOCH6, STM32WL5MOCH6TR]
2023-08-21 15:14:03,683 [INFO] DbMcus:216 - Found 3825 MCUs, 3825 are supported
2023-08-21 15:14:03,683 [INFO] ApiDb:423 - Load user favorites file C:\Users\LENOVO/.stm32cubeide/favorites.mcus.txt: 0 item(s)
2023-08-21 15:14:03,683 [INFO] ApiDb:427 - User favorites MCUs=[]
2023-08-21 15:14:03,683 [INFO] DbMcus:222 - Set 0 / 0 favorites MCUs
2023-08-21 15:14:03,995 [INFO] ApiDb:668 - CubeFinder database Data Model version=2.1
2023-08-21 15:14:03,995 [INFO] ApiDb:669 - CubeFinder database Configuration version=3.0.37
2023-08-21 15:14:03,995 [INFO] ApiDb:670 - CubeFinder database generation date=2023-08-09 (1691586011)
2023-08-21 15:14:03,995 [INFO] ApiDb:671 - CubeFinder database FW Pack versions=[FP-ATR-ASTRA1_V2.0.0, FP-SNS-FLIGHT1_V5.0.1, FP-SNS-FLIGHT1_V5.0.2, FP-SNS-MOTENV1_V4.3.1, FP-SNS-MOTENV1_V4.3.2, STM32Cube_FW_C0_V1.1.0, STM32Cube_FW_F4_V1.27.1, STM32Cube_FW_F7_V1.17.0, STM32Cube_FW_G0_V1.6.1, STM32Cube_FW_G4_V1.5.1, STM32Cube_FW_H5_V0.5.1, STM32Cube_FW_H5_V1.1.0, STM32Cube_FW_H7_V1.11.0, STM32Cube_FW_L0_V1.12.2, STM32Cube_FW_L5_V1.5.0, STM32Cube_FW_U5_V1.3.0, STM32Cube_FW_U5_V1.3.0RC4, STM32Cube_FW_WBA_V1.0.0RC1, STM32Cube_FW_WBA_V1.1.0, STM32Cube_FW_WBA_V1.1.0RC1, STM32Cube_FW_WB_V1.15.0RC1, STM32Cube_FW_WB_V1.16.0, STM32Cube_FW_WB_V1.16.0RC2, STM32Cube_FW_WB_V1.17.0, STM32Cube_FW_WL_V1.3.0, X-CUBE-ALGOBUILD_V1.3.0, X-CUBE-ALS_V1.0.1, X-CUBE-AZRTOS-F4_V1.1.0, X-CUBE-AZRTOS-F7_V1.1.0, X-CUBE-AZRTOS-G0_V1.1.0, X-CUBE-AZRTOS-G4_V2.0.0, X-CUBE-AZRTOS-H7_V3.1.0, X-CUBE-AZRTOS-L4_V1.0.0, X-CUBE-AZRTOS-L4_V2.0.0, X-CUBE-AZRTOS-L5_V1.1.0, X-CUBE-AZRTOS-WB_V1.1.0, X-CUBE-AZRTOS-WL_V2.0.0, X-CUBE-BLE1_V7.0.0, X-CUBE-BLE2_V3.3.0, X-CUBE-BLEMGR_V2.0.0, X-CUBE-EEPRMA1_V4.1.0, X-CUBE-FREERTOS_V1.1.0, X-CUBE-GNSS1_V6.0.0, X-CUBE-MEMS1_V9.1.0, X-CUBE-MEMS1_V9.4.0, X-CUBE-MEMS1_V9.6.0, X-CUBE-NFC4_V3.0.0, X-CUBE-NFC7_V1.0.0, X-CUBE-SFXS2LP1_V4.0.0, X-CUBE-SUBG2_V5.0.0, X-CUBE-TOF1_V3.3.1]
2023-08-21 15:14:04,058 [INFO] DbBoardsSqlite:226 - include board P-NUCLEO-WB55-NUCLEO as a kit item of type 'Nucleo-64'
2023-08-21 15:14:04,058 [INFO] DbBoardsSqlite:226 - include board P-NUCLEO-WB55-USBDONGLE as a kit item of type 'Nucleo USB Dongle'
2023-08-21 15:14:04,058 [INFO] DbBoardsSqlite:226 - include board STEVAL-IDP005V1 as a kit item of type 'Evaluation Board'
2023-08-21 15:14:04,058 [INFO] DbBoardsSqlite:226 - include board STEVAL-IDP005V2 as a kit item of type 'Evaluation Board'
2023-08-21 15:14:04,105 [INFO] ApiDb:240 - Found 297 in-development CPN: [B-G473E-ZEST1S, B-WB1M-WPAN1, B-WL5M-SUBG1, NUCLEO-C031C6, NUCLEO-H503RB, NUCLEO-H563ZI, NUCLEO-U545RE-Q, NUCLEO-U5A5ZJ-Q, NUCLEO-WBA52CG, STEVAL-PROTEUS1, STEVAL-STWINBX1, STM320518-EVAL, STM32C0116-DK, STM32C011D6Y3TR, STM32C011D6Y6TR, STM32C011F4P3, STM32C011F4P6, STM32C011F4U3, STM32C011F4U6TR, STM32C011F6P3, STM32C011F6P6, STM32C011F6U3, STM32C011F6U6TR, STM32C011J4M3, STM32C011J4M6, STM32C011J6M3, STM32C011J6M6, STM32C0316-DK, STM32C031C4T3, STM32C031C4T6, STM32C031C4U3, STM32C031C4U6, STM32C031C6T3, STM32C031C6T6, STM32C031C6U3, STM32C031C6U6, STM32C031F4P3, STM32C031F4P6, STM32C031F6P3, STM32C031F6P6, STM32C031G4U3, STM32C031G4U6, STM32C031G6U3, STM32C031G6U6, STM32C031K4T3, STM32C031K4T6, STM32C031K4U3, STM32C031K4U6, STM32C031K6T3, STM32C031K6T6, STM32C031K6U3, STM32C031K6U6, STM32G071K8TXN, STM32G071K8UXN, STM32G081GBU6N, STM32G081KBT6N, STM32G081KBUXN, STM32G0B1CCT6N, STM32G0B1KCT6, STM32G0B1NEY6TR, STM32G0B1RCT6N, STM32G0C1CCT6, STM32G0C1CCT6N, STM32G0C1CCU6N, STM32G0C1CET6N, STM32G0C1CEU6N, STM32G0C1KCT6, STM32G0C1NEY6TR, STM32G0C1RCI6N, STM32G0C1RCT6N, STM32G0C1REI6N, STM32G0C1RET6N, STM32G0C1VCI6, STM32G0C1VEI6, STM32G471CCT6, STM32G471CCU6, STM32G471CET3, STM32G471CET6, STM32G471CEU3, STM32G471CEU6, STM32G471MCT6, STM32G471MET3, STM32G471MET6, STM32G471MEY6TR, STM32G471QCT6, STM32G471QET3, STM32G471RCT6, STM32G471RET3, STM32G471RET6, STM32G471VCH6, STM32G471VCI6, STM32G471VCT6, STM32G471VEH3, STM32G471VEH6, STM32G471VEI3, STM32G471VEI6, STM32G471VET3, STM32G471VET6, STM32G474CCT6, STM32H503CBT6, STM32H503CBU6, STM32H503EBY6TR, STM32H503KBU6, STM32H503RBT6, STM32H562AGI6, STM32H562AII6, STM32H562IGK6, STM32H562IGT6, STM32H562IIK6, STM32H562IIT6, STM32H562RGT6, STM32H562RGV6, STM32H562RIT6, STM32H562RIV6, STM32H562VGT6, STM32H562VIT6, STM32H562ZGT6, STM32H562ZIT6, STM32H563AGI6, STM32H563AII3Q, STM32H563AII6, STM32H563IGK6, STM32H563IGT6, STM32H563IIK3Q, STM32H563IIK6, STM32H563IIT3Q, STM32H563IIT6, STM32H563MIY3QTR, STM32H563RGT6, STM32H563RGV6, STM32H563RIT6, STM32H563RIV6, STM32H563VGT6, STM32H563VIT3Q, STM32H563VIT6, STM32H563ZGT6, STM32H563ZIT3Q, STM32H563ZIT6, STM32H573AII3Q, STM32H573AII6, STM32H573I-DK, STM32H573IIK3Q, STM32H573IIK6, STM32H573IIT3Q, STM32H573IIT6, STM32H573MIY3QTR, STM32H573RIT6, STM32H573RIV6, STM32H573VIT3Q, STM32H573VIT6, STM32H573ZIT3Q, STM32H573ZIT6, STM32L4R5QGI6STR, STM32MP131AAE3, STM32MP131AAF3, STM32MP131AAG3, STM32MP131CAE3, STM32MP131CAF3, STM32MP131CAG3, STM32MP131DAE7, STM32MP131DAF7, STM32MP131DAG7, STM32MP131FAE7, STM32MP131FAF7, STM32MP131FAG7, STM32MP133AAE3, STM32MP133AAF3, STM32MP133AAG3, STM32MP133CAE3, STM32MP133CAF3, STM32MP133CAG3, STM32MP133DAE7, STM32MP133DAF7, STM32MP133DAG7, STM32MP133FAE7, STM32MP133FAF7, STM32MP133FAG7, STM32MP135AAE3, STM32MP135AAF3, STM32MP135AAG3, STM32MP135CAE3, STM32MP135CAF3, STM32MP135CAG3, STM32MP135DAE7, STM32MP135DAF7, STM32MP135DAG7, STM32MP135F-DK, STM32MP135FAE7, STM32MP135FAF7, STM32MP135FAF7T, STM32MP135FAF7U, STM32MP135FAG7, STM32U535CBT6, STM32U535CBT6Q, STM32U535CBU6, STM32U535CBU6Q, STM32U535CCT6, STM32U535CCT6Q, STM32U535CCU6, STM32U535CCU6Q, STM32U535CET6, STM32U535CET6Q, STM32U535CEU6, STM32U535CEU6Q, STM32U535JEY6QTR, STM32U535NCY6QTR, STM32U535NEY6QTR, STM32U535RBI6, STM32U535RBI6Q, STM32U535RBT6, STM32U535RBT6Q, STM32U535RCI6, STM32U535RCI6Q, STM32U535RCT6, STM32U535RCT6Q, STM32U535REI6, STM32U535REI6Q, STM32U535RET6, STM32U535RET6Q, STM32U535VCI6, STM32U535VCI6Q, STM32U535VCT6, STM32U535VCT6Q, STM32U535VEI6, STM32U535VEI6Q, STM32U535VET6, STM32U535VET6Q, STM32U545CET6, STM32U545CET6Q, STM32U545CEU6, STM32U545CEU6Q, STM32U545JEY6QTR, STM32U545NEY6QTR, STM32U545REI6, STM32U545REI6Q, STM32U545RET6, STM32U545RET6Q, STM32U545VEI6, STM32U545VEI6Q, STM32U545VET6, STM32U545VET6Q, STM32U595AIH6, STM32U595AIH6Q, STM32U595AJH6, STM32U595AJH6Q, STM32U595QII6, STM32U595QII6Q, STM32U595QJI6, STM32U595QJI6Q, STM32U595RIT6, STM32U595RIT6Q, STM32U595RJT6, STM32U595RJT6Q, STM32U595VIT6, STM32U595VIT6Q, STM32U595VJT6, STM32U595VJT6Q, STM32U595ZIT6, STM32U595ZIT6Q, STM32U595ZIY6QTR, STM32U595ZJT6, STM32U595ZJT6Q, STM32U595ZJY6QTR, STM32U599BJY6QTR, STM32U599NIH6Q, STM32U599NJH6Q, STM32U599VIT6Q, STM32U599VJT6, STM32U599VJT6Q, STM32U599ZIT6Q, STM32U599ZIY6QTR, STM32U599ZJT6Q, STM32U599ZJY6QTR, STM32U5A5AJH6, STM32U5A5AJH6Q, STM32U5A5QJI6, STM32U5A5QJI6Q, STM32U5A5RJT6, STM32U5A5RJT6Q, STM32U5A5VJT6, STM32U5A5VJT6Q, STM32U5A5ZJT6, STM32U5A5ZJT6Q, STM32U5A5ZJY6QTR, STM32U5A9BJY6QTR, STM32U5A9J-DK, STM32U5A9NJH6Q, STM32U5A9VJT6Q, STM32U5A9ZJT6Q, STM32U5A9ZJY6QTR, STM32WB1MMCH6, STM32WBA52CEU6, STM32WBA52CEU6T, STM32WBA52CGU6, STM32WBA52CGU6T, STM32WL5MOCH6, STM32WL5MOCH6TR]
2023-08-21 15:14:04,245 [INFO] BoardInfo:880 - No configuration file found for board P-NUCLEO-WB55
2023-08-21 15:14:04,245 [INFO] DbBoards:157 - Kit is not supported: P-NUCLEO-WB55
2023-08-21 15:14:04,245 [INFO] BoardInfo:880 - No configuration file found for board STEVAL-BFA001V1B
2023-08-21 15:14:04,245 [INFO] DbBoards:157 - Kit is not supported: STEVAL-BFA001V1B
2023-08-21 15:14:04,245 [INFO] BoardInfo:880 - No configuration file found for board STEVAL-BFA001V2B
2023-08-21 15:14:04,245 [INFO] DbBoards:157 - Kit is not supported: STEVAL-BFA001V2B
2023-08-21 15:14:04,261 [INFO] BoardInfo:880 - No configuration file found for board STEVAL-SMARTAG2
2023-08-21 15:14:04,261 [INFO] DbBoards:157 - Board is not supported: STEVAL-SMARTAG2
2023-08-21 15:14:04,370 [INFO] DbBoards:161 - Found 188 boards, 184 are supported
2023-08-21 15:14:04,370 [INFO] ApiDb:423 - Load user favorites file C:\Users\LENOVO/.stm32cubeide/favorites.boards.txt: 1 item(s)
2023-08-21 15:14:04,370 [INFO] ApiDb:427 - User favorites Boards=[STM32F407G-DISC1]
2023-08-21 15:14:04,370 [INFO] DbBoards:190 - Set 1 / 1 favorites Boards
2023-08-21 15:14:04,386 [INFO] ApiDb:668 - CubeFinder database Data Model version=2.1
2023-08-21 15:14:04,386 [INFO] ApiDb:669 - CubeFinder database Configuration version=3.0.37
2023-08-21 15:14:04,386 [INFO] ApiDb:670 - CubeFinder database generation date=2023-08-09 (1691586011)
2023-08-21 15:14:04,386 [INFO] ApiDb:671 - CubeFinder database FW Pack versions=[FP-ATR-ASTRA1_V2.0.0, FP-SNS-FLIGHT1_V5.0.1, FP-SNS-FLIGHT1_V5.0.2, FP-SNS-MOTENV1_V4.3.1, FP-SNS-MOTENV1_V4.3.2, STM32Cube_FW_C0_V1.1.0, STM32Cube_FW_F4_V1.27.1, STM32Cube_FW_F7_V1.17.0, STM32Cube_FW_G0_V1.6.1, STM32Cube_FW_G4_V1.5.1, STM32Cube_FW_H5_V0.5.1, STM32Cube_FW_H5_V1.1.0, STM32Cube_FW_H7_V1.11.0, STM32Cube_FW_L0_V1.12.2, STM32Cube_FW_L5_V1.5.0, STM32Cube_FW_U5_V1.3.0, STM32Cube_FW_U5_V1.3.0RC4, STM32Cube_FW_WBA_V1.0.0RC1, STM32Cube_FW_WBA_V1.1.0, STM32Cube_FW_WBA_V1.1.0RC1, STM32Cube_FW_WB_V1.15.0RC1, STM32Cube_FW_WB_V1.16.0, STM32Cube_FW_WB_V1.16.0RC2, STM32Cube_FW_WB_V1.17.0, STM32Cube_FW_WL_V1.3.0, X-CUBE-ALGOBUILD_V1.3.0, X-CUBE-ALS_V1.0.1, X-CUBE-AZRTOS-F4_V1.1.0, X-CUBE-AZRTOS-F7_V1.1.0, X-CUBE-AZRTOS-G0_V1.1.0, X-CUBE-AZRTOS-G4_V2.0.0, X-CUBE-AZRTOS-H7_V3.1.0, X-CUBE-AZRTOS-L4_V1.0.0, X-CUBE-AZRTOS-L4_V2.0.0, X-CUBE-AZRTOS-L5_V1.1.0, X-CUBE-AZRTOS-WB_V1.1.0, X-CUBE-AZRTOS-WL_V2.0.0, X-CUBE-BLE1_V7.0.0, X-CUBE-BLE2_V3.3.0, X-CUBE-BLEMGR_V2.0.0, X-CUBE-EEPRMA1_V4.1.0, X-CUBE-FREERTOS_V1.1.0, X-CUBE-GNSS1_V6.0.0, X-CUBE-MEMS1_V9.1.0, X-CUBE-MEMS1_V9.4.0, X-CUBE-MEMS1_V9.6.0, X-CUBE-NFC4_V3.0.0, X-CUBE-NFC7_V1.0.0, X-CUBE-SFXS2LP1_V4.0.0, X-CUBE-SUBG2_V5.0.0, X-CUBE-TOF1_V3.3.1]
2023-08-21 15:14:05,183 [INFO] DbExamplesSqlite:376 - Ignored 27 examples not supported by CubeIDE
2023-08-21 15:14:05,183 [INFO] DbExamplesSqlite:377 - Found 7231 examples active
2023-08-21 15:14:05,183 [INFO] DbExamplesSqlite:378 - Found 677 examples obsolete
2023-08-21 15:14:05,183 [INFO] DbExamplesSqlite:379 - Found 0 examples under development
2023-08-21 15:14:05,183 [INFO] DbExamplesSqlite:380 - Found 74 examples not building
2023-08-21 15:14:05,183 [INFO] DbExamples:125 - Found 7278 examples
2023-08-21 15:14:05,230 [ERROR] DbExamples:208 - Found 22 examples with invalid data (board or MCU)
2023-08-21 15:14:05,230 [INFO] DbExamples:222 - Found 91 boards with related examples
2023-08-21 15:14:05,230 [INFO] DbExamples:235 - Found 77 MCUs with related examples
2023-08-21 15:14:05,261 [INFO] ApiDb:414 - User favorites file not found: C:\Users\LENOVO/.stm32cubeide/favorites.examples.txt
2023-08-21 15:14:05,261 [INFO] DbExamples:250 - Set 0 / 0 favorites Examples
2023-08-21 15:14:05,761 [INFO] McuFinderGlobals:66 - Set McuFinderConnectedMode to true
2023-08-21 15:14:05,776 [INFO] MultiScanPanel:200 - Auto-refresh data requested => check proxy status ongoing
2023-08-21 15:14:05,776 [INFO] FinderPluginLoader:95 - Searching for filters in installed packs
2023-08-21 15:14:07,276 [INFO] LoadUrlFilesThread:185 - End of LoadServerUrlFiles without Thread
2023-08-21 15:14:07,354 [INFO] DetailPanel:341 - Set advertising image to C:/Users/LENOVO/STM32Cube/Repository/\en.prom-stm32h5-mcu-finder.jpg
2023-08-21 15:15:02,857 [INFO] MainUpdater:2854 - connection check result : 10
2023-08-21 15:15:02,858 [INFO] MainUpdater:2854 - connection check result : 10
2023-08-21 15:15:02,889 [INFO] MicroXplorer:468 - Change Database Path : 
2023-08-21 15:15:02,889 [INFO] MicroXplorer:498 - Change Database Version : DB.6.0.80
2023-08-21 15:15:02,889 [WARN] ThirdParty:871 - waiting for thirdparty lock release [close project]
2023-08-21 15:15:02,889 [INFO] ThirdParty:873 - entering critical section [close project]
2023-08-21 15:15:02,889 [INFO] ThirdParty:883 - exiting critical section [close project]
2023-08-21 15:15:02,889 [INFO] PinOutPanel:1499 - setPackage(No Configuration,No Configuration)
2023-08-21 15:15:02,904 [INFO] UtilMem:75 - Begin LoadConfig() Used Memory: 585800912 Bytes (823132160)
2023-08-21 15:15:02,905 [INFO] MicroXplorer:468 - Change Database Path : 
2023-08-21 15:15:02,905 [INFO] MicroXplorer:498 - Change Database Version : DB.6.0.80
2023-08-21 15:15:02,905 [INFO] OpenFileManager:308 - Change cursor
2023-08-21 15:15:03,050 [INFO] Mcu:1937 - Initializing MCU STM32F407VGTx STM32F407VGTx 
2023-08-21 15:15:03,052 [INFO] Mcu:1950 - No CPN specified => set CPN to STM32F407VGT6
2023-08-21 15:15:05,889 [INFO] Context:659 - Trying to add GPIOservice into a context  which must be forbidden
2023-08-21 15:15:06,791 [INFO] ImportTextPane:194 - (OptionalMessage_ERROR) Unable to find key (Mcu.ThirdPartyNb) in loaded IOC file
2023-08-21 15:15:06,791 [INFO] ImportTextPane:194 - (OptionalMessage_ERROR) Unable to find key (Mcu.PinsNb) in loaded IOC file
2023-08-21 15:15:06,791 [INFO] ImportTextPane:194 - (OptionalMessage_ERROR) Unable to find key (Mcu.IPNb) in loaded IOC file
2023-08-21 15:15:07,234 [INFO] RtosManager:555 - Registered RTOS mode: class=CMSIS, group=RTOS, mode=CMSIS_V1, owner=FREERTOS
2023-08-21 15:15:07,237 [INFO] RtosManager:555 - Registered RTOS mode: class=CMSIS, group=RTOS2, mode=CMSIS_V2, owner=FREERTOS
2023-08-21 15:15:07,239 [INFO] RtosManager:555 - Registered RTOS mode: class=RTOS, group=Core, mode=CMSIS_V1, owner=FREERTOS
2023-08-21 15:15:07,239 [INFO] RtosManager:555 - Registered RTOS mode: class=RTOS, group=Core, mode=CMSIS_V2, owner=FREERTOS
2023-08-21 15:15:07,241 [WARN] ModelIntegratedComponent:184 - Missing modes for component STMicroelectronics:FreeRTOS:0.0.1:STMicroelectronics:RTOS:FreeRTOS:Core:::10.2.0:
2023-08-21 15:15:07,259 [WARN] ModelIntegratedComponent:63 - No mode defined for component null
2023-08-21 15:15:07,259 [WARN] ModelIntegratedComponent:63 - No mode defined for component null
2023-08-21 15:15:07,259 [WARN] ModelIntegratedComponent:63 - No mode defined for component null
2023-08-21 15:15:07,259 [WARN] ModelIntegratedComponent:63 - No mode defined for component null
2023-08-21 15:15:07,259 [WARN] ModelIntegratedComponent:63 - No mode defined for component null
2023-08-21 15:15:07,259 [WARN] ModelIntegratedComponent:63 - No mode defined for component null
2023-08-21 15:15:07,259 [WARN] ModelIntegratedComponent:63 - No mode defined for component null
2023-08-21 15:15:07,259 [WARN] ModelIntegratedComponent:63 - No mode defined for component null
2023-08-21 15:15:07,263 [WARN] ModelIntegratedComponent:63 - No mode defined for component null
2023-08-21 15:15:07,263 [WARN] ModelIntegratedComponent:63 - No mode defined for component null
2023-08-21 15:15:07,264 [WARN] ModelIntegratedComponent:63 - No mode defined for component null
2023-08-21 15:15:07,264 [WARN] ModelIntegratedComponent:63 - No mode defined for component null
2023-08-21 15:15:07,264 [WARN] ModelIntegratedComponent:63 - No mode defined for component null
2023-08-21 15:15:07,264 [WARN] ModelIntegratedComponent:63 - No mode defined for component null
2023-08-21 15:15:07,264 [WARN] ModelIntegratedComponent:63 - No mode defined for component null
2023-08-21 15:15:07,264 [WARN] ModelIntegratedComponent:63 - No mode defined for component null
2023-08-21 15:15:07,264 [WARN] ModelIntegratedComponent:63 - No mode defined for component null
2023-08-21 15:15:07,264 [WARN] ModelIntegratedComponent:63 - No mode defined for component null
2023-08-21 15:15:07,264 [WARN] ModelIntegratedComponent:63 - No mode defined for component null
2023-08-21 15:15:07,265 [WARN] ModelIntegratedComponent:63 - No mode defined for component null
2023-08-21 15:15:07,265 [WARN] ModelIntegratedComponent:63 - No mode defined for component null
2023-08-21 15:15:07,265 [WARN] ModelIntegratedComponent:63 - No mode defined for component null
2023-08-21 15:15:07,265 [WARN] ModelIntegratedComponent:63 - No mode defined for component null
2023-08-21 15:15:07,265 [WARN] ModelIntegratedComponent:63 - No mode defined for component null
2023-08-21 15:15:07,265 [WARN] ModelIntegratedComponent:63 - No mode defined for component null
2023-08-21 15:15:07,265 [WARN] ModelIntegratedComponent:63 - No mode defined for component null
2023-08-21 15:15:07,265 [WARN] ModelIntegratedComponent:63 - No mode defined for component null
2023-08-21 15:15:07,266 [WARN] ModelIntegratedComponent:63 - No mode defined for component null
2023-08-21 15:15:07,266 [WARN] ModelIntegratedComponent:63 - No mode defined for component null
2023-08-21 15:15:07,266 [WARN] ModelIntegratedComponent:63 - No mode defined for component null
2023-08-21 15:15:07,266 [WARN] ModelIntegratedComponent:63 - No mode defined for component null
2023-08-21 15:15:07,266 [WARN] ModelIntegratedComponent:63 - No mode defined for component null
2023-08-21 15:15:07,266 [WARN] ModelIntegratedComponent:63 - No mode defined for component null
2023-08-21 15:15:07,419 [INFO] ThirdPartyModel:298 - Start build external matchings
2023-08-21 15:15:09,120 [INFO] ThirdPartyModel:316 - End build external matchings
2023-08-21 15:15:09,650 [INFO] UtilMem:75 - End LoadConfig() Used Memory: 596155912 Bytes (823132160)
2023-08-21 15:15:09,689 [WARN] ThirdParty:833 - waiting for thirdparty lock release [change project]
2023-08-21 15:15:09,689 [INFO] ThirdParty:835 - entering critical section [change project]
2023-08-21 15:15:09,689 [INFO] ThirdParty:1030 - CMSIS Pack Vendor :STMicroelectronics X-CUBE-ISPU 1.1.0
2023-08-21 15:15:09,689 [INFO] ThirdParty:1030 - CMSIS Pack Vendor :RoweBots I-CUBE-UNISONRTOS 5.5.0-4
2023-08-21 15:15:09,689 [INFO] ThirdParty:1030 - CMSIS Pack Vendor :STMicroelectronics X-CUBE-GNSS1 6.0.0
2023-08-21 15:15:09,690 [INFO] ThirdParty:1030 - CMSIS Pack Vendor :STMicroelectronics USB_HOST 2.0.0
2023-08-21 15:15:09,690 [INFO] ThirdParty:1030 - CMSIS Pack Vendor :STMicroelectronics X-CUBE-AZRTOS-F4 1.1.0
2023-08-21 15:15:09,690 [INFO] ThirdParty:1030 - CMSIS Pack Vendor :STMicroelectronics LIBJPEG 8.0.0
2023-08-21 15:15:09,690 [INFO] ThirdParty:1030 - CMSIS Pack Vendor :STMicroelectronics X-CUBE-SMBUS 2.1.0
2023-08-21 15:15:09,690 [INFO] ThirdParty:1030 - CMSIS Pack Vendor :STMicroelectronics USB_DEVICE 3.0.0
2023-08-21 15:15:09,690 [INFO] ThirdParty:1030 - CMSIS Pack Vendor :STMicroelectronics X-CUBE-AI 8.0.0
2023-08-21 15:15:09,690 [INFO] ThirdParty:1030 - CMSIS Pack Vendor :STMicroelectronics X-CUBE-AZRTOS-WB 2.0.0
2023-08-21 15:15:09,690 [INFO] ThirdParty:1030 - CMSIS Pack Vendor :STMicroelectronics X-CUBE-FREERTOS 1.0.0
2023-08-21 15:15:09,690 [INFO] ThirdParty:1030 - CMSIS Pack Vendor :STMicroelectronics X-CUBE-FREERTOS 1.0.1
2023-08-21 15:15:09,690 [INFO] ThirdParty:1030 - CMSIS Pack Vendor :STMicroelectronics X-CUBE-TOUCHGFX 4.21.1
2023-08-21 15:15:09,690 [INFO] ThirdParty:1030 - CMSIS Pack Vendor :STMicroelectronics X-CUBE-TOUCHGFX 4.21.3
2023-08-21 15:15:09,690 [INFO] ThirdParty:1030 - CMSIS Pack Vendor :STMicroelectronics X-CUBE-AZRTOS-F7 1.1.0
2023-08-21 15:15:09,690 [INFO] ThirdParty:1030 - CMSIS Pack Vendor :STMicroelectronics X-CUBE-TOUCHGFX 4.21.4
2023-08-21 15:15:09,690 [INFO] ThirdParty:1030 - CMSIS Pack Vendor :STMicroelectronics X-CUBE-AZRTOS-L5 2.0.0
2023-08-21 15:15:09,690 [INFO] ThirdParty:1030 - CMSIS Pack Vendor :STMicroelectronics X-CUBE-MEMS1 9.4.0
2023-08-21 15:15:09,690 [INFO] ThirdParty:1030 - CMSIS Pack Vendor :STMicroelectronics USB_DEVICE 2.0.0
2023-08-21 15:15:09,690 [INFO] ThirdParty:1030 - CMSIS Pack Vendor :STMicroelectronics X-CUBE-AI 7.3.0
2023-08-21 15:15:09,690 [INFO] ThirdParty:1030 - CMSIS Pack Vendor :STMicroelectronics X-CUBE-MEMS1 9.6.0
2023-08-21 15:15:09,690 [INFO] ThirdParty:1030 - CMSIS Pack Vendor :STMicroelectronics FP-SNS-MOTENV1 4.3.2
2023-08-21 15:15:09,690 [INFO] ThirdParty:1030 - CMSIS Pack Vendor :STMicroelectronics FP-SNS-MOTENV1 4.3.1
2023-08-21 15:15:09,690 [INFO] ThirdParty:1030 - CMSIS Pack Vendor :STMicroelectronics FP-SNS-FLIGHT1 5.0.1
2023-08-21 15:15:09,690 [INFO] ThirdParty:1030 - CMSIS Pack Vendor :STMicroelectronics X-CUBE-ALGOBUILD 1.3.0
2023-08-21 15:15:09,690 [INFO] ThirdParty:1030 - CMSIS Pack Vendor :STMicroelectronics X-CUBE-BLE1 6.2.4
2023-08-21 15:15:09,690 [INFO] ThirdParty:1030 - CMSIS Pack Vendor :STMicroelectronics X-CUBE-AZRTOS-L5 1.1.0
2023-08-21 15:15:09,690 [INFO] ThirdParty:1030 - CMSIS Pack Vendor :STMicroelectronics FreeRTOS 0.0.1
2023-08-21 15:15:09,690 [INFO] ThirdParty:1030 - CMSIS Pack Vendor :STMicroelectronics X-CUBE-AZRTOS-G0 1.1.0
2023-08-21 15:15:09,690 [INFO] ThirdParty:1030 - CMSIS Pack Vendor :emotas I-CUBE-CANOPEN 1.1.3
2023-08-21 15:15:09,690 [INFO] ThirdParty:1030 - CMSIS Pack Vendor :STMicroelectronics X-CUBE-BLEMGR 2.0.0
2023-08-21 15:15:09,690 [INFO] ThirdParty:1030 - CMSIS Pack Vendor :STMicroelectronics X-CUBE-AI 8.0.1
2023-08-21 15:15:09,690 [INFO] ThirdParty:1030 - CMSIS Pack Vendor :STMicroelectronics X-CUBE-NFC4 3.0.0
2023-08-21 15:15:09,690 [INFO] ThirdParty:1030 - CMSIS Pack Vendor :STMicroelectronics X-CUBE-SUBG2 5.0.0
2023-08-21 15:15:09,690 [INFO] ThirdParty:1030 - CMSIS Pack Vendor :STMicroelectronics STM32_WPAN 1.0.0
2023-08-21 15:15:09,690 [INFO] ThirdParty:1030 - CMSIS Pack Vendor :STMicroelectronics lwIP 2.0.3
2023-08-21 15:15:09,690 [INFO] ThirdParty:1030 - CMSIS Pack Vendor :STMicroelectronics FP-SNS-FLIGHT1 5.0.2
2023-08-21 15:15:09,690 [INFO] ThirdParty:1030 - CMSIS Pack Vendor :STMicroelectronics USB_HOST 1.0.0
2023-08-21 15:15:09,690 [INFO] ThirdParty:1030 - CMSIS Pack Vendor :STMicroelectronics X-CUBE-TOF1 3.3.1
2023-08-21 15:15:09,690 [INFO] ThirdParty:1030 - CMSIS Pack Vendor :STMicroelectronics X-CUBE-AZRTOS-G4 2.0.0
2023-08-21 15:15:09,690 [INFO] ThirdParty:1030 - CMSIS Pack Vendor :STMicroelectronics PDM2PCM 3.1.0
2023-08-21 15:15:09,690 [INFO] ThirdParty:1030 - CMSIS Pack Vendor :STMicroelectronics X-CUBE-AZRTOS-H7 3.1.0
2023-08-21 15:15:09,690 [INFO] ThirdParty:1030 - CMSIS Pack Vendor :STMicroelectronics X-CUBE-TOF1 3.3.0
2023-08-21 15:15:09,690 [INFO] ThirdParty:1030 - CMSIS Pack Vendor :STMicroelectronics FP-ATR-ASTRA1 1.1.1
2023-08-21 15:15:09,690 [INFO] ThirdParty:1030 - CMSIS Pack Vendor :STMicroelectronics PDM2PCM 3.3.0
2023-08-21 15:15:09,690 [INFO] ThirdParty:1030 - CMSIS Pack Vendor :STMicroelectronics X-CUBE-DISPLAY 3.0.0
2023-08-21 15:15:09,690 [INFO] ThirdParty:1030 - CMSIS Pack Vendor :STMicroelectronics X-CUBE-BLEMGR 1.3.0
2023-08-21 15:15:09,690 [INFO] ThirdParty:1030 - CMSIS Pack Vendor :STMicroelectronics X-CUBE-BLE1 7.0.0
2023-08-21 15:15:09,690 [INFO] ThirdParty:1030 - CMSIS Pack Vendor :STMicroelectronics FP-ATR-SIGFOX1 3.2.0
2023-08-21 15:15:09,690 [INFO] ThirdParty:1030 - CMSIS Pack Vendor :STMicroelectronics X-CUBE-AZRTOS-G4 1.0.0
2023-08-21 15:15:09,690 [INFO] ThirdParty:1030 - CMSIS Pack Vendor :wolfSSL I-CUBE-wolfSSL 5.5.4
2023-08-21 15:15:09,690 [INFO] ThirdParty:1030 - CMSIS Pack Vendor :STMicroelectronics X-CUBE-AZRTOS-L4 1.0.0
2023-08-21 15:15:09,690 [INFO] ThirdParty:1030 - CMSIS Pack Vendor :STMicroelectronics HAL Drivers 0.0.0
2023-08-21 15:15:09,690 [INFO] ThirdParty:1030 - CMSIS Pack Vendor :STMicroelectronics MBEDTLS 2.16.2
2023-08-21 15:15:09,690 [INFO] ThirdParty:1030 - CMSIS Pack Vendor :STMicroelectronics X-CUBE-TOUCHGFX 4.22.0
2023-08-21 15:15:09,690 [INFO] ThirdParty:1030 - CMSIS Pack Vendor :STMicroelectronics X-CUBE-NFC7 1.0.1
2023-08-21 15:15:09,690 [INFO] ThirdParty:1030 - CMSIS Pack Vendor :STMicroelectronics MBEDTLS 2.14.1
2023-08-21 15:15:09,690 [INFO] ThirdParty:1030 - CMSIS Pack Vendor :STMicroelectronics X-CUBE-NFC7 1.0.0
2023-08-21 15:15:09,690 [INFO] ThirdParty:1030 - CMSIS Pack Vendor :STMicroelectronics X-CUBE-AZRTOS-WL 1.0.0
2023-08-21 15:15:09,690 [INFO] ThirdParty:1030 - CMSIS Pack Vendor :STMicroelectronics X-CUBE-EEPRMA1 4.1.0
2023-08-21 15:15:09,690 [INFO] ThirdParty:1030 - CMSIS Pack Vendor :portGmbH I-Cube-SoM-uGOAL 1.1.0
2023-08-21 15:15:09,690 [INFO] ThirdParty:1030 - CMSIS Pack Vendor :STMicroelectronics X-CUBE-ALS 1.0.1
2023-08-21 15:15:09,690 [INFO] ThirdParty:1030 - CMSIS Pack Vendor :STMicroelectronics X-CUBE-MEMS1 9.5.0
2023-08-21 15:15:09,690 [INFO] ThirdParty:1030 - CMSIS Pack Vendor :STMicroelectronics ThreadX 1.0.0
2023-08-21 15:15:09,690 [INFO] ThirdParty:1030 - CMSIS Pack Vendor :STMicroelectronics X-CUBE-AZRTOS-WB 1.1.0
2023-08-21 15:15:09,690 [INFO] ThirdParty:1030 - CMSIS Pack Vendor :STMicroelectronics X-CUBE-AZRTOS-WL 2.0.0
2023-08-21 15:15:09,690 [INFO] ThirdParty:1030 - CMSIS Pack Vendor :SEGGER I-CUBE-embOS 1.3.1
2023-08-21 15:15:09,690 [INFO] ThirdParty:1030 - CMSIS Pack Vendor :STMicroelectronics USB_DEVICE 1.0.0
2023-08-21 15:15:09,696 [INFO] ThirdParty:1030 - CMSIS Pack Vendor :STMicroelectronics X-CUBE-AI 8.1.0
2023-08-21 15:15:09,697 [INFO] ThirdParty:1030 - CMSIS Pack Vendor :STMicroelectronics X-CUBE-AZRTOS-L4 2.0.0
2023-08-21 15:15:09,697 [INFO] ThirdParty:1030 - CMSIS Pack Vendor :STMicroelectronics ThreadX 0.0.2
2023-08-21 15:15:09,697 [INFO] ThirdParty:1030 - CMSIS Pack Vendor :WES I-CUBE-Cesium 1.3.0
2023-08-21 15:15:09,697 [INFO] ThirdParty:1030 - CMSIS Pack Vendor :STMicroelectronics FP-ATR-ASTRA1 2.0.0
2023-08-21 15:15:09,697 [INFO] ThirdParty:1030 - CMSIS Pack Vendor :STMicroelectronics lwIP 2.1.2
2023-08-21 15:15:09,697 [INFO] ThirdParty:1030 - CMSIS Pack Vendor :STMicroelectronics X-CUBE-SFXS2LP1 4.0.0
2023-08-21 15:15:09,697 [INFO] ThirdParty:1030 - CMSIS Pack Vendor :STMicroelectronics X-CUBE-BLE2 3.3.0
2023-08-21 15:15:09,697 [INFO] ThirdParty:1030 - CMSIS Pack Vendor :STMicroelectronics X-CUBE-TOF1 3.2.0
2023-08-21 15:15:09,698 [INFO] ThirdParty:1030 - CMSIS Pack Vendor :STMicroelectronics PDM2PCM 3.2.0
2023-08-21 15:15:09,698 [INFO] ThirdParty:1030 - CMSIS Pack Vendor :STMicroelectronics X-CUBE-AZRTOS-H7 3.0.0
2023-08-21 15:15:09,699 [INFO] ThirdParty:841 - exiting critical section [change project]
2023-08-21 15:15:10,363 [INFO] PinOutPanel:1499 - setPackage(No Configuration,No Configuration)
2023-08-21 15:15:10,363 [INFO] PinOutPanel:1499 - setPackage(STM32F407VGTx,LQFP100)
2023-08-21 15:15:11,277 [INFO] UtilMem:75 - Before build in PCC Used Memory: 576186000 Bytes (823132160)
2023-08-21 15:15:12,873 [INFO] UtilMem:75 - After build in PCC Used Memory: 721421984 Bytes (823132160)
2023-08-21 15:15:12,962 [INFO] IPUIPlugin:80 - create IPUIPlugin
2023-08-21 15:15:12,962 [INFO] IPUIPlugin:80 - create IPUIPlugin
2023-08-21 15:15:12,968 [INFO] IPUIPlugin:80 - create IPUIPlugin
2023-08-21 15:15:12,968 [INFO] IPUIPlugin:80 - create IPUIPlugin
2023-08-21 15:15:12,969 [INFO] IPUIPlugin:80 - create IPUIPlugin
2023-08-21 15:15:12,969 [INFO] IPUIPlugin:80 - create IPUIPlugin
2023-08-21 15:15:12,969 [INFO] IPUIPlugin:80 - create IPUIPlugin
2023-08-21 15:15:12,969 [INFO] IPUIPlugin:80 - create IPUIPlugin
2023-08-21 15:15:12,969 [INFO] IPUIPlugin:80 - create IPUIPlugin
2023-08-21 15:15:12,969 [INFO] IPUIPlugin:80 - create IPUIPlugin
2023-08-21 15:15:12,969 [INFO] IPUIPlugin:80 - create IPUIPlugin
2023-08-21 15:15:12,969 [INFO] IPUIPlugin:80 - create IPUIPlugin
2023-08-21 15:15:12,969 [INFO] IPUIPlugin:80 - create IPUIPlugin
2023-08-21 15:15:12,969 [INFO] IPUIPlugin:80 - create IPUIPlugin
2023-08-21 15:15:12,969 [INFO] IPUIPlugin:80 - create IPUIPlugin
2023-08-21 15:15:12,969 [INFO] IPUIPlugin:80 - create IPUIPlugin
2023-08-21 15:15:12,969 [INFO] IPUIPlugin:80 - create IPUIPlugin
2023-08-21 15:15:12,969 [INFO] IPUIPlugin:80 - create IPUIPlugin
2023-08-21 15:15:12,969 [INFO] IPUIPlugin:80 - create IPUIPlugin
2023-08-21 15:15:12,969 [INFO] IPUIPlugin:80 - create IPUIPlugin
2023-08-21 15:15:12,973 [INFO] IPUIPlugin:80 - create IPUIPlugin
2023-08-21 15:15:12,973 [INFO] IPUIPlugin:80 - create IPUIPlugin
2023-08-21 15:15:12,973 [INFO] IPUIPlugin:80 - create IPUIPlugin
2023-08-21 15:15:12,973 [INFO] IPUIPlugin:80 - create IPUIPlugin
2023-08-21 15:15:12,973 [INFO] IPUIPlugin:80 - create IPUIPlugin
2023-08-21 15:15:12,973 [INFO] IPUIPlugin:80 - create IPUIPlugin
2023-08-21 15:15:12,973 [INFO] IPUIPlugin:80 - create IPUIPlugin
2023-08-21 15:15:12,973 [INFO] IPUIPlugin:80 - create IPUIPlugin
2023-08-21 15:15:12,973 [INFO] IPUIPlugin:80 - create IPUIPlugin
2023-08-21 15:15:12,973 [INFO] IPUIPlugin:80 - create IPUIPlugin
2023-08-21 15:15:12,973 [INFO] IPUIPlugin:80 - create IPUIPlugin
2023-08-21 15:15:12,973 [INFO] IPUIPlugin:80 - create IPUIPlugin
2023-08-21 15:15:12,977 [INFO] IPUIPlugin:80 - create IPUIPlugin
2023-08-21 15:15:12,978 [INFO] IPUIPlugin:80 - create IPUIPlugin
2023-08-21 15:15:12,979 [INFO] IPUIPlugin:80 - create IPUIPlugin
2023-08-21 15:15:12,980 [INFO] IPUIPlugin:80 - create IPUIPlugin
2023-08-21 15:15:12,980 [INFO] IPUIPlugin:80 - create IPUIPlugin
2023-08-21 15:15:12,980 [INFO] IPUIPlugin:80 - create IPUIPlugin
2023-08-21 15:15:12,980 [INFO] IPUIPlugin:80 - create IPUIPlugin
2023-08-21 15:15:12,980 [INFO] IPUIPlugin:80 - create IPUIPlugin
2023-08-21 15:15:12,980 [INFO] IPUIPlugin:80 - create IPUIPlugin
2023-08-21 15:15:12,980 [INFO] IPUIPlugin:80 - create IPUIPlugin
2023-08-21 15:15:12,980 [INFO] IPUIPlugin:80 - create IPUIPlugin
2023-08-21 15:15:12,980 [INFO] IPUIPlugin:80 - create IPUIPlugin
2023-08-21 15:15:12,980 [INFO] IPUIPlugin:80 - create IPUIPlugin
2023-08-21 15:15:12,980 [INFO] IPUIPlugin:80 - create IPUIPlugin
2023-08-21 15:15:12,980 [INFO] IPUIPlugin:80 - create IPUIPlugin
2023-08-21 15:15:12,980 [INFO] IPUIPlugin:80 - create IPUIPlugin
2023-08-21 15:15:12,988 [INFO] IPUIPlugin:80 - create IPUIPlugin
2023-08-21 15:15:12,988 [INFO] IPUIPlugin:80 - create IPUIPlugin
2023-08-21 15:15:12,989 [INFO] IPUIPlugin:80 - create IPUIPlugin
2023-08-21 15:15:12,989 [INFO] IPUIPlugin:80 - create IPUIPlugin
2023-08-21 15:15:12,989 [INFO] IPUIPlugin:80 - create IPUIPlugin
2023-08-21 15:15:12,989 [INFO] IPUIPlugin:80 - create IPUIPlugin
2023-08-21 15:15:12,989 [INFO] IPUIPlugin:80 - create IPUIPlugin
2023-08-21 15:15:12,989 [INFO] IPUIPlugin:80 - create IPUIPlugin
2023-08-21 15:15:12,989 [INFO] IPUIPlugin:80 - create IPUIPlugin
2023-08-21 15:15:12,993 [INFO] IPUIPlugin:80 - create IPUIPlugin
2023-08-21 15:15:13,120 [INFO] ApiDbMcu:507 - Load IP Config File for PDM2PCM
2023-08-21 15:15:13,380 [INFO] CADModel:165 - CPN selected for project levelSTM32F407VGT6
2023-08-21 15:15:13,380 [INFO] CADModel:114 - Register for checkConnection events
2023-08-21 15:15:13,430 [INFO] OpenFileManager:328 - Restore cursor
2023-08-21 15:15:18,667 [INFO] UtilMem:75 - End SaveConfig() Used Memory: 683092064 Bytes (823132160)
2023-08-21 15:15:18,730 [INFO] UtilMem:75 - End SaveConfig() Used Memory: 705112160 Bytes (823132160)
2023-08-21 15:15:19,607 [INFO] BlockDiagram:2759 - set Specific Code input for plugin: RCC
2023-08-21 15:15:19,608 [INFO] BlockDiagram:2759 - set Specific Code input for plugin: NVIC
2023-08-21 15:15:19,610 [INFO] CodeGenerator:793 - code generatio: config db path: C:\ST\STM32CubeIDE_1.12.0\STM32CubeIDE\plugins\com.st.stm32cube.common.mx_6.8.0.202302231600\\db\
2023-08-21 15:15:20,329 [INFO] CodeEngine:255 - oldGeneratedFile, C:\Users\LENOVO\STM32CubeIDE\workspace_1.12.0\009_4_HAL_USART_SEND_DATA\MXTmpFiles\license.tmp_save
2023-08-21 15:15:20,929 [INFO] CodeEngine:279 - Generated code: C:\Users\LENOVO\STM32CubeIDE\workspace_1.12.0\009_4_HAL_USART_SEND_DATA\MXTmpFiles\license.tmp
2023-08-21 15:15:20,960 [INFO] CodeEngine:255 - oldGeneratedFile, C:\Users\LENOVO\STM32CubeIDE\workspace_1.12.0\009_4_HAL_USART_SEND_DATA\Core\Src\stm32f4xx_it.c_save
2023-08-21 15:15:21,203 [INFO] CodeEngine:279 - Generated code: C:\Users\LENOVO\STM32CubeIDE\workspace_1.12.0\009_4_HAL_USART_SEND_DATA\Core\Src\stm32f4xx_it.c
2023-08-21 15:15:21,209 [INFO] CodeEngine:255 - oldGeneratedFile, C:\Users\LENOVO\STM32CubeIDE\workspace_1.12.0\009_4_HAL_USART_SEND_DATA\Core\Inc\stm32f4xx_it.h_save
2023-08-21 15:15:21,442 [INFO] CodeEngine:279 - Generated code: C:\Users\LENOVO\STM32CubeIDE\workspace_1.12.0\009_4_HAL_USART_SEND_DATA\Core\Inc\stm32f4xx_it.h
2023-08-21 15:15:21,579 [INFO] CodeEngine:255 - oldGeneratedFile, C:\Users\LENOVO\STM32CubeIDE\workspace_1.12.0\009_4_HAL_USART_SEND_DATA\Core\Src\stm32f4xx_hal_msp.c_save
2023-08-21 15:15:21,848 [INFO] CodeEngine:279 - Generated code: C:\Users\LENOVO\STM32CubeIDE\workspace_1.12.0\009_4_HAL_USART_SEND_DATA\Core\Src\stm32f4xx_hal_msp.c
2023-08-21 15:15:21,860 [INFO] CodeEngine:255 - oldGeneratedFile, C:\Users\LENOVO\STM32CubeIDE\workspace_1.12.0\009_4_HAL_USART_SEND_DATA\MXTmpFiles\system.tmp_save
2023-08-21 15:15:21,960 [INFO] CodeEngine:279 - Generated code: C:\Users\LENOVO\STM32CubeIDE\workspace_1.12.0\009_4_HAL_USART_SEND_DATA\MXTmpFiles\system.tmp
2023-08-21 15:15:21,989 [INFO] CodeEngine:311 - oldGeneratedFile, C:\Users\LENOVO\STM32CubeIDE\workspace_1.12.0\009_4_HAL_USART_SEND_DATA\Core\Inc\stm32f4xx_hal_conf.h_save
2023-08-21 15:15:22,260 [INFO] CodeEngine:335 - Generated code: C:\Users\LENOVO\STM32CubeIDE\workspace_1.12.0\009_4_HAL_USART_SEND_DATA\Core\Inc\stm32f4xx_hal_conf.h
2023-08-21 15:15:22,469 [INFO] CodeEngine:255 - oldGeneratedFile, C:\Users\LENOVO\STM32CubeIDE\workspace_1.12.0\009_4_HAL_USART_SEND_DATA\Core\Inc\main.h_save
2023-08-21 15:15:22,790 [INFO] CodeEngine:279 - Generated code: C:\Users\LENOVO\STM32CubeIDE\workspace_1.12.0\009_4_HAL_USART_SEND_DATA\Core\Inc\main.h
2023-08-21 15:15:22,813 [INFO] CodeEngine:255 - oldGeneratedFile, C:\Users\LENOVO\STM32CubeIDE\workspace_1.12.0\009_4_HAL_USART_SEND_DATA\Core\Src\main.c_save
2023-08-21 15:15:23,050 [INFO] CodeEngine:279 - Generated code: C:\Users\LENOVO\STM32CubeIDE\workspace_1.12.0\009_4_HAL_USART_SEND_DATA\Core\Src\main.c
2023-08-21 15:15:24,549 [INFO] ProjectBuilder:2996 - Time for Copy HAL[1] : 477mS.
2023-08-21 15:15:24,569 [INFO] ProjectBuilder:4304 - Project Generator version: 3.19.2
2023-08-21 15:15:25,013 [INFO] ConfigFileManager:1483 - The Die is : DIE413
2023-08-21 15:15:25,040 [INFO] ApiDbMcu:507 - Load IP Config File for FATFS
2023-08-21 15:15:25,066 [INFO] ApiDbMcu:507 - Load IP Config File for FREERTOS
2023-08-21 15:15:25,079 [INFO] ApiDbMcu:507 - Load IP Config File for LIBJPEG
2023-08-21 15:15:25,099 [INFO] ApiDbMcu:507 - Load IP Config File for LWIP
2023-08-21 15:15:25,130 [INFO] ApiDbMcu:507 - Load IP Config File for MBEDTLS
2023-08-21 15:15:25,163 [INFO] ApiDbMcu:507 - Load IP Config File for USB_DEVICE
2023-08-21 15:15:25,188 [INFO] ApiDbMcu:507 - Load IP Config File for USB_HOST
2023-08-21 15:15:27,080 [INFO] LogOutputStream:77 - [STDOUT_REDIRECT] 
2023-08-21 15:15:32,649 [INFO] ProjectBuilder:4505 - Time for Generating toolchain IDE Files: 8080mS.
2023-08-21 15:15:32,649 [INFO] ProjectBuilder:2867 - Time for Copy CMSIS : 0mS.
2023-08-21 15:15:32,655 [INFO] ProjectBuilder:2867 - Time for Copy CMSIS : 0mS.
2023-08-21 15:15:34,784 [INFO] McuFinderGlobals:66 - Set McuFinderConnectedMode to true
2023-08-21 15:15:34,789 [INFO] ApiDb:448 - Save user favorites file C:\Users\LENOVO/.stm32cubeide/favorites.mcus.txt: 0 item(s)
2023-08-21 15:15:34,789 [INFO] ApiDb:452 - User favorites MCUs=[]
2023-08-21 15:17:53,247 [INFO] NvicIntPanel:101 - NVIC parent = com.st.microxplorer.plugins.ip.nvic.MultiNvicIntPanel[,0,0,450x212,layout=javax.swing.BoxLayout,alignmentX=0.0,alignmentY=0.0,border=,flags=9,maximumSize=,minimumSize=,preferredSize=]
2023-08-21 15:18:05,928 [INFO] UtilMem:75 - End SaveConfig() Used Memory: 585235360 Bytes (930086912)
2023-08-21 15:18:06,027 [INFO] UtilMem:75 - End SaveConfig() Used Memory: 608089616 Bytes (930086912)
2023-08-21 15:18:07,220 [INFO] UtilMem:75 - End SaveConfig() Used Memory: 696910752 Bytes (930086912)
2023-08-21 15:18:07,779 [INFO] BlockDiagram:2759 - set Specific Code input for plugin: RCC
2023-08-21 15:18:07,779 [INFO] BlockDiagram:2759 - set Specific Code input for plugin: NVIC
2023-08-21 15:18:07,779 [INFO] BlockDiagram:2759 - set Specific Code input for plugin: USART
2023-08-21 15:18:07,779 [INFO] BlockDiagram:2759 - set Specific Code input for plugin: GPIO
2023-08-21 15:18:07,781 [INFO] CodeGenerator:793 - code generatio: config db path: C:\ST\STM32CubeIDE_1.12.0\STM32CubeIDE\plugins\com.st.stm32cube.common.mx_6.8.0.202302231600\\db\
2023-08-21 15:18:08,036 [INFO] CodeEngine:255 - oldGeneratedFile, C:\Users\LENOVO\STM32CubeIDE\workspace_1.12.0\009_4_HAL_USART_SEND_DATA\MXTmpFiles\license.tmp_save
2023-08-21 15:18:08,224 [INFO] CodeEngine:279 - Generated code: C:\Users\LENOVO\STM32CubeIDE\workspace_1.12.0\009_4_HAL_USART_SEND_DATA\MXTmpFiles\license.tmp
2023-08-21 15:18:08,344 [INFO] CodeEngine:255 - oldGeneratedFile, C:\Users\LENOVO\STM32CubeIDE\workspace_1.12.0\009_4_HAL_USART_SEND_DATA\MXTmpFiles\gpio.tmp_save
2023-08-21 15:18:08,516 [INFO] CodeEngine:279 - Generated code: C:\Users\LENOVO\STM32CubeIDE\workspace_1.12.0\009_4_HAL_USART_SEND_DATA\MXTmpFiles\gpio.tmp
2023-08-21 15:18:08,636 [INFO] CodeEngine:255 - oldGeneratedFile, C:\Users\LENOVO\STM32CubeIDE\workspace_1.12.0\009_4_HAL_USART_SEND_DATA\Core\Src\stm32f4xx_it.c_save
2023-08-21 15:18:08,846 [INFO] CodeEngine:279 - Generated code: C:\Users\LENOVO\STM32CubeIDE\workspace_1.12.0\009_4_HAL_USART_SEND_DATA\Core\Src\stm32f4xx_it.c
2023-08-21 15:18:08,853 [INFO] CodeEngine:255 - oldGeneratedFile, C:\Users\LENOVO\STM32CubeIDE\workspace_1.12.0\009_4_HAL_USART_SEND_DATA\Core\Inc\stm32f4xx_it.h_save
2023-08-21 15:18:08,937 [INFO] CodeEngine:279 - Generated code: C:\Users\LENOVO\STM32CubeIDE\workspace_1.12.0\009_4_HAL_USART_SEND_DATA\Core\Inc\stm32f4xx_it.h
2023-08-21 15:18:08,975 [INFO] CodeEngine:255 - oldGeneratedFile, C:\Users\LENOVO\STM32CubeIDE\workspace_1.12.0\009_4_HAL_USART_SEND_DATA\Core\Src\stm32f4xx_hal_msp.c_save
2023-08-21 15:18:09,157 [INFO] CodeEngine:279 - Generated code: C:\Users\LENOVO\STM32CubeIDE\workspace_1.12.0\009_4_HAL_USART_SEND_DATA\Core\Src\stm32f4xx_hal_msp.c
2023-08-21 15:18:09,164 [INFO] CodeEngine:255 - oldGeneratedFile, C:\Users\LENOVO\STM32CubeIDE\workspace_1.12.0\009_4_HAL_USART_SEND_DATA\MXTmpFiles\system.tmp_save
2023-08-21 15:18:09,244 [INFO] CodeEngine:279 - Generated code: C:\Users\LENOVO\STM32CubeIDE\workspace_1.12.0\009_4_HAL_USART_SEND_DATA\MXTmpFiles\system.tmp
2023-08-21 15:18:09,271 [INFO] CodeEngine:311 - oldGeneratedFile, C:\Users\LENOVO\STM32CubeIDE\workspace_1.12.0\009_4_HAL_USART_SEND_DATA\Core\Inc\stm32f4xx_hal_conf.h_save
2023-08-21 15:18:09,535 [INFO] CodeEngine:335 - Generated code: C:\Users\LENOVO\STM32CubeIDE\workspace_1.12.0\009_4_HAL_USART_SEND_DATA\Core\Inc\stm32f4xx_hal_conf.h
2023-08-21 15:18:09,628 [INFO] CodeEngine:255 - oldGeneratedFile, C:\Users\LENOVO\STM32CubeIDE\workspace_1.12.0\009_4_HAL_USART_SEND_DATA\Core\Inc\main.h_save
2023-08-21 15:18:09,769 [INFO] CodeEngine:279 - Generated code: C:\Users\LENOVO\STM32CubeIDE\workspace_1.12.0\009_4_HAL_USART_SEND_DATA\Core\Inc\main.h
2023-08-21 15:18:09,810 [INFO] CodeEngine:255 - oldGeneratedFile, C:\Users\LENOVO\STM32CubeIDE\workspace_1.12.0\009_4_HAL_USART_SEND_DATA\Core\Src\main.c_save
2023-08-21 15:18:10,066 [INFO] CodeEngine:279 - Generated code: C:\Users\LENOVO\STM32CubeIDE\workspace_1.12.0\009_4_HAL_USART_SEND_DATA\Core\Src\main.c
2023-08-21 15:18:11,190 [INFO] ProjectBuilder:2996 - Time for Copy HAL[1] : 253mS.
2023-08-21 15:18:11,194 [INFO] ProjectBuilder:4304 - Project Generator version: 3.19.2
2023-08-21 15:18:11,711 [INFO] ConfigFileManager:1483 - The Die is : DIE413
2023-08-21 15:18:14,960 [INFO] ProjectBuilder:4505 - Time for Generating toolchain IDE Files: 3765mS.
2023-08-21 15:18:14,962 [INFO] ProjectBuilder:2867 - Time for Copy CMSIS : 1mS.
2023-08-21 15:18:14,962 [INFO] ProjectBuilder:2867 - Time for Copy CMSIS : 0mS.
